

<!DOCTYPE html>
<html>
<head>
<meta charset="UTF-8">
<meta name="viewport" content="width=device-width, initial-scale=1, shrink-to-fit=no">
<title>Extent</title>
<link rel="apple-touch-icon" href="https://cdn.jsdelivr.net/gh/extent-framework/extent-github-cdn@b00a2d0486596e73dd7326beacf352c639623a0e/commons/img/logo.png">
<link rel="shortcut icon" href="https://cdn.jsdelivr.net/gh/extent-framework/extent-github-cdn@b00a2d0486596e73dd7326beacf352c639623a0e/commons/img/logo.png">
<link href="https://cdn.jsdelivr.net/gh/extent-framework/extent-github-cdn@d6562a79075e061305ccfdb82f01e5e195e2d307/spark/css/spark-style.css" rel="stylesheet" />
<link href="https://stackpath.bootstrapcdn.com/font-awesome/4.7.0/css/font-awesome.min.css" rel="stylesheet">
<script src="https://cdn.jsdelivr.net/gh/extent-framework/extent-github-cdn@7cc78ce/spark/js/jsontree.js"></script>
<style type="text/css"></style></head><body class="spa bdd-report dark">
  <div class="app">
    <div class="layout">
<div class="header navbar">
<div class="vheader">
<div class="nav-logo">
<a href="#">
<div class="logo" style="background-image: url('https://cdn.jsdelivr.net/gh/extent-framework/extent-github-cdn@b00a2d0486596e73dd7326beacf352c639623a0e/commons/img/logo.png')"></div>
</a>
</div>
<ul class="nav-left">
<li class="search-box">
<a class="search-toggle" href="#">
<i class="search-icon fa fa-search"></i>
<i class="search-icon-close fa fa-close"></i>
</a>
</li>
<li class="search-input"><input id="search-tests" class="form-control" type="text" placeholder="Search..."></li>
</ul>
<ul class="nav-right">
<li class="m-r-10">
<a href="#"><span class="badge badge-primary">Grasshopper Report</span></a>
</li>
<li class="m-r-10">
<a href="#"><span class="badge badge-primary">Mar 26, 2024 01:58:56 pm</span></a>
</li>
</ul>
</div>
</div><div class="side-nav">
<div class="side-nav-inner">
<ul class="side-nav-menu">
<li class="nav-item dropdown" onclick="toggleView('test-view')">
<a id="nav-test" class="dropdown-toggle" href="#">
<span class="ico"><i class="fa fa-list"></i></span>
</a>
</li>
<li class="nav-item dropdown" onclick="toggleView('exception-view')">
<a id="nav-exception" class="dropdown-toggle" href="#">
<span class="ico"><i class="fa fa-bug"></i></span>
</a>
</li>
<li class="nav-item dropdown" onclick="toggleView('category-view')">
<a id="nav-category" class="dropdown-toggle" href="#">
<span class="ico"><i class="fa fa-tag"></i></span>
</a>
</li>
<li class="nav-item dropdown" onclick="toggleView('dashboard-view')">
<a id="nav-dashboard" class="dropdown-toggle" href="#">
<span class="ico"><i class="fa fa-bar-chart"></i></span>
</a>
</li>
</ul>
</div>
</div>      <div class="vcontainer">
        <div class="main-content">
<div class="test-wrapper row view test-view">
  <div class="test-list">
    <div class="test-list-tools">
<ul class="tools pull-left">
<li><a href="#"><span class="font-size-14">Tests</span></a></li>
</ul>
<ul class="tools text-right">
<li class="dropdown">
<a href="#" class="dropdown-toggle" data-toggle="dropdown"><i class="fa fa-exclamation-circle"></i></a>
<ul id="status-toggle" class="dropdown-menu dropdown-md p-v-0">
<a class="dropdown-item" status="pass" href="#"><span>Pass</span><span class="status success"></span></a>
<a class="dropdown-item" status="fail" href="#"><span>Fail</span><span class="status danger"></span></a>
<div class="dropdown-divider"></div>
<a status="clear" class="dropdown-item" href="#"><span>Clear</span><span class="pull-right"><i class="fa fa-close"></i></span></a>
</ul>
</li>
<li class="dropdown">
<a href="#" class="dropdown-toggle" data-toggle="dropdown"><i class="fa fa-tag"></i></a>
<ul id="tag-toggle" class="dropdown-menu dropdown-md p-v-0">
<a class="dropdown-item" href="#">@FirstCry</a>
</ul>
</li>
</ul>
</div>    <div class="test-list-wrapper scrollable">
      <ul class="test-list-item">
        <li class="test-item"  status="fail" test-id="1"
          author=""
          tag=""
          device="">
          <div class="test-detail">
            <p class="name">Login with UserId</p>
            <p class="text-sm">
              <span>1:58:59 pm</span> / <span>00:02:06:166</span>
              <span class="badge fail-bg log float-right">Fail</span>
            </p>
          </div>
          <div class="test-contents d-none">
<div class="detail-head">
<div class="p-v-10">
<div class="info">
<h5 class="test-status text-fail">Login with UserId</h5>
<span class='badge badge-success'>03.26.2024 1:58:59 pm</span>
<span class='badge badge-danger'>03.26.2024 2:01:06 pm</span>
<span class='badge badge-default'>00:02:06:166</span>
&middot; <span class='uri-anchor badge badge-default'>#test-id=1</span>
<span class='badge badge-default pointer float-right ml-1 et'><i class="fa fa-chevron-down"></i></span>
<span class='badge badge-default pointer float-right ct'><i class="fa fa-chevron-up"></i></span>
</div>
<div class="m-t-10 m-l-5"></div>
</div>
</div>
<div class="accordion mt-4">
  <div class="card">
    <div class="card-header" role="tab">
      <div class="card-title">
        <div class="node" id="2"><span class="badge log fail-bg mr-2">Fail</span>Login with UserId</div>
      </div>
    </div>
        <div class="scenario_outline ">
            <div class="card-body l1">
              <div class="card-header">
                <div class="card-title outline-child">
                  <div class="node" id="3"><span class="badge log pass-bg mr-2">Pass</span>Login with UserId</div>
                </div>
              </div>
              <div class="card-body mt-3 collapse">
                  <div class="step pass-bg">
                    <span>Given User navigate to the FirstCry URL</span>
      <div>
      </div>
                  </div>
                  <div class="step pass-bg">
                    <span>When user click on the login button</span>
      <div>
      </div>
                  </div>
                  <div class="step pass-bg">
                    <span>Then user should be on login Page</span>
      <div>
      </div>
                  </div>
                  <div class="step pass-bg">
                    <span>And User enter "chandumj787013@gmail.com"</span>
      <div>
      </div>
                  </div>
                  <div class="step pass-bg">
                    <span>And user click on the continue button</span>
      <div>
      </div>
                  </div>
                  <div class="step pass-bg">
                    <span>And user click the submit button</span>
      <div>
      </div>
                  </div>
                  <div class="step pass-bg">
                    <span>Then user should be on Home Page</span>
      <div>
      </div>
                  </div>
              </div>
            </div>
            <div class="card-body l1">
              <div class="card-header">
                <div class="card-title outline-child">
                  <div class="node" id="21"><span class="badge log fail-bg mr-2">Fail</span>Login with UserId</div>
                </div>
              </div>
              <div class="card-body mt-3 ">
                  <div class="step pass-bg">
                    <span>Given User navigate to the FirstCry URL</span>
      <div>
      </div>
                  </div>
                  <div class="step pass-bg">
                    <span>When user click on the login button</span>
      <div>
      </div>
                  </div>
                  <div class="step pass-bg">
                    <span>Then user should be on login Page</span>
      <div>
      </div>
                  </div>
                  <div class="step pass-bg">
                    <span>And User enter ""</span>
      <div>
      </div>
                  </div>
                  <div class="step pass-bg">
                    <span>And user click on the continue button</span>
      <div>
      </div>
                  </div>
                  <div class="step fail-bg">
                    <span>And user click the submit button</span>
      <div>
        <textarea disabled class="code-block">org.openqa.selenium.NoSuchElementException: no such element: Unable to locate element: {"method":"xpath","selector":"//div[@id='verfiedbtn']"}
  (Session info: chrome=123.0.6312.59)
For documentation on this error, please visit: https://www.selenium.dev/documentation/webdriver/troubleshooting/errors#no-such-element-exception
Build info: version: '4.11.0', revision: '040bc5406b'
System info: os.name: 'Windows 11', os.arch: 'amd64', os.version: '10.0', java.version: '17.0.2'
Driver info: org.openqa.selenium.chrome.ChromeDriver
Command: [17914374d61aade841e1c57fdae87ec2, findElement {using=xpath, value=//div[@id='verfiedbtn']}]
Capabilities {acceptInsecureCerts: false, browserName: chrome, browserVersion: 123.0.6312.59, chrome: {chromedriverVersion: 123.0.6312.58 (6b4b19e9dfbb..., userDataDir: C:\Users\lenovo\AppData\Loc...}, fedcm:accounts: true, goog:chromeOptions: {debuggerAddress: localhost:32835}, networkConnectionEnabled: false, pageLoadStrategy: normal, platformName: windows, proxy: Proxy(), se:cdp: ws://localhost:32835/devtoo..., se:cdpVersion: 123.0.6312.59, setWindowRect: true, strictFileInteractability: false, timeouts: {implicit: 0, pageLoad: 300000, script: 30000}, unhandledPromptBehavior: dismiss and notify, webauthn:extension:credBlob: true, webauthn:extension:largeBlob: true, webauthn:extension:minPinLength: true, webauthn:extension:prf: true, webauthn:virtualAuthenticators: true}
Session ID: 17914374d61aade841e1c57fdae87ec2
	at java.base/jdk.internal.reflect.NativeConstructorAccessorImpl.newInstance0(Native Method)
	at java.base/jdk.internal.reflect.NativeConstructorAccessorImpl.newInstance(NativeConstructorAccessorImpl.java:77)
	at java.base/jdk.internal.reflect.DelegatingConstructorAccessorImpl.newInstance(DelegatingConstructorAccessorImpl.java:45)
	at java.base/java.lang.reflect.Constructor.newInstanceWithCaller(Constructor.java:499)
	at java.base/java.lang.reflect.Constructor.newInstance(Constructor.java:480)
	at org.openqa.selenium.remote.codec.w3c.W3CHttpResponseCodec.createException(W3CHttpResponseCodec.java:200)
	at org.openqa.selenium.remote.codec.w3c.W3CHttpResponseCodec.decode(W3CHttpResponseCodec.java:133)
	at org.openqa.selenium.remote.codec.w3c.W3CHttpResponseCodec.decode(W3CHttpResponseCodec.java:52)
	at org.openqa.selenium.remote.HttpCommandExecutor.execute(HttpCommandExecutor.java:191)
	at org.openqa.selenium.remote.service.DriverCommandExecutor.invokeExecute(DriverCommandExecutor.java:196)
	at org.openqa.selenium.remote.service.DriverCommandExecutor.execute(DriverCommandExecutor.java:171)
	at org.openqa.selenium.remote.RemoteWebDriver.execute(RemoteWebDriver.java:518)
	at org.openqa.selenium.remote.ElementLocation$ElementFinder$2.findElement(ElementLocation.java:165)
	at org.openqa.selenium.remote.ElementLocation.findElement(ElementLocation.java:59)
	at org.openqa.selenium.remote.RemoteWebDriver.findElement(RemoteWebDriver.java:355)
	at org.openqa.selenium.remote.RemoteWebDriver.findElement(RemoteWebDriver.java:349)
	at org.openqa.selenium.support.pagefactory.DefaultElementLocator.findElement(DefaultElementLocator.java:68)
	at org.openqa.selenium.support.pagefactory.internal.LocatingElementHandler.invoke(LocatingElementHandler.java:38)
	at jdk.proxy2/jdk.proxy2.$Proxy45.click(Unknown Source)
	at pages.LoginPage.clickOnSubmit(LoginPage.java:47)
	at steps.LoginStepDefination.user_click_the_submit_button(LoginStepDefination.java:46)
	at ?.user click the submit button(file:///F:/Mphasis%20Practice%20Eclipse/RLLProject/src/test/java/features/1.Login.feature:10)
</textarea>
      
      </div>
                  </div>
                  <div class="step skip-bg">
                    <span>Then user should be on Home Page</span>
      <div>Step skipped
      </div>
                  </div>
              </div>
            </div>
            <div class="card-body l1">
              <div class="card-header">
                <div class="card-title outline-child">
                  <div class="node" id="39"><span class="badge log fail-bg mr-2">Fail</span>Login with UserId</div>
                </div>
              </div>
              <div class="card-body mt-3 ">
                  <div class="step pass-bg">
                    <span>Given User navigate to the FirstCry URL</span>
      <div>
      </div>
                  </div>
                  <div class="step pass-bg">
                    <span>When user click on the login button</span>
      <div>
      </div>
                  </div>
                  <div class="step pass-bg">
                    <span>Then user should be on login Page</span>
      <div>
      </div>
                  </div>
                  <div class="step pass-bg">
                    <span>And User enter ""</span>
      <div>
      </div>
                  </div>
                  <div class="step pass-bg">
                    <span>And user click on the continue button</span>
      <div>
      </div>
                  </div>
                  <div class="step fail-bg">
                    <span>And user click the submit button</span>
      <div>
        <textarea disabled class="code-block">org.openqa.selenium.NoSuchElementException: no such element: Unable to locate element: {"method":"xpath","selector":"//div[@id='verfiedbtn']"}
  (Session info: chrome=123.0.6312.59)
For documentation on this error, please visit: https://www.selenium.dev/documentation/webdriver/troubleshooting/errors#no-such-element-exception
Build info: version: '4.11.0', revision: '040bc5406b'
System info: os.name: 'Windows 11', os.arch: 'amd64', os.version: '10.0', java.version: '17.0.2'
Driver info: org.openqa.selenium.chrome.ChromeDriver
Command: [17914374d61aade841e1c57fdae87ec2, findElement {using=xpath, value=//div[@id='verfiedbtn']}]
Capabilities {acceptInsecureCerts: false, browserName: chrome, browserVersion: 123.0.6312.59, chrome: {chromedriverVersion: 123.0.6312.58 (6b4b19e9dfbb..., userDataDir: C:\Users\lenovo\AppData\Loc...}, fedcm:accounts: true, goog:chromeOptions: {debuggerAddress: localhost:32835}, networkConnectionEnabled: false, pageLoadStrategy: normal, platformName: windows, proxy: Proxy(), se:cdp: ws://localhost:32835/devtoo..., se:cdpVersion: 123.0.6312.59, setWindowRect: true, strictFileInteractability: false, timeouts: {implicit: 0, pageLoad: 300000, script: 30000}, unhandledPromptBehavior: dismiss and notify, webauthn:extension:credBlob: true, webauthn:extension:largeBlob: true, webauthn:extension:minPinLength: true, webauthn:extension:prf: true, webauthn:virtualAuthenticators: true}
Session ID: 17914374d61aade841e1c57fdae87ec2
	at java.base/jdk.internal.reflect.NativeConstructorAccessorImpl.newInstance0(Native Method)
	at java.base/jdk.internal.reflect.NativeConstructorAccessorImpl.newInstance(NativeConstructorAccessorImpl.java:77)
	at java.base/jdk.internal.reflect.DelegatingConstructorAccessorImpl.newInstance(DelegatingConstructorAccessorImpl.java:45)
	at java.base/java.lang.reflect.Constructor.newInstanceWithCaller(Constructor.java:499)
	at java.base/java.lang.reflect.Constructor.newInstance(Constructor.java:480)
	at org.openqa.selenium.remote.codec.w3c.W3CHttpResponseCodec.createException(W3CHttpResponseCodec.java:200)
	at org.openqa.selenium.remote.codec.w3c.W3CHttpResponseCodec.decode(W3CHttpResponseCodec.java:133)
	at org.openqa.selenium.remote.codec.w3c.W3CHttpResponseCodec.decode(W3CHttpResponseCodec.java:52)
	at org.openqa.selenium.remote.HttpCommandExecutor.execute(HttpCommandExecutor.java:191)
	at org.openqa.selenium.remote.service.DriverCommandExecutor.invokeExecute(DriverCommandExecutor.java:196)
	at org.openqa.selenium.remote.service.DriverCommandExecutor.execute(DriverCommandExecutor.java:171)
	at org.openqa.selenium.remote.RemoteWebDriver.execute(RemoteWebDriver.java:518)
	at org.openqa.selenium.remote.ElementLocation$ElementFinder$2.findElement(ElementLocation.java:165)
	at org.openqa.selenium.remote.ElementLocation.findElement(ElementLocation.java:59)
	at org.openqa.selenium.remote.RemoteWebDriver.findElement(RemoteWebDriver.java:355)
	at org.openqa.selenium.remote.RemoteWebDriver.findElement(RemoteWebDriver.java:349)
	at org.openqa.selenium.support.pagefactory.DefaultElementLocator.findElement(DefaultElementLocator.java:68)
	at org.openqa.selenium.support.pagefactory.internal.LocatingElementHandler.invoke(LocatingElementHandler.java:38)
	at jdk.proxy2/jdk.proxy2.$Proxy45.click(Unknown Source)
	at pages.LoginPage.clickOnSubmit(LoginPage.java:47)
	at steps.LoginStepDefination.user_click_the_submit_button(LoginStepDefination.java:46)
	at ?.user click the submit button(file:///F:/Mphasis%20Practice%20Eclipse/RLLProject/src/test/java/features/1.Login.feature:10)
</textarea>
      
      </div>
                  </div>
                  <div class="step skip-bg">
                    <span>Then user should be on Home Page</span>
      <div>Step skipped
      </div>
                  </div>
              </div>
            </div>
        </div>
  </div>
</div>
          </div>
        </li>
        <li class="test-item"  status="pass" test-id="57"
          author=""
          tag=""
          device="">
          <div class="test-detail">
            <p class="name">Edit User Profile</p>
            <p class="text-sm">
              <span>2:01:06 pm</span> / <span>00:01:22:534</span>
              <span class="badge pass-bg log float-right">Pass</span>
            </p>
          </div>
          <div class="test-contents d-none">
<div class="detail-head">
<div class="p-v-10">
<div class="info">
<h5 class="test-status text-pass">Edit User Profile</h5>
<span class='badge badge-success'>03.26.2024 2:01:06 pm</span>
<span class='badge badge-danger'>03.26.2024 2:02:28 pm</span>
<span class='badge badge-default'>00:01:22:534</span>
&middot; <span class='uri-anchor badge badge-default'>#test-id=57</span>
<span class='badge badge-default pointer float-right ml-1 et'><i class="fa fa-chevron-down"></i></span>
<span class='badge badge-default pointer float-right ct'><i class="fa fa-chevron-up"></i></span>
</div>
<div class="m-t-10 m-l-5"></div>
</div>
</div>
<div class="accordion mt-4">
  <div class="card">
    <div class="card-header" role="tab">
      <div class="card-title">
        <div class="node" id="58"><span class="badge log pass-bg mr-2">Pass</span>Edit user profile</div>
      </div>
    </div>
        <div class="scenario_outline collapse">
            <div class="card-body l1">
              <div class="card-header">
                <div class="card-title outline-child">
                  <div class="node" id="59"><span class="badge log pass-bg mr-2">Pass</span>Edit user profile</div>
                </div>
              </div>
              <div class="card-body mt-3 collapse">
                  <div class="step pass-bg">
                    <span>Given User navigate to the FirstCry URL</span>
      <div>
      </div>
                  </div>
                  <div class="step pass-bg">
                    <span>When User log into the application with credentials</span>
      <div>
      </div>
                  </div>
                  <div class="step pass-bg">
                    <span>When User click on My Account</span>
      <div>
      </div>
                  </div>
                  <div class="step pass-bg">
                    <span>And User select My Profile</span>
      <div>
      </div>
                  </div>
                  <div class="step pass-bg">
                    <span>Then User should be on profile page</span>
      <div>
      </div>
                  </div>
                  <div class="step pass-bg">
                    <span>And User perform an Edit operation on My Address Book</span>
      <div>
      </div>
                  </div>
                  <div class="step pass-bg">
                    <span>And User add/change delivery address of "ValidData"</span>
      <div>
      </div>
                  </div>
                  <div class="step pass-bg">
                    <span>And click on Save</span>
      <div>
      </div>
                  </div>
                  <div class="step pass-bg">
                    <span>Then User can view the "ValidData"</span>
      <div>
      </div>
                  </div>
              </div>
            </div>
            <div class="card-body l1">
              <div class="card-header">
                <div class="card-title outline-child">
                  <div class="node" id="81"><span class="badge log pass-bg mr-2">Pass</span>Edit user profile</div>
                </div>
              </div>
              <div class="card-body mt-3 collapse">
                  <div class="step pass-bg">
                    <span>Given User navigate to the FirstCry URL</span>
      <div>
      </div>
                  </div>
                  <div class="step pass-bg">
                    <span>When User log into the application with credentials</span>
      <div>
      </div>
                  </div>
                  <div class="step pass-bg">
                    <span>When User click on My Account</span>
      <div>
      </div>
                  </div>
                  <div class="step pass-bg">
                    <span>And User select My Profile</span>
      <div>
      </div>
                  </div>
                  <div class="step pass-bg">
                    <span>Then User should be on profile page</span>
      <div>
      </div>
                  </div>
                  <div class="step pass-bg">
                    <span>And User perform an Edit operation on My Address Book</span>
      <div>
      </div>
                  </div>
                  <div class="step pass-bg">
                    <span>And User add/change delivery address of "InvalidData"</span>
      <div>
      </div>
                  </div>
                  <div class="step pass-bg">
                    <span>And click on Save</span>
      <div>
      </div>
                  </div>
                  <div class="step pass-bg">
                    <span>Then User can view the "InvalidData"</span>
      <div>
      </div>
                  </div>
              </div>
            </div>
        </div>
  </div>
</div>
          </div>
        </li>
        <li class="test-item"  status="pass" test-id="103"
          author=""
          tag=""
          device="">
          <div class="test-detail">
            <p class="name">Search Functionality</p>
            <p class="text-sm">
              <span>2:02:28 pm</span> / <span>00:00:44:001</span>
              <span class="badge pass-bg log float-right">Pass</span>
            </p>
          </div>
          <div class="test-contents d-none">
<div class="detail-head">
<div class="p-v-10">
<div class="info">
<h5 class="test-status text-pass">Search Functionality</h5>
<span class='badge badge-success'>03.26.2024 2:02:28 pm</span>
<span class='badge badge-danger'>03.26.2024 2:03:12 pm</span>
<span class='badge badge-default'>00:00:44:001</span>
&middot; <span class='uri-anchor badge badge-default'>#test-id=103</span>
<span class='badge badge-default pointer float-right ml-1 et'><i class="fa fa-chevron-down"></i></span>
<span class='badge badge-default pointer float-right ct'><i class="fa fa-chevron-up"></i></span>
</div>
<div class="m-t-10 m-l-5"></div>
</div>
</div>
<div class="accordion mt-4">
  <div class="card">
    <div class="card-header" role="tab">
      <div class="card-title">
        <div class="node" id="104"><span class="badge log pass-bg mr-2">Pass</span>Search for Product</div>
      </div>
    </div>
        <div class="scenario_outline collapse">
            <div class="card-body l1">
              <div class="card-header">
                <div class="card-title outline-child">
                  <div class="node" id="105"><span class="badge log pass-bg mr-2">Pass</span>Search for Product</div>
                </div>
              </div>
              <div class="card-body mt-3 collapse">
                  <div class="step pass-bg">
                    <span>Given User navigate to the FirstCry URL</span>
      <div>
      </div>
                  </div>
                  <div class="step pass-bg">
                    <span>When User log into the application with credentials</span>
      <div>
      </div>
                  </div>
                  <div class="step pass-bg">
                    <span>When User search for "mobiles"</span>
      <div>
      </div>
                  </div>
                  <div class="step pass-bg">
                    <span>And select product from the search results</span>
      <div>
      </div>
                  </div>
                  <div class="step pass-bg">
                    <span>And User switches focus to the new tab</span>
      <div>
      </div>
                  </div>
                  <div class="step pass-bg">
                    <span>Then title should be "Buy Babyhug Cotton Woven Full Sleeves Checked Shirt - Navy Blue for Boys (3-4 Years) Online in India, Shop at FirstCry.com - 15934333"</span>
      <div>
      </div>
                  </div>
              </div>
            </div>
        </div>
  </div>
</div>
          </div>
        </li>
        <li class="test-item"  status="fail" test-id="121"
          author=""
          tag=""
          device="">
          <div class="test-detail">
            <p class="name">Add to Cart Functionality</p>
            <p class="text-sm">
              <span>2:03:12 pm</span> / <span>00:03:18:707</span>
              <span class="badge fail-bg log float-right">Fail</span>
            </p>
          </div>
          <div class="test-contents d-none">
<div class="detail-head">
<div class="p-v-10">
<div class="info">
<h5 class="test-status text-fail">Add to Cart Functionality</h5>
<span class='badge badge-success'>03.26.2024 2:03:12 pm</span>
<span class='badge badge-danger'>03.26.2024 2:06:31 pm</span>
<span class='badge badge-default'>00:03:18:707</span>
&middot; <span class='uri-anchor badge badge-default'>#test-id=121</span>
<span class='badge badge-default pointer float-right ml-1 et'><i class="fa fa-chevron-down"></i></span>
<span class='badge badge-default pointer float-right ct'><i class="fa fa-chevron-up"></i></span>
</div>
<div class="m-t-10 m-l-5"></div>
</div>
</div>
<div class="accordion mt-4">
  <div class="card">
    <div class="card-header" role="tab">
      <div class="card-title">
        <div class="node" id="122"><span class="badge log fail-bg mr-2">Fail</span>Add Product to Cart</div>
      </div>
    </div>
        <div class="scenario_outline ">
            <div class="card-body l1">
              <div class="card-header">
                <div class="card-title outline-child">
                  <div class="node" id="123"><span class="badge log fail-bg mr-2">Fail</span>Add Product to Cart</div>
                </div>
              </div>
              <div class="card-body mt-3 ">
                  <div class="step pass-bg">
                    <span>Given User navigate to the FirstCry URL</span>
      <div>
      </div>
                  </div>
                  <div class="step pass-bg">
                    <span>When User log into the application with credentials</span>
      <div>
      </div>
                  </div>
                  <div class="step pass-bg">
                    <span>When User search for a "pins"</span>
      <div>
      </div>
                  </div>
                  <div class="step pass-bg">
                    <span>And Click on one Product</span>
      <div>
      </div>
                  </div>
                  <div class="step pass-bg">
                    <span>And User switches focus to the new tab</span>
      <div>
      </div>
                  </div>
                  <div class="step pass-bg">
                    <span>And click on Add to Cart for the selected product</span>
      <div>
      </div>
                  </div>
                  <div class="step fail-bg">
                    <span>Then "Pine Kids Cotton Woven Full Sleeves Solid Color Shirt - Orange" should be added to my cart</span>
      <div>
        <textarea disabled class="code-block">org.openqa.selenium.JavascriptException: javascript error: {"status":60,"value":"[object HTMLSpanElement] has no size and location"}
  (Session info: chrome=123.0.6312.59)
Build info: version: '4.11.0', revision: '040bc5406b'
System info: os.name: 'Windows 11', os.arch: 'amd64', os.version: '10.0', java.version: '17.0.2'
Driver info: org.openqa.selenium.chrome.ChromeDriver
Command: [17914374d61aade841e1c57fdae87ec2, actions {actions=[org.openqa.selenium.interactions.Sequence@7109b603]}]
Capabilities {acceptInsecureCerts: false, browserName: chrome, browserVersion: 123.0.6312.59, chrome: {chromedriverVersion: 123.0.6312.58 (6b4b19e9dfbb..., userDataDir: C:\Users\lenovo\AppData\Loc...}, fedcm:accounts: true, goog:chromeOptions: {debuggerAddress: localhost:32835}, networkConnectionEnabled: false, pageLoadStrategy: normal, platformName: windows, proxy: Proxy(), se:cdp: ws://localhost:32835/devtoo..., se:cdpVersion: 123.0.6312.59, setWindowRect: true, strictFileInteractability: false, timeouts: {implicit: 0, pageLoad: 300000, script: 30000}, unhandledPromptBehavior: dismiss and notify, webauthn:extension:credBlob: true, webauthn:extension:largeBlob: true, webauthn:extension:minPinLength: true, webauthn:extension:prf: true, webauthn:virtualAuthenticators: true}
Session ID: 17914374d61aade841e1c57fdae87ec2
	at java.base/jdk.internal.reflect.NativeConstructorAccessorImpl.newInstance0(Native Method)
	at java.base/jdk.internal.reflect.NativeConstructorAccessorImpl.newInstance(NativeConstructorAccessorImpl.java:77)
	at java.base/jdk.internal.reflect.DelegatingConstructorAccessorImpl.newInstance(DelegatingConstructorAccessorImpl.java:45)
	at java.base/java.lang.reflect.Constructor.newInstanceWithCaller(Constructor.java:499)
	at java.base/java.lang.reflect.Constructor.newInstance(Constructor.java:480)
	at org.openqa.selenium.remote.codec.w3c.W3CHttpResponseCodec.createException(W3CHttpResponseCodec.java:200)
	at org.openqa.selenium.remote.codec.w3c.W3CHttpResponseCodec.decode(W3CHttpResponseCodec.java:133)
	at org.openqa.selenium.remote.codec.w3c.W3CHttpResponseCodec.decode(W3CHttpResponseCodec.java:52)
	at org.openqa.selenium.remote.HttpCommandExecutor.execute(HttpCommandExecutor.java:191)
	at org.openqa.selenium.remote.service.DriverCommandExecutor.invokeExecute(DriverCommandExecutor.java:196)
	at org.openqa.selenium.remote.service.DriverCommandExecutor.execute(DriverCommandExecutor.java:171)
	at org.openqa.selenium.remote.RemoteWebDriver.execute(RemoteWebDriver.java:518)
	at org.openqa.selenium.remote.RemoteWebDriver.perform(RemoteWebDriver.java:604)
	at org.openqa.selenium.interactions.Actions$BuiltAction.perform(Actions.java:605)
	at pages.HomePage.clickOnLogout(HomePage.java:107)
	at steps.AddToCartStepDefination.should_be_added_to_my_cart(AddToCartStepDefination.java:78)
	at ?."Pine Kids Cotton Woven Full Sleeves Solid Color Shirt - Orange" should be added to my cart(file:///F:/Mphasis%20Practice%20Eclipse/RLLProject/src/test/java/features/4.AddToCart.feature:13)
</textarea>
      
      </div>
                  </div>
              </div>
            </div>
            <div class="card-body l1">
              <div class="card-header">
                <div class="card-title outline-child">
                  <div class="node" id="141"><span class="badge log pass-bg mr-2">Pass</span>Add Product to Cart</div>
                </div>
              </div>
              <div class="card-body mt-3 collapse">
                  <div class="step pass-bg">
                    <span>Given User navigate to the FirstCry URL</span>
      <div>
      </div>
                  </div>
                  <div class="step pass-bg">
                    <span>When User log into the application with credentials</span>
      <div>
      </div>
                  </div>
                  <div class="step pass-bg">
                    <span>When User search for a "pins"</span>
      <div>
      </div>
                  </div>
                  <div class="step pass-bg">
                    <span>And Click on one Product</span>
      <div>
      </div>
                  </div>
                  <div class="step pass-bg">
                    <span>And User switches focus to the new tab</span>
      <div>
      </div>
                  </div>
                  <div class="step pass-bg">
                    <span>And click on Add to Cart for the selected product</span>
      <div>
      </div>
                  </div>
                  <div class="step pass-bg">
                    <span>Then "Pine Kids Cotton Woven Full Sleeves Solid Color Shirt - Orange" should be added to my cart</span>
      <div>
      </div>
                  </div>
              </div>
            </div>
            <div class="card-body l1">
              <div class="card-header">
                <div class="card-title outline-child">
                  <div class="node" id="159"><span class="badge log fail-bg mr-2">Fail</span>Add Product to Cart</div>
                </div>
              </div>
              <div class="card-body mt-3 ">
                  <div class="step pass-bg">
                    <span>Given User navigate to the FirstCry URL</span>
      <div>
      </div>
                  </div>
                  <div class="step pass-bg">
                    <span>When User log into the application with credentials</span>
      <div>
      </div>
                  </div>
                  <div class="step pass-bg">
                    <span>When User search for a "pens"</span>
      <div>
      </div>
                  </div>
                  <div class="step pass-bg">
                    <span>And Click on one Product</span>
      <div>
      </div>
                  </div>
                  <div class="step pass-bg">
                    <span>And User switches focus to the new tab</span>
      <div>
      </div>
                  </div>
                  <div class="step pass-bg">
                    <span>And click on Add to Cart for the selected product</span>
      <div>
      </div>
                  </div>
                  <div class="step fail-bg">
                    <span>Then "Babyhug Cotton Woven Full Sleeves Checked Shirt - Navy Blue" should be added to my cart</span>
      <div>
        <textarea disabled class="code-block">org.openqa.selenium.ElementClickInterceptedException: element click intercepted: Element <span class="M14_61 pos-rel" id="cart_TotalCount">...</span> is not clickable at point (1216, 8). Other element would receive the click: <div class="pdp-wrap">...</div>
  (Session info: chrome=123.0.6312.59)
Build info: version: '4.11.0', revision: '040bc5406b'
System info: os.name: 'Windows 11', os.arch: 'amd64', os.version: '10.0', java.version: '17.0.2'
Driver info: org.openqa.selenium.chrome.ChromeDriver
Command: [17914374d61aade841e1c57fdae87ec2, clickElement {id=f.0F1CB8ABC64B509330AD5FF46DE67022.d.34C3F20C13B254C4BCC1B519E4075F58.e.91}]
Capabilities {acceptInsecureCerts: false, browserName: chrome, browserVersion: 123.0.6312.59, chrome: {chromedriverVersion: 123.0.6312.58 (6b4b19e9dfbb..., userDataDir: C:\Users\lenovo\AppData\Loc...}, fedcm:accounts: true, goog:chromeOptions: {debuggerAddress: localhost:32835}, networkConnectionEnabled: false, pageLoadStrategy: normal, platformName: windows, proxy: Proxy(), se:cdp: ws://localhost:32835/devtoo..., se:cdpVersion: 123.0.6312.59, setWindowRect: true, strictFileInteractability: false, timeouts: {implicit: 0, pageLoad: 300000, script: 30000}, unhandledPromptBehavior: dismiss and notify, webauthn:extension:credBlob: true, webauthn:extension:largeBlob: true, webauthn:extension:minPinLength: true, webauthn:extension:prf: true, webauthn:virtualAuthenticators: true}
Element: [[ChromeDriver: chrome on windows (17914374d61aade841e1c57fdae87ec2)] -> xpath: //span[@id='cart_TotalCount']]
Session ID: 17914374d61aade841e1c57fdae87ec2
	at java.base/jdk.internal.reflect.NativeConstructorAccessorImpl.newInstance0(Native Method)
	at java.base/jdk.internal.reflect.NativeConstructorAccessorImpl.newInstance(NativeConstructorAccessorImpl.java:77)
	at java.base/jdk.internal.reflect.DelegatingConstructorAccessorImpl.newInstance(DelegatingConstructorAccessorImpl.java:45)
	at java.base/java.lang.reflect.Constructor.newInstanceWithCaller(Constructor.java:499)
	at java.base/java.lang.reflect.Constructor.newInstance(Constructor.java:480)
	at org.openqa.selenium.remote.codec.w3c.W3CHttpResponseCodec.createException(W3CHttpResponseCodec.java:200)
	at org.openqa.selenium.remote.codec.w3c.W3CHttpResponseCodec.decode(W3CHttpResponseCodec.java:133)
	at org.openqa.selenium.remote.codec.w3c.W3CHttpResponseCodec.decode(W3CHttpResponseCodec.java:52)
	at org.openqa.selenium.remote.HttpCommandExecutor.execute(HttpCommandExecutor.java:191)
	at org.openqa.selenium.remote.service.DriverCommandExecutor.invokeExecute(DriverCommandExecutor.java:196)
	at org.openqa.selenium.remote.service.DriverCommandExecutor.execute(DriverCommandExecutor.java:171)
	at org.openqa.selenium.remote.RemoteWebDriver.execute(RemoteWebDriver.java:518)
	at org.openqa.selenium.remote.RemoteWebElement.execute(RemoteWebElement.java:224)
	at org.openqa.selenium.remote.RemoteWebElement.click(RemoteWebElement.java:77)
	at jdk.internal.reflect.GeneratedMethodAccessor62.invoke(Unknown Source)
	at java.base/jdk.internal.reflect.DelegatingMethodAccessorImpl.invoke(DelegatingMethodAccessorImpl.java:43)
	at java.base/java.lang.reflect.Method.invoke(Method.java:568)
	at org.openqa.selenium.support.pagefactory.internal.LocatingElementHandler.invoke(LocatingElementHandler.java:51)
	at jdk.proxy2/jdk.proxy2.$Proxy45.click(Unknown Source)
	at pages.HomePage.clickonCart(HomePage.java:95)
	at steps.AddToCartStepDefination.should_be_added_to_my_cart(AddToCartStepDefination.java:66)
	at ?."Babyhug Cotton Woven Full Sleeves Checked Shirt - Navy Blue" should be added to my cart(file:///F:/Mphasis%20Practice%20Eclipse/RLLProject/src/test/java/features/4.AddToCart.feature:13)
</textarea>
      
      </div>
                  </div>
              </div>
            </div>
            <div class="card-body l1">
              <div class="card-header">
                <div class="card-title outline-child">
                  <div class="node" id="177"><span class="badge log pass-bg mr-2">Pass</span>Add Product to Cart</div>
                </div>
              </div>
              <div class="card-body mt-3 collapse">
                  <div class="step pass-bg">
                    <span>Given User navigate to the FirstCry URL</span>
      <div>
      </div>
                  </div>
                  <div class="step pass-bg">
                    <span>When User log into the application with credentials</span>
      <div>
      </div>
                  </div>
                  <div class="step pass-bg">
                    <span>When User search for a "pens"</span>
      <div>
      </div>
                  </div>
                  <div class="step pass-bg">
                    <span>And Click on one Product</span>
      <div>
      </div>
                  </div>
                  <div class="step pass-bg">
                    <span>And User switches focus to the new tab</span>
      <div>
      </div>
                  </div>
                  <div class="step pass-bg">
                    <span>And click on Add to Cart for the selected product</span>
      <div>
      </div>
                  </div>
                  <div class="step pass-bg">
                    <span>Then "Babyhug Cotton Woven Full Sleeves Checked Shirt - Navy Blue" should be added to my cart</span>
      <div>
      </div>
                  </div>
              </div>
            </div>
        </div>
  </div>
</div>
          </div>
        </li>
        <li class="test-item"  status="pass" test-id="195"
          author=""
          tag=""
          device="">
          <div class="test-detail">
            <p class="name">Find Stores</p>
            <p class="text-sm">
              <span>2:06:31 pm</span> / <span>00:00:52:381</span>
              <span class="badge pass-bg log float-right">Pass</span>
            </p>
          </div>
          <div class="test-contents d-none">
<div class="detail-head">
<div class="p-v-10">
<div class="info">
<h5 class="test-status text-pass">Find Stores</h5>
<span class='badge badge-success'>03.26.2024 2:06:31 pm</span>
<span class='badge badge-danger'>03.26.2024 2:07:23 pm</span>
<span class='badge badge-default'>00:00:52:381</span>
&middot; <span class='uri-anchor badge badge-default'>#test-id=195</span>
<span class='badge badge-default pointer float-right ml-1 et'><i class="fa fa-chevron-down"></i></span>
<span class='badge badge-default pointer float-right ct'><i class="fa fa-chevron-up"></i></span>
</div>
<div class="m-t-10 m-l-5"></div>
</div>
</div>
<div class="accordion mt-4">
  <div class="card">
    <div class="card-header" role="tab">
      <div class="card-title">
        <div class="node" id="196"><span class="badge log pass-bg mr-2">Pass</span>Find FirstCry Stores</div>
      </div>
    </div>
        <div class="scenario_outline collapse">
            <div class="card-body l1">
              <div class="card-header">
                <div class="card-title outline-child">
                  <div class="node" id="197"><span class="badge log pass-bg mr-2">Pass</span>Find FirstCry Stores</div>
                </div>
              </div>
              <div class="card-body mt-3 collapse">
                  <div class="step pass-bg">
                    <span>Given User navigate to the FirstCry URL</span>
      <div>
      </div>
                  </div>
                  <div class="step pass-bg">
                    <span>When User log into the application with credentials</span>
      <div>
      </div>
                  </div>
                  <div class="step pass-bg">
                    <span>When User must hover over the stores&preschool</span>
      <div>
      </div>
                  </div>
                  <div class="step pass-bg">
                    <span>And User must click on the find stores from drop down</span>
      <div>
      </div>
                  </div>
                  <div class="step pass-bg">
                    <span>And User switches focus to the new tab</span>
      <div>
      </div>
                  </div>
                  <div class="step pass-bg">
                    <span>Then User should be on storelocator page "FirstCry, BabyOye & BabyHug Store Locator - Find One Near You"</span>
      <div>
      </div>
                  </div>
                  <div class="step pass-bg">
                    <span>When User select the "FirstCry","Andhra Pradesh" and "Anakapalle Town"</span>
      <div>
      </div>
                  </div>
                  <div class="step pass-bg">
                    <span>And User click on the search button</span>
      <div>
      </div>
                  </div>
                  <div class="step pass-bg">
                    <span>Then User must be able to view the storeresult</span>
      <div>
      </div>
                  </div>
              </div>
            </div>
        </div>
  </div>
</div>
          </div>
        </li>
        <li class="test-item"  status="pass" test-id="219"
          author=""
          tag=""
          device="">
          <div class="test-detail">
            <p class="name">Find Preschool Locator</p>
            <p class="text-sm">
              <span>2:07:23 pm</span> / <span>00:00:46:251</span>
              <span class="badge pass-bg log float-right">Pass</span>
            </p>
          </div>
          <div class="test-contents d-none">
<div class="detail-head">
<div class="p-v-10">
<div class="info">
<h5 class="test-status text-pass">Find Preschool Locator</h5>
<span class='badge badge-success'>03.26.2024 2:07:23 pm</span>
<span class='badge badge-danger'>03.26.2024 2:08:10 pm</span>
<span class='badge badge-default'>00:00:46:251</span>
&middot; <span class='uri-anchor badge badge-default'>#test-id=219</span>
<span class='badge badge-default pointer float-right ml-1 et'><i class="fa fa-chevron-down"></i></span>
<span class='badge badge-default pointer float-right ct'><i class="fa fa-chevron-up"></i></span>
</div>
<div class="m-t-10 m-l-5"></div>
</div>
</div>
<div class="accordion mt-4">
  <div class="card">
    <div class="card-header" role="tab">
      <div class="card-title">
        <div class="node" id="220"><span class="badge log pass-bg mr-2">Pass</span>Search for a Preschool in city</div>
      </div>
    </div>
        <div class="scenario_outline collapse">
            <div class="card-body l1">
              <div class="card-header">
                <div class="card-title outline-child">
                  <div class="node" id="221"><span class="badge log pass-bg mr-2">Pass</span>Search for a Preschool in city</div>
                </div>
              </div>
              <div class="card-body mt-3 collapse">
                  <div class="step pass-bg">
                    <span>Given User navigate to the FirstCry URL</span>
      <div>
      </div>
                  </div>
                  <div class="step pass-bg">
                    <span>When User log into the application with credentials</span>
      <div>
      </div>
                  </div>
                  <div class="step pass-bg">
                    <span>When user can click on storeandpreschool</span>
      <div>
      </div>
                  </div>
                  <div class="step pass-bg">
                    <span>And user can click on findpreschool</span>
      <div>
      </div>
                  </div>
                  <div class="step pass-bg">
                    <span>And user switches focus to new tab</span>
      <div>
      </div>
                  </div>
                  <div class="step pass-bg">
                    <span>Then user should be on "FirstCry Intellitots Preschool Locator: Find a Preschool Near You" tab</span>
      <div>
      </div>
                  </div>
                  <div class="step pass-bg">
                    <span>And user search for "Agra"</span>
      <div>
      </div>
                  </div>
                  <div class="step pass-bg">
                    <span>And click on findmy preschool</span>
      <div>
      </div>
                  </div>
                  <div class="step pass-bg">
                    <span>Then User should see preschools in "Agra"</span>
      <div>
      </div>
                  </div>
              </div>
            </div>
        </div>
  </div>
</div>
          </div>
        </li>
        <li class="test-item"  status="fail" test-id="243"
          author=""
          tag=""
          device="">
          <div class="test-detail">
            <p class="name">Manage Cart</p>
            <p class="text-sm">
              <span>2:08:10 pm</span> / <span>00:01:28:032</span>
              <span class="badge fail-bg log float-right">Fail</span>
            </p>
          </div>
          <div class="test-contents d-none">
<div class="detail-head">
<div class="p-v-10">
<div class="info">
<h5 class="test-status text-fail">Manage Cart</h5>
<span class='badge badge-success'>03.26.2024 2:08:10 pm</span>
<span class='badge badge-danger'>03.26.2024 2:09:38 pm</span>
<span class='badge badge-default'>00:01:28:032</span>
&middot; <span class='uri-anchor badge badge-default'>#test-id=243</span>
<span class='badge badge-default pointer float-right ml-1 et'><i class="fa fa-chevron-down"></i></span>
<span class='badge badge-default pointer float-right ct'><i class="fa fa-chevron-up"></i></span>
</div>
<div class="m-t-10 m-l-5"></div>
</div>
</div>
<div class="accordion mt-4">
  <div class="card">
    <div class="card-header" role="tab">
      <div class="card-title">
        <div class="node" id="244"><span class="badge log fail-bg mr-2">Fail</span>Manage Cart Functions</div>
      </div>
    </div>
        <div class="">
          <div class="card-body">
              <div class="step pass-bg" title="steps.SharedSteps.user_navigate_to_the_first_cry_url()">
                <span>Given User navigate to the FirstCry URL</span>
      <div>
      </div>
              </div>
              <div class="step pass-bg" title="steps.SharedSteps.user_log_into_the_application_with_credentials()">
                <span>When User log into the application with credentials</span>
      <div>
      </div>
              </div>
              <div class="step fail-bg" title="steps.CartFuncStep.user_add_a_few_products_to_the_cart(io.cucumber.datatable.DataTable)">
                <span>When User add a few products to the cart</span>
      <div><table class='markup-table table '><tr><td>watches</td></tr><tr><td>combs</td></tr></table>
      </div>
      <div>
        <textarea disabled class="code-block">org.openqa.selenium.StaleElementReferenceException: stale element reference: stale element not found in the current frame
  (Session info: chrome=123.0.6312.59)
For documentation on this error, please visit: https://www.selenium.dev/documentation/webdriver/troubleshooting/errors#stale-element-reference-exception
Build info: version: '4.11.0', revision: '040bc5406b'
System info: os.name: 'Windows 11', os.arch: 'amd64', os.version: '10.0', java.version: '17.0.2'
Driver info: org.openqa.selenium.chrome.ChromeDriver
Command: [17914374d61aade841e1c57fdae87ec2, isElementDisplayed {id=f.AB3EE79CEFA5394E0F1B0BA1F7C5374F.d.58A652D9F8319E4DEB62860FBA0495A2.e.94}]
Capabilities {acceptInsecureCerts: false, browserName: chrome, browserVersion: 123.0.6312.59, chrome: {chromedriverVersion: 123.0.6312.58 (6b4b19e9dfbb..., userDataDir: C:\Users\lenovo\AppData\Loc...}, fedcm:accounts: true, goog:chromeOptions: {debuggerAddress: localhost:32835}, networkConnectionEnabled: false, pageLoadStrategy: normal, platformName: windows, proxy: Proxy(), se:cdp: ws://localhost:32835/devtoo..., se:cdpVersion: 123.0.6312.59, setWindowRect: true, strictFileInteractability: false, timeouts: {implicit: 0, pageLoad: 300000, script: 30000}, unhandledPromptBehavior: dismiss and notify, webauthn:extension:credBlob: true, webauthn:extension:largeBlob: true, webauthn:extension:minPinLength: true, webauthn:extension:prf: true, webauthn:virtualAuthenticators: true}
Element: [[ChromeDriver: chrome on windows (17914374d61aade841e1c57fdae87ec2)] -> xpath: //div[@id='searchlist']/descendant::li[1]]
Session ID: 17914374d61aade841e1c57fdae87ec2
	at java.base/jdk.internal.reflect.NativeConstructorAccessorImpl.newInstance0(Native Method)
	at java.base/jdk.internal.reflect.NativeConstructorAccessorImpl.newInstance(NativeConstructorAccessorImpl.java:77)
	at java.base/jdk.internal.reflect.DelegatingConstructorAccessorImpl.newInstance(DelegatingConstructorAccessorImpl.java:45)
	at java.base/java.lang.reflect.Constructor.newInstanceWithCaller(Constructor.java:499)
	at java.base/java.lang.reflect.Constructor.newInstance(Constructor.java:480)
	at org.openqa.selenium.remote.codec.w3c.W3CHttpResponseCodec.createException(W3CHttpResponseCodec.java:200)
	at org.openqa.selenium.remote.codec.w3c.W3CHttpResponseCodec.decode(W3CHttpResponseCodec.java:133)
	at org.openqa.selenium.remote.codec.w3c.W3CHttpResponseCodec.decode(W3CHttpResponseCodec.java:52)
	at org.openqa.selenium.remote.HttpCommandExecutor.execute(HttpCommandExecutor.java:191)
	at org.openqa.selenium.remote.service.DriverCommandExecutor.invokeExecute(DriverCommandExecutor.java:196)
	at org.openqa.selenium.remote.service.DriverCommandExecutor.execute(DriverCommandExecutor.java:171)
	at org.openqa.selenium.remote.RemoteWebDriver.execute(RemoteWebDriver.java:518)
	at org.openqa.selenium.remote.RemoteWebElement.execute(RemoteWebElement.java:224)
	at org.openqa.selenium.remote.RemoteWebElement.isDisplayed(RemoteWebElement.java:280)
	at jdk.internal.reflect.GeneratedMethodAccessor66.invoke(Unknown Source)
	at java.base/jdk.internal.reflect.DelegatingMethodAccessorImpl.invoke(DelegatingMethodAccessorImpl.java:43)
	at java.base/java.lang.reflect.Method.invoke(Method.java:568)
	at org.openqa.selenium.support.pagefactory.internal.LocatingElementHandler.invoke(LocatingElementHandler.java:51)
	at jdk.proxy2/jdk.proxy2.$Proxy45.isDisplayed(Unknown Source)
	at org.openqa.selenium.support.ui.ExpectedConditions.elementIfVisible(ExpectedConditions.java:304)
	at org.openqa.selenium.support.ui.ExpectedConditions.access$000(ExpectedConditions.java:37)
	at org.openqa.selenium.support.ui.ExpectedConditions$10.apply(ExpectedConditions.java:290)
	at org.openqa.selenium.support.ui.ExpectedConditions$10.apply(ExpectedConditions.java:287)
	at org.openqa.selenium.support.ui.ExpectedConditions$23.apply(ExpectedConditions.java:656)
	at org.openqa.selenium.support.ui.ExpectedConditions$23.apply(ExpectedConditions.java:652)
	at org.openqa.selenium.support.ui.FluentWait.until(FluentWait.java:205)
	at pages.HomePage.EnterProduct(HomePage.java:67)
	at steps.CartFuncStep.user_add_a_few_products_to_the_cart(CartFuncStep.java:34)
	at ?.User add a few products to the cart(file:///F:/Mphasis%20Practice%20Eclipse/RLLProject/src/test/java/features/7.CartFunction.feature:9)
</textarea>
      
      </div>
              </div>
              <div class="step skip-bg" title="steps.CartFuncStep.user_click_on_cart()">
                <span>And User click on cart</span>
      <div>Step skipped
      </div>
              </div>
              <div class="step skip-bg" title="steps.CartFuncStep.user_can_see_in_the_cart(java.lang.String)">
                <span>Then user can see "<allproducts>" in the cart</span>
      <div>Step skipped
      </div>
              </div>
              <div class="step skip-bg" title="steps.CartFuncStep.user_move_a_product_to_the_shortlist()">
                <span>When User move a product to the shortlist</span>
      <div>Step skipped
      </div>
              </div>
              <div class="step skip-bg" title="steps.CartFuncStep.user_change_the_quantity_of_product_from_the_cart()">
                <span>When User change the quantity of product from the cart</span>
      <div>Step skipped
      </div>
              </div>
              <div class="step skip-bg" title="steps.CartFuncStep.the_should_be_changed(java.lang.String)">
                <span>Then the "<quantity>" should be changed</span>
      <div>Step skipped
      </div>
              </div>
          </div>
        </div>
  </div>
  <div class="card">
    <div class="card-header" role="tab">
      <div class="card-title">
        <div class="node" id="264"><span class="badge log fail-bg mr-2">Fail</span>Manage Cart Functions</div>
      </div>
    </div>
        <div class="">
          <div class="card-body">
              <div class="step pass-bg" title="steps.SharedSteps.user_navigate_to_the_first_cry_url()">
                <span>Given User navigate to the FirstCry URL</span>
      <div>
      </div>
              </div>
              <div class="step pass-bg" title="steps.SharedSteps.user_log_into_the_application_with_credentials()">
                <span>When User log into the application with credentials</span>
      <div>
      </div>
              </div>
              <div class="step fail-bg" title="steps.CartFuncStep.user_add_a_few_products_to_the_cart(io.cucumber.datatable.DataTable)">
                <span>When User add a few products to the cart</span>
      <div><table class='markup-table table '><tr><td>watches</td></tr><tr><td>combs</td></tr></table>
      </div>
      <div>
        <textarea disabled class="code-block">org.openqa.selenium.StaleElementReferenceException: stale element reference: stale element not found in the current frame
  (Session info: chrome=123.0.6312.59)
For documentation on this error, please visit: https://www.selenium.dev/documentation/webdriver/troubleshooting/errors#stale-element-reference-exception
Build info: version: '4.11.0', revision: '040bc5406b'
System info: os.name: 'Windows 11', os.arch: 'amd64', os.version: '10.0', java.version: '17.0.2'
Driver info: org.openqa.selenium.chrome.ChromeDriver
Command: [17914374d61aade841e1c57fdae87ec2, isElementDisplayed {id=f.8955336F3F028809D20B3C6D5DB929E0.d.09F9E5B17CB249D3C446BDA58CF18C73.e.39}]
Capabilities {acceptInsecureCerts: false, browserName: chrome, browserVersion: 123.0.6312.59, chrome: {chromedriverVersion: 123.0.6312.58 (6b4b19e9dfbb..., userDataDir: C:\Users\lenovo\AppData\Loc...}, fedcm:accounts: true, goog:chromeOptions: {debuggerAddress: localhost:32835}, networkConnectionEnabled: false, pageLoadStrategy: normal, platformName: windows, proxy: Proxy(), se:cdp: ws://localhost:32835/devtoo..., se:cdpVersion: 123.0.6312.59, setWindowRect: true, strictFileInteractability: false, timeouts: {implicit: 0, pageLoad: 300000, script: 30000}, unhandledPromptBehavior: dismiss and notify, webauthn:extension:credBlob: true, webauthn:extension:largeBlob: true, webauthn:extension:minPinLength: true, webauthn:extension:prf: true, webauthn:virtualAuthenticators: true}
Element: [[ChromeDriver: chrome on windows (17914374d61aade841e1c57fdae87ec2)] -> xpath: //span[contains(text(),'ADD TO CART')]]
Session ID: 17914374d61aade841e1c57fdae87ec2
	at java.base/jdk.internal.reflect.NativeConstructorAccessorImpl.newInstance0(Native Method)
	at java.base/jdk.internal.reflect.NativeConstructorAccessorImpl.newInstance(NativeConstructorAccessorImpl.java:77)
	at java.base/jdk.internal.reflect.DelegatingConstructorAccessorImpl.newInstance(DelegatingConstructorAccessorImpl.java:45)
	at java.base/java.lang.reflect.Constructor.newInstanceWithCaller(Constructor.java:499)
	at java.base/java.lang.reflect.Constructor.newInstance(Constructor.java:480)
	at org.openqa.selenium.remote.codec.w3c.W3CHttpResponseCodec.createException(W3CHttpResponseCodec.java:200)
	at org.openqa.selenium.remote.codec.w3c.W3CHttpResponseCodec.decode(W3CHttpResponseCodec.java:133)
	at org.openqa.selenium.remote.codec.w3c.W3CHttpResponseCodec.decode(W3CHttpResponseCodec.java:52)
	at org.openqa.selenium.remote.HttpCommandExecutor.execute(HttpCommandExecutor.java:191)
	at org.openqa.selenium.remote.service.DriverCommandExecutor.invokeExecute(DriverCommandExecutor.java:196)
	at org.openqa.selenium.remote.service.DriverCommandExecutor.execute(DriverCommandExecutor.java:171)
	at org.openqa.selenium.remote.RemoteWebDriver.execute(RemoteWebDriver.java:518)
	at org.openqa.selenium.remote.RemoteWebElement.execute(RemoteWebElement.java:224)
	at org.openqa.selenium.remote.RemoteWebElement.isDisplayed(RemoteWebElement.java:280)
	at jdk.internal.reflect.GeneratedMethodAccessor66.invoke(Unknown Source)
	at java.base/jdk.internal.reflect.DelegatingMethodAccessorImpl.invoke(DelegatingMethodAccessorImpl.java:43)
	at java.base/java.lang.reflect.Method.invoke(Method.java:568)
	at org.openqa.selenium.support.pagefactory.internal.LocatingElementHandler.invoke(LocatingElementHandler.java:51)
	at jdk.proxy2/jdk.proxy2.$Proxy45.isDisplayed(Unknown Source)
	at org.openqa.selenium.support.ui.ExpectedConditions.elementIfVisible(ExpectedConditions.java:304)
	at org.openqa.selenium.support.ui.ExpectedConditions.access$000(ExpectedConditions.java:37)
	at org.openqa.selenium.support.ui.ExpectedConditions$10.apply(ExpectedConditions.java:290)
	at org.openqa.selenium.support.ui.ExpectedConditions$10.apply(ExpectedConditions.java:287)
	at org.openqa.selenium.support.ui.FluentWait.until(FluentWait.java:205)
	at pages.ProductsPage.clickOnAddToCart(ProductsPage.java:29)
	at steps.CartFuncStep.user_add_a_few_products_to_the_cart(CartFuncStep.java:40)
	at ?.User add a few products to the cart(file:///F:/Mphasis%20Practice%20Eclipse/RLLProject/src/test/java/features/7.CartFunction.feature:9)
</textarea>
      
      </div>
              </div>
              <div class="step skip-bg" title="steps.CartFuncStep.user_click_on_cart()">
                <span>And User click on cart</span>
      <div>Step skipped
      </div>
              </div>
              <div class="step skip-bg" title="steps.CartFuncStep.user_can_see_in_the_cart(java.lang.String)">
                <span>Then user can see "<allproducts>" in the cart</span>
      <div>Step skipped
      </div>
              </div>
              <div class="step skip-bg" title="steps.CartFuncStep.user_move_a_product_to_the_shortlist()">
                <span>When User move a product to the shortlist</span>
      <div>Step skipped
      </div>
              </div>
              <div class="step skip-bg" title="steps.CartFuncStep.user_change_the_quantity_of_product_from_the_cart()">
                <span>When User change the quantity of product from the cart</span>
      <div>Step skipped
      </div>
              </div>
              <div class="step skip-bg" title="steps.CartFuncStep.the_should_be_changed(java.lang.String)">
                <span>Then the "<quantity>" should be changed</span>
      <div>Step skipped
      </div>
              </div>
          </div>
        </div>
  </div>
</div>
          </div>
        </li>
        <li class="test-item"  status="fail" test-id="284"
          author=""
          tag=""
          device="">
          <div class="test-detail">
            <p class="name">Manage Shortlisted Products</p>
            <p class="text-sm">
              <span>2:09:38 pm</span> / <span>00:01:37:459</span>
              <span class="badge fail-bg log float-right">Fail</span>
            </p>
          </div>
          <div class="test-contents d-none">
<div class="detail-head">
<div class="p-v-10">
<div class="info">
<h5 class="test-status text-fail">Manage Shortlisted Products</h5>
<span class='badge badge-success'>03.26.2024 2:09:38 pm</span>
<span class='badge badge-danger'>03.26.2024 2:11:15 pm</span>
<span class='badge badge-default'>00:01:37:459</span>
&middot; <span class='uri-anchor badge badge-default'>#test-id=284</span>
<span class='badge badge-default pointer float-right ml-1 et'><i class="fa fa-chevron-down"></i></span>
<span class='badge badge-default pointer float-right ct'><i class="fa fa-chevron-up"></i></span>
</div>
<div class="m-t-10 m-l-5"></div>
</div>
</div>
<div class="accordion mt-4">
  <div class="card">
    <div class="card-header" role="tab">
      <div class="card-title">
        <div class="node" id="285"><span class="badge log fail-bg mr-2">Fail</span>Manage Shortlist Functions</div>
      </div>
    </div>
        <div class="">
          <div class="card-body">
              <div class="step pass-bg" title="steps.SharedSteps.user_navigate_to_the_first_cry_url()">
                <span>Given User navigate to the FirstCry URL</span>
      <div>
      </div>
              </div>
              <div class="step pass-bg" title="steps.SharedSteps.user_log_into_the_application_with_credentials()">
                <span>When User log into the application with credentials</span>
      <div>
      </div>
              </div>
              <div class="step fail-bg" title="steps.ShortListStep.user_shortlist_few_products(io.cucumber.datatable.DataTable)">
                <span>When User shortlist few products</span>
      <div><table class='markup-table table '><tr><td>tiger</td></tr><tr><td>ducks</td></tr></table>
      </div>
      <div>
        <textarea disabled class="code-block">org.openqa.selenium.ElementClickInterceptedException: element click intercepted: Element <img src="//cdn.fcglcdn.com/brainbees/images/products/219x265/3296686a.webp" data-clone="3296686a.jpg;3296686b.jpg;3296686c.jpg;3296686d.jpg;3296686e.jpg;3296686f.jpg;3296686g.jpg;3296686h.jpg;3296686i.jpg;3296686j.jpg;3296686k.jpg;" alt="Target Publication Blossom Colouring Books Set of 6 - English" title="Target Publication Blossom Colouring Books Set of 6 - English"> is not clickable at point (362, 476). Other element would receive the click: <li class="cl_pa" id="franchise" data-footer="9">...</li>
  (Session info: chrome=123.0.6312.59)
Build info: version: '4.11.0', revision: '040bc5406b'
System info: os.name: 'Windows 11', os.arch: 'amd64', os.version: '10.0', java.version: '17.0.2'
Driver info: org.openqa.selenium.chrome.ChromeDriver
Command: [17914374d61aade841e1c57fdae87ec2, clickElement {id=f.8955336F3F028809D20B3C6D5DB929E0.d.2319FBCC1EE035AB36267724D9DCE4BC.e.297}]
Capabilities {acceptInsecureCerts: false, browserName: chrome, browserVersion: 123.0.6312.59, chrome: {chromedriverVersion: 123.0.6312.58 (6b4b19e9dfbb..., userDataDir: C:\Users\lenovo\AppData\Loc...}, fedcm:accounts: true, goog:chromeOptions: {debuggerAddress: localhost:32835}, networkConnectionEnabled: false, pageLoadStrategy: normal, platformName: windows, proxy: Proxy(), se:cdp: ws://localhost:32835/devtoo..., se:cdpVersion: 123.0.6312.59, setWindowRect: true, strictFileInteractability: false, timeouts: {implicit: 0, pageLoad: 300000, script: 30000}, unhandledPromptBehavior: dismiss and notify, webauthn:extension:credBlob: true, webauthn:extension:largeBlob: true, webauthn:extension:minPinLength: true, webauthn:extension:prf: true, webauthn:virtualAuthenticators: true}
Element: [[ChromeDriver: chrome on windows (17914374d61aade841e1c57fdae87ec2)] -> xpath: (//div[@class='li_inner_block'])[1]/descendant::img]
Session ID: 17914374d61aade841e1c57fdae87ec2
	at java.base/jdk.internal.reflect.NativeConstructorAccessorImpl.newInstance0(Native Method)
	at java.base/jdk.internal.reflect.NativeConstructorAccessorImpl.newInstance(NativeConstructorAccessorImpl.java:77)
	at java.base/jdk.internal.reflect.DelegatingConstructorAccessorImpl.newInstance(DelegatingConstructorAccessorImpl.java:45)
	at java.base/java.lang.reflect.Constructor.newInstanceWithCaller(Constructor.java:499)
	at java.base/java.lang.reflect.Constructor.newInstance(Constructor.java:480)
	at org.openqa.selenium.remote.codec.w3c.W3CHttpResponseCodec.createException(W3CHttpResponseCodec.java:200)
	at org.openqa.selenium.remote.codec.w3c.W3CHttpResponseCodec.decode(W3CHttpResponseCodec.java:133)
	at org.openqa.selenium.remote.codec.w3c.W3CHttpResponseCodec.decode(W3CHttpResponseCodec.java:52)
	at org.openqa.selenium.remote.HttpCommandExecutor.execute(HttpCommandExecutor.java:191)
	at org.openqa.selenium.remote.service.DriverCommandExecutor.invokeExecute(DriverCommandExecutor.java:196)
	at org.openqa.selenium.remote.service.DriverCommandExecutor.execute(DriverCommandExecutor.java:171)
	at org.openqa.selenium.remote.RemoteWebDriver.execute(RemoteWebDriver.java:518)
	at org.openqa.selenium.remote.RemoteWebElement.execute(RemoteWebElement.java:224)
	at org.openqa.selenium.remote.RemoteWebElement.click(RemoteWebElement.java:77)
	at jdk.internal.reflect.GeneratedMethodAccessor62.invoke(Unknown Source)
	at java.base/jdk.internal.reflect.DelegatingMethodAccessorImpl.invoke(DelegatingMethodAccessorImpl.java:43)
	at java.base/java.lang.reflect.Method.invoke(Method.java:568)
	at org.openqa.selenium.support.pagefactory.internal.LocatingElementHandler.invoke(LocatingElementHandler.java:51)
	at jdk.proxy2/jdk.proxy2.$Proxy45.click(Unknown Source)
	at pages.SearchPage.clickonFirstProduct(SearchPage.java:27)
	at steps.ShortListStep.user_shortlist_few_products(ShortListStep.java:32)
	at ?.User shortlist few products(file:///F:/Mphasis%20Practice%20Eclipse/RLLProject/src/test/java/features/8.ShortlistFunction.feature:9)
</textarea>
      
      </div>
              </div>
              <div class="step skip-bg" title="steps.ShortListStep.user_click_on_the_shortlist_button()">
                <span>And User click on the Shortlist button</span>
      <div>Step skipped
      </div>
              </div>
              <div class="step skip-bg" title="steps.ShortListStep.user_can_see_in_the_shortlist(java.lang.String)">
                <span>Then user can see "<allproducts>" in the shortlist</span>
      <div>Step skipped
      </div>
              </div>
              <div class="step skip-bg" title="steps.ShortListStep.user_add_a_product_to_the_cart_from_the_shortlist()">
                <span>When User add a product to the cart from the shortlist</span>
      <div>Step skipped
      </div>
              </div>
              <div class="step skip-bg" title="steps.ShortListStep.user_delete_a_product_from_the_shortlist()">
                <span>When User delete a product from the shortlist</span>
      <div>Step skipped
      </div>
              </div>
              <div class="step skip-bg" title="steps.ShortListStep.the_should_be_removed_from_the_shortlist(java.lang.String)">
                <span>Then the "<product>" should be removed from the shortlist</span>
      <div>Step skipped
      </div>
              </div>
          </div>
        </div>
  </div>
  <div class="card">
    <div class="card-header" role="tab">
      <div class="card-title">
        <div class="node" id="305"><span class="badge log pass-bg mr-2">Pass</span>Manage Shortlist Functions</div>
      </div>
    </div>
        <div class="collapse">
          <div class="card-body">
              <div class="step pass-bg" title="steps.SharedSteps.user_navigate_to_the_first_cry_url()">
                <span>Given User navigate to the FirstCry URL</span>
      <div>
      </div>
              </div>
              <div class="step pass-bg" title="steps.SharedSteps.user_log_into_the_application_with_credentials()">
                <span>When User log into the application with credentials</span>
      <div>
      </div>
              </div>
              <div class="step pass-bg" title="steps.ShortListStep.user_shortlist_few_products(io.cucumber.datatable.DataTable)">
                <span>When User shortlist few products</span>
      <div><table class='markup-table table '><tr><td>tiger</td></tr><tr><td>ducks</td></tr></table>
      </div>
      <div>
      </div>
              </div>
              <div class="step pass-bg" title="steps.ShortListStep.user_click_on_the_shortlist_button()">
                <span>And User click on the Shortlist button</span>
      <div>
      </div>
              </div>
              <div class="step pass-bg" title="steps.ShortListStep.user_can_see_in_the_shortlist(java.lang.String)">
                <span>Then user can see "<allproducts>" in the shortlist</span>
      <div>
      </div>
              </div>
              <div class="step pass-bg" title="steps.ShortListStep.user_add_a_product_to_the_cart_from_the_shortlist()">
                <span>When User add a product to the cart from the shortlist</span>
      <div>
      </div>
              </div>
              <div class="step pass-bg" title="steps.ShortListStep.user_delete_a_product_from_the_shortlist()">
                <span>When User delete a product from the shortlist</span>
      <div>
      </div>
              </div>
              <div class="step pass-bg" title="steps.ShortListStep.the_should_be_removed_from_the_shortlist(java.lang.String)">
                <span>Then the "<product>" should be removed from the shortlist</span>
      <div>
      </div>
              </div>
          </div>
        </div>
  </div>
</div>
          </div>
        </li>
      </ul>
    </div>
  </div>
<div class="test-content scrollable">
<div class="test-content-tools">
<ul><li><a class="back-to-test" href="#"><i class="fa fa-arrow-left"></i></a></li></ul>
</div>
<div class="test-content-detail"><div class="detail-body"></div></div>
</div></div>
<div class="test-wrapper row view exception-view attributes-view">
<div class="test-list">
<div class="test-list-tools">
<ul class="tools pull-left"><li><a href=""><span class="font-size-14">Exception</span></a></li></ul>
<ul class="tools text-right"><li><a href="#"><span class="badge badge-primary">4</span></a></li></ul>
</div>
<div class="test-list-wrapper scrollable">
<ul class="test-list-item">
<li class="test-item">
<div class="test-detail">
<span class="meta">
<span class='badge log badge-danger'>2</span>
</span>
<p class="name">org.openqa.selenium.ElementClickInterceptedException</p>
<p class="duration text-sm">2 tests</p>
</div>
<div class="test-contents d-none">
<div class="info">
<h4>org.openqa.selenium.ElementClickInterceptedException</h4>
<span status="fail" class='badge log badge-danger'>2 failed</span>
</div>
<table class='table table-sm mt-4'>
<thead>
<tr>
<th class="status-col">Status</th>
<th class="timestamp-col">Timestamp</th>
<th>TestName</th>
</tr>
</thead>
<tbody>
<tr class="tag-test-status" status="fail">
<td><span class="badge log fail-bg">Fail</span></td>
<td>14:05:39 pm</td>
<td>
<a href="#" class="linked" test-id='121' id='174'>Then "Babyhug Cotton Woven Full Sleeves Checked Shirt - Navy Blue" should be added to my cart</a>
<div class="">
<span class="badge badge-default">Add to Cart Functionality.Add Product to Cart.Then "Babyhug Cotton Woven Full Sleeves Checked Shirt - Navy Blue" should be added to my cart</span>
</div>
</td>
</tr>
<tr class="tag-test-status" status="fail">
<td><span class="badge log fail-bg">Fail</span></td>
<td>14:10:15 pm</td>
<td>
<a href="#" class="linked" test-id='284' id='292'>When User shortlist few products</a>
<div class="">
<span class="badge badge-default">Manage Shortlisted Products.Manage Shortlist Functions.When User shortlist few products</span>
</div>
</td>
</tr>
</tbody>
</table>
</div>
</li>
<li class="test-item">
<div class="test-detail">
<span class="meta">
<span class='badge log badge-danger'>2</span>
</span>
<p class="name">org.openqa.selenium.NoSuchElementException</p>
<p class="duration text-sm">2 tests</p>
</div>
<div class="test-contents d-none">
<div class="info">
<h4>org.openqa.selenium.NoSuchElementException</h4>
<span status="fail" class='badge log badge-danger'>2 failed</span>
</div>
<table class='table table-sm mt-4'>
<thead>
<tr>
<th class="status-col">Status</th>
<th class="timestamp-col">Timestamp</th>
<th>TestName</th>
</tr>
</thead>
<tbody>
<tr class="tag-test-status" status="fail">
<td><span class="badge log fail-bg">Fail</span></td>
<td>14:00:01 pm</td>
<td>
<a href="#" class="linked" test-id='1' id='34'>And user click the submit button</a>
<div class="">
<span class="badge badge-default">Login with UserId.Login with UserId.And user click the submit button</span>
</div>
</td>
</tr>
<tr class="tag-test-status" status="fail">
<td><span class="badge log fail-bg">Fail</span></td>
<td>14:00:35 pm</td>
<td>
<a href="#" class="linked" test-id='1' id='52'>And user click the submit button</a>
<div class="">
<span class="badge badge-default">Login with UserId.Login with UserId.And user click the submit button</span>
</div>
</td>
</tr>
</tbody>
</table>
</div>
</li>
<li class="test-item">
<div class="test-detail">
<span class="meta">
<span class='badge log badge-danger'>2</span>
</span>
<p class="name">org.openqa.selenium.StaleElementReferenceException</p>
<p class="duration text-sm">2 tests</p>
</div>
<div class="test-contents d-none">
<div class="info">
<h4>org.openqa.selenium.StaleElementReferenceException</h4>
<span status="fail" class='badge log badge-danger'>2 failed</span>
</div>
<table class='table table-sm mt-4'>
<thead>
<tr>
<th class="status-col">Status</th>
<th class="timestamp-col">Timestamp</th>
<th>TestName</th>
</tr>
</thead>
<tbody>
<tr class="tag-test-status" status="fail">
<td><span class="badge log fail-bg">Fail</span></td>
<td>14:08:49 pm</td>
<td>
<a href="#" class="linked" test-id='243' id='251'>When User add a few products to the cart</a>
<div class="">
<span class="badge badge-default">Manage Cart.Manage Cart Functions.When User add a few products to the cart</span>
</div>
</td>
</tr>
<tr class="tag-test-status" status="fail">
<td><span class="badge log fail-bg">Fail</span></td>
<td>14:09:33 pm</td>
<td>
<a href="#" class="linked" test-id='243' id='271'>When User add a few products to the cart</a>
<div class="">
<span class="badge badge-default">Manage Cart.Manage Cart Functions.When User add a few products to the cart</span>
</div>
</td>
</tr>
</tbody>
</table>
</div>
</li>
<li class="test-item">
<div class="test-detail">
<span class="meta">
<span class='badge log badge-danger'>1</span>
</span>
<p class="name">org.openqa.selenium.JavascriptException</p>
<p class="duration text-sm">1 tests</p>
</div>
<div class="test-contents d-none">
<div class="info">
<h4>org.openqa.selenium.JavascriptException</h4>
<span status="fail" class='badge log badge-danger'>1 failed</span>
</div>
<table class='table table-sm mt-4'>
<thead>
<tr>
<th class="status-col">Status</th>
<th class="timestamp-col">Timestamp</th>
<th>TestName</th>
</tr>
</thead>
<tbody>
<tr class="tag-test-status" status="fail">
<td><span class="badge log fail-bg">Fail</span></td>
<td>14:04:05 pm</td>
<td>
<a href="#" class="linked" test-id='121' id='138'>Then "Pine Kids Cotton Woven Full Sleeves Solid Color Shirt - Orange" should be added to my cart</a>
<div class="">
<span class="badge badge-default">Add to Cart Functionality.Add Product to Cart.Then "Pine Kids Cotton Woven Full Sleeves Solid Color Shirt - Orange" should be added to my cart</span>
</div>
</td>
</tr>
</tbody>
</table>
</div>
</li>
</ul>
</div>
</div>
<div class="test-content scrollable">
<div class="test-content-detail">
<div class="detail-body"></div>
</div>
</div>
</div><div class="test-wrapper row view category-view attributes-view">
<div class="test-list">
<div class="test-list-tools">
<ul class="tools pull-left"><li><a href=""><span class="font-size-14">Category</span></a></li></ul>
<ul class="tools text-right"><li><a href="#"><span class="badge badge-primary">1</span></a></li></ul>
</div>
<div class="test-list-wrapper scrollable">
<ul class="test-list-item">
<li class="test-item">
<div class="test-detail">
<span class="meta">
<span class='badge log pass-bg'>13</span>
<span class='badge log badge-danger'>9</span>
</span>
<p class="name">@FirstCry</p>
<p class="duration text-sm">22 tests</p>
</div>
<div class="test-contents d-none">
<div class="info">
<h4>@FirstCry</h4>
<span status="pass" class='badge log pass-bg'>13 passed</span>
<span status="fail" class='badge log badge-danger'>9 failed</span>
</div>
<table class='table table-sm mt-4'>
<thead>
<tr>
<th class="status-col">Status</th>
<th class="timestamp-col">Timestamp</th>
<th>TestName</th>
</tr>
</thead>
<tbody>
<tr class="tag-test-status" status="fail">
<td><span class="badge log fail-bg">Fail</span></td>
<td>13:58:59 pm</td>
<td>
<a href="#" class="linked" test-id='1' id='2'>Login with UserId</a>
<div class="">
<span class="badge badge-default">Login with UserId.Login with UserId</span>
</div>
</td>
</tr>
<tr class="tag-test-status" status="pass">
<td><span class="badge log pass-bg">Pass</span></td>
<td>13:58:59 pm</td>
<td>
<a href="#" class="linked" test-id='1' id='3'>Login with UserId</a>
<div class="">
<span class="badge badge-default">Login with UserId.Login with UserId</span>
</div>
</td>
</tr>
<tr class="tag-test-status" status="fail">
<td><span class="badge log fail-bg">Fail</span></td>
<td>13:59:56 pm</td>
<td>
<a href="#" class="linked" test-id='1' id='21'>Login with UserId</a>
<div class="">
<span class="badge badge-default">Login with UserId.Login with UserId</span>
</div>
</td>
</tr>
<tr class="tag-test-status" status="fail">
<td><span class="badge log fail-bg">Fail</span></td>
<td>14:00:31 pm</td>
<td>
<a href="#" class="linked" test-id='1' id='39'>Login with UserId</a>
<div class="">
<span class="badge badge-default">Login with UserId.Login with UserId</span>
</div>
</td>
</tr>
<tr class="tag-test-status" status="pass">
<td><span class="badge log pass-bg">Pass</span></td>
<td>14:01:06 pm</td>
<td>
<a href="#" class="linked" test-id='57' id='58'>Edit user profile</a>
<div class="">
<span class="badge badge-default">Edit User Profile.Edit user profile</span>
</div>
</td>
</tr>
<tr class="tag-test-status" status="pass">
<td><span class="badge log pass-bg">Pass</span></td>
<td>14:01:06 pm</td>
<td>
<a href="#" class="linked" test-id='57' id='59'>Edit user profile</a>
<div class="">
<span class="badge badge-default">Edit User Profile.Edit user profile</span>
</div>
</td>
</tr>
<tr class="tag-test-status" status="pass">
<td><span class="badge log pass-bg">Pass</span></td>
<td>14:01:48 pm</td>
<td>
<a href="#" class="linked" test-id='57' id='81'>Edit user profile</a>
<div class="">
<span class="badge badge-default">Edit User Profile.Edit user profile</span>
</div>
</td>
</tr>
<tr class="tag-test-status" status="pass">
<td><span class="badge log pass-bg">Pass</span></td>
<td>14:02:28 pm</td>
<td>
<a href="#" class="linked" test-id='103' id='104'>Search for Product</a>
<div class="">
<span class="badge badge-default">Search Functionality.Search for Product</span>
</div>
</td>
</tr>
<tr class="tag-test-status" status="pass">
<td><span class="badge log pass-bg">Pass</span></td>
<td>14:02:28 pm</td>
<td>
<a href="#" class="linked" test-id='103' id='105'>Search for Product</a>
<div class="">
<span class="badge badge-default">Search Functionality.Search for Product</span>
</div>
</td>
</tr>
<tr class="tag-test-status" status="fail">
<td><span class="badge log fail-bg">Fail</span></td>
<td>14:03:12 pm</td>
<td>
<a href="#" class="linked" test-id='121' id='122'>Add Product to Cart</a>
<div class="">
<span class="badge badge-default">Add to Cart Functionality.Add Product to Cart</span>
</div>
</td>
</tr>
<tr class="tag-test-status" status="fail">
<td><span class="badge log fail-bg">Fail</span></td>
<td>14:03:12 pm</td>
<td>
<a href="#" class="linked" test-id='121' id='123'>Add Product to Cart</a>
<div class="">
<span class="badge badge-default">Add to Cart Functionality.Add Product to Cart</span>
</div>
</td>
</tr>
<tr class="tag-test-status" status="pass">
<td><span class="badge log pass-bg">Pass</span></td>
<td>14:04:09 pm</td>
<td>
<a href="#" class="linked" test-id='121' id='141'>Add Product to Cart</a>
<div class="">
<span class="badge badge-default">Add to Cart Functionality.Add Product to Cart</span>
</div>
</td>
</tr>
<tr class="tag-test-status" status="fail">
<td><span class="badge log fail-bg">Fail</span></td>
<td>14:04:55 pm</td>
<td>
<a href="#" class="linked" test-id='121' id='159'>Add Product to Cart</a>
<div class="">
<span class="badge badge-default">Add to Cart Functionality.Add Product to Cart</span>
</div>
</td>
</tr>
<tr class="tag-test-status" status="pass">
<td><span class="badge log pass-bg">Pass</span></td>
<td>14:05:41 pm</td>
<td>
<a href="#" class="linked" test-id='121' id='177'>Add Product to Cart</a>
<div class="">
<span class="badge badge-default">Add to Cart Functionality.Add Product to Cart</span>
</div>
</td>
</tr>
<tr class="tag-test-status" status="pass">
<td><span class="badge log pass-bg">Pass</span></td>
<td>14:06:31 pm</td>
<td>
<a href="#" class="linked" test-id='195' id='196'>Find FirstCry Stores</a>
<div class="">
<span class="badge badge-default">Find Stores.Find FirstCry Stores</span>
</div>
</td>
</tr>
<tr class="tag-test-status" status="pass">
<td><span class="badge log pass-bg">Pass</span></td>
<td>14:06:31 pm</td>
<td>
<a href="#" class="linked" test-id='195' id='197'>Find FirstCry Stores</a>
<div class="">
<span class="badge badge-default">Find Stores.Find FirstCry Stores</span>
</div>
</td>
</tr>
<tr class="tag-test-status" status="pass">
<td><span class="badge log pass-bg">Pass</span></td>
<td>14:07:23 pm</td>
<td>
<a href="#" class="linked" test-id='219' id='220'>Search for a Preschool in city</a>
<div class="">
<span class="badge badge-default">Find Preschool Locator.Search for a Preschool in city</span>
</div>
</td>
</tr>
<tr class="tag-test-status" status="pass">
<td><span class="badge log pass-bg">Pass</span></td>
<td>14:07:23 pm</td>
<td>
<a href="#" class="linked" test-id='219' id='221'>Search for a Preschool in city</a>
<div class="">
<span class="badge badge-default">Find Preschool Locator.Search for a Preschool in city</span>
</div>
</td>
</tr>
<tr class="tag-test-status" status="fail">
<td><span class="badge log fail-bg">Fail</span></td>
<td>14:08:10 pm</td>
<td>
<a href="#" class="linked" test-id='243' id='244'>Manage Cart Functions</a>
<div class="">
<span class="badge badge-default">Manage Cart.Manage Cart Functions</span>
</div>
</td>
</tr>
<tr class="tag-test-status" status="fail">
<td><span class="badge log fail-bg">Fail</span></td>
<td>14:08:55 pm</td>
<td>
<a href="#" class="linked" test-id='243' id='264'>Manage Cart Functions</a>
<div class="">
<span class="badge badge-default">Manage Cart.Manage Cart Functions</span>
</div>
</td>
</tr>
<tr class="tag-test-status" status="fail">
<td><span class="badge log fail-bg">Fail</span></td>
<td>14:09:38 pm</td>
<td>
<a href="#" class="linked" test-id='284' id='285'>Manage Shortlist Functions</a>
<div class="">
<span class="badge badge-default">Manage Shortlisted Products.Manage Shortlist Functions</span>
</div>
</td>
</tr>
<tr class="tag-test-status" status="pass">
<td><span class="badge log pass-bg">Pass</span></td>
<td>14:10:19 pm</td>
<td>
<a href="#" class="linked" test-id='284' id='305'>Manage Shortlist Functions</a>
<div class="">
<span class="badge badge-default">Manage Shortlisted Products.Manage Shortlist Functions</span>
</div>
</td>
</tr>
</tbody>
</table>
</div>
</li>
</ul>
</div>
</div>
<div class="test-content scrollable">
<div class="test-content-detail">
<div class="detail-body"></div>
</div>
</div>
</div><div class="container-fluid p-4 view dashboard-view">
<div class="row">
<div class="col-md-3">
<div class="card"><div class="card-body">
<p class="m-b-0">Started</p>
<h3>Mar 26, 2024 01:58:56 pm</h3>
</div></div>
</div>
<div class="col-md-3">
<div class="card"><div class="card-body">
<p class="m-b-0">Ended</p>
<h3>Mar 26, 2024 02:11:16 pm</h3>
</div></div>
</div>
<div class="col-md-3">
<div class="card"><div class="card-body">
<p class="m-b-0 text-pass">Features Passed</p>
<h3>4</h3>
</div></div>
</div>
<div class="col-md-3">
<div class="card"><div class="card-body">
<p class="m-b-0 text-fail">Features Failed</p>
<h3>4</h3>
</div></div>
</div>
</div>
<div class="row">
<div class="col-md-4">
<div class="card">
<div class="card-header">
<h6 class="card-title">Features</h6>
</div>
<div class="card-body">
<div class="">
<canvas id='parent-analysis' width='115' height='90'></canvas>
</div>
</div>
<div class="card-footer">
<div><small data-tooltip='50%'>
<b>4</b> features passed
</small>
</div>
<div>
<small data-tooltip='50%'><b>4</b> features failed,
<b>0</b> skipped, <b data-tooltip='0%'>0</b> others
</small>
</div>
</div>
</div>
</div>
<div class="col-md-4">
<div class="card">
<div class="card-header">
<h6 class="card-title">Scenarios</h6>
</div>
<div class="card-body">
<div class="">
<canvas id='child-analysis' width='115' height='90'></canvas>
</div>
</div>
<div class="card-footer">
<div><small data-tooltip='56%'><b>9</b> scenarios passed</small></div>
<div>
<small data-tooltip='43%'><b>7</b> scenarios failed,
<b>0</b> skipped, <b data-tooltip='%'>0</b> others
</small>
</div>
</div>
</div>
</div>
<div class="col-md-4">
<div class="card">
<div class="card-header">
<h6 class="card-title">Steps</h6>
</div>
<div class="card-body">
<div class="">
<canvas id='grandchild-analysis' width='115' height='90'></canvas>
</div>
</div>
<div class="card-footer">
<div><small data-tooltip='80%'><b>99</b> steps passed</small></div>
<div>
<small data-tooltip='5%'><b>7</b> steps failed,
<b>17</b> skipped, <b data-tooltip='%'>0</b> others
</small>
</div>
</div>
</div>
</div>
</div>
<div class="row"><div class="col-md-12">
<div class="card"><div class="card-header"><p>Timeline</p></div>
<div class="card-body pt-0"><div>
<canvas id="timeline" height="120"></canvas>
</div></div>
</div>
</div></div>
<script>
var timeline = {
"Login with UserId":126.166,"Edit User Profile":82.534,"Search Functionality":44.001,"Add to Cart Functionality":198.707,"Find Stores":52.381,"Find Preschool Locator":46.251,"Manage Cart":88.032,"Manage Shortlisted Products":97.459
};
</script>
<div class="row">
<div class="col-lg-6 col-md-12 category-container">
<div class="card">
<div class="card-header"><p>Tags</p></div>
<div class="card-body pb-0 pt-0"><table class="table table-sm table-bordered">
<thead><tr class="bg-gray"><th>Name</th><th>Passed</th><th>Failed</th><th>Skipped</th><th>Others</th><th>Passed %</th></tr></thead><tbody>
<tr>
<td>@FirstCry</td>
<td>13</td>
<td>9</td>
<td>0</td>
<td>0</td>
<td>59.091%</td>
</tr>
</tbody>
</table></div>
</div>
</div>
<div class="col-lg-6 col-md-12 sysenv-container">
<div class="card">
<div class="card-header"><p>System/Environment</p></div>
<div class="card-body pb-0 pt-0"><table class="table table-sm table-bordered">
<thead><tr class="bg-gray"><th>Name</th><th>Value</th></tr></thead>
<tbody>
<tr>
<td>AppName</td>
<td>AutomationPractice</td>
</tr>
<tr>
<td>user</td>
<td>Team001</td>
</tr>
<tr>
<td>version</td>
<td>10</td>
</tr>
<tr>
<td>build</td>
<td>1.1</td>
</tr>
<tr>
<td>os</td>
<td>windows</td>
</tr>
</tbody>
</table></div>
</div>
</div>
</div>
</div>
<script>
var statusGroup = {
parentCount: 5,
passParent: 4,
failParent: 4,
warningParent: 0,
skipParent: 0,
childCount: 5,
passChild: 9,
failChild: 7,
warningChild: 0,
skipChild: 0,
infoChild: 0,
grandChildCount: 5,
passGrandChild: 99,
failGrandChild: 7,
warningGrandChild: 0,
skipGrandChild: 17,
infoGrandChild: 0,
eventsCount: 5,
};
</script>        </div>
      </div>
    </div>
  </div>
<script src="https://cdn.jsdelivr.net/gh/extent-framework/extent-github-cdn@d6562a79075e061305ccfdb82f01e5e195e2d307/spark/js/spark-script.js"></script>
<script type="text/javascript"></script></body>
</html>