




<!DOCTYPE html>
<html>
<head>
	<meta charset='UTF-8' /> 
	<meta name='description' content='' />
	<meta name='robots' content='noodp, noydir' />
	<meta name='viewport' content='width=device-width, initial-scale=1' />
	<meta id="timeStampFormat" name="timeStampFormat" content='MMM d, yyyy hh:mm:ss a'/>
	
        <link href='http://fonts.googleapis.com/css?family=Source+Sans+Pro:400,600' rel='stylesheet' type='text/css' />
        <link href="http://fonts.googleapis.com/icon?family=Material+Icons" rel="stylesheet" />
        <link href='http://cdn.jsdelivr.net/gh/extent-framework/extent-github-cdn@ff53917fbbdb5ef820abbbe4d199a6942dc771ff/v3html/css/extent.css' type='text/css' rel='stylesheet' />
	
	<title></title>

	<style type='text/css'>
		/* json-tree */
		.jstBracket,.jstComma,.jstValue{white-space:pre-wrap}.jstValue{font-size:10px;font-weight:400;font-family:"Lucida Console",Monaco,monospace}.jstProperty{color:#666;word-wrap:break-word}.jstBool{color:#2525CC}.jstNum{color:#D036D0}.jstNull{color:gray}.jstStr{color:#2DB669}.jstFold:after{content:' -';cursor:pointer}.jstExpand{white-space:normal}.jstExpand:after{content:' +';cursor:pointer}.jstFolded{white-space:normal!important}.jstHiddenBlock{display:none}
			
	</style>
	
	<script type="text/javascript">
		/*! json-tree - v0.2.2 - 2017-09-25, MIT LICENSE */
		var JSONTree=function(){var n={"&":"&amp;","<":"&lt;",">":"&gt;",'"':"&quot;","'":"&#x27;","/":"&#x2F;"},t=0,r=0;this.create=function(n,t){return r+=1,N(u(n,0,!1),{class:"jstValue"})};var e=function(t){return t.replace(/[&<>'"]/g,function(t){return n[t]})},s=function(){return r+"_"+t++},u=function(n,t,r){if(null===n)return f(r?t:0);switch(typeof n){case"boolean":return l(n,r?t:0);case"number":return i(n,r?t:0);case"string":return o(n,r?t:0);default:return n instanceof Array?a(n,t,r):c(n,t,r)}},c=function(n,t,r){var e=s(),u=Object.keys(n).map(function(r){return j(r,n[r],t+1,!0)}).join(m()),c=[g("{",r?t:0,e),N(u,{id:e}),p("}",t)].join("\n");return N(c,{})},a=function(n,t,r){var e=s(),c=n.map(function(n){return u(n,t+1,!0)}).join(m());return[g("[",r?t:0,e),N(c,{id:e}),p("]",t)].join("\n")},o=function(n,t){var r=e(JSON.stringify(n));return N(v(r,t),{class:"jstStr"})},i=function(n,t){return N(v(n,t),{class:"jstNum"})},l=function(n,t){return N(v(n,t),{class:"jstBool"})},f=function(n){return N(v("null",n),{class:"jstNull"})},j=function(n,t,r){var s=v(e(JSON.stringify(n))+": ",r),c=N(u(t,r,!1),{});return N(s+c,{class:"jstProperty"})},m=function(){return N(",\n",{class:"jstComma"})},N=function(n,t){return d("span",t,n)},d=function(n,t,r){return"<"+n+Object.keys(t).map(function(n){return" "+n+'="'+t[n]+'"'}).join("")+">"+r+"</"+n+">"},g=function(n,t,r){return N(v(n,t),{class:"jstBracket"})+N("",{class:"jstFold",onclick:"JSONTree.toggle('"+r+"')"})};this.toggle=function(n){var t=document.getElementById(n),r=t.parentNode,e=t.previousElementSibling;""===t.className?(t.className="jstHiddenBlock",r.className="jstFolded",e.className="jstExpand"):(t.className="",r.className="",e.className="jstFold")};var p=function(n,t){return N(v(n,t),{})},v=function(n,t){return Array(2*t+1).join(" ")+n};return this}();
	</script>
</head>
	<body class='extent standard default hide-overflow bdd-report'>
		<div id='theme-selector' alt='Click to toggle theme. To enable by default, use theme configuration.' title='Click to toggle theme. To enable by default, use theme configuration.'>
			<span><i class='material-icons'>desktop_windows</i></span>
		</div>
<nav>
	<div class="nav-wrapper">
        <a href="#!" class="brand-logo black"><img src="http://cdn.jsdelivr.net/gh/extent-framework/extent-github-cdn@ff53917fbbdb5ef820abbbe4d199a6942dc771ff/commons/img/logo.png"></a>
		<!-- slideout menu -->
		<ul id='slide-out' class='side-nav fixed hide-on-med-and-down'>
			<li class='waves-effect active'><a href='#!' view='test-view' onclick="configureView(0);chartsView('test');"><i class='material-icons'>dashboard</i></a></li>
			<li class='waves-effect'><a href='#!' view='category-view' onclick="configureView(1)"><i class='material-icons'>label_outline</i></a></li>
			<li class='waves-effect'><a href='#!' view='exception-view' onclick="configureView(2)"><i class='material-icons'>bug_report</i></a></li>
			<li class='waves-effect'><a href='#!' onclick="configureView(-1);chartsView('dashboard');" view='dashboard-view'><i class='material-icons'>track_changes</i></a></li>
		</ul>
		<!-- report name -->
		<span class='report-name'></span>
		<!-- report headline -->
		<span class='report-headline'></span>
		<!-- nav-right -->
		<ul id='nav-mobile' class='right hide-on-med-and-down nav-right'>
			<a href='#!'>
			<span class='label blue darken-3 suite-start-time'>Mar 26, 2024 09:13:18 am</span>
			</a>
		</ul>
	</div>
</nav>		<!-- container -->
		<div class='container'>
<div id='test-view' class='view'>
	<section id='controls'>
		<div class='controls grey lighten-4'>
			<!-- test toggle -->
			<div class='chip transparent'>
				<a class='dropdown-button tests-toggle' data-activates='tests-toggle' data-constrainwidth='true' data-beloworigin='true' data-hover='true' href='#'>
				<i class='material-icons'>warning</i> Status
				</a>
				<ul id='tests-toggle' class='dropdown-content'>
										<li status='pass'><a href='#!'>Pass <i class='material-icons green-text'>check_circle</i></a></li>
					<li status='fail'><a href='#!'>Fail <i class='material-icons red-text'>cancel</i></a></li>
					<li class='divider'></li>
					<li status='clear' clear='true'><a href='#!'>Clear Filters <i class='material-icons'>clear</i></a></li>
				</ul>
			</div>
			<!-- test toggle -->
			<!-- category toggle -->
			<div class='chip transparent'>
				<a class='dropdown-button category-toggle' data-activates='category-toggle' data-constrainwidth='false' data-beloworigin='true' data-hover='true' href='#'>
				<i class='material-icons'>local_offer</i> Category
				</a>
				<ul id='category-toggle' class='dropdown-content'>
					<li><a href='#'>@FirstCry</a></li>
					<li class='divider'></li>
					<li class='clear'><a href='#!' clear='true'>Clear Filters</a></li>
				</ul>
			</div>
			<!-- category toggle -->
			<!-- clear filters -->
			<div class='chip transparent hide'>
				<a class='' id='clear-filters' alt='Clear Filters' title='Clear Filters'>
				<i class='material-icons'>close</i> Clear
				</a>
			</div>
			<!-- clear filters -->
			<!-- enable dashboard -->
			<div id='toggle-test-view-charts' class='chip transparent'>
				<a class='pink-text' id='enable-dashboard' alt='Enable Dashboard' title='Enable Dashboard'>
				<i class='material-icons'>track_changes</i> Dashboard
				</a>
			</div>
			<!-- enable dashboard -->
			<!-- search -->
			<div class='chip transparent' alt='Search Tests' title='Search Tests'>
				<a href="#" class='search-div'>
				<i class='material-icons'>search</i> Search
				</a>
				<div class='input-field left hide'>
					<input id='search-tests' type='text' class='validate browser-default' placeholder='Search Tests...'>
				</div>
			</div>
			<!-- search -->
		</div>
	</section>

<div id='test-view-charts' class='subview-full'>
    <div id='charts-row' class='row nm-v nm-h'>
        <div class='col s12 m4 l4 np-h'>
            <div class='card-panel nm-v'>
                <div class='left panel-name'>Features</div>
                <div class='chart-box' style="max-height:94px;">
                    <canvas id='parent-analysis' width='90' height='70'></canvas>
                </div>
                <div class='block text-small'>
                    <span class='tooltipped' data-position='top' data-tooltip='$75%'>
                    <span class='strong'>6</span> features passed</span>
                </div>
                <div class='block text-small'>
                    <span class='strong tooltipped' data-position='top' data-tooltip='25%'>
                    2</span> features failed, 
                    <span class='strong tooltipped' data-position='top' data-tooltip='0%'>
                    0</span> skipped
                </div>
            </div>
        </div>
        <div class='col s12 m4 l4 np-h'>
            <div class='card-panel nm-v'>
                <div class='left panel-name'>Scenarios</div>
                <div class='chart-box' style="max-height:94px;">
                    <canvas id='child-analysis' width='90' height='70'></canvas>
                </div>
                <div class='block text-small'>
                    <span class='tooltipped' data-position='top' data-tooltip='66%'>
                    <span class='strong'>8</span> scenarios passed</span>
                </div>
                <div class='block text-small'>
                    <span class='strong tooltipped' data-position='top' data-tooltip='33%'>
                    4</span> scenarios failed, 
                    <span class='strong tooltipped' data-position='top' data-tooltip='0%'>
                    0</span> skipped, 
                    <span class='strong tooltipped' data-position='top' data-tooltip='0%'>
                    0</span> others
                </div>
            </div>
        </div>
        <div class='col s12 m4 l4 np-h'>
            <div class='card-panel nm-v'>
                <div class='left panel-name'>Steps</div>
                <div class='chart-box' style="max-height:94px;">
                    <canvas id='grandchild-analysis' width='90' height='70'></canvas>
                </div>
                <div class='block text-small'>
                    <span class='tooltipped' data-position='top' data-tooltip='82%'>
                    <span class='strong'>78</span> steps passed</span>
                </div>
                <div class='block text-small'>
                    <span class='strong tooltipped' data-position='top' data-tooltip='4%'>
                    4</span> steps failed, 
                    <span class='strong tooltipped' data-position='top' data-tooltip='12%'>
                    12</span> skipped, 
                    <span class='strong tooltipped' data-position='top' data-tooltip='0%'>
                    0</span> others
                </div>
            </div>
        </div>
    </div>
    <div id="timeline-chart" class="row nm-v nm-h">
        <div class="col s12 m12 l12 np-h">
            <div class="card-panel">
                <div class='left panel-name'>Timeline (seconds)</div>
                <div class="chart-box" style="width:98%;max-height:145px;">
                    <canvas id="timeline" height="120"></canvas>
                </div>
            </div>
        </div>
    </div>
</div>	
	<div class='subview-left left'>
		<div class='view-summary'>
			<ul id='test-collection' class='test-collection'>
				<li class='test displayed active has-leaf fail' status='fail' bdd='true' test-id='1'>
					<div class='test-heading'>
						<span class='test-name'>Login with UserId</span>
						<span class='test-time'>Mar 26, 2024 09:13:21 am</span>
						<span class='test-status right fail'>Fail</span>
					</div>
					<div class='test-content hide'>
<div class="sr-filters bdd-filters">
	<a class="btn-floating waves-effect waves-light pass green" title="pass"><i class='material-icons'>check_circle</i></a>
	<a class="btn-floating waves-effect waves-light fail red" title="fail"><i class='material-icons'>cancel</i></a>
	<a class="btn-floating waves-effect waves-light skip blue" title="skip"><i class='material-icons'>redo</i></a>
	<a class="btn-floating waves-effect waves-light clear grey" title="clear"><i class='material-icons'>clear</i></a>
</div>

<div class='scenario outline node' test-id='2' status='fail'>

	<span class='duration right label'>00 01 52.739</span>
	<div class="bdd-test">
		<div class="scenario-name"><span class='status fail' title='Fail'><i class='material-icons'>cancel</i></span> Scenario Outline: Login with UserId</div>
	</div>
	
		<div class='node-desc'><br><br><table class='markup-table table '><tr><td>UserId</td></tr><tr><td>chandumj787013@gmail.com</td></tr><tr><td>chandumj@gmail.co</td></tr></table></div>
	
		<div class='category-list'>
				<span class='category label'>@FirstCry</span>
		</div>
	
	<ul class='steps'>
		<li test-id='3' class='node scenario Pass' status='Pass'>
			<div class="step-name" title="()"><span class='status pass' title='Pass'><i class='material-icons'>check_circle</i></span>Login with UserId</div>

				<div class='category-list'>
						<span class='category label'>@FirstCry</span>
				</div>

			<ul class='gc steps'>
				<li test-id='6' class='gc given Pass' status='Pass'>
					<h6 class="step-name" title="steps.SharedSteps.user_navigate_to_the_first_cry_url()"><span class='status pass' title='Pass'><i class='material-icons'>check_circle</i></span>Given User navigate to the FirstCry URL</h6>

				</li>
				<li test-id='8' class='gc when Pass' status='Pass'>
					<h6 class="step-name" title="steps.LoginStepDefination.user_click_on_the_login_button()"><span class='status pass' title='Pass'><i class='material-icons'>check_circle</i></span>When user click on the login button</h6>

				</li>
				<li test-id='10' class='gc then Pass' status='Pass'>
					<h6 class="step-name" title="steps.LoginStepDefination.user_should_be_on_login_page()"><span class='status pass' title='Pass'><i class='material-icons'>check_circle</i></span>Then user should be on login Page</h6>

				</li>
				<li test-id='12' class='gc and Pass' status='Pass'>
					<h6 class="step-name" title="steps.LoginStepDefination.user_enter(java.lang.String)"><span class='status pass' title='Pass'><i class='material-icons'>check_circle</i></span>And User enter "chandumj787013@gmail.com"</h6>

				</li>
				<li test-id='14' class='gc and Pass' status='Pass'>
					<h6 class="step-name" title="steps.LoginStepDefination.user_click_on_the_continue_button()"><span class='status pass' title='Pass'><i class='material-icons'>check_circle</i></span>And user click on the continue button</h6>

				</li>
				<li test-id='16' class='gc and Pass' status='Pass'>
					<h6 class="step-name" title="steps.LoginStepDefination.user_click_the_submit_button()"><span class='status pass' title='Pass'><i class='material-icons'>check_circle</i></span>And user click the submit button</h6>

				</li>
				<li test-id='18' class='gc then Pass' status='Pass'>
					<h6 class="step-name" title="steps.LoginStepDefination.user_should_be_on_home_page()"><span class='status pass' title='Pass'><i class='material-icons'>check_circle</i></span>Then user should be on Home Page</h6>

				</li>
			</ul>
		</li>
		<li test-id='21' class='node scenario Fail' status='Fail'>
			<div class="step-name" title="()"><span class='status fail' title='Fail'><i class='material-icons'>cancel</i></span>Login with UserId</div>

				<div class='category-list'>
						<span class='category label'>@FirstCry</span>
				</div>

			<ul class='gc steps'>
				<li test-id='24' class='gc given Pass' status='Pass'>
					<h6 class="step-name" title="steps.SharedSteps.user_navigate_to_the_first_cry_url()"><span class='status pass' title='Pass'><i class='material-icons'>check_circle</i></span>Given User navigate to the FirstCry URL</h6>

				</li>
				<li test-id='26' class='gc when Pass' status='Pass'>
					<h6 class="step-name" title="steps.LoginStepDefination.user_click_on_the_login_button()"><span class='status pass' title='Pass'><i class='material-icons'>check_circle</i></span>When user click on the login button</h6>

				</li>
				<li test-id='28' class='gc then Pass' status='Pass'>
					<h6 class="step-name" title="steps.LoginStepDefination.user_should_be_on_login_page()"><span class='status pass' title='Pass'><i class='material-icons'>check_circle</i></span>Then user should be on login Page</h6>

				</li>
				<li test-id='30' class='gc and Pass' status='Pass'>
					<h6 class="step-name" title="steps.LoginStepDefination.user_enter(java.lang.String)"><span class='status pass' title='Pass'><i class='material-icons'>check_circle</i></span>And User enter "chandumj@gmail.co"</h6>

				</li>
				<li test-id='32' class='gc and Pass' status='Pass'>
					<h6 class="step-name" title="steps.LoginStepDefination.user_click_on_the_continue_button()"><span class='status pass' title='Pass'><i class='material-icons'>check_circle</i></span>And user click on the continue button</h6>

				</li>
				<li test-id='34' class='gc and Fail' status='Fail'>
					<h6 class="step-name" title="steps.LoginStepDefination.user_click_the_submit_button()"><span class='status fail' title='Fail'><i class='material-icons'>cancel</i></span>And user click the submit button</h6>

							<textarea disabled class="code-block">org.openqa.selenium.NoSuchElementException: no such element: Unable to locate element: {"method":"xpath","selector":"//div[@id='verfiedbtn']"}
  (Session info: chrome=122.0.6261.131)
For documentation on this error, please visit: https://www.selenium.dev/documentation/webdriver/troubleshooting/errors#no-such-element-exception
Build info: version: '4.11.0', revision: '040bc5406b'
System info: os.name: 'Windows 11', os.arch: 'amd64', os.version: '10.0', java.version: '17.0.2'
Driver info: org.openqa.selenium.chrome.ChromeDriver
Command: [f85ea297dd77aa562cd595567b75ed07, findElement {using=xpath, value=//div[@id='verfiedbtn']}]
Capabilities {acceptInsecureCerts: false, browserName: chrome, browserVersion: 122.0.6261.131, chrome: {chromedriverVersion: 122.0.6261.128 (f18a44fedeb..., userDataDir: C:\Users\lenovo\AppData\Loc...}, fedcm:accounts: true, goog:chromeOptions: {debuggerAddress: localhost:25170}, networkConnectionEnabled: false, pageLoadStrategy: normal, platformName: windows, proxy: Proxy(), se:cdp: ws://localhost:25170/devtoo..., se:cdpVersion: 122.0.6261.131, setWindowRect: true, strictFileInteractability: false, timeouts: {implicit: 0, pageLoad: 300000, script: 30000}, unhandledPromptBehavior: dismiss and notify, webauthn:extension:credBlob: true, webauthn:extension:largeBlob: true, webauthn:extension:minPinLength: true, webauthn:extension:prf: true, webauthn:virtualAuthenticators: true}
Session ID: f85ea297dd77aa562cd595567b75ed07
	at java.base/jdk.internal.reflect.NativeConstructorAccessorImpl.newInstance0(Native Method)
	at java.base/jdk.internal.reflect.NativeConstructorAccessorImpl.newInstance(NativeConstructorAccessorImpl.java:77)
	at java.base/jdk.internal.reflect.DelegatingConstructorAccessorImpl.newInstance(DelegatingConstructorAccessorImpl.java:45)
	at java.base/java.lang.reflect.Constructor.newInstanceWithCaller(Constructor.java:499)
	at java.base/java.lang.reflect.Constructor.newInstance(Constructor.java:480)
	at org.openqa.selenium.remote.codec.w3c.W3CHttpResponseCodec.createException(W3CHttpResponseCodec.java:200)
	at org.openqa.selenium.remote.codec.w3c.W3CHttpResponseCodec.decode(W3CHttpResponseCodec.java:133)
	at org.openqa.selenium.remote.codec.w3c.W3CHttpResponseCodec.decode(W3CHttpResponseCodec.java:52)
	at org.openqa.selenium.remote.HttpCommandExecutor.execute(HttpCommandExecutor.java:191)
	at org.openqa.selenium.remote.service.DriverCommandExecutor.invokeExecute(DriverCommandExecutor.java:196)
	at org.openqa.selenium.remote.service.DriverCommandExecutor.execute(DriverCommandExecutor.java:171)
	at org.openqa.selenium.remote.RemoteWebDriver.execute(RemoteWebDriver.java:518)
	at org.openqa.selenium.remote.ElementLocation$ElementFinder$2.findElement(ElementLocation.java:165)
	at org.openqa.selenium.remote.ElementLocation.findElement(ElementLocation.java:59)
	at org.openqa.selenium.remote.RemoteWebDriver.findElement(RemoteWebDriver.java:355)
	at org.openqa.selenium.remote.RemoteWebDriver.findElement(RemoteWebDriver.java:349)
	at org.openqa.selenium.support.pagefactory.DefaultElementLocator.findElement(DefaultElementLocator.java:68)
	at org.openqa.selenium.support.pagefactory.internal.LocatingElementHandler.invoke(LocatingElementHandler.java:38)
	at jdk.proxy2/jdk.proxy2.$Proxy45.click(Unknown Source)
	at pages.LoginPage.clickOnSubmit(LoginPage.java:47)
	at steps.LoginStepDefination.user_click_the_submit_button(LoginStepDefination.java:46)
	at ?.user click the submit button(file:///F:/Mphasis%20Practice%20Eclipse/RLLProject/src/test/java/features/1.Login.feature:10)
</textarea>
				</li>
				<li test-id='36' class='gc then Skip' status='Skip'>
					<h6 class="step-name" title="steps.LoginStepDefination.user_should_be_on_home_page()"><span class='status skip' title='Skip'><i class='material-icons'>redo</i></span>Then user should be on Home Page</h6>

							<div class="node-step">Step skipped</div>
				</li>
			</ul>
		</li>
		<li test-id='39' class='node scenario Fail' status='Fail'>
			<div class="step-name" title="()"><span class='status fail' title='Fail'><i class='material-icons'>cancel</i></span>Login with UserId</div>

				<div class='category-list'>
						<span class='category label'>@FirstCry</span>
				</div>

			<ul class='gc steps'>
				<li test-id='42' class='gc given Pass' status='Pass'>
					<h6 class="step-name" title="steps.SharedSteps.user_navigate_to_the_first_cry_url()"><span class='status pass' title='Pass'><i class='material-icons'>check_circle</i></span>Given User navigate to the FirstCry URL</h6>

				</li>
				<li test-id='44' class='gc when Pass' status='Pass'>
					<h6 class="step-name" title="steps.LoginStepDefination.user_click_on_the_login_button()"><span class='status pass' title='Pass'><i class='material-icons'>check_circle</i></span>When user click on the login button</h6>

				</li>
				<li test-id='46' class='gc then Pass' status='Pass'>
					<h6 class="step-name" title="steps.LoginStepDefination.user_should_be_on_login_page()"><span class='status pass' title='Pass'><i class='material-icons'>check_circle</i></span>Then user should be on login Page</h6>

				</li>
				<li test-id='48' class='gc and Pass' status='Pass'>
					<h6 class="step-name" title="steps.LoginStepDefination.user_enter(java.lang.String)"><span class='status pass' title='Pass'><i class='material-icons'>check_circle</i></span>And User enter "chandumj@gmail.co"</h6>

				</li>
				<li test-id='50' class='gc and Pass' status='Pass'>
					<h6 class="step-name" title="steps.LoginStepDefination.user_click_on_the_continue_button()"><span class='status pass' title='Pass'><i class='material-icons'>check_circle</i></span>And user click on the continue button</h6>

				</li>
				<li test-id='52' class='gc and Fail' status='Fail'>
					<h6 class="step-name" title="steps.LoginStepDefination.user_click_the_submit_button()"><span class='status fail' title='Fail'><i class='material-icons'>cancel</i></span>And user click the submit button</h6>

							<textarea disabled class="code-block">org.openqa.selenium.NoSuchElementException: no such element: Unable to locate element: {"method":"xpath","selector":"//div[@id='verfiedbtn']"}
  (Session info: chrome=122.0.6261.131)
For documentation on this error, please visit: https://www.selenium.dev/documentation/webdriver/troubleshooting/errors#no-such-element-exception
Build info: version: '4.11.0', revision: '040bc5406b'
System info: os.name: 'Windows 11', os.arch: 'amd64', os.version: '10.0', java.version: '17.0.2'
Driver info: org.openqa.selenium.chrome.ChromeDriver
Command: [f85ea297dd77aa562cd595567b75ed07, findElement {using=xpath, value=//div[@id='verfiedbtn']}]
Capabilities {acceptInsecureCerts: false, browserName: chrome, browserVersion: 122.0.6261.131, chrome: {chromedriverVersion: 122.0.6261.128 (f18a44fedeb..., userDataDir: C:\Users\lenovo\AppData\Loc...}, fedcm:accounts: true, goog:chromeOptions: {debuggerAddress: localhost:25170}, networkConnectionEnabled: false, pageLoadStrategy: normal, platformName: windows, proxy: Proxy(), se:cdp: ws://localhost:25170/devtoo..., se:cdpVersion: 122.0.6261.131, setWindowRect: true, strictFileInteractability: false, timeouts: {implicit: 0, pageLoad: 300000, script: 30000}, unhandledPromptBehavior: dismiss and notify, webauthn:extension:credBlob: true, webauthn:extension:largeBlob: true, webauthn:extension:minPinLength: true, webauthn:extension:prf: true, webauthn:virtualAuthenticators: true}
Session ID: f85ea297dd77aa562cd595567b75ed07
	at java.base/jdk.internal.reflect.NativeConstructorAccessorImpl.newInstance0(Native Method)
	at java.base/jdk.internal.reflect.NativeConstructorAccessorImpl.newInstance(NativeConstructorAccessorImpl.java:77)
	at java.base/jdk.internal.reflect.DelegatingConstructorAccessorImpl.newInstance(DelegatingConstructorAccessorImpl.java:45)
	at java.base/java.lang.reflect.Constructor.newInstanceWithCaller(Constructor.java:499)
	at java.base/java.lang.reflect.Constructor.newInstance(Constructor.java:480)
	at org.openqa.selenium.remote.codec.w3c.W3CHttpResponseCodec.createException(W3CHttpResponseCodec.java:200)
	at org.openqa.selenium.remote.codec.w3c.W3CHttpResponseCodec.decode(W3CHttpResponseCodec.java:133)
	at org.openqa.selenium.remote.codec.w3c.W3CHttpResponseCodec.decode(W3CHttpResponseCodec.java:52)
	at org.openqa.selenium.remote.HttpCommandExecutor.execute(HttpCommandExecutor.java:191)
	at org.openqa.selenium.remote.service.DriverCommandExecutor.invokeExecute(DriverCommandExecutor.java:196)
	at org.openqa.selenium.remote.service.DriverCommandExecutor.execute(DriverCommandExecutor.java:171)
	at org.openqa.selenium.remote.RemoteWebDriver.execute(RemoteWebDriver.java:518)
	at org.openqa.selenium.remote.ElementLocation$ElementFinder$2.findElement(ElementLocation.java:165)
	at org.openqa.selenium.remote.ElementLocation.findElement(ElementLocation.java:59)
	at org.openqa.selenium.remote.RemoteWebDriver.findElement(RemoteWebDriver.java:355)
	at org.openqa.selenium.remote.RemoteWebDriver.findElement(RemoteWebDriver.java:349)
	at org.openqa.selenium.support.pagefactory.DefaultElementLocator.findElement(DefaultElementLocator.java:68)
	at org.openqa.selenium.support.pagefactory.internal.LocatingElementHandler.invoke(LocatingElementHandler.java:38)
	at jdk.proxy2/jdk.proxy2.$Proxy45.click(Unknown Source)
	at pages.LoginPage.clickOnSubmit(LoginPage.java:47)
	at steps.LoginStepDefination.user_click_the_submit_button(LoginStepDefination.java:46)
	at ?.user click the submit button(file:///F:/Mphasis%20Practice%20Eclipse/RLLProject/src/test/java/features/1.Login.feature:10)
</textarea>
				</li>
				<li test-id='54' class='gc then Skip' status='Skip'>
					<h6 class="step-name" title="steps.LoginStepDefination.user_should_be_on_home_page()"><span class='status skip' title='Skip'><i class='material-icons'>redo</i></span>Then user should be on Home Page</h6>

							<div class="node-step">Step skipped</div>
				</li>
			</ul>
		</li>
	</ul>
</div>
					</div>
				</li>
				<li class='test displayed active has-leaf pass' status='pass' bdd='true' test-id='57'>
					<div class='test-heading'>
						<span class='test-name'>Edit User Profile</span>
						<span class='test-time'>Mar 26, 2024 09:15:13 am</span>
						<span class='test-status right pass'>Pass</span>
					</div>
					<div class='test-content hide'>
<div class="sr-filters bdd-filters">
	<a class="btn-floating waves-effect waves-light pass green" title="pass"><i class='material-icons'>check_circle</i></a>
	<a class="btn-floating waves-effect waves-light fail red" title="fail"><i class='material-icons'>cancel</i></a>
	<a class="btn-floating waves-effect waves-light skip blue" title="skip"><i class='material-icons'>redo</i></a>
	<a class="btn-floating waves-effect waves-light clear grey" title="clear"><i class='material-icons'>clear</i></a>
</div>

<div class='scenario outline node' test-id='58' status='pass'>

	<span class='duration right label'>00 01 22.815</span>
	<div class="bdd-test">
		<div class="scenario-name"><span class='status pass' title='Pass'><i class='material-icons'>check_circle</i></span> Scenario Outline: Edit user profile</div>
	</div>
	
		<div class='node-desc'><br><br><table class='markup-table table '><tr><td>user</td><td>edited address</td></tr><tr><td>ValidData</td><td></td></tr><tr><td>InvalidData</td><td></td></tr></table></div>
	
		<div class='category-list'>
				<span class='category label'>@FirstCry</span>
		</div>
	
	<ul class='steps'>
		<li test-id='59' class='node scenario Pass' status='Pass'>
			<div class="step-name" title="()"><span class='status pass' title='Pass'><i class='material-icons'>check_circle</i></span>Edit user profile</div>

				<div class='category-list'>
						<span class='category label'>@FirstCry</span>
				</div>

			<ul class='gc steps'>
				<li test-id='62' class='gc given Pass' status='Pass'>
					<h6 class="step-name" title="steps.SharedSteps.user_navigate_to_the_first_cry_url()"><span class='status pass' title='Pass'><i class='material-icons'>check_circle</i></span>Given User navigate to the FirstCry URL</h6>

				</li>
				<li test-id='64' class='gc when Pass' status='Pass'>
					<h6 class="step-name" title="steps.SharedSteps.user_log_into_the_application_with_credentials()"><span class='status pass' title='Pass'><i class='material-icons'>check_circle</i></span>When User log into the application with credentials</h6>

				</li>
				<li test-id='66' class='gc when Pass' status='Pass'>
					<h6 class="step-name" title="steps.MyProfileStep.user_click_on_my_account()"><span class='status pass' title='Pass'><i class='material-icons'>check_circle</i></span>When User click on My Account</h6>

				</li>
				<li test-id='68' class='gc and Pass' status='Pass'>
					<h6 class="step-name" title="steps.MyProfileStep.user_select_my_profile()"><span class='status pass' title='Pass'><i class='material-icons'>check_circle</i></span>And User select My Profile</h6>

				</li>
				<li test-id='70' class='gc then Pass' status='Pass'>
					<h6 class="step-name" title="steps.MyProfileStep.user_should_be_on_profile_page()"><span class='status pass' title='Pass'><i class='material-icons'>check_circle</i></span>Then User should be on profile page</h6>

				</li>
				<li test-id='72' class='gc and Pass' status='Pass'>
					<h6 class="step-name" title="steps.MyProfileStep.user_perform_an_edit_operation_on_my_address_book()"><span class='status pass' title='Pass'><i class='material-icons'>check_circle</i></span>And User perform an Edit operation on My Address Book</h6>

				</li>
				<li test-id='74' class='gc and Pass' status='Pass'>
					<h6 class="step-name" title="steps.MyProfileStep.user_add_change_delivery_address_of(java.lang.String)"><span class='status pass' title='Pass'><i class='material-icons'>check_circle</i></span>And User add/change delivery address of "ValidData"</h6>

				</li>
				<li test-id='76' class='gc and Pass' status='Pass'>
					<h6 class="step-name" title="steps.MyProfileStep.click_on_save()"><span class='status pass' title='Pass'><i class='material-icons'>check_circle</i></span>And click on Save</h6>

				</li>
				<li test-id='78' class='gc then Pass' status='Pass'>
					<h6 class="step-name" title="steps.MyProfileStep.user_can_view_the(java.lang.String)"><span class='status pass' title='Pass'><i class='material-icons'>check_circle</i></span>Then User can view the ""</h6>

				</li>
			</ul>
		</li>
		<li test-id='81' class='node scenario Pass' status='Pass'>
			<div class="step-name" title="()"><span class='status pass' title='Pass'><i class='material-icons'>check_circle</i></span>Edit user profile</div>

				<div class='category-list'>
						<span class='category label'>@FirstCry</span>
				</div>

			<ul class='gc steps'>
				<li test-id='84' class='gc given Pass' status='Pass'>
					<h6 class="step-name" title="steps.SharedSteps.user_navigate_to_the_first_cry_url()"><span class='status pass' title='Pass'><i class='material-icons'>check_circle</i></span>Given User navigate to the FirstCry URL</h6>

				</li>
				<li test-id='86' class='gc when Pass' status='Pass'>
					<h6 class="step-name" title="steps.SharedSteps.user_log_into_the_application_with_credentials()"><span class='status pass' title='Pass'><i class='material-icons'>check_circle</i></span>When User log into the application with credentials</h6>

				</li>
				<li test-id='88' class='gc when Pass' status='Pass'>
					<h6 class="step-name" title="steps.MyProfileStep.user_click_on_my_account()"><span class='status pass' title='Pass'><i class='material-icons'>check_circle</i></span>When User click on My Account</h6>

				</li>
				<li test-id='90' class='gc and Pass' status='Pass'>
					<h6 class="step-name" title="steps.MyProfileStep.user_select_my_profile()"><span class='status pass' title='Pass'><i class='material-icons'>check_circle</i></span>And User select My Profile</h6>

				</li>
				<li test-id='92' class='gc then Pass' status='Pass'>
					<h6 class="step-name" title="steps.MyProfileStep.user_should_be_on_profile_page()"><span class='status pass' title='Pass'><i class='material-icons'>check_circle</i></span>Then User should be on profile page</h6>

				</li>
				<li test-id='94' class='gc and Pass' status='Pass'>
					<h6 class="step-name" title="steps.MyProfileStep.user_perform_an_edit_operation_on_my_address_book()"><span class='status pass' title='Pass'><i class='material-icons'>check_circle</i></span>And User perform an Edit operation on My Address Book</h6>

				</li>
				<li test-id='96' class='gc and Pass' status='Pass'>
					<h6 class="step-name" title="steps.MyProfileStep.user_add_change_delivery_address_of(java.lang.String)"><span class='status pass' title='Pass'><i class='material-icons'>check_circle</i></span>And User add/change delivery address of "InvalidData"</h6>

				</li>
				<li test-id='98' class='gc and Pass' status='Pass'>
					<h6 class="step-name" title="steps.MyProfileStep.click_on_save()"><span class='status pass' title='Pass'><i class='material-icons'>check_circle</i></span>And click on Save</h6>

				</li>
				<li test-id='100' class='gc then Pass' status='Pass'>
					<h6 class="step-name" title="steps.MyProfileStep.user_can_view_the(java.lang.String)"><span class='status pass' title='Pass'><i class='material-icons'>check_circle</i></span>Then User can view the ""</h6>

				</li>
			</ul>
		</li>
	</ul>
</div>
					</div>
				</li>
				<li class='test displayed active has-leaf pass' status='pass' bdd='true' test-id='103'>
					<div class='test-heading'>
						<span class='test-name'>Search Functionality</span>
						<span class='test-time'>Mar 26, 2024 09:16:36 am</span>
						<span class='test-status right pass'>Pass</span>
					</div>
					<div class='test-content hide'>
<div class="sr-filters bdd-filters">
	<a class="btn-floating waves-effect waves-light pass green" title="pass"><i class='material-icons'>check_circle</i></a>
	<a class="btn-floating waves-effect waves-light fail red" title="fail"><i class='material-icons'>cancel</i></a>
	<a class="btn-floating waves-effect waves-light skip blue" title="skip"><i class='material-icons'>redo</i></a>
	<a class="btn-floating waves-effect waves-light clear grey" title="clear"><i class='material-icons'>clear</i></a>
</div>

<div class='scenario outline node' test-id='104' status='pass'>

	<span class='duration right label'>00 00 42.716</span>
	<div class="bdd-test">
		<div class="scenario-name"><span class='status pass' title='Pass'><i class='material-icons'>check_circle</i></span> Scenario Outline: Search for Product</div>
	</div>
	
		<div class='node-desc'><br><br><table class='markup-table table '><tr><td>searchproduct</td><td>title</td></tr><tr><td>watches</td><td></td></tr></table></div>
	
		<div class='category-list'>
				<span class='category label'>@FirstCry</span>
		</div>
	
	<ul class='steps'>
		<li test-id='105' class='node scenario Pass' status='Pass'>
			<div class="step-name" title="()"><span class='status pass' title='Pass'><i class='material-icons'>check_circle</i></span>Search for Product</div>

				<div class='category-list'>
						<span class='category label'>@FirstCry</span>
				</div>

			<ul class='gc steps'>
				<li test-id='108' class='gc given Pass' status='Pass'>
					<h6 class="step-name" title="steps.SharedSteps.user_navigate_to_the_first_cry_url()"><span class='status pass' title='Pass'><i class='material-icons'>check_circle</i></span>Given User navigate to the FirstCry URL</h6>

				</li>
				<li test-id='110' class='gc when Pass' status='Pass'>
					<h6 class="step-name" title="steps.SharedSteps.user_log_into_the_application_with_credentials()"><span class='status pass' title='Pass'><i class='material-icons'>check_circle</i></span>When User log into the application with credentials</h6>

				</li>
				<li test-id='112' class='gc when Pass' status='Pass'>
					<h6 class="step-name" title="steps.SearchStep.user_search_for(java.lang.String)"><span class='status pass' title='Pass'><i class='material-icons'>check_circle</i></span>When User search for "watches"</h6>

				</li>
				<li test-id='114' class='gc and Pass' status='Pass'>
					<h6 class="step-name" title="steps.SearchStep.select_product_from_the_search_results()"><span class='status pass' title='Pass'><i class='material-icons'>check_circle</i></span>And select product from the search results</h6>

				</li>
				<li test-id='116' class='gc and Pass' status='Pass'>
					<h6 class="step-name" title="steps.SearchStep.user_switches_focus_to_the_new_tab()"><span class='status pass' title='Pass'><i class='material-icons'>check_circle</i></span>And User switches focus to the new tab</h6>

				</li>
				<li test-id='118' class='gc then Pass' status='Pass'>
					<h6 class="step-name" title="steps.SearchStep.title_should_be(java.lang.String)"><span class='status pass' title='Pass'><i class='material-icons'>check_circle</i></span>Then title should be ""</h6>

				</li>
			</ul>
		</li>
	</ul>
</div>
					</div>
				</li>
				<li class='test displayed active has-leaf pass' status='pass' bdd='true' test-id='121'>
					<div class='test-heading'>
						<span class='test-name'>Add to Cart Functionality</span>
						<span class='test-time'>Mar 26, 2024 09:17:19 am</span>
						<span class='test-status right pass'>Pass</span>
					</div>
					<div class='test-content hide'>
<div class="sr-filters bdd-filters">
	<a class="btn-floating waves-effect waves-light pass green" title="pass"><i class='material-icons'>check_circle</i></a>
	<a class="btn-floating waves-effect waves-light fail red" title="fail"><i class='material-icons'>cancel</i></a>
	<a class="btn-floating waves-effect waves-light skip blue" title="skip"><i class='material-icons'>redo</i></a>
	<a class="btn-floating waves-effect waves-light clear grey" title="clear"><i class='material-icons'>clear</i></a>
</div>

<div class='scenario outline node' test-id='122' status='pass'>

	<span class='duration right label'>00 00 45.611</span>
	<div class="bdd-test">
		<div class="scenario-name"><span class='status pass' title='Pass'><i class='material-icons'>check_circle</i></span> Scenario Outline: Add Product to Cart</div>
	</div>
	
		<div class='node-desc'><br><br><table class='markup-table table '><tr><td>product_name</td><td>product</td></tr><tr><td>shirts</td><td></td></tr></table></div>
	
		<div class='category-list'>
				<span class='category label'>@FirstCry</span>
		</div>
	
	<ul class='steps'>
		<li test-id='123' class='node scenario Pass' status='Pass'>
			<div class="step-name" title="()"><span class='status pass' title='Pass'><i class='material-icons'>check_circle</i></span>Add Product to Cart</div>

				<div class='category-list'>
						<span class='category label'>@FirstCry</span>
				</div>

			<ul class='gc steps'>
				<li test-id='126' class='gc given Pass' status='Pass'>
					<h6 class="step-name" title="steps.SharedSteps.user_navigate_to_the_first_cry_url()"><span class='status pass' title='Pass'><i class='material-icons'>check_circle</i></span>Given User navigate to the FirstCry URL</h6>

				</li>
				<li test-id='128' class='gc when Pass' status='Pass'>
					<h6 class="step-name" title="steps.SharedSteps.user_log_into_the_application_with_credentials()"><span class='status pass' title='Pass'><i class='material-icons'>check_circle</i></span>When User log into the application with credentials</h6>

				</li>
				<li test-id='130' class='gc when Pass' status='Pass'>
					<h6 class="step-name" title="steps.AddToCartStepDefination.user_search_for_a(java.lang.String)"><span class='status pass' title='Pass'><i class='material-icons'>check_circle</i></span>When User search for a "shirts"</h6>

				</li>
				<li test-id='132' class='gc and Pass' status='Pass'>
					<h6 class="step-name" title="steps.AddToCartStepDefination.click_on_one_product()"><span class='status pass' title='Pass'><i class='material-icons'>check_circle</i></span>And Click on one Product</h6>

				</li>
				<li test-id='134' class='gc and Pass' status='Pass'>
					<h6 class="step-name" title="steps.SearchStep.user_switches_focus_to_the_new_tab()"><span class='status pass' title='Pass'><i class='material-icons'>check_circle</i></span>And User switches focus to the new tab</h6>

				</li>
				<li test-id='136' class='gc and Pass' status='Pass'>
					<h6 class="step-name" title="steps.AddToCartStepDefination.click_on_add_to_cart_for_the_selected_product()"><span class='status pass' title='Pass'><i class='material-icons'>check_circle</i></span>And click on Add to Cart for the selected product</h6>

				</li>
				<li test-id='138' class='gc then Pass' status='Pass'>
					<h6 class="step-name" title="steps.AddToCartStepDefination.should_be_added_to_my_cart(java.lang.String)"><span class='status pass' title='Pass'><i class='material-icons'>check_circle</i></span>Then "" should be added to my cart</h6>

				</li>
			</ul>
		</li>
	</ul>
</div>
					</div>
				</li>
				<li class='test displayed active has-leaf pass' status='pass' bdd='true' test-id='141'>
					<div class='test-heading'>
						<span class='test-name'>Find Stores</span>
						<span class='test-time'>Mar 26, 2024 09:18:04 am</span>
						<span class='test-status right pass'>Pass</span>
					</div>
					<div class='test-content hide'>
<div class="sr-filters bdd-filters">
	<a class="btn-floating waves-effect waves-light pass green" title="pass"><i class='material-icons'>check_circle</i></a>
	<a class="btn-floating waves-effect waves-light fail red" title="fail"><i class='material-icons'>cancel</i></a>
	<a class="btn-floating waves-effect waves-light skip blue" title="skip"><i class='material-icons'>redo</i></a>
	<a class="btn-floating waves-effect waves-light clear grey" title="clear"><i class='material-icons'>clear</i></a>
</div>

<div class='scenario outline node' test-id='142' status='pass'>

	<span class='duration right label'>00 00 42.304</span>
	<div class="bdd-test">
		<div class="scenario-name"><span class='status pass' title='Pass'><i class='material-icons'>check_circle</i></span> Scenario Outline: Find FirstCry Stores</div>
	</div>
	
		<div class='node-desc'><br><br><table class='markup-table table '><tr><td>storeType</td><td>state</td><td>city</td><td>storeresult</td></tr><tr><td>FirstCry</td><td>Andhra Pradesh</td><td>Anakapalle Town</td><td></td></tr></table></div>
	
		<div class='category-list'>
				<span class='category label'>@FirstCry</span>
		</div>
	
	<ul class='steps'>
		<li test-id='143' class='node scenario Pass' status='Pass'>
			<div class="step-name" title="()"><span class='status pass' title='Pass'><i class='material-icons'>check_circle</i></span>Find FirstCry Stores</div>

				<div class='category-list'>
						<span class='category label'>@FirstCry</span>
				</div>

			<ul class='gc steps'>
				<li test-id='146' class='gc given Pass' status='Pass'>
					<h6 class="step-name" title="steps.SharedSteps.user_navigate_to_the_first_cry_url()"><span class='status pass' title='Pass'><i class='material-icons'>check_circle</i></span>Given User navigate to the FirstCry URL</h6>

				</li>
				<li test-id='148' class='gc when Pass' status='Pass'>
					<h6 class="step-name" title="steps.SharedSteps.user_log_into_the_application_with_credentials()"><span class='status pass' title='Pass'><i class='material-icons'>check_circle</i></span>When User log into the application with credentials</h6>

				</li>
				<li test-id='150' class='gc when Pass' status='Pass'>
					<h6 class="step-name" title="steps.StoreLocatorStep.user_must_hover_over_the_stores_preschool()"><span class='status pass' title='Pass'><i class='material-icons'>check_circle</i></span>When User must hover over the stores&preschool</h6>

				</li>
				<li test-id='152' class='gc and Pass' status='Pass'>
					<h6 class="step-name" title="steps.StoreLocatorStep.user_must_click_on_the_find_stores_from_drop_down()"><span class='status pass' title='Pass'><i class='material-icons'>check_circle</i></span>And User must click on the find stores from drop down</h6>

				</li>
				<li test-id='154' class='gc and Pass' status='Pass'>
					<h6 class="step-name" title="steps.StoreLocatorStep.user_switches_focus_to_the_new_tab()"><span class='status pass' title='Pass'><i class='material-icons'>check_circle</i></span>And User switches focus to the new tab</h6>

				</li>
				<li test-id='156' class='gc then Pass' status='Pass'>
					<h6 class="step-name" title="steps.StoreLocatorStep.user_should_be_on_storelocator_page()"><span class='status pass' title='Pass'><i class='material-icons'>check_circle</i></span>Then User should be on storelocator page</h6>

				</li>
				<li test-id='158' class='gc when Pass' status='Pass'>
					<h6 class="step-name" title="steps.StoreLocatorStep.user_select_the_and(java.lang.String,java.lang.String,java.lang.String)"><span class='status pass' title='Pass'><i class='material-icons'>check_circle</i></span>When User select the "FirstCry","Andhra Pradesh" and "Anakapalle Town"</h6>

				</li>
				<li test-id='160' class='gc and Pass' status='Pass'>
					<h6 class="step-name" title="steps.StoreLocatorStep.user_click_on_the_search_button()"><span class='status pass' title='Pass'><i class='material-icons'>check_circle</i></span>And User click on the search button</h6>

				</li>
				<li test-id='162' class='gc then Pass' status='Pass'>
					<h6 class="step-name" title="steps.StoreLocatorStep.user_must_be_able_to_view_the(java.lang.String)"><span class='status pass' title='Pass'><i class='material-icons'>check_circle</i></span>Then User must be able to view the ""</h6>

				</li>
			</ul>
		</li>
	</ul>
</div>
					</div>
				</li>
				<li class='test displayed active has-leaf pass' status='pass' bdd='true' test-id='165'>
					<div class='test-heading'>
						<span class='test-name'>Find Preschool Locator</span>
						<span class='test-time'>Mar 26, 2024 09:18:47 am</span>
						<span class='test-status right pass'>Pass</span>
					</div>
					<div class='test-content hide'>
<div class="sr-filters bdd-filters">
	<a class="btn-floating waves-effect waves-light pass green" title="pass"><i class='material-icons'>check_circle</i></a>
	<a class="btn-floating waves-effect waves-light fail red" title="fail"><i class='material-icons'>cancel</i></a>
	<a class="btn-floating waves-effect waves-light skip blue" title="skip"><i class='material-icons'>redo</i></a>
	<a class="btn-floating waves-effect waves-light clear grey" title="clear"><i class='material-icons'>clear</i></a>
</div>

<div class='scenario outline node' test-id='166' status='pass'>

	<span class='duration right label'>00 00 44.217</span>
	<div class="bdd-test">
		<div class="scenario-name"><span class='status pass' title='Pass'><i class='material-icons'>check_circle</i></span> Scenario Outline: Search for a Preschool in city</div>
	</div>
	
		<div class='node-desc'><br><br><table class='markup-table table '><tr><td>city</td><td>expectedcity</td><td>preschool</td></tr><tr><td>Agra</td><td></td><td></td></tr></table></div>
	
		<div class='category-list'>
				<span class='category label'>@FirstCry</span>
		</div>
	
	<ul class='steps'>
		<li test-id='167' class='node scenario Pass' status='Pass'>
			<div class="step-name" title="()"><span class='status pass' title='Pass'><i class='material-icons'>check_circle</i></span>Search for a Preschool in city</div>

				<div class='category-list'>
						<span class='category label'>@FirstCry</span>
				</div>

			<ul class='gc steps'>
				<li test-id='170' class='gc given Pass' status='Pass'>
					<h6 class="step-name" title="steps.SharedSteps.user_navigate_to_the_first_cry_url()"><span class='status pass' title='Pass'><i class='material-icons'>check_circle</i></span>Given User navigate to the FirstCry URL</h6>

				</li>
				<li test-id='172' class='gc when Pass' status='Pass'>
					<h6 class="step-name" title="steps.SharedSteps.user_log_into_the_application_with_credentials()"><span class='status pass' title='Pass'><i class='material-icons'>check_circle</i></span>When User log into the application with credentials</h6>

				</li>
				<li test-id='174' class='gc when Pass' status='Pass'>
					<h6 class="step-name" title="steps.PreSchoolStep.user_can_click_on_storeandpreschool()"><span class='status pass' title='Pass'><i class='material-icons'>check_circle</i></span>When user can click on storeandpreschool</h6>

				</li>
				<li test-id='176' class='gc and Pass' status='Pass'>
					<h6 class="step-name" title="steps.PreSchoolStep.user_can_click_on_findpreschool()"><span class='status pass' title='Pass'><i class='material-icons'>check_circle</i></span>And user can click on findpreschool</h6>

				</li>
				<li test-id='178' class='gc and Pass' status='Pass'>
					<h6 class="step-name" title="steps.PreSchoolStep.user_switches_focus_to_new_tab()"><span class='status pass' title='Pass'><i class='material-icons'>check_circle</i></span>And user switches focus to new tab</h6>

				</li>
				<li test-id='180' class='gc then Pass' status='Pass'>
					<h6 class="step-name" title="steps.PreSchoolStep.user_should_be_on_tab(java.lang.String)"><span class='status pass' title='Pass'><i class='material-icons'>check_circle</i></span>Then user should be on "" tab</h6>

				</li>
				<li test-id='182' class='gc and Pass' status='Pass'>
					<h6 class="step-name" title="steps.PreSchoolStep.user_search_for(java.lang.String)"><span class='status pass' title='Pass'><i class='material-icons'>check_circle</i></span>And user search for "Agra"</h6>

				</li>
				<li test-id='184' class='gc and Pass' status='Pass'>
					<h6 class="step-name" title="steps.PreSchoolStep.click_on_findmy_preschool()"><span class='status pass' title='Pass'><i class='material-icons'>check_circle</i></span>And click on findmy preschool</h6>

				</li>
				<li test-id='186' class='gc then Pass' status='Pass'>
					<h6 class="step-name" title="steps.PreSchoolStep.user_should_see_preschools_in(java.lang.String)"><span class='status pass' title='Pass'><i class='material-icons'>check_circle</i></span>Then User should see preschools in ""</h6>

				</li>
			</ul>
		</li>
	</ul>
</div>
					</div>
				</li>
				<li class='test displayed active has-leaf fail' status='fail' bdd='true' test-id='189'>
					<div class='test-heading'>
						<span class='test-name'>Manage Cart</span>
						<span class='test-time'>Mar 26, 2024 09:19:31 am</span>
						<span class='test-status right fail'>Fail</span>
					</div>
					<div class='test-content hide'>
<div class="sr-filters bdd-filters">
	<a class="btn-floating waves-effect waves-light pass green" title="pass"><i class='material-icons'>check_circle</i></a>
	<a class="btn-floating waves-effect waves-light fail red" title="fail"><i class='material-icons'>cancel</i></a>
	<a class="btn-floating waves-effect waves-light skip blue" title="skip"><i class='material-icons'>redo</i></a>
	<a class="btn-floating waves-effect waves-light clear grey" title="clear"><i class='material-icons'>clear</i></a>
</div>

<div class='scenario outline node' test-id='190' status='fail'>

	<span class='duration right label'>00 01 22.502</span>
	<div class="bdd-test">
		<div class="scenario-name"><span class='status fail' title='Fail'><i class='material-icons'>cancel</i></span> Scenario Outline: Manage Cart Functions</div>
	</div>
	
		<div class='node-desc'><br><br><table class='markup-table table '><tr><td>allproducts</td><td>quantity</td></tr><tr><td></td><td></td></tr></table></div>
	
		<div class='category-list'>
				<span class='category label'>@FirstCry</span>
		</div>
	
	<ul class='steps'>
		<li test-id='191' class='node scenario Fail' status='Fail'>
			<div class="step-name" title="()"><span class='status fail' title='Fail'><i class='material-icons'>cancel</i></span>Manage Cart Functions</div>

				<div class='category-list'>
						<span class='category label'>@FirstCry</span>
				</div>

			<ul class='gc steps'>
				<li test-id='194' class='gc given Pass' status='Pass'>
					<h6 class="step-name" title="steps.SharedSteps.user_navigate_to_the_first_cry_url()"><span class='status pass' title='Pass'><i class='material-icons'>check_circle</i></span>Given User navigate to the FirstCry URL</h6>

				</li>
				<li test-id='196' class='gc when Pass' status='Pass'>
					<h6 class="step-name" title="steps.SharedSteps.user_log_into_the_application_with_credentials()"><span class='status pass' title='Pass'><i class='material-icons'>check_circle</i></span>When User log into the application with credentials</h6>

				</li>
				<li test-id='198' class='gc when Fail' status='Fail'>
					<h6 class="step-name" title="steps.CartFuncStep.user_add_a_few_products_to_the_cart(io.cucumber.datatable.DataTable)"><span class='status fail' title='Fail'><i class='material-icons'>cancel</i></span>When User add a few products to the cart</h6>

							<div class="node-step"><table class='markup-table table '><tr><td>pants for boys</td></tr><tr><td>books</td></tr></table></div>
							<textarea disabled class="code-block">org.openqa.selenium.StaleElementReferenceException: stale element reference: stale element not found
  (Session info: chrome=122.0.6261.131)
For documentation on this error, please visit: https://www.selenium.dev/documentation/webdriver/troubleshooting/errors#stale-element-reference-exception
Build info: version: '4.11.0', revision: '040bc5406b'
System info: os.name: 'Windows 11', os.arch: 'amd64', os.version: '10.0', java.version: '17.0.2'
Driver info: org.openqa.selenium.chrome.ChromeDriver
Command: [f85ea297dd77aa562cd595567b75ed07, actions {actions=[org.openqa.selenium.interactions.Sequence@2ab7f649]}]
Capabilities {acceptInsecureCerts: false, browserName: chrome, browserVersion: 122.0.6261.131, chrome: {chromedriverVersion: 122.0.6261.128 (f18a44fedeb..., userDataDir: C:\Users\lenovo\AppData\Loc...}, fedcm:accounts: true, goog:chromeOptions: {debuggerAddress: localhost:25170}, networkConnectionEnabled: false, pageLoadStrategy: normal, platformName: windows, proxy: Proxy(), se:cdp: ws://localhost:25170/devtoo..., se:cdpVersion: 122.0.6261.131, setWindowRect: true, strictFileInteractability: false, timeouts: {implicit: 0, pageLoad: 300000, script: 30000}, unhandledPromptBehavior: dismiss and notify, webauthn:extension:credBlob: true, webauthn:extension:largeBlob: true, webauthn:extension:minPinLength: true, webauthn:extension:prf: true, webauthn:virtualAuthenticators: true}
Session ID: f85ea297dd77aa562cd595567b75ed07
	at java.base/jdk.internal.reflect.NativeConstructorAccessorImpl.newInstance0(Native Method)
	at java.base/jdk.internal.reflect.NativeConstructorAccessorImpl.newInstance(NativeConstructorAccessorImpl.java:77)
	at java.base/jdk.internal.reflect.DelegatingConstructorAccessorImpl.newInstance(DelegatingConstructorAccessorImpl.java:45)
	at java.base/java.lang.reflect.Constructor.newInstanceWithCaller(Constructor.java:499)
	at java.base/java.lang.reflect.Constructor.newInstance(Constructor.java:480)
	at org.openqa.selenium.remote.codec.w3c.W3CHttpResponseCodec.createException(W3CHttpResponseCodec.java:200)
	at org.openqa.selenium.remote.codec.w3c.W3CHttpResponseCodec.decode(W3CHttpResponseCodec.java:133)
	at org.openqa.selenium.remote.codec.w3c.W3CHttpResponseCodec.decode(W3CHttpResponseCodec.java:52)
	at org.openqa.selenium.remote.HttpCommandExecutor.execute(HttpCommandExecutor.java:191)
	at org.openqa.selenium.remote.service.DriverCommandExecutor.invokeExecute(DriverCommandExecutor.java:196)
	at org.openqa.selenium.remote.service.DriverCommandExecutor.execute(DriverCommandExecutor.java:171)
	at org.openqa.selenium.remote.RemoteWebDriver.execute(RemoteWebDriver.java:518)
	at org.openqa.selenium.remote.RemoteWebDriver.perform(RemoteWebDriver.java:604)
	at org.openqa.selenium.interactions.Actions$BuiltAction.perform(Actions.java:605)
	at pages.HomePage.EnterProduct(HomePage.java:68)
	at steps.CartFuncStep.user_add_a_few_products_to_the_cart(CartFuncStep.java:29)
	at ?.User add a few products to the cart(file:///F:/Mphasis%20Practice%20Eclipse/RLLProject/src/test/java/features/7.CartFunction.feature:9)
</textarea>
				</li>
				<li test-id='200' class='gc and Skip' status='Skip'>
					<h6 class="step-name" title="steps.CartFuncStep.user_click_on_cart()"><span class='status skip' title='Skip'><i class='material-icons'>redo</i></span>And User click on cart</h6>

							<div class="node-step">Step skipped</div>
				</li>
				<li test-id='202' class='gc then Skip' status='Skip'>
					<h6 class="step-name" title="steps.CartFuncStep.user_can_see_in_the_cart(java.lang.String)"><span class='status skip' title='Skip'><i class='material-icons'>redo</i></span>Then user can see "" in the cart</h6>

							<div class="node-step">Step skipped</div>
				</li>
				<li test-id='204' class='gc when Skip' status='Skip'>
					<h6 class="step-name" title="steps.CartFuncStep.user_move_a_product_to_the_shortlist()"><span class='status skip' title='Skip'><i class='material-icons'>redo</i></span>When User move a product to the shortlist</h6>

							<div class="node-step">Step skipped</div>
				</li>
				<li test-id='206' class='gc when Skip' status='Skip'>
					<h6 class="step-name" title="steps.CartFuncStep.user_change_the_quantity_of_product_from_the_cart()"><span class='status skip' title='Skip'><i class='material-icons'>redo</i></span>When User change the quantity of product from the cart</h6>

							<div class="node-step">Step skipped</div>
				</li>
				<li test-id='208' class='gc then Skip' status='Skip'>
					<h6 class="step-name" title="steps.CartFuncStep.the_should_be_changed(java.lang.String)"><span class='status skip' title='Skip'><i class='material-icons'>redo</i></span>Then the "" should be changed</h6>

							<div class="node-step">Step skipped</div>
				</li>
			</ul>
		</li>
		<li test-id='211' class='node scenario Fail' status='Fail'>
			<div class="step-name" title="()"><span class='status fail' title='Fail'><i class='material-icons'>cancel</i></span>Manage Cart Functions</div>

				<div class='category-list'>
						<span class='category label'>@FirstCry</span>
				</div>

			<ul class='gc steps'>
				<li test-id='214' class='gc given Pass' status='Pass'>
					<h6 class="step-name" title="steps.SharedSteps.user_navigate_to_the_first_cry_url()"><span class='status pass' title='Pass'><i class='material-icons'>check_circle</i></span>Given User navigate to the FirstCry URL</h6>

				</li>
				<li test-id='216' class='gc when Pass' status='Pass'>
					<h6 class="step-name" title="steps.SharedSteps.user_log_into_the_application_with_credentials()"><span class='status pass' title='Pass'><i class='material-icons'>check_circle</i></span>When User log into the application with credentials</h6>

				</li>
				<li test-id='218' class='gc when Fail' status='Fail'>
					<h6 class="step-name" title="steps.CartFuncStep.user_add_a_few_products_to_the_cart(io.cucumber.datatable.DataTable)"><span class='status fail' title='Fail'><i class='material-icons'>cancel</i></span>When User add a few products to the cart</h6>

							<div class="node-step"><table class='markup-table table '><tr><td>pants for boys</td></tr><tr><td>books</td></tr></table></div>
							<textarea disabled class="code-block">org.openqa.selenium.StaleElementReferenceException: stale element reference: stale element not found
  (Session info: chrome=122.0.6261.131)
For documentation on this error, please visit: https://www.selenium.dev/documentation/webdriver/troubleshooting/errors#stale-element-reference-exception
Build info: version: '4.11.0', revision: '040bc5406b'
System info: os.name: 'Windows 11', os.arch: 'amd64', os.version: '10.0', java.version: '17.0.2'
Driver info: org.openqa.selenium.chrome.ChromeDriver
Command: [f85ea297dd77aa562cd595567b75ed07, isElementDisplayed {id=f.96E29A7A15C4A13B824F0171AE7AF466.d.A7D62F5DD47072447330F03AF17F2165.e.95}]
Capabilities {acceptInsecureCerts: false, browserName: chrome, browserVersion: 122.0.6261.131, chrome: {chromedriverVersion: 122.0.6261.128 (f18a44fedeb..., userDataDir: C:\Users\lenovo\AppData\Loc...}, fedcm:accounts: true, goog:chromeOptions: {debuggerAddress: localhost:25170}, networkConnectionEnabled: false, pageLoadStrategy: normal, platformName: windows, proxy: Proxy(), se:cdp: ws://localhost:25170/devtoo..., se:cdpVersion: 122.0.6261.131, setWindowRect: true, strictFileInteractability: false, timeouts: {implicit: 0, pageLoad: 300000, script: 30000}, unhandledPromptBehavior: dismiss and notify, webauthn:extension:credBlob: true, webauthn:extension:largeBlob: true, webauthn:extension:minPinLength: true, webauthn:extension:prf: true, webauthn:virtualAuthenticators: true}
Element: [[ChromeDriver: chrome on windows (f85ea297dd77aa562cd595567b75ed07)] -> xpath: //div[@id='searchlist']/descendant::li[1]]
Session ID: f85ea297dd77aa562cd595567b75ed07
	at java.base/jdk.internal.reflect.NativeConstructorAccessorImpl.newInstance0(Native Method)
	at java.base/jdk.internal.reflect.NativeConstructorAccessorImpl.newInstance(NativeConstructorAccessorImpl.java:77)
	at java.base/jdk.internal.reflect.DelegatingConstructorAccessorImpl.newInstance(DelegatingConstructorAccessorImpl.java:45)
	at java.base/java.lang.reflect.Constructor.newInstanceWithCaller(Constructor.java:499)
	at java.base/java.lang.reflect.Constructor.newInstance(Constructor.java:480)
	at org.openqa.selenium.remote.codec.w3c.W3CHttpResponseCodec.createException(W3CHttpResponseCodec.java:200)
	at org.openqa.selenium.remote.codec.w3c.W3CHttpResponseCodec.decode(W3CHttpResponseCodec.java:133)
	at org.openqa.selenium.remote.codec.w3c.W3CHttpResponseCodec.decode(W3CHttpResponseCodec.java:52)
	at org.openqa.selenium.remote.HttpCommandExecutor.execute(HttpCommandExecutor.java:191)
	at org.openqa.selenium.remote.service.DriverCommandExecutor.invokeExecute(DriverCommandExecutor.java:196)
	at org.openqa.selenium.remote.service.DriverCommandExecutor.execute(DriverCommandExecutor.java:171)
	at org.openqa.selenium.remote.RemoteWebDriver.execute(RemoteWebDriver.java:518)
	at org.openqa.selenium.remote.RemoteWebElement.execute(RemoteWebElement.java:224)
	at org.openqa.selenium.remote.RemoteWebElement.isDisplayed(RemoteWebElement.java:280)
	at jdk.internal.reflect.GeneratedMethodAccessor64.invoke(Unknown Source)
	at java.base/jdk.internal.reflect.DelegatingMethodAccessorImpl.invoke(DelegatingMethodAccessorImpl.java:43)
	at java.base/java.lang.reflect.Method.invoke(Method.java:568)
	at org.openqa.selenium.support.pagefactory.internal.LocatingElementHandler.invoke(LocatingElementHandler.java:51)
	at jdk.proxy2/jdk.proxy2.$Proxy45.isDisplayed(Unknown Source)
	at org.openqa.selenium.support.ui.ExpectedConditions.elementIfVisible(ExpectedConditions.java:304)
	at org.openqa.selenium.support.ui.ExpectedConditions.access$000(ExpectedConditions.java:37)
	at org.openqa.selenium.support.ui.ExpectedConditions$10.apply(ExpectedConditions.java:290)
	at org.openqa.selenium.support.ui.ExpectedConditions$10.apply(ExpectedConditions.java:287)
	at org.openqa.selenium.support.ui.ExpectedConditions$23.apply(ExpectedConditions.java:656)
	at org.openqa.selenium.support.ui.ExpectedConditions$23.apply(ExpectedConditions.java:652)
	at org.openqa.selenium.support.ui.FluentWait.until(FluentWait.java:205)
	at pages.HomePage.EnterProduct(HomePage.java:67)
	at steps.CartFuncStep.user_add_a_few_products_to_the_cart(CartFuncStep.java:29)
	at ?.User add a few products to the cart(file:///F:/Mphasis%20Practice%20Eclipse/RLLProject/src/test/java/features/7.CartFunction.feature:9)
</textarea>
				</li>
				<li test-id='220' class='gc and Skip' status='Skip'>
					<h6 class="step-name" title="steps.CartFuncStep.user_click_on_cart()"><span class='status skip' title='Skip'><i class='material-icons'>redo</i></span>And User click on cart</h6>

							<div class="node-step">Step skipped</div>
				</li>
				<li test-id='222' class='gc then Skip' status='Skip'>
					<h6 class="step-name" title="steps.CartFuncStep.user_can_see_in_the_cart(java.lang.String)"><span class='status skip' title='Skip'><i class='material-icons'>redo</i></span>Then user can see "" in the cart</h6>

							<div class="node-step">Step skipped</div>
				</li>
				<li test-id='224' class='gc when Skip' status='Skip'>
					<h6 class="step-name" title="steps.CartFuncStep.user_move_a_product_to_the_shortlist()"><span class='status skip' title='Skip'><i class='material-icons'>redo</i></span>When User move a product to the shortlist</h6>

							<div class="node-step">Step skipped</div>
				</li>
				<li test-id='226' class='gc when Skip' status='Skip'>
					<h6 class="step-name" title="steps.CartFuncStep.user_change_the_quantity_of_product_from_the_cart()"><span class='status skip' title='Skip'><i class='material-icons'>redo</i></span>When User change the quantity of product from the cart</h6>

							<div class="node-step">Step skipped</div>
				</li>
				<li test-id='228' class='gc then Skip' status='Skip'>
					<h6 class="step-name" title="steps.CartFuncStep.the_should_be_changed(java.lang.String)"><span class='status skip' title='Skip'><i class='material-icons'>redo</i></span>Then the "" should be changed</h6>

							<div class="node-step">Step skipped</div>
				</li>
			</ul>
		</li>
	</ul>
</div>
					</div>
				</li>
				<li class='test displayed active has-leaf pass' status='pass' bdd='true' test-id='231'>
					<div class='test-heading'>
						<span class='test-name'>Manage Shortlisted Products</span>
						<span class='test-time'>Mar 26, 2024 09:20:54 am</span>
						<span class='test-status right pass'>Pass</span>
					</div>
					<div class='test-content hide'>
<div class="sr-filters bdd-filters">
	<a class="btn-floating waves-effect waves-light pass green" title="pass"><i class='material-icons'>check_circle</i></a>
	<a class="btn-floating waves-effect waves-light fail red" title="fail"><i class='material-icons'>cancel</i></a>
	<a class="btn-floating waves-effect waves-light skip blue" title="skip"><i class='material-icons'>redo</i></a>
	<a class="btn-floating waves-effect waves-light clear grey" title="clear"><i class='material-icons'>clear</i></a>
</div>

<div class='scenario outline node' test-id='232' status='pass'>

	<span class='duration right label'>00 00 51.241</span>
	<div class="bdd-test">
		<div class="scenario-name"><span class='status pass' title='Pass'><i class='material-icons'>check_circle</i></span> Scenario Outline: Manage Shortlist Functions</div>
	</div>
	
		<div class='node-desc'><br><br><table class='markup-table table '><tr><td>product</td><td>allproducts</td></tr><tr><td></td><td></td></tr></table></div>
	
		<div class='category-list'>
				<span class='category label'>@FirstCry</span>
		</div>
	
	<ul class='steps'>
		<li test-id='233' class='node scenario Pass' status='Pass'>
			<div class="step-name" title="()"><span class='status pass' title='Pass'><i class='material-icons'>check_circle</i></span>Manage Shortlist Functions</div>

				<div class='category-list'>
						<span class='category label'>@FirstCry</span>
				</div>

			<ul class='gc steps'>
				<li test-id='236' class='gc given Pass' status='Pass'>
					<h6 class="step-name" title="steps.SharedSteps.user_navigate_to_the_first_cry_url()"><span class='status pass' title='Pass'><i class='material-icons'>check_circle</i></span>Given User navigate to the FirstCry URL</h6>

				</li>
				<li test-id='238' class='gc when Pass' status='Pass'>
					<h6 class="step-name" title="steps.SharedSteps.user_log_into_the_application_with_credentials()"><span class='status pass' title='Pass'><i class='material-icons'>check_circle</i></span>When User log into the application with credentials</h6>

				</li>
				<li test-id='240' class='gc when Pass' status='Pass'>
					<h6 class="step-name" title="steps.ShortListStep.user_shortlist_few_products(io.cucumber.datatable.DataTable)"><span class='status pass' title='Pass'><i class='material-icons'>check_circle</i></span>When User shortlist few products</h6>

							<div class="node-step"><table class='markup-table table '><tr><td>Toys</td></tr><tr><td>shirts</td></tr></table></div>
				</li>
				<li test-id='242' class='gc and Pass' status='Pass'>
					<h6 class="step-name" title="steps.ShortListStep.user_click_on_the_shortlist_button()"><span class='status pass' title='Pass'><i class='material-icons'>check_circle</i></span>And User click on the Shortlist button</h6>

				</li>
				<li test-id='244' class='gc then Pass' status='Pass'>
					<h6 class="step-name" title="steps.ShortListStep.user_can_see_in_the_shortlist(java.lang.String)"><span class='status pass' title='Pass'><i class='material-icons'>check_circle</i></span>Then user can see "" in the shortlist</h6>

				</li>
				<li test-id='246' class='gc when Pass' status='Pass'>
					<h6 class="step-name" title="steps.ShortListStep.user_add_a_product_to_the_cart_from_the_shortlist()"><span class='status pass' title='Pass'><i class='material-icons'>check_circle</i></span>When User add a product to the cart from the shortlist</h6>

				</li>
				<li test-id='248' class='gc when Pass' status='Pass'>
					<h6 class="step-name" title="steps.ShortListStep.user_delete_a_product_from_the_shortlist()"><span class='status pass' title='Pass'><i class='material-icons'>check_circle</i></span>When User delete a product from the shortlist</h6>

				</li>
				<li test-id='250' class='gc then Pass' status='Pass'>
					<h6 class="step-name" title="steps.ShortListStep.the_should_be_removed_from_the_shortlist(java.lang.String)"><span class='status pass' title='Pass'><i class='material-icons'>check_circle</i></span>Then the "" should be removed from the shortlist</h6>

				</li>
			</ul>
		</li>
	</ul>
</div>
					</div>
				</li>
			</ul>
		</div>
	</div>
	
	
	<!-- subview left -->
	<div class='subview-right left'>
		<div class='view-summary'>
			<div id='step-filters' class="right sr-filters">
				<a class="btn-floating waves-effect waves-light green" status="pass" alt="pass" title="pass"><i class="material-icons">check_circle</i></a>
				<a class="btn-floating waves-effect waves-light red" status="fail" alt="fail" title="fail"><i class="material-icons">cancel</i></a>
				<a class="btn-floating waves-effect waves-light red darken-4" status="fatal" alt="fatal" title="fatal"><i class="material-icons">cancel</i></a>
				<a class="btn-floating waves-effect waves-light pink text-lighten-1" status="error" alt="error" title="error"><i class="material-icons">error</i></a>
				<a class="btn-floating waves-effect waves-light orange" alt="warning" status="warning" title="warning"><i class="material-icons">warning</i></a>
				<a class="btn-floating waves-effect waves-light teal" status="skip" alt="skip" title="skip"><i class="material-icons">redo</i></a>
				<a class="btn-floating waves-effect waves-light grey" status="clear" alt="Clear filters" title="Clear filters"><i class="material-icons">clear</i></a>
			</div>
			<h5 class='test-name'></h5>
		</div>
	</div>
	<!-- subview right -->
</div>
<!-- test view --><div id='category-view' class='view hide'>
	<section id='controls'>
		<div class='controls grey lighten-4'>
			<!-- search -->
			<div class='chip transparent' alt='Search Tests' title='Search Tests'>
				<a href="#" class='search-div'>
				<i class='material-icons'>search</i> Search
				</a>
				<div class='input-field left hide'>
					<input id='search-tests' type='text' class='validate browser-default' placeholder='Search Tests...'>
				</div>
			</div>
			<!-- search -->
		</div>
	</section>
	<div class='subview-left left'>
		<div class='view-summary'>
			<ul id='category-collection' class='category-collection'>
				<li class='category displayed active'>
					<div class='category-heading'>
						<span class='category-name'>@FirstCry</span>
						<span class='category-status right'>
						<span class='label pass'>14</span>
						<span class='label fail'>6</span>
						</span>
					</div>
					<div class='category-content hide'>
						<div class='category-status-counts'>
							<span status="pass" class='label green accent-4 white-text'>Passed: 14</span>
							<span status="fail" class='label red lighten-1 white-text'>Failed: 6</span>
							
						</div>
						<div class='category-tests'>
							<table class='bordered table-results'>
								<thead>
									<tr>
										<th>Timestamp</th>
										<th>TestName</th>
										<th>Status</th>
									</tr>
								</thead>
								<tbody>
									<tr>
										<td>Mar 26, 2024 09:13:21 am</td>
										<td class='linked' test-id='2'>Login with UserId</td>
										<td><span class='test-status Fail'>Fail</span></td>
									</tr>
									<tr>
										<td>Mar 26, 2024 09:13:21 am</td>
										<td class='linked' test-id='3'>Login with UserId</td>
										<td><span class='test-status Pass'>Pass</span></td>
									</tr>
									<tr>
										<td>Mar 26, 2024 09:14:01 am</td>
										<td class='linked' test-id='21'>Login with UserId</td>
										<td><span class='test-status Fail'>Fail</span></td>
									</tr>
									<tr>
										<td>Mar 26, 2024 09:14:38 am</td>
										<td class='linked' test-id='39'>Login with UserId</td>
										<td><span class='test-status Fail'>Fail</span></td>
									</tr>
									<tr>
										<td>Mar 26, 2024 09:15:13 am</td>
										<td class='linked' test-id='58'>Edit user profile</td>
										<td><span class='test-status Pass'>Pass</span></td>
									</tr>
									<tr>
										<td>Mar 26, 2024 09:15:13 am</td>
										<td class='linked' test-id='59'>Edit user profile</td>
										<td><span class='test-status Pass'>Pass</span></td>
									</tr>
									<tr>
										<td>Mar 26, 2024 09:15:55 am</td>
										<td class='linked' test-id='81'>Edit user profile</td>
										<td><span class='test-status Pass'>Pass</span></td>
									</tr>
									<tr>
										<td>Mar 26, 2024 09:16:36 am</td>
										<td class='linked' test-id='104'>Search for Product</td>
										<td><span class='test-status Pass'>Pass</span></td>
									</tr>
									<tr>
										<td>Mar 26, 2024 09:16:36 am</td>
										<td class='linked' test-id='105'>Search for Product</td>
										<td><span class='test-status Pass'>Pass</span></td>
									</tr>
									<tr>
										<td>Mar 26, 2024 09:17:19 am</td>
										<td class='linked' test-id='122'>Add Product to Cart</td>
										<td><span class='test-status Pass'>Pass</span></td>
									</tr>
									<tr>
										<td>Mar 26, 2024 09:17:19 am</td>
										<td class='linked' test-id='123'>Add Product to Cart</td>
										<td><span class='test-status Pass'>Pass</span></td>
									</tr>
									<tr>
										<td>Mar 26, 2024 09:18:04 am</td>
										<td class='linked' test-id='142'>Find FirstCry Stores</td>
										<td><span class='test-status Pass'>Pass</span></td>
									</tr>
									<tr>
										<td>Mar 26, 2024 09:18:04 am</td>
										<td class='linked' test-id='143'>Find FirstCry Stores</td>
										<td><span class='test-status Pass'>Pass</span></td>
									</tr>
									<tr>
										<td>Mar 26, 2024 09:18:47 am</td>
										<td class='linked' test-id='166'>Search for a Preschool in city</td>
										<td><span class='test-status Pass'>Pass</span></td>
									</tr>
									<tr>
										<td>Mar 26, 2024 09:18:47 am</td>
										<td class='linked' test-id='167'>Search for a Preschool in city</td>
										<td><span class='test-status Pass'>Pass</span></td>
									</tr>
									<tr>
										<td>Mar 26, 2024 09:19:31 am</td>
										<td class='linked' test-id='190'>Manage Cart Functions</td>
										<td><span class='test-status Fail'>Fail</span></td>
									</tr>
									<tr>
										<td>Mar 26, 2024 09:19:31 am</td>
										<td class='linked' test-id='191'>Manage Cart Functions</td>
										<td><span class='test-status Fail'>Fail</span></td>
									</tr>
									<tr>
										<td>Mar 26, 2024 09:20:10 am</td>
										<td class='linked' test-id='211'>Manage Cart Functions</td>
										<td><span class='test-status Fail'>Fail</span></td>
									</tr>
									<tr>
										<td>Mar 26, 2024 09:20:54 am</td>
										<td class='linked' test-id='232'>Manage Shortlist Functions</td>
										<td><span class='test-status Pass'>Pass</span></td>
									</tr>
									<tr>
										<td>Mar 26, 2024 09:20:54 am</td>
										<td class='linked' test-id='233'>Manage Shortlist Functions</td>
										<td><span class='test-status Pass'>Pass</span></td>
									</tr>
								</tbody>
							</table>
						</div>
					</div>
				</li>
			</ul>
		</div>
	</div>
	<div class='subview-right left'>
		<div class='view-summary'>
			<h5 class='category-name'></h5>
		</div>
	</div>
</div>
<!-- category view --><div id='exception-view' class='view hide'>
	<section id='controls'>
		<div class='controls grey lighten-4'>
			<!-- search -->
			<div class='chip transparent' alt='Search Tests' title='Search Tests'>
				<a href="#" class='search-div'>
				<i class='material-icons'>search</i> Search
				</a>
				<div class='input-field left hide'>
					<input id='search-tests' type='text' class='validate browser-default' placeholder='Search Tests...'>
				</div>
			</div>
			<!-- search -->
		</div>
	</section>
	<div class='subview-left left'>
		<div class='view-summary'>
			<ul id='exception-collection' class='exception-collection'>
				<li class='exception displayed active'>
					<div class='exception-heading'>
						<span class='exception-name'>org.openqa.selenium.StaleElementReferenceException</span>
						<span class='exception-count right'><span class='label red lighten-1 white-text'>2</span></span>
					</div>
					<div class='exception-content hide'>
						<div class='exception-tests'>
							<table class='bordered table-results'>
								<thead>
									<tr>
										<th>Timestamp</th>
										<th>TestName</th>
										<th>StackTrace</th>
									</tr>
								</thead>
								<tbody>
									<tr>
										<td>Mar 26, 2024 09:20:09 am</td>
										<td class='linked' test-id='198'>When User add a few products to the cart</td>
										<td>
											<textarea disabled class="code-block">org.openqa.selenium.StaleElementReferenceException: stale element reference: stale element not found
  (Session info: chrome=122.0.6261.131)
For documentation on this error, please visit: https://www.selenium.dev/documentation/webdriver/troubleshooting/errors#stale-element-reference-exception
Build info: version: '4.11.0', revision: '040bc5406b'
System info: os.name: 'Windows 11', os.arch: 'amd64', os.version: '10.0', java.version: '17.0.2'
Driver info: org.openqa.selenium.chrome.ChromeDriver
Command: [f85ea297dd77aa562cd595567b75ed07, actions {actions=[org.openqa.selenium.interactions.Sequence@2ab7f649]}]
Capabilities {acceptInsecureCerts: false, browserName: chrome, browserVersion: 122.0.6261.131, chrome: {chromedriverVersion: 122.0.6261.128 (f18a44fedeb..., userDataDir: C:\Users\lenovo\AppData\Loc...}, fedcm:accounts: true, goog:chromeOptions: {debuggerAddress: localhost:25170}, networkConnectionEnabled: false, pageLoadStrategy: normal, platformName: windows, proxy: Proxy(), se:cdp: ws://localhost:25170/devtoo..., se:cdpVersion: 122.0.6261.131, setWindowRect: true, strictFileInteractability: false, timeouts: {implicit: 0, pageLoad: 300000, script: 30000}, unhandledPromptBehavior: dismiss and notify, webauthn:extension:credBlob: true, webauthn:extension:largeBlob: true, webauthn:extension:minPinLength: true, webauthn:extension:prf: true, webauthn:virtualAuthenticators: true}
Session ID: f85ea297dd77aa562cd595567b75ed07
	at java.base/jdk.internal.reflect.NativeConstructorAccessorImpl.newInstance0(Native Method)
	at java.base/jdk.internal.reflect.NativeConstructorAccessorImpl.newInstance(NativeConstructorAccessorImpl.java:77)
	at java.base/jdk.internal.reflect.DelegatingConstructorAccessorImpl.newInstance(DelegatingConstructorAccessorImpl.java:45)
	at java.base/java.lang.reflect.Constructor.newInstanceWithCaller(Constructor.java:499)
	at java.base/java.lang.reflect.Constructor.newInstance(Constructor.java:480)
	at org.openqa.selenium.remote.codec.w3c.W3CHttpResponseCodec.createException(W3CHttpResponseCodec.java:200)
	at org.openqa.selenium.remote.codec.w3c.W3CHttpResponseCodec.decode(W3CHttpResponseCodec.java:133)
	at org.openqa.selenium.remote.codec.w3c.W3CHttpResponseCodec.decode(W3CHttpResponseCodec.java:52)
	at org.openqa.selenium.remote.HttpCommandExecutor.execute(HttpCommandExecutor.java:191)
	at org.openqa.selenium.remote.service.DriverCommandExecutor.invokeExecute(DriverCommandExecutor.java:196)
	at org.openqa.selenium.remote.service.DriverCommandExecutor.execute(DriverCommandExecutor.java:171)
	at org.openqa.selenium.remote.RemoteWebDriver.execute(RemoteWebDriver.java:518)
	at org.openqa.selenium.remote.RemoteWebDriver.perform(RemoteWebDriver.java:604)
	at org.openqa.selenium.interactions.Actions$BuiltAction.perform(Actions.java:605)
	at pages.HomePage.EnterProduct(HomePage.java:68)
	at steps.CartFuncStep.user_add_a_few_products_to_the_cart(CartFuncStep.java:29)
	at ?.User add a few products to the cart(file:///F:/Mphasis%20Practice%20Eclipse/RLLProject/src/test/java/features/7.CartFunction.feature:9)
</textarea>
										</td>
									</tr>
									<tr>
										<td>Mar 26, 2024 09:20:48 am</td>
										<td class='linked' test-id='218'>When User add a few products to the cart</td>
										<td>
											<textarea disabled class="code-block">org.openqa.selenium.StaleElementReferenceException: stale element reference: stale element not found
  (Session info: chrome=122.0.6261.131)
For documentation on this error, please visit: https://www.selenium.dev/documentation/webdriver/troubleshooting/errors#stale-element-reference-exception
Build info: version: '4.11.0', revision: '040bc5406b'
System info: os.name: 'Windows 11', os.arch: 'amd64', os.version: '10.0', java.version: '17.0.2'
Driver info: org.openqa.selenium.chrome.ChromeDriver
Command: [f85ea297dd77aa562cd595567b75ed07, actions {actions=[org.openqa.selenium.interactions.Sequence@2ab7f649]}]
Capabilities {acceptInsecureCerts: false, browserName: chrome, browserVersion: 122.0.6261.131, chrome: {chromedriverVersion: 122.0.6261.128 (f18a44fedeb..., userDataDir: C:\Users\lenovo\AppData\Loc...}, fedcm:accounts: true, goog:chromeOptions: {debuggerAddress: localhost:25170}, networkConnectionEnabled: false, pageLoadStrategy: normal, platformName: windows, proxy: Proxy(), se:cdp: ws://localhost:25170/devtoo..., se:cdpVersion: 122.0.6261.131, setWindowRect: true, strictFileInteractability: false, timeouts: {implicit: 0, pageLoad: 300000, script: 30000}, unhandledPromptBehavior: dismiss and notify, webauthn:extension:credBlob: true, webauthn:extension:largeBlob: true, webauthn:extension:minPinLength: true, webauthn:extension:prf: true, webauthn:virtualAuthenticators: true}
Session ID: f85ea297dd77aa562cd595567b75ed07
	at java.base/jdk.internal.reflect.NativeConstructorAccessorImpl.newInstance0(Native Method)
	at java.base/jdk.internal.reflect.NativeConstructorAccessorImpl.newInstance(NativeConstructorAccessorImpl.java:77)
	at java.base/jdk.internal.reflect.DelegatingConstructorAccessorImpl.newInstance(DelegatingConstructorAccessorImpl.java:45)
	at java.base/java.lang.reflect.Constructor.newInstanceWithCaller(Constructor.java:499)
	at java.base/java.lang.reflect.Constructor.newInstance(Constructor.java:480)
	at org.openqa.selenium.remote.codec.w3c.W3CHttpResponseCodec.createException(W3CHttpResponseCodec.java:200)
	at org.openqa.selenium.remote.codec.w3c.W3CHttpResponseCodec.decode(W3CHttpResponseCodec.java:133)
	at org.openqa.selenium.remote.codec.w3c.W3CHttpResponseCodec.decode(W3CHttpResponseCodec.java:52)
	at org.openqa.selenium.remote.HttpCommandExecutor.execute(HttpCommandExecutor.java:191)
	at org.openqa.selenium.remote.service.DriverCommandExecutor.invokeExecute(DriverCommandExecutor.java:196)
	at org.openqa.selenium.remote.service.DriverCommandExecutor.execute(DriverCommandExecutor.java:171)
	at org.openqa.selenium.remote.RemoteWebDriver.execute(RemoteWebDriver.java:518)
	at org.openqa.selenium.remote.RemoteWebDriver.perform(RemoteWebDriver.java:604)
	at org.openqa.selenium.interactions.Actions$BuiltAction.perform(Actions.java:605)
	at pages.HomePage.EnterProduct(HomePage.java:68)
	at steps.CartFuncStep.user_add_a_few_products_to_the_cart(CartFuncStep.java:29)
	at ?.User add a few products to the cart(file:///F:/Mphasis%20Practice%20Eclipse/RLLProject/src/test/java/features/7.CartFunction.feature:9)
</textarea>
										</td>
									</tr>
								</tbody>
							</table>
						</div>
					</div>
				</li>
				<li class='exception displayed active'>
					<div class='exception-heading'>
						<span class='exception-name'>org.openqa.selenium.NoSuchElementException</span>
						<span class='exception-count right'><span class='label red lighten-1 white-text'>2</span></span>
					</div>
					<div class='exception-content hide'>
						<div class='exception-tests'>
							<table class='bordered table-results'>
								<thead>
									<tr>
										<th>Timestamp</th>
										<th>TestName</th>
										<th>StackTrace</th>
									</tr>
								</thead>
								<tbody>
									<tr>
										<td>Mar 26, 2024 09:14:08 am</td>
										<td class='linked' test-id='34'>And user click the submit button</td>
										<td>
											<textarea disabled class="code-block">org.openqa.selenium.NoSuchElementException: no such element: Unable to locate element: {"method":"xpath","selector":"//div[@id='verfiedbtn']"}
  (Session info: chrome=122.0.6261.131)
For documentation on this error, please visit: https://www.selenium.dev/documentation/webdriver/troubleshooting/errors#no-such-element-exception
Build info: version: '4.11.0', revision: '040bc5406b'
System info: os.name: 'Windows 11', os.arch: 'amd64', os.version: '10.0', java.version: '17.0.2'
Driver info: org.openqa.selenium.chrome.ChromeDriver
Command: [f85ea297dd77aa562cd595567b75ed07, findElement {using=xpath, value=//div[@id='verfiedbtn']}]
Capabilities {acceptInsecureCerts: false, browserName: chrome, browserVersion: 122.0.6261.131, chrome: {chromedriverVersion: 122.0.6261.128 (f18a44fedeb..., userDataDir: C:\Users\lenovo\AppData\Loc...}, fedcm:accounts: true, goog:chromeOptions: {debuggerAddress: localhost:25170}, networkConnectionEnabled: false, pageLoadStrategy: normal, platformName: windows, proxy: Proxy(), se:cdp: ws://localhost:25170/devtoo..., se:cdpVersion: 122.0.6261.131, setWindowRect: true, strictFileInteractability: false, timeouts: {implicit: 0, pageLoad: 300000, script: 30000}, unhandledPromptBehavior: dismiss and notify, webauthn:extension:credBlob: true, webauthn:extension:largeBlob: true, webauthn:extension:minPinLength: true, webauthn:extension:prf: true, webauthn:virtualAuthenticators: true}
Session ID: f85ea297dd77aa562cd595567b75ed07
	at java.base/jdk.internal.reflect.NativeConstructorAccessorImpl.newInstance0(Native Method)
	at java.base/jdk.internal.reflect.NativeConstructorAccessorImpl.newInstance(NativeConstructorAccessorImpl.java:77)
	at java.base/jdk.internal.reflect.DelegatingConstructorAccessorImpl.newInstance(DelegatingConstructorAccessorImpl.java:45)
	at java.base/java.lang.reflect.Constructor.newInstanceWithCaller(Constructor.java:499)
	at java.base/java.lang.reflect.Constructor.newInstance(Constructor.java:480)
	at org.openqa.selenium.remote.codec.w3c.W3CHttpResponseCodec.createException(W3CHttpResponseCodec.java:200)
	at org.openqa.selenium.remote.codec.w3c.W3CHttpResponseCodec.decode(W3CHttpResponseCodec.java:133)
	at org.openqa.selenium.remote.codec.w3c.W3CHttpResponseCodec.decode(W3CHttpResponseCodec.java:52)
	at org.openqa.selenium.remote.HttpCommandExecutor.execute(HttpCommandExecutor.java:191)
	at org.openqa.selenium.remote.service.DriverCommandExecutor.invokeExecute(DriverCommandExecutor.java:196)
	at org.openqa.selenium.remote.service.DriverCommandExecutor.execute(DriverCommandExecutor.java:171)
	at org.openqa.selenium.remote.RemoteWebDriver.execute(RemoteWebDriver.java:518)
	at org.openqa.selenium.remote.ElementLocation$ElementFinder$2.findElement(ElementLocation.java:165)
	at org.openqa.selenium.remote.ElementLocation.findElement(ElementLocation.java:59)
	at org.openqa.selenium.remote.RemoteWebDriver.findElement(RemoteWebDriver.java:355)
	at org.openqa.selenium.remote.RemoteWebDriver.findElement(RemoteWebDriver.java:349)
	at org.openqa.selenium.support.pagefactory.DefaultElementLocator.findElement(DefaultElementLocator.java:68)
	at org.openqa.selenium.support.pagefactory.internal.LocatingElementHandler.invoke(LocatingElementHandler.java:38)
	at jdk.proxy2/jdk.proxy2.$Proxy45.click(Unknown Source)
	at pages.LoginPage.clickOnSubmit(LoginPage.java:47)
	at steps.LoginStepDefination.user_click_the_submit_button(LoginStepDefination.java:46)
	at ?.user click the submit button(file:///F:/Mphasis%20Practice%20Eclipse/RLLProject/src/test/java/features/1.Login.feature:10)
</textarea>
										</td>
									</tr>
									<tr>
										<td>Mar 26, 2024 09:14:43 am</td>
										<td class='linked' test-id='52'>And user click the submit button</td>
										<td>
											<textarea disabled class="code-block">org.openqa.selenium.NoSuchElementException: no such element: Unable to locate element: {"method":"xpath","selector":"//div[@id='verfiedbtn']"}
  (Session info: chrome=122.0.6261.131)
For documentation on this error, please visit: https://www.selenium.dev/documentation/webdriver/troubleshooting/errors#no-such-element-exception
Build info: version: '4.11.0', revision: '040bc5406b'
System info: os.name: 'Windows 11', os.arch: 'amd64', os.version: '10.0', java.version: '17.0.2'
Driver info: org.openqa.selenium.chrome.ChromeDriver
Command: [f85ea297dd77aa562cd595567b75ed07, findElement {using=xpath, value=//div[@id='verfiedbtn']}]
Capabilities {acceptInsecureCerts: false, browserName: chrome, browserVersion: 122.0.6261.131, chrome: {chromedriverVersion: 122.0.6261.128 (f18a44fedeb..., userDataDir: C:\Users\lenovo\AppData\Loc...}, fedcm:accounts: true, goog:chromeOptions: {debuggerAddress: localhost:25170}, networkConnectionEnabled: false, pageLoadStrategy: normal, platformName: windows, proxy: Proxy(), se:cdp: ws://localhost:25170/devtoo..., se:cdpVersion: 122.0.6261.131, setWindowRect: true, strictFileInteractability: false, timeouts: {implicit: 0, pageLoad: 300000, script: 30000}, unhandledPromptBehavior: dismiss and notify, webauthn:extension:credBlob: true, webauthn:extension:largeBlob: true, webauthn:extension:minPinLength: true, webauthn:extension:prf: true, webauthn:virtualAuthenticators: true}
Session ID: f85ea297dd77aa562cd595567b75ed07
	at java.base/jdk.internal.reflect.NativeConstructorAccessorImpl.newInstance0(Native Method)
	at java.base/jdk.internal.reflect.NativeConstructorAccessorImpl.newInstance(NativeConstructorAccessorImpl.java:77)
	at java.base/jdk.internal.reflect.DelegatingConstructorAccessorImpl.newInstance(DelegatingConstructorAccessorImpl.java:45)
	at java.base/java.lang.reflect.Constructor.newInstanceWithCaller(Constructor.java:499)
	at java.base/java.lang.reflect.Constructor.newInstance(Constructor.java:480)
	at org.openqa.selenium.remote.codec.w3c.W3CHttpResponseCodec.createException(W3CHttpResponseCodec.java:200)
	at org.openqa.selenium.remote.codec.w3c.W3CHttpResponseCodec.decode(W3CHttpResponseCodec.java:133)
	at org.openqa.selenium.remote.codec.w3c.W3CHttpResponseCodec.decode(W3CHttpResponseCodec.java:52)
	at org.openqa.selenium.remote.HttpCommandExecutor.execute(HttpCommandExecutor.java:191)
	at org.openqa.selenium.remote.service.DriverCommandExecutor.invokeExecute(DriverCommandExecutor.java:196)
	at org.openqa.selenium.remote.service.DriverCommandExecutor.execute(DriverCommandExecutor.java:171)
	at org.openqa.selenium.remote.RemoteWebDriver.execute(RemoteWebDriver.java:518)
	at org.openqa.selenium.remote.ElementLocation$ElementFinder$2.findElement(ElementLocation.java:165)
	at org.openqa.selenium.remote.ElementLocation.findElement(ElementLocation.java:59)
	at org.openqa.selenium.remote.RemoteWebDriver.findElement(RemoteWebDriver.java:355)
	at org.openqa.selenium.remote.RemoteWebDriver.findElement(RemoteWebDriver.java:349)
	at org.openqa.selenium.support.pagefactory.DefaultElementLocator.findElement(DefaultElementLocator.java:68)
	at org.openqa.selenium.support.pagefactory.internal.LocatingElementHandler.invoke(LocatingElementHandler.java:38)
	at jdk.proxy2/jdk.proxy2.$Proxy45.click(Unknown Source)
	at pages.LoginPage.clickOnSubmit(LoginPage.java:47)
	at steps.LoginStepDefination.user_click_the_submit_button(LoginStepDefination.java:46)
	at ?.user click the submit button(file:///F:/Mphasis%20Practice%20Eclipse/RLLProject/src/test/java/features/1.Login.feature:10)
</textarea>
										</td>
									</tr>
								</tbody>
							</table>
						</div>
					</div>
				</li>
			</ul>
		</div>
	</div>
	<div class='subview-right left'>
		<div class='view-summary'>
			<h5 class='exception-name'></h5>
		</div>
	</div>
</div>
<!-- exception view --><div id='dashboard-view' class='view hide'>
	<div class='card-panel transparent np-v'>
		<h5>Dashboard</h5>

		<div class='row'>
			<div class='col s2'>
				<div class='card-panel r'>
					Features
					<div class='panel-lead'>8</div>
				</div>
			</div>
			<div class='col s2'>
				<div class='card-panel r'>
					Scenarios
					<div class='panel-lead'>12</div>
				</div>
			</div>
			<div class='col s2'>
				<div class='card-panel r'>
					Steps
					<div class='panel-lead'>94</div>
				</div>
			</div>
			<div class='col s2'>
				<div class='card-panel r'>
					Start
					<div class='panel-lead'>Mar 26, 2024 09:13:18 am</div>
				</div>
			</div>
			<div class='col s2'>
				<div class='card-panel r'>
			 		End
			 		<div class='panel-lead'>Mar 26, 2024 09:21:46 am</div>
				</div>
			</div>
			<div class='col s2'>
				<div class='card-panel r'>
					Time Taken
					<div class='panel-lead'>00 08 27.621</div>
				</div>
			</div>
			<div class='col s4'>
				<div class='card-panel dashboard-environment'>
					<span class='right label cyan white-text'>Environment</span><p>&nbsp;</p>
					
					<table>
						<tr>
							<th>Name</th>
							<th>Value</th>
						</tr>
							<tr>
								<td>AppName</td>
								<td>AutomationPractice</td>
							</tr>
							<tr>
								<td>user</td>
								<td>Team001</td>
							</tr>
							<tr>
								<td>version</td>
								<td>10</td>
							</tr>
							<tr>
								<td>build</td>
								<td>1.1</td>
							</tr>
							<tr>
								<td>os</td>
								<td>windows</td>
							</tr>
					</table>
				</div>
			</div>
			<div class='col s6'>
				<div class='card-panel dashboard-categories'>
					<span class='right label cyan white-text'>Categories</span><p>&nbsp;</p>
					
					<table>
						<tr>
							<th>Name</th>
							<th>Passed</th>
							<th>Failed</th>
							<th>Skipped</th>
							<th>Passed %</th>
						</tr>
						<tr>
							<td>@FirstCry</td>
							<td>14</td>
							<td>6</td>
							<td>0</td>
							<td>
									70%
							</td>
						</tr>
					</table>
				</div>
			</div>
		</div>
	</div>
</div>
<!-- dashboard view -->
		</div>
		<!-- container -->
		<script>
			var statusGroup = {
                parentCount: 8,
				passParent: 6,
				failParent: 2,
				fatalParent: 0,
				errorParent: 0,
				warningParent: 0,
				skipParent: 0,
				childCount: 12,
				passChild: 8,
				failChild: 4,
				fatalChild: 0,
				errorChild: 0,
				warningChild: 0,
				skipChild: 0,
				infoChild: 0,
				grandChildCount: 94,
				passGrandChild: 78,
				failGrandChild: 4,
				fatalGrandChild: 0,
				errorGrandChild: 0,
				warningGrandChild: 0,
				skipGrandChild: 12,
				infoGrandChild: 0,
			};
			</script>
		
		<script>
			var timeline = {
			        "Login with UserId":112.741,"Edit User Profile":82.815,"Search Functionality":42.716,"Add to Cart Functionality":45.611,"Find Stores":42.304,"Find Preschool Locator":44.217,"Manage Cart":82.502,"Manage Shortlisted Products":51.241
			};
		</script>
		
		  <script src='http://cdn.jsdelivr.net/gh/extent-framework/extent-github-cdn@ff53917fbbdb5ef820abbbe4d199a6942dc771ff/v3html/js/extent.js' type='text/javascript'></script>
		
		
		<script type='text/javascript'>
				
		</script> 

	</body>
</html>