

<!DOCTYPE html>
<html>
<head>
<meta charset="UTF-8">
<meta name="viewport" content="width=device-width, initial-scale=1, shrink-to-fit=no">
<title>Extent</title>
<link rel="apple-touch-icon" href="https://cdn.jsdelivr.net/gh/extent-framework/extent-github-cdn@b00a2d0486596e73dd7326beacf352c639623a0e/commons/img/logo.png">
<link rel="shortcut icon" href="https://cdn.jsdelivr.net/gh/extent-framework/extent-github-cdn@b00a2d0486596e73dd7326beacf352c639623a0e/commons/img/logo.png">
<link href="https://cdn.jsdelivr.net/gh/extent-framework/extent-github-cdn@d6562a79075e061305ccfdb82f01e5e195e2d307/spark/css/spark-style.css" rel="stylesheet" />
<link href="https://stackpath.bootstrapcdn.com/font-awesome/4.7.0/css/font-awesome.min.css" rel="stylesheet">
<script src="https://cdn.jsdelivr.net/gh/extent-framework/extent-github-cdn@7cc78ce/spark/js/jsontree.js"></script>
<style type="text/css"></style></head><body class="spa bdd-report dark">
  <div class="app">
    <div class="layout">
<div class="header navbar">
<div class="vheader">
<div class="nav-logo">
<a href="#">
<div class="logo" style="background-image: url('https://cdn.jsdelivr.net/gh/extent-framework/extent-github-cdn@b00a2d0486596e73dd7326beacf352c639623a0e/commons/img/logo.png')"></div>
</a>
</div>
<ul class="nav-left">
<li class="search-box">
<a class="search-toggle" href="#">
<i class="search-icon fa fa-search"></i>
<i class="search-icon-close fa fa-close"></i>
</a>
</li>
<li class="search-input"><input id="search-tests" class="form-control" type="text" placeholder="Search..."></li>
</ul>
<ul class="nav-right">
<li class="m-r-10">
<a href="#"><span class="badge badge-primary">Grasshopper Report</span></a>
</li>
<li class="m-r-10">
<a href="#"><span class="badge badge-primary">Mar 26, 2024 11:50:44 am</span></a>
</li>
</ul>
</div>
</div><div class="side-nav">
<div class="side-nav-inner">
<ul class="side-nav-menu">
<li class="nav-item dropdown" onclick="toggleView('test-view')">
<a id="nav-test" class="dropdown-toggle" href="#">
<span class="ico"><i class="fa fa-list"></i></span>
</a>
</li>
<li class="nav-item dropdown" onclick="toggleView('exception-view')">
<a id="nav-exception" class="dropdown-toggle" href="#">
<span class="ico"><i class="fa fa-bug"></i></span>
</a>
</li>
<li class="nav-item dropdown" onclick="toggleView('category-view')">
<a id="nav-category" class="dropdown-toggle" href="#">
<span class="ico"><i class="fa fa-tag"></i></span>
</a>
</li>
<li class="nav-item dropdown" onclick="toggleView('dashboard-view')">
<a id="nav-dashboard" class="dropdown-toggle" href="#">
<span class="ico"><i class="fa fa-bar-chart"></i></span>
</a>
</li>
</ul>
</div>
</div>      <div class="vcontainer">
        <div class="main-content">
<div class="test-wrapper row view test-view">
  <div class="test-list">
    <div class="test-list-tools">
<ul class="tools pull-left">
<li><a href="#"><span class="font-size-14">Tests</span></a></li>
</ul>
<ul class="tools text-right">
<li class="dropdown">
<a href="#" class="dropdown-toggle" data-toggle="dropdown"><i class="fa fa-exclamation-circle"></i></a>
<ul id="status-toggle" class="dropdown-menu dropdown-md p-v-0">
<a class="dropdown-item" status="pass" href="#"><span>Pass</span><span class="status success"></span></a>
<a class="dropdown-item" status="fail" href="#"><span>Fail</span><span class="status danger"></span></a>
<div class="dropdown-divider"></div>
<a status="clear" class="dropdown-item" href="#"><span>Clear</span><span class="pull-right"><i class="fa fa-close"></i></span></a>
</ul>
</li>
<li class="dropdown">
<a href="#" class="dropdown-toggle" data-toggle="dropdown"><i class="fa fa-tag"></i></a>
<ul id="tag-toggle" class="dropdown-menu dropdown-md p-v-0">
<a class="dropdown-item" href="#">@FirstCry</a>
</ul>
</li>
</ul>
</div>    <div class="test-list-wrapper scrollable">
      <ul class="test-list-item">
        <li class="test-item"  status="fail" test-id="1"
          author=""
          tag=""
          device="">
          <div class="test-detail">
            <p class="name">Login with UserId</p>
            <p class="text-sm">
              <span>11:50:47 am</span> / <span>00:01:52:299</span>
              <span class="badge fail-bg log float-right">Fail</span>
            </p>
          </div>
          <div class="test-contents d-none">
<div class="detail-head">
<div class="p-v-10">
<div class="info">
<h5 class="test-status text-fail">Login with UserId</h5>
<span class='badge badge-success'>03.26.2024 11:50:47 am</span>
<span class='badge badge-danger'>03.26.2024 11:52:39 am</span>
<span class='badge badge-default'>00:01:52:299</span>
&middot; <span class='uri-anchor badge badge-default'>#test-id=1</span>
<span class='badge badge-default pointer float-right ml-1 et'><i class="fa fa-chevron-down"></i></span>
<span class='badge badge-default pointer float-right ct'><i class="fa fa-chevron-up"></i></span>
</div>
<div class="m-t-10 m-l-5"></div>
</div>
</div>
<div class="accordion mt-4">
  <div class="card">
    <div class="card-header" role="tab">
      <div class="card-title">
        <div class="node" id="2"><span class="badge log fail-bg mr-2">Fail</span>Login with UserId</div>
      </div>
    </div>
        <div class="scenario_outline ">
            <div class="card-body l1">
              <div class="card-header">
                <div class="card-title outline-child">
                  <div class="node" id="3"><span class="badge log pass-bg mr-2">Pass</span>Login with UserId</div>
                </div>
              </div>
              <div class="card-body mt-3 collapse">
                  <div class="step pass-bg">
                    <span>Given User navigate to the FirstCry URL</span>
      <div>
      </div>
                  </div>
                  <div class="step pass-bg">
                    <span>When user click on the login button</span>
      <div>
      </div>
                  </div>
                  <div class="step pass-bg">
                    <span>Then user should be on login Page</span>
      <div>
      </div>
                  </div>
                  <div class="step pass-bg">
                    <span>And User enter "chandumj787013@gmail.com"</span>
      <div>
      </div>
                  </div>
                  <div class="step pass-bg">
                    <span>And user click on the continue button</span>
      <div>
      </div>
                  </div>
                  <div class="step pass-bg">
                    <span>And user click the submit button</span>
      <div>
      </div>
                  </div>
                  <div class="step pass-bg">
                    <span>Then user should be on Home Page</span>
      <div>
      </div>
                  </div>
              </div>
            </div>
            <div class="card-body l1">
              <div class="card-header">
                <div class="card-title outline-child">
                  <div class="node" id="21"><span class="badge log fail-bg mr-2">Fail</span>Login with UserId</div>
                </div>
              </div>
              <div class="card-body mt-3 ">
                  <div class="step pass-bg">
                    <span>Given User navigate to the FirstCry URL</span>
      <div>
      </div>
                  </div>
                  <div class="step pass-bg">
                    <span>When user click on the login button</span>
      <div>
      </div>
                  </div>
                  <div class="step pass-bg">
                    <span>Then user should be on login Page</span>
      <div>
      </div>
                  </div>
                  <div class="step pass-bg">
                    <span>And User enter "chandumj@gmail.co"</span>
      <div>
      </div>
                  </div>
                  <div class="step pass-bg">
                    <span>And user click on the continue button</span>
      <div>
      </div>
                  </div>
                  <div class="step fail-bg">
                    <span>And user click the submit button</span>
      <div>
        <textarea disabled class="code-block">org.openqa.selenium.NoSuchElementException: no such element: Unable to locate element: {"method":"xpath","selector":"//div[@id='verfiedbtn']"}
  (Session info: chrome=122.0.6261.131)
For documentation on this error, please visit: https://www.selenium.dev/documentation/webdriver/troubleshooting/errors#no-such-element-exception
Build info: version: '4.11.0', revision: '040bc5406b'
System info: os.name: 'Windows 11', os.arch: 'amd64', os.version: '10.0', java.version: '17.0.2'
Driver info: org.openqa.selenium.chrome.ChromeDriver
Command: [cbe20b869cee4af3049b37e4fe4b8397, findElement {using=xpath, value=//div[@id='verfiedbtn']}]
Capabilities {acceptInsecureCerts: false, browserName: chrome, browserVersion: 122.0.6261.131, chrome: {chromedriverVersion: 122.0.6261.128 (f18a44fedeb..., userDataDir: C:\Users\lenovo\AppData\Loc...}, fedcm:accounts: true, goog:chromeOptions: {debuggerAddress: localhost:28980}, networkConnectionEnabled: false, pageLoadStrategy: normal, platformName: windows, proxy: Proxy(), se:cdp: ws://localhost:28980/devtoo..., se:cdpVersion: 122.0.6261.131, setWindowRect: true, strictFileInteractability: false, timeouts: {implicit: 0, pageLoad: 300000, script: 30000}, unhandledPromptBehavior: dismiss and notify, webauthn:extension:credBlob: true, webauthn:extension:largeBlob: true, webauthn:extension:minPinLength: true, webauthn:extension:prf: true, webauthn:virtualAuthenticators: true}
Session ID: cbe20b869cee4af3049b37e4fe4b8397
	at java.base/jdk.internal.reflect.NativeConstructorAccessorImpl.newInstance0(Native Method)
	at java.base/jdk.internal.reflect.NativeConstructorAccessorImpl.newInstance(NativeConstructorAccessorImpl.java:77)
	at java.base/jdk.internal.reflect.DelegatingConstructorAccessorImpl.newInstance(DelegatingConstructorAccessorImpl.java:45)
	at java.base/java.lang.reflect.Constructor.newInstanceWithCaller(Constructor.java:499)
	at java.base/java.lang.reflect.Constructor.newInstance(Constructor.java:480)
	at org.openqa.selenium.remote.codec.w3c.W3CHttpResponseCodec.createException(W3CHttpResponseCodec.java:200)
	at org.openqa.selenium.remote.codec.w3c.W3CHttpResponseCodec.decode(W3CHttpResponseCodec.java:133)
	at org.openqa.selenium.remote.codec.w3c.W3CHttpResponseCodec.decode(W3CHttpResponseCodec.java:52)
	at org.openqa.selenium.remote.HttpCommandExecutor.execute(HttpCommandExecutor.java:191)
	at org.openqa.selenium.remote.service.DriverCommandExecutor.invokeExecute(DriverCommandExecutor.java:196)
	at org.openqa.selenium.remote.service.DriverCommandExecutor.execute(DriverCommandExecutor.java:171)
	at org.openqa.selenium.remote.RemoteWebDriver.execute(RemoteWebDriver.java:518)
	at org.openqa.selenium.remote.ElementLocation$ElementFinder$2.findElement(ElementLocation.java:165)
	at org.openqa.selenium.remote.ElementLocation.findElement(ElementLocation.java:59)
	at org.openqa.selenium.remote.RemoteWebDriver.findElement(RemoteWebDriver.java:355)
	at org.openqa.selenium.remote.RemoteWebDriver.findElement(RemoteWebDriver.java:349)
	at org.openqa.selenium.support.pagefactory.DefaultElementLocator.findElement(DefaultElementLocator.java:68)
	at org.openqa.selenium.support.pagefactory.internal.LocatingElementHandler.invoke(LocatingElementHandler.java:38)
	at jdk.proxy2/jdk.proxy2.$Proxy45.click(Unknown Source)
	at pages.LoginPage.clickOnSubmit(LoginPage.java:47)
	at steps.LoginStepDefination.user_click_the_submit_button(LoginStepDefination.java:46)
	at ?.user click the submit button(file:///F:/Mphasis%20Practice%20Eclipse/RLLProject/src/test/java/features/1.Login.feature:10)
</textarea>
      
      </div>
                  </div>
                  <div class="step skip-bg">
                    <span>Then user should be on Home Page</span>
      <div>Step skipped
      </div>
                  </div>
              </div>
            </div>
            <div class="card-body l1">
              <div class="card-header">
                <div class="card-title outline-child">
                  <div class="node" id="39"><span class="badge log fail-bg mr-2">Fail</span>Login with UserId</div>
                </div>
              </div>
              <div class="card-body mt-3 ">
                  <div class="step pass-bg">
                    <span>Given User navigate to the FirstCry URL</span>
      <div>
      </div>
                  </div>
                  <div class="step pass-bg">
                    <span>When user click on the login button</span>
      <div>
      </div>
                  </div>
                  <div class="step pass-bg">
                    <span>Then user should be on login Page</span>
      <div>
      </div>
                  </div>
                  <div class="step pass-bg">
                    <span>And User enter "chandumj@gmail.co"</span>
      <div>
      </div>
                  </div>
                  <div class="step pass-bg">
                    <span>And user click on the continue button</span>
      <div>
      </div>
                  </div>
                  <div class="step fail-bg">
                    <span>And user click the submit button</span>
      <div>
        <textarea disabled class="code-block">org.openqa.selenium.NoSuchElementException: no such element: Unable to locate element: {"method":"xpath","selector":"//div[@id='verfiedbtn']"}
  (Session info: chrome=122.0.6261.131)
For documentation on this error, please visit: https://www.selenium.dev/documentation/webdriver/troubleshooting/errors#no-such-element-exception
Build info: version: '4.11.0', revision: '040bc5406b'
System info: os.name: 'Windows 11', os.arch: 'amd64', os.version: '10.0', java.version: '17.0.2'
Driver info: org.openqa.selenium.chrome.ChromeDriver
Command: [cbe20b869cee4af3049b37e4fe4b8397, findElement {using=xpath, value=//div[@id='verfiedbtn']}]
Capabilities {acceptInsecureCerts: false, browserName: chrome, browserVersion: 122.0.6261.131, chrome: {chromedriverVersion: 122.0.6261.128 (f18a44fedeb..., userDataDir: C:\Users\lenovo\AppData\Loc...}, fedcm:accounts: true, goog:chromeOptions: {debuggerAddress: localhost:28980}, networkConnectionEnabled: false, pageLoadStrategy: normal, platformName: windows, proxy: Proxy(), se:cdp: ws://localhost:28980/devtoo..., se:cdpVersion: 122.0.6261.131, setWindowRect: true, strictFileInteractability: false, timeouts: {implicit: 0, pageLoad: 300000, script: 30000}, unhandledPromptBehavior: dismiss and notify, webauthn:extension:credBlob: true, webauthn:extension:largeBlob: true, webauthn:extension:minPinLength: true, webauthn:extension:prf: true, webauthn:virtualAuthenticators: true}
Session ID: cbe20b869cee4af3049b37e4fe4b8397
	at java.base/jdk.internal.reflect.NativeConstructorAccessorImpl.newInstance0(Native Method)
	at java.base/jdk.internal.reflect.NativeConstructorAccessorImpl.newInstance(NativeConstructorAccessorImpl.java:77)
	at java.base/jdk.internal.reflect.DelegatingConstructorAccessorImpl.newInstance(DelegatingConstructorAccessorImpl.java:45)
	at java.base/java.lang.reflect.Constructor.newInstanceWithCaller(Constructor.java:499)
	at java.base/java.lang.reflect.Constructor.newInstance(Constructor.java:480)
	at org.openqa.selenium.remote.codec.w3c.W3CHttpResponseCodec.createException(W3CHttpResponseCodec.java:200)
	at org.openqa.selenium.remote.codec.w3c.W3CHttpResponseCodec.decode(W3CHttpResponseCodec.java:133)
	at org.openqa.selenium.remote.codec.w3c.W3CHttpResponseCodec.decode(W3CHttpResponseCodec.java:52)
	at org.openqa.selenium.remote.HttpCommandExecutor.execute(HttpCommandExecutor.java:191)
	at org.openqa.selenium.remote.service.DriverCommandExecutor.invokeExecute(DriverCommandExecutor.java:196)
	at org.openqa.selenium.remote.service.DriverCommandExecutor.execute(DriverCommandExecutor.java:171)
	at org.openqa.selenium.remote.RemoteWebDriver.execute(RemoteWebDriver.java:518)
	at org.openqa.selenium.remote.ElementLocation$ElementFinder$2.findElement(ElementLocation.java:165)
	at org.openqa.selenium.remote.ElementLocation.findElement(ElementLocation.java:59)
	at org.openqa.selenium.remote.RemoteWebDriver.findElement(RemoteWebDriver.java:355)
	at org.openqa.selenium.remote.RemoteWebDriver.findElement(RemoteWebDriver.java:349)
	at org.openqa.selenium.support.pagefactory.DefaultElementLocator.findElement(DefaultElementLocator.java:68)
	at org.openqa.selenium.support.pagefactory.internal.LocatingElementHandler.invoke(LocatingElementHandler.java:38)
	at jdk.proxy2/jdk.proxy2.$Proxy45.click(Unknown Source)
	at pages.LoginPage.clickOnSubmit(LoginPage.java:47)
	at steps.LoginStepDefination.user_click_the_submit_button(LoginStepDefination.java:46)
	at ?.user click the submit button(file:///F:/Mphasis%20Practice%20Eclipse/RLLProject/src/test/java/features/1.Login.feature:10)
</textarea>
      
      </div>
                  </div>
                  <div class="step skip-bg">
                    <span>Then user should be on Home Page</span>
      <div>Step skipped
      </div>
                  </div>
              </div>
            </div>
        </div>
  </div>
</div>
          </div>
        </li>
        <li class="test-item"  status="pass" test-id="57"
          author=""
          tag=""
          device="">
          <div class="test-detail">
            <p class="name">Edit User Profile</p>
            <p class="text-sm">
              <span>11:52:39 am</span> / <span>00:01:22:061</span>
              <span class="badge pass-bg log float-right">Pass</span>
            </p>
          </div>
          <div class="test-contents d-none">
<div class="detail-head">
<div class="p-v-10">
<div class="info">
<h5 class="test-status text-pass">Edit User Profile</h5>
<span class='badge badge-success'>03.26.2024 11:52:39 am</span>
<span class='badge badge-danger'>03.26.2024 11:54:01 am</span>
<span class='badge badge-default'>00:01:22:061</span>
&middot; <span class='uri-anchor badge badge-default'>#test-id=57</span>
<span class='badge badge-default pointer float-right ml-1 et'><i class="fa fa-chevron-down"></i></span>
<span class='badge badge-default pointer float-right ct'><i class="fa fa-chevron-up"></i></span>
</div>
<div class="m-t-10 m-l-5"></div>
</div>
</div>
<div class="accordion mt-4">
  <div class="card">
    <div class="card-header" role="tab">
      <div class="card-title">
        <div class="node" id="58"><span class="badge log pass-bg mr-2">Pass</span>Edit user profile</div>
      </div>
    </div>
        <div class="scenario_outline collapse">
            <div class="card-body l1">
              <div class="card-header">
                <div class="card-title outline-child">
                  <div class="node" id="59"><span class="badge log pass-bg mr-2">Pass</span>Edit user profile</div>
                </div>
              </div>
              <div class="card-body mt-3 collapse">
                  <div class="step pass-bg">
                    <span>Given User navigate to the FirstCry URL</span>
      <div>
      </div>
                  </div>
                  <div class="step pass-bg">
                    <span>When User log into the application with credentials</span>
      <div>
      </div>
                  </div>
                  <div class="step pass-bg">
                    <span>When User click on My Account</span>
      <div>
      </div>
                  </div>
                  <div class="step pass-bg">
                    <span>And User select My Profile</span>
      <div>
      </div>
                  </div>
                  <div class="step pass-bg">
                    <span>Then User should be on profile page</span>
      <div>
      </div>
                  </div>
                  <div class="step pass-bg">
                    <span>And User perform an Edit operation on My Address Book</span>
      <div>
      </div>
                  </div>
                  <div class="step pass-bg">
                    <span>And User add/change delivery address of "ValidData"</span>
      <div>
      </div>
                  </div>
                  <div class="step pass-bg">
                    <span>And click on Save</span>
      <div>
      </div>
                  </div>
                  <div class="step pass-bg">
                    <span>Then User can view the "ValidData"</span>
      <div>
      </div>
                  </div>
              </div>
            </div>
            <div class="card-body l1">
              <div class="card-header">
                <div class="card-title outline-child">
                  <div class="node" id="81"><span class="badge log pass-bg mr-2">Pass</span>Edit user profile</div>
                </div>
              </div>
              <div class="card-body mt-3 collapse">
                  <div class="step pass-bg">
                    <span>Given User navigate to the FirstCry URL</span>
      <div>
      </div>
                  </div>
                  <div class="step pass-bg">
                    <span>When User log into the application with credentials</span>
      <div>
      </div>
                  </div>
                  <div class="step pass-bg">
                    <span>When User click on My Account</span>
      <div>
      </div>
                  </div>
                  <div class="step pass-bg">
                    <span>And User select My Profile</span>
      <div>
      </div>
                  </div>
                  <div class="step pass-bg">
                    <span>Then User should be on profile page</span>
      <div>
      </div>
                  </div>
                  <div class="step pass-bg">
                    <span>And User perform an Edit operation on My Address Book</span>
      <div>
      </div>
                  </div>
                  <div class="step pass-bg">
                    <span>And User add/change delivery address of "InvalidData"</span>
      <div>
      </div>
                  </div>
                  <div class="step pass-bg">
                    <span>And click on Save</span>
      <div>
      </div>
                  </div>
                  <div class="step pass-bg">
                    <span>Then User can view the "InvalidData"</span>
      <div>
      </div>
                  </div>
              </div>
            </div>
        </div>
  </div>
</div>
          </div>
        </li>
        <li class="test-item"  status="fail" test-id="103"
          author=""
          tag=""
          device="">
          <div class="test-detail">
            <p class="name">Search Functionality</p>
            <p class="text-sm">
              <span>11:54:01 am</span> / <span>00:02:14:497</span>
              <span class="badge fail-bg log float-right">Fail</span>
            </p>
          </div>
          <div class="test-contents d-none">
<div class="detail-head">
<div class="p-v-10">
<div class="info">
<h5 class="test-status text-fail">Search Functionality</h5>
<span class='badge badge-success'>03.26.2024 11:54:01 am</span>
<span class='badge badge-danger'>03.26.2024 11:56:16 am</span>
<span class='badge badge-default'>00:02:14:497</span>
&middot; <span class='uri-anchor badge badge-default'>#test-id=103</span>
<span class='badge badge-default pointer float-right ml-1 et'><i class="fa fa-chevron-down"></i></span>
<span class='badge badge-default pointer float-right ct'><i class="fa fa-chevron-up"></i></span>
</div>
<div class="m-t-10 m-l-5"></div>
</div>
</div>
<div class="accordion mt-4">
  <div class="card">
    <div class="card-header" role="tab">
      <div class="card-title">
        <div class="node" id="104"><span class="badge log fail-bg mr-2">Fail</span>Search for Product</div>
      </div>
    </div>
        <div class="scenario_outline ">
            <div class="card-body l1">
              <div class="card-header">
                <div class="card-title outline-child">
                  <div class="node" id="105"><span class="badge log fail-bg mr-2">Fail</span>Search for Product</div>
                </div>
              </div>
              <div class="card-body mt-3 ">
                  <div class="step pass-bg">
                    <span>Given User navigate to the FirstCry URL</span>
      <div>
      </div>
                  </div>
                  <div class="step pass-bg">
                    <span>When User log into the application with credentials</span>
      <div>
      </div>
                  </div>
                  <div class="step pass-bg">
                    <span>When User search for "shirts"</span>
      <div>
      </div>
                  </div>
                  <div class="step pass-bg">
                    <span>And select product from the search results</span>
      <div>
      </div>
                  </div>
                  <div class="step pass-bg">
                    <span>And User switches focus to the new tab</span>
      <div>
      </div>
                  </div>
                  <div class="step fail-bg">
                    <span>Then title should be "Buy Babyhug Cotton Woven Full Sleeves Checked Shirt - Navy Blue for Boys (3-4 Years) Online in India, Shop at FirstCry.com - 15934333"</span>
      <div>
        <textarea disabled class="code-block">java.lang.AssertionError
	at steps.SearchStep.title_should_be(SearchStep.java:55)
	at ?.title should be "Buy Babyhug Cotton Woven Full Sleeves Checked Shirt - Navy Blue for Boys (3-4 Years) Online in India, Shop at FirstCry.com - 15934333"(file:///F:/Mphasis%20Practice%20Eclipse/RLLProject/src/test/java/features/3.SearchOperation.feature:12)
</textarea>
      
      </div>
                  </div>
              </div>
            </div>
            <div class="card-body l1">
              <div class="card-header">
                <div class="card-title outline-child">
                  <div class="node" id="121"><span class="badge log fail-bg mr-2">Fail</span>Search for Product</div>
                </div>
              </div>
              <div class="card-body mt-3 ">
                  <div class="step pass-bg">
                    <span>Given User navigate to the FirstCry URL</span>
      <div>
      </div>
                  </div>
                  <div class="step pass-bg">
                    <span>When User log into the application with credentials</span>
      <div>
      </div>
                  </div>
                  <div class="step pass-bg">
                    <span>When User search for "shirts"</span>
      <div>
      </div>
                  </div>
                  <div class="step pass-bg">
                    <span>And select product from the search results</span>
      <div>
      </div>
                  </div>
                  <div class="step pass-bg">
                    <span>And User switches focus to the new tab</span>
      <div>
      </div>
                  </div>
                  <div class="step fail-bg">
                    <span>Then title should be "Buy Babyhug Cotton Woven Full Sleeves Checked Shirt - Navy Blue for Boys (3-4 Years) Online in India, Shop at FirstCry.com - 15934333"</span>
      <div>
        <textarea disabled class="code-block">java.lang.AssertionError
	at steps.SearchStep.title_should_be(SearchStep.java:55)
	at ?.title should be "Buy Babyhug Cotton Woven Full Sleeves Checked Shirt - Navy Blue for Boys (3-4 Years) Online in India, Shop at FirstCry.com - 15934333"(file:///F:/Mphasis%20Practice%20Eclipse/RLLProject/src/test/java/features/3.SearchOperation.feature:12)
</textarea>
      
      </div>
                  </div>
              </div>
            </div>
            <div class="card-body l1">
              <div class="card-header">
                <div class="card-title outline-child">
                  <div class="node" id="137"><span class="badge log pass-bg mr-2">Pass</span>Search for Product</div>
                </div>
              </div>
              <div class="card-body mt-3 collapse">
                  <div class="step pass-bg">
                    <span>Given User navigate to the FirstCry URL</span>
      <div>
      </div>
                  </div>
                  <div class="step pass-bg">
                    <span>When User log into the application with credentials</span>
      <div>
      </div>
                  </div>
                  <div class="step pass-bg">
                    <span>When User search for "123456"</span>
      <div>
      </div>
                  </div>
                  <div class="step pass-bg">
                    <span>And select product from the search results</span>
      <div>
      </div>
                  </div>
                  <div class="step pass-bg">
                    <span>And User switches focus to the new tab</span>
      <div>
      </div>
                  </div>
                  <div class="step pass-bg">
                    <span>Then title should be "Baby Products Online India: Newborn Baby Products & Kids Online Shopping at FirstCry.com"</span>
      <div>
      </div>
                  </div>
              </div>
            </div>
        </div>
  </div>
</div>
          </div>
        </li>
        <li class="test-item"  status="pass" test-id="153"
          author=""
          tag=""
          device="">
          <div class="test-detail">
            <p class="name">Add to Cart Functionality</p>
            <p class="text-sm">
              <span>11:56:16 am</span> / <span>00:01:49:601</span>
              <span class="badge pass-bg log float-right">Pass</span>
            </p>
          </div>
          <div class="test-contents d-none">
<div class="detail-head">
<div class="p-v-10">
<div class="info">
<h5 class="test-status text-pass">Add to Cart Functionality</h5>
<span class='badge badge-success'>03.26.2024 11:56:16 am</span>
<span class='badge badge-danger'>03.26.2024 11:58:05 am</span>
<span class='badge badge-default'>00:01:49:601</span>
&middot; <span class='uri-anchor badge badge-default'>#test-id=153</span>
<span class='badge badge-default pointer float-right ml-1 et'><i class="fa fa-chevron-down"></i></span>
<span class='badge badge-default pointer float-right ct'><i class="fa fa-chevron-up"></i></span>
</div>
<div class="m-t-10 m-l-5"></div>
</div>
</div>
<div class="accordion mt-4">
  <div class="card">
    <div class="card-header" role="tab">
      <div class="card-title">
        <div class="node" id="154"><span class="badge log pass-bg mr-2">Pass</span>Add Product to Cart</div>
      </div>
    </div>
        <div class="scenario_outline collapse">
            <div class="card-body l1">
              <div class="card-header">
                <div class="card-title outline-child">
                  <div class="node" id="155"><span class="badge log pass-bg mr-2">Pass</span>Add Product to Cart</div>
                </div>
              </div>
              <div class="card-body mt-3 collapse">
                  <div class="step pass-bg">
                    <span>Given User navigate to the FirstCry URL</span>
      <div>
      </div>
                  </div>
                  <div class="step pass-bg">
                    <span>When User log into the application with credentials</span>
      <div>
      </div>
                  </div>
                  <div class="step pass-bg">
                    <span>When User search for a "Pine Kids Cotton Woven Full Sleeves Solid Color Shirt - Orange"</span>
      <div>
      </div>
                  </div>
                  <div class="step pass-bg">
                    <span>And Click on one Product</span>
      <div>
      </div>
                  </div>
                  <div class="step pass-bg">
                    <span>And User switches focus to the new tab</span>
      <div>
      </div>
                  </div>
                  <div class="step pass-bg">
                    <span>And click on Add to Cart for the selected product</span>
      <div>
      </div>
                  </div>
                  <div class="step pass-bg">
                    <span>Then "Pine Kids Cotton Woven Full Sleeves Solid Color Shirt - Orange" should be added to my cart</span>
      <div>
      </div>
                  </div>
              </div>
            </div>
            <div class="card-body l1">
              <div class="card-header">
                <div class="card-title outline-child">
                  <div class="node" id="173"><span class="badge log pass-bg mr-2">Pass</span>Add Product to Cart</div>
                </div>
              </div>
              <div class="card-body mt-3 collapse">
                  <div class="step pass-bg">
                    <span>Given User navigate to the FirstCry URL</span>
      <div>
      </div>
                  </div>
                  <div class="step pass-bg">
                    <span>When User log into the application with credentials</span>
      <div>
      </div>
                  </div>
                  <div class="step pass-bg">
                    <span>When User search for a "Babyhug Cotton Woven Full Sleeves Checked Shirt - Navy Blue"</span>
      <div>
      </div>
                  </div>
                  <div class="step pass-bg">
                    <span>And Click on one Product</span>
      <div>
      </div>
                  </div>
                  <div class="step pass-bg">
                    <span>And User switches focus to the new tab</span>
      <div>
      </div>
                  </div>
                  <div class="step pass-bg">
                    <span>And click on Add to Cart for the selected product</span>
      <div>
      </div>
                  </div>
                  <div class="step pass-bg">
                    <span>Then "Babyhug Cotton Woven Full Sleeves Checked Shirt - Navy Blue" should be added to my cart</span>
      <div>
      </div>
                  </div>
              </div>
            </div>
        </div>
  </div>
</div>
          </div>
        </li>
        <li class="test-item"  status="fail" test-id="191"
          author=""
          tag=""
          device="">
          <div class="test-detail">
            <p class="name">Find Stores</p>
            <p class="text-sm">
              <span>11:58:05 am</span> / <span>00:01:24:354</span>
              <span class="badge fail-bg log float-right">Fail</span>
            </p>
          </div>
          <div class="test-contents d-none">
<div class="detail-head">
<div class="p-v-10">
<div class="info">
<h5 class="test-status text-fail">Find Stores</h5>
<span class='badge badge-success'>03.26.2024 11:58:05 am</span>
<span class='badge badge-danger'>03.26.2024 11:59:30 am</span>
<span class='badge badge-default'>00:01:24:354</span>
&middot; <span class='uri-anchor badge badge-default'>#test-id=191</span>
<span class='badge badge-default pointer float-right ml-1 et'><i class="fa fa-chevron-down"></i></span>
<span class='badge badge-default pointer float-right ct'><i class="fa fa-chevron-up"></i></span>
</div>
<div class="m-t-10 m-l-5"></div>
</div>
</div>
<div class="accordion mt-4">
  <div class="card">
    <div class="card-header" role="tab">
      <div class="card-title">
        <div class="node" id="192"><span class="badge log fail-bg mr-2">Fail</span>Find FirstCry Stores</div>
      </div>
    </div>
        <div class="scenario_outline ">
            <div class="card-body l1">
              <div class="card-header">
                <div class="card-title outline-child">
                  <div class="node" id="193"><span class="badge log fail-bg mr-2">Fail</span>Find FirstCry Stores</div>
                </div>
              </div>
              <div class="card-body mt-3 ">
                  <div class="step pass-bg">
                    <span>Given User navigate to the FirstCry URL</span>
      <div>
      </div>
                  </div>
                  <div class="step pass-bg">
                    <span>When User log into the application with credentials</span>
      <div>
      </div>
                  </div>
                  <div class="step pass-bg">
                    <span>When User must hover over the stores&preschool</span>
      <div>
      </div>
                  </div>
                  <div class="step pass-bg">
                    <span>And User must click on the find stores from drop down</span>
      <div>
      </div>
                  </div>
                  <div class="step pass-bg">
                    <span>And User switches focus to the new tab</span>
      <div>
      </div>
                  </div>
                  <div class="step fail-bg">
                    <span>Then User should be on storelocator page "FirstCry, BabyOye & BabyHug Store Locator - Find One Near You"</span>
      <div>
        <textarea disabled class="code-block">java.lang.AssertionError
	at steps.StoreLocatorStep.user_should_be_on_storelocator_page(StoreLocatorStep.java:43)
	at ?.User should be on storelocator page "FirstCry, BabyOye & BabyHug Store Locator - Find One Near You"(file:///F:/Mphasis%20Practice%20Eclipse/RLLProject/src/test/java/features/5.StoreLocator.feature:12)
</textarea>
      
      </div>
                  </div>
                  <div class="step skip-bg">
                    <span>When User select the "FirstCry","Andhra Pradesh" and "Anakapalle Town"</span>
      <div>Step skipped
      </div>
                  </div>
                  <div class="step skip-bg">
                    <span>And User click on the search button</span>
      <div>Step skipped
      </div>
                  </div>
                  <div class="step skip-bg">
                    <span>Then User must be able to view the storeresult</span>
      <div>Step skipped
      </div>
                  </div>
              </div>
            </div>
            <div class="card-body l1">
              <div class="card-header">
                <div class="card-title outline-child">
                  <div class="node" id="215"><span class="badge log fail-bg mr-2">Fail</span>Find FirstCry Stores</div>
                </div>
              </div>
              <div class="card-body mt-3 ">
                  <div class="step pass-bg">
                    <span>Given User navigate to the FirstCry URL</span>
      <div>
      </div>
                  </div>
                  <div class="step pass-bg">
                    <span>When User log into the application with credentials</span>
      <div>
      </div>
                  </div>
                  <div class="step pass-bg">
                    <span>When User must hover over the stores&preschool</span>
      <div>
      </div>
                  </div>
                  <div class="step pass-bg">
                    <span>And User must click on the find stores from drop down</span>
      <div>
      </div>
                  </div>
                  <div class="step pass-bg">
                    <span>And User switches focus to the new tab</span>
      <div>
      </div>
                  </div>
                  <div class="step pass-bg">
                    <span>Then User should be on storelocator page "FirstCry, BabyOye & BabyHug Store Locator - Find One Near You"</span>
      <div>
      </div>
                  </div>
                  <div class="step pass-bg">
                    <span>When User select the "FirstCry","Andhra Pradesh" and "Anakapalle Town"</span>
      <div>
      </div>
                  </div>
                  <div class="step pass-bg">
                    <span>And User click on the search button</span>
      <div>
      </div>
                  </div>
                  <div class="step fail-bg">
                    <span>Then User must be able to view the storeresult</span>
      <div>
        <textarea disabled class="code-block">java.lang.AssertionError: Element is not visible expected [true] but found [false]
	at org.testng.Assert.fail(Assert.java:110)
	at org.testng.Assert.failNotEquals(Assert.java:1577)
	at org.testng.Assert.assertTrue(Assert.java:56)
	at steps.StoreLocatorStep.user_must_be_able_to_view_the_storeresult(StoreLocatorStep.java:73)
	at ?.User must be able to view the storeresult(file:///F:/Mphasis%20Practice%20Eclipse/RLLProject/src/test/java/features/5.StoreLocator.feature:15)
</textarea>
      
      </div>
                  </div>
              </div>
            </div>
        </div>
  </div>
</div>
          </div>
        </li>
        <li class="test-item"  status="pass" test-id="237"
          author=""
          tag=""
          device="">
          <div class="test-detail">
            <p class="name">Find Preschool Locator</p>
            <p class="text-sm">
              <span>11:59:30 am</span> / <span>00:00:50:207</span>
              <span class="badge pass-bg log float-right">Pass</span>
            </p>
          </div>
          <div class="test-contents d-none">
<div class="detail-head">
<div class="p-v-10">
<div class="info">
<h5 class="test-status text-pass">Find Preschool Locator</h5>
<span class='badge badge-success'>03.26.2024 11:59:30 am</span>
<span class='badge badge-danger'>03.26.2024 12:00:20 pm</span>
<span class='badge badge-default'>00:00:50:207</span>
&middot; <span class='uri-anchor badge badge-default'>#test-id=237</span>
<span class='badge badge-default pointer float-right ml-1 et'><i class="fa fa-chevron-down"></i></span>
<span class='badge badge-default pointer float-right ct'><i class="fa fa-chevron-up"></i></span>
</div>
<div class="m-t-10 m-l-5"></div>
</div>
</div>
<div class="accordion mt-4">
  <div class="card">
    <div class="card-header" role="tab">
      <div class="card-title">
        <div class="node" id="238"><span class="badge log pass-bg mr-2">Pass</span>Search for a Preschool in city</div>
      </div>
    </div>
        <div class="scenario_outline collapse">
            <div class="card-body l1">
              <div class="card-header">
                <div class="card-title outline-child">
                  <div class="node" id="239"><span class="badge log pass-bg mr-2">Pass</span>Search for a Preschool in city</div>
                </div>
              </div>
              <div class="card-body mt-3 collapse">
                  <div class="step pass-bg">
                    <span>Given User navigate to the FirstCry URL</span>
      <div>
      </div>
                  </div>
                  <div class="step pass-bg">
                    <span>When User log into the application with credentials</span>
      <div>
      </div>
                  </div>
                  <div class="step pass-bg">
                    <span>When user can click on storeandpreschool</span>
      <div>
      </div>
                  </div>
                  <div class="step pass-bg">
                    <span>And user can click on findpreschool</span>
      <div>
      </div>
                  </div>
                  <div class="step pass-bg">
                    <span>And user switches focus to new tab</span>
      <div>
      </div>
                  </div>
                  <div class="step pass-bg">
                    <span>Then user should be on "FirstCry Intellitots Preschool Locator: Find a Preschool Near You" tab</span>
      <div>
      </div>
                  </div>
                  <div class="step pass-bg">
                    <span>And user search for "Agra"</span>
      <div>
      </div>
                  </div>
                  <div class="step pass-bg">
                    <span>And click on findmy preschool</span>
      <div>
      </div>
                  </div>
                  <div class="step pass-bg">
                    <span>Then User should see preschools in "Agra"</span>
      <div>
      </div>
                  </div>
              </div>
            </div>
        </div>
  </div>
</div>
          </div>
        </li>
        <li class="test-item"  status="fail" test-id="261"
          author=""
          tag=""
          device="">
          <div class="test-detail">
            <p class="name">Manage Cart</p>
            <p class="text-sm">
              <span>12:00:20 pm</span> / <span>00:01:16:206</span>
              <span class="badge fail-bg log float-right">Fail</span>
            </p>
          </div>
          <div class="test-contents d-none">
<div class="detail-head">
<div class="p-v-10">
<div class="info">
<h5 class="test-status text-fail">Manage Cart</h5>
<span class='badge badge-success'>03.26.2024 12:00:20 pm</span>
<span class='badge badge-danger'>03.26.2024 12:01:36 pm</span>
<span class='badge badge-default'>00:01:16:206</span>
&middot; <span class='uri-anchor badge badge-default'>#test-id=261</span>
<span class='badge badge-default pointer float-right ml-1 et'><i class="fa fa-chevron-down"></i></span>
<span class='badge badge-default pointer float-right ct'><i class="fa fa-chevron-up"></i></span>
</div>
<div class="m-t-10 m-l-5"></div>
</div>
</div>
<div class="accordion mt-4">
  <div class="card">
    <div class="card-header" role="tab">
      <div class="card-title">
        <div class="node" id="262"><span class="badge log fail-bg mr-2">Fail</span>Manage Cart Functions</div>
      </div>
    </div>
        <div class="">
          <div class="card-body">
              <div class="step pass-bg" title="steps.SharedSteps.user_navigate_to_the_first_cry_url()">
                <span>Given User navigate to the FirstCry URL</span>
      <div>
      </div>
              </div>
              <div class="step pass-bg" title="steps.SharedSteps.user_log_into_the_application_with_credentials()">
                <span>When User log into the application with credentials</span>
      <div>
      </div>
              </div>
              <div class="step fail-bg" title="steps.CartFuncStep.user_add_a_few_products_to_the_cart(io.cucumber.datatable.DataTable)">
                <span>When User add a few products to the cart</span>
      <div><table class='markup-table table '><tr><td>pants for boys</td></tr><tr><td>Toys</td></tr></table>
      </div>
      <div>
        <textarea disabled class="code-block">org.openqa.selenium.StaleElementReferenceException: stale element reference: stale element not found
  (Session info: chrome=122.0.6261.131)
For documentation on this error, please visit: https://www.selenium.dev/documentation/webdriver/troubleshooting/errors#stale-element-reference-exception
Build info: version: '4.11.0', revision: '040bc5406b'
System info: os.name: 'Windows 11', os.arch: 'amd64', os.version: '10.0', java.version: '17.0.2'
Driver info: org.openqa.selenium.chrome.ChromeDriver
Command: [cbe20b869cee4af3049b37e4fe4b8397, isElementDisplayed {id=f.97294AB94EB3AD4A8A8164C6BB932AFB.d.AD5909943488F6AC4B00B11F1AC57F34.e.488}]
Capabilities {acceptInsecureCerts: false, browserName: chrome, browserVersion: 122.0.6261.131, chrome: {chromedriverVersion: 122.0.6261.128 (f18a44fedeb..., userDataDir: C:\Users\lenovo\AppData\Loc...}, fedcm:accounts: true, goog:chromeOptions: {debuggerAddress: localhost:28980}, networkConnectionEnabled: false, pageLoadStrategy: normal, platformName: windows, proxy: Proxy(), se:cdp: ws://localhost:28980/devtoo..., se:cdpVersion: 122.0.6261.131, setWindowRect: true, strictFileInteractability: false, timeouts: {implicit: 0, pageLoad: 300000, script: 30000}, unhandledPromptBehavior: dismiss and notify, webauthn:extension:credBlob: true, webauthn:extension:largeBlob: true, webauthn:extension:minPinLength: true, webauthn:extension:prf: true, webauthn:virtualAuthenticators: true}
Element: [[ChromeDriver: chrome on windows (cbe20b869cee4af3049b37e4fe4b8397)] -> xpath: //div[@id='searchlist']/descendant::li[1]]
Session ID: cbe20b869cee4af3049b37e4fe4b8397
	at java.base/jdk.internal.reflect.NativeConstructorAccessorImpl.newInstance0(Native Method)
	at java.base/jdk.internal.reflect.NativeConstructorAccessorImpl.newInstance(NativeConstructorAccessorImpl.java:77)
	at java.base/jdk.internal.reflect.DelegatingConstructorAccessorImpl.newInstance(DelegatingConstructorAccessorImpl.java:45)
	at java.base/java.lang.reflect.Constructor.newInstanceWithCaller(Constructor.java:499)
	at java.base/java.lang.reflect.Constructor.newInstance(Constructor.java:480)
	at org.openqa.selenium.remote.codec.w3c.W3CHttpResponseCodec.createException(W3CHttpResponseCodec.java:200)
	at org.openqa.selenium.remote.codec.w3c.W3CHttpResponseCodec.decode(W3CHttpResponseCodec.java:133)
	at org.openqa.selenium.remote.codec.w3c.W3CHttpResponseCodec.decode(W3CHttpResponseCodec.java:52)
	at org.openqa.selenium.remote.HttpCommandExecutor.execute(HttpCommandExecutor.java:191)
	at org.openqa.selenium.remote.service.DriverCommandExecutor.invokeExecute(DriverCommandExecutor.java:196)
	at org.openqa.selenium.remote.service.DriverCommandExecutor.execute(DriverCommandExecutor.java:171)
	at org.openqa.selenium.remote.RemoteWebDriver.execute(RemoteWebDriver.java:518)
	at org.openqa.selenium.remote.RemoteWebElement.execute(RemoteWebElement.java:224)
	at org.openqa.selenium.remote.RemoteWebElement.isDisplayed(RemoteWebElement.java:280)
	at jdk.internal.reflect.GeneratedMethodAccessor64.invoke(Unknown Source)
	at java.base/jdk.internal.reflect.DelegatingMethodAccessorImpl.invoke(DelegatingMethodAccessorImpl.java:43)
	at java.base/java.lang.reflect.Method.invoke(Method.java:568)
	at org.openqa.selenium.support.pagefactory.internal.LocatingElementHandler.invoke(LocatingElementHandler.java:51)
	at jdk.proxy2/jdk.proxy2.$Proxy45.isDisplayed(Unknown Source)
	at org.openqa.selenium.support.ui.ExpectedConditions.elementIfVisible(ExpectedConditions.java:304)
	at org.openqa.selenium.support.ui.ExpectedConditions.access$000(ExpectedConditions.java:37)
	at org.openqa.selenium.support.ui.ExpectedConditions$10.apply(ExpectedConditions.java:290)
	at org.openqa.selenium.support.ui.ExpectedConditions$10.apply(ExpectedConditions.java:287)
	at org.openqa.selenium.support.ui.ExpectedConditions$23.apply(ExpectedConditions.java:656)
	at org.openqa.selenium.support.ui.ExpectedConditions$23.apply(ExpectedConditions.java:652)
	at org.openqa.selenium.support.ui.FluentWait.until(FluentWait.java:205)
	at pages.HomePage.EnterProduct(HomePage.java:67)
	at steps.CartFuncStep.user_add_a_few_products_to_the_cart(CartFuncStep.java:34)
	at ?.User add a few products to the cart(file:///F:/Mphasis%20Practice%20Eclipse/RLLProject/src/test/java/features/7.CartFunction.feature:9)
</textarea>
      
      </div>
              </div>
              <div class="step skip-bg" title="steps.CartFuncStep.user_click_on_cart()">
                <span>And User click on cart</span>
      <div>Step skipped
      </div>
              </div>
              <div class="step skip-bg" title="steps.CartFuncStep.user_can_see_in_the_cart(java.lang.String)">
                <span>Then user can see "<allproducts>" in the cart</span>
      <div>Step skipped
      </div>
              </div>
              <div class="step skip-bg" title="steps.CartFuncStep.user_move_a_product_to_the_shortlist()">
                <span>When User move a product to the shortlist</span>
      <div>Step skipped
      </div>
              </div>
              <div class="step skip-bg" title="steps.CartFuncStep.user_change_the_quantity_of_product_from_the_cart()">
                <span>When User change the quantity of product from the cart</span>
      <div>Step skipped
      </div>
              </div>
              <div class="step skip-bg" title="steps.CartFuncStep.the_should_be_changed(java.lang.String)">
                <span>Then the "<quantity>" should be changed</span>
      <div>Step skipped
      </div>
              </div>
          </div>
        </div>
  </div>
  <div class="card">
    <div class="card-header" role="tab">
      <div class="card-title">
        <div class="node" id="282"><span class="badge log fail-bg mr-2">Fail</span>Manage Cart Functions</div>
      </div>
    </div>
        <div class="">
          <div class="card-body">
              <div class="step pass-bg" title="steps.SharedSteps.user_navigate_to_the_first_cry_url()">
                <span>Given User navigate to the FirstCry URL</span>
      <div>
      </div>
              </div>
              <div class="step pass-bg" title="steps.SharedSteps.user_log_into_the_application_with_credentials()">
                <span>When User log into the application with credentials</span>
      <div>
      </div>
              </div>
              <div class="step fail-bg" title="steps.CartFuncStep.user_add_a_few_products_to_the_cart(io.cucumber.datatable.DataTable)">
                <span>When User add a few products to the cart</span>
      <div><table class='markup-table table '><tr><td>pants for boys</td></tr><tr><td>Toys</td></tr></table>
      </div>
      <div>
        <textarea disabled class="code-block">org.openqa.selenium.NoSuchElementException: no such element: Unable to locate element: {"method":"xpath","selector":"//input[@id='search_box']"}
  (Session info: chrome=122.0.6261.131)
For documentation on this error, please visit: https://www.selenium.dev/documentation/webdriver/troubleshooting/errors#no-such-element-exception
Build info: version: '4.11.0', revision: '040bc5406b'
System info: os.name: 'Windows 11', os.arch: 'amd64', os.version: '10.0', java.version: '17.0.2'
Driver info: org.openqa.selenium.chrome.ChromeDriver
Command: [cbe20b869cee4af3049b37e4fe4b8397, findElement {using=xpath, value=//input[@id='search_box']}]
Capabilities {acceptInsecureCerts: false, browserName: chrome, browserVersion: 122.0.6261.131, chrome: {chromedriverVersion: 122.0.6261.128 (f18a44fedeb..., userDataDir: C:\Users\lenovo\AppData\Loc...}, fedcm:accounts: true, goog:chromeOptions: {debuggerAddress: localhost:28980}, networkConnectionEnabled: false, pageLoadStrategy: normal, platformName: windows, proxy: Proxy(), se:cdp: ws://localhost:28980/devtoo..., se:cdpVersion: 122.0.6261.131, setWindowRect: true, strictFileInteractability: false, timeouts: {implicit: 0, pageLoad: 300000, script: 30000}, unhandledPromptBehavior: dismiss and notify, webauthn:extension:credBlob: true, webauthn:extension:largeBlob: true, webauthn:extension:minPinLength: true, webauthn:extension:prf: true, webauthn:virtualAuthenticators: true}
Session ID: cbe20b869cee4af3049b37e4fe4b8397
	at jdk.internal.reflect.GeneratedConstructorAccessor34.newInstance(Unknown Source)
	at java.base/jdk.internal.reflect.DelegatingConstructorAccessorImpl.newInstance(DelegatingConstructorAccessorImpl.java:45)
	at java.base/java.lang.reflect.Constructor.newInstanceWithCaller(Constructor.java:499)
	at java.base/java.lang.reflect.Constructor.newInstance(Constructor.java:480)
	at org.openqa.selenium.remote.codec.w3c.W3CHttpResponseCodec.createException(W3CHttpResponseCodec.java:200)
	at org.openqa.selenium.remote.codec.w3c.W3CHttpResponseCodec.decode(W3CHttpResponseCodec.java:133)
	at org.openqa.selenium.remote.codec.w3c.W3CHttpResponseCodec.decode(W3CHttpResponseCodec.java:52)
	at org.openqa.selenium.remote.HttpCommandExecutor.execute(HttpCommandExecutor.java:191)
	at org.openqa.selenium.remote.service.DriverCommandExecutor.invokeExecute(DriverCommandExecutor.java:196)
	at org.openqa.selenium.remote.service.DriverCommandExecutor.execute(DriverCommandExecutor.java:171)
	at org.openqa.selenium.remote.RemoteWebDriver.execute(RemoteWebDriver.java:518)
	at org.openqa.selenium.remote.ElementLocation$ElementFinder$2.findElement(ElementLocation.java:165)
	at org.openqa.selenium.remote.ElementLocation.findElement(ElementLocation.java:59)
	at org.openqa.selenium.remote.RemoteWebDriver.findElement(RemoteWebDriver.java:355)
	at org.openqa.selenium.remote.RemoteWebDriver.findElement(RemoteWebDriver.java:349)
	at org.openqa.selenium.support.pagefactory.DefaultElementLocator.findElement(DefaultElementLocator.java:68)
	at org.openqa.selenium.support.pagefactory.internal.LocatingElementHandler.invoke(LocatingElementHandler.java:38)
	at jdk.proxy2/jdk.proxy2.$Proxy45.clear(Unknown Source)
	at pages.HomePage.EnterProduct(HomePage.java:65)
	at steps.CartFuncStep.user_add_a_few_products_to_the_cart(CartFuncStep.java:34)
	at ?.User add a few products to the cart(file:///F:/Mphasis%20Practice%20Eclipse/RLLProject/src/test/java/features/7.CartFunction.feature:9)
</textarea>
      
      </div>
              </div>
              <div class="step skip-bg" title="steps.CartFuncStep.user_click_on_cart()">
                <span>And User click on cart</span>
      <div>Step skipped
      </div>
              </div>
              <div class="step skip-bg" title="steps.CartFuncStep.user_can_see_in_the_cart(java.lang.String)">
                <span>Then user can see "<allproducts>" in the cart</span>
      <div>Step skipped
      </div>
              </div>
              <div class="step skip-bg" title="steps.CartFuncStep.user_move_a_product_to_the_shortlist()">
                <span>When User move a product to the shortlist</span>
      <div>Step skipped
      </div>
              </div>
              <div class="step skip-bg" title="steps.CartFuncStep.user_change_the_quantity_of_product_from_the_cart()">
                <span>When User change the quantity of product from the cart</span>
      <div>Step skipped
      </div>
              </div>
              <div class="step skip-bg" title="steps.CartFuncStep.the_should_be_changed(java.lang.String)">
                <span>Then the "<quantity>" should be changed</span>
      <div>Step skipped
      </div>
              </div>
          </div>
        </div>
  </div>
</div>
          </div>
        </li>
        <li class="test-item"  status="fail" test-id="302"
          author=""
          tag=""
          device="">
          <div class="test-detail">
            <p class="name">Manage Shortlisted Products</p>
            <p class="text-sm">
              <span>12:01:36 pm</span> / <span>00:00:53:077</span>
              <span class="badge fail-bg log float-right">Fail</span>
            </p>
          </div>
          <div class="test-contents d-none">
<div class="detail-head">
<div class="p-v-10">
<div class="info">
<h5 class="test-status text-fail">Manage Shortlisted Products</h5>
<span class='badge badge-success'>03.26.2024 12:01:36 pm</span>
<span class='badge badge-danger'>03.26.2024 12:02:29 pm</span>
<span class='badge badge-default'>00:00:53:077</span>
&middot; <span class='uri-anchor badge badge-default'>#test-id=302</span>
<span class='badge badge-default pointer float-right ml-1 et'><i class="fa fa-chevron-down"></i></span>
<span class='badge badge-default pointer float-right ct'><i class="fa fa-chevron-up"></i></span>
</div>
<div class="m-t-10 m-l-5"></div>
</div>
</div>
<div class="accordion mt-4">
  <div class="card">
    <div class="card-header" role="tab">
      <div class="card-title">
        <div class="node" id="303"><span class="badge log fail-bg mr-2">Fail</span>Manage Shortlist Functions</div>
      </div>
    </div>
        <div class="">
          <div class="card-body">
              <div class="step pass-bg" title="steps.SharedSteps.user_navigate_to_the_first_cry_url()">
                <span>Given User navigate to the FirstCry URL</span>
      <div>
      </div>
              </div>
              <div class="step pass-bg" title="steps.SharedSteps.user_log_into_the_application_with_credentials()">
                <span>When User log into the application with credentials</span>
      <div>
      </div>
              </div>
              <div class="step fail-bg" title="steps.ShortListStep.user_shortlist_few_products(io.cucumber.datatable.DataTable)">
                <span>When User shortlist few products</span>
      <div><table class='markup-table table '><tr><td>Babyhug Cotton Woven Full Sleeves Checked Shirt - Navy Blue for Boys</td></tr><tr><td>Babyhug Cotton Woven Full Sleeves Checked Shirt - Red for Boys</td></tr></table>
      </div>
      <div>
        <textarea disabled class="code-block">org.openqa.selenium.TimeoutException: Expected condition failed: waiting for visibility of Proxy element for: DefaultElementLocator 'By.xpath: (//div[@class='li_inner_block'])[1]/descendant::img' (tried for 5 second(s) with 500 milliseconds interval)
	at org.openqa.selenium.support.ui.WebDriverWait.timeoutException(WebDriverWait.java:84)
	at org.openqa.selenium.support.ui.FluentWait.until(FluentWait.java:230)
	at pages.SearchPage.clickonFirstProduct(SearchPage.java:26)
	at steps.ShortListStep.user_shortlist_few_products(ShortListStep.java:32)
	at ?.User shortlist few products(file:///F:/Mphasis%20Practice%20Eclipse/RLLProject/src/test/java/features/8.ShortlistFunction.feature:9)
Caused by: org.openqa.selenium.NoSuchElementException: no such element: Unable to locate element: {"method":"xpath","selector":"(//div[@class='li_inner_block'])[1]/descendant::img"}
  (Session info: chrome=122.0.6261.131)
For documentation on this error, please visit: https://www.selenium.dev/documentation/webdriver/troubleshooting/errors#no-such-element-exception
Build info: version: '4.11.0', revision: '040bc5406b'
System info: os.name: 'Windows 11', os.arch: 'amd64', os.version: '10.0', java.version: '17.0.2'
Driver info: org.openqa.selenium.chrome.ChromeDriver
Command: [cbe20b869cee4af3049b37e4fe4b8397, findElement {using=xpath, value=(//div[@class='li_inner_block'])[1]/descendant::img}]
Capabilities {acceptInsecureCerts: false, browserName: chrome, browserVersion: 122.0.6261.131, chrome: {chromedriverVersion: 122.0.6261.128 (f18a44fedeb..., userDataDir: C:\Users\lenovo\AppData\Loc...}, fedcm:accounts: true, goog:chromeOptions: {debuggerAddress: localhost:28980}, networkConnectionEnabled: false, pageLoadStrategy: normal, platformName: windows, proxy: Proxy(), se:cdp: ws://localhost:28980/devtoo..., se:cdpVersion: 122.0.6261.131, setWindowRect: true, strictFileInteractability: false, timeouts: {implicit: 0, pageLoad: 300000, script: 30000}, unhandledPromptBehavior: dismiss and notify, webauthn:extension:credBlob: true, webauthn:extension:largeBlob: true, webauthn:extension:minPinLength: true, webauthn:extension:prf: true, webauthn:virtualAuthenticators: true}
Session ID: cbe20b869cee4af3049b37e4fe4b8397
	at jdk.internal.reflect.GeneratedConstructorAccessor34.newInstance(Unknown Source)
	at java.base/jdk.internal.reflect.DelegatingConstructorAccessorImpl.newInstance(DelegatingConstructorAccessorImpl.java:45)
	at java.base/java.lang.reflect.Constructor.newInstanceWithCaller(Constructor.java:499)
	at java.base/java.lang.reflect.Constructor.newInstance(Constructor.java:480)
	at org.openqa.selenium.remote.codec.w3c.W3CHttpResponseCodec.createException(W3CHttpResponseCodec.java:200)
	at org.openqa.selenium.remote.codec.w3c.W3CHttpResponseCodec.decode(W3CHttpResponseCodec.java:133)
	at org.openqa.selenium.remote.codec.w3c.W3CHttpResponseCodec.decode(W3CHttpResponseCodec.java:52)
	at org.openqa.selenium.remote.HttpCommandExecutor.execute(HttpCommandExecutor.java:191)
	at org.openqa.selenium.remote.service.DriverCommandExecutor.invokeExecute(DriverCommandExecutor.java:196)
	at org.openqa.selenium.remote.service.DriverCommandExecutor.execute(DriverCommandExecutor.java:171)
	at org.openqa.selenium.remote.RemoteWebDriver.execute(RemoteWebDriver.java:518)
	at org.openqa.selenium.remote.ElementLocation$ElementFinder$2.findElement(ElementLocation.java:165)
	at org.openqa.selenium.remote.ElementLocation.findElement(ElementLocation.java:59)
	at org.openqa.selenium.remote.RemoteWebDriver.findElement(RemoteWebDriver.java:355)
	at org.openqa.selenium.remote.RemoteWebDriver.findElement(RemoteWebDriver.java:349)
	at org.openqa.selenium.support.pagefactory.DefaultElementLocator.findElement(DefaultElementLocator.java:68)
	at org.openqa.selenium.support.pagefactory.internal.LocatingElementHandler.invoke(LocatingElementHandler.java:38)
	at jdk.proxy2/jdk.proxy2.$Proxy45.isDisplayed(Unknown Source)
	at org.openqa.selenium.support.ui.ExpectedConditions.elementIfVisible(ExpectedConditions.java:304)
	at org.openqa.selenium.support.ui.ExpectedConditions.access$000(ExpectedConditions.java:37)
	at org.openqa.selenium.support.ui.ExpectedConditions$10.apply(ExpectedConditions.java:290)
	at org.openqa.selenium.support.ui.ExpectedConditions$10.apply(ExpectedConditions.java:287)
	at org.openqa.selenium.support.ui.FluentWait.until(FluentWait.java:205)
	at pages.SearchPage.clickonFirstProduct(SearchPage.java:26)
	at steps.ShortListStep.user_shortlist_few_products(ShortListStep.java:32)
	at java.base/jdk.internal.reflect.NativeMethodAccessorImpl.invoke0(Native Method)
	at java.base/jdk.internal.reflect.NativeMethodAccessorImpl.invoke(NativeMethodAccessorImpl.java:77)
	at java.base/jdk.internal.reflect.DelegatingMethodAccessorImpl.invoke(DelegatingMethodAccessorImpl.java:43)
	at java.base/java.lang.reflect.Method.invoke(Method.java:568)
	at io.cucumber.java.Invoker.doInvoke(Invoker.java:66)
	at io.cucumber.java.Invoker.invoke(Invoker.java:24)
	at io.cucumber.java.AbstractGlueDefinition.invokeMethod(AbstractGlueDefinition.java:47)
	at io.cucumber.java.JavaStepDefinition.execute(JavaStepDefinition.java:29)
	at io.cucumber.core.runner.CoreStepDefinition.execute(CoreStepDefinition.java:66)
	at io.cucumber.core.runner.PickleStepDefinitionMatch.runStep(PickleStepDefinitionMatch.java:63)
	at io.cucumber.core.runner.ExecutionMode$1.execute(ExecutionMode.java:10)
	at io.cucumber.core.runner.TestStep.executeStep(TestStep.java:85)
	at io.cucumber.core.runner.TestStep.run(TestStep.java:57)
	at io.cucumber.core.runner.PickleStepTestStep.run(PickleStepTestStep.java:51)
	at io.cucumber.core.runner.TestCase.run(TestCase.java:84)
	at io.cucumber.core.runner.Runner.runPickle(Runner.java:75)
	at io.cucumber.testng.TestNGCucumberRunner.lambda$runScenario$1(TestNGCucumberRunner.java:132)
	at io.cucumber.core.runtime.CucumberExecutionContext.lambda$runTestCase$5(CucumberExecutionContext.java:129)
	at io.cucumber.core.runtime.RethrowingThrowableCollector.executeAndThrow(RethrowingThrowableCollector.java:23)
	at io.cucumber.core.runtime.CucumberExecutionContext.runTestCase(CucumberExecutionContext.java:129)
	at io.cucumber.testng.TestNGCucumberRunner.runScenario(TestNGCucumberRunner.java:129)
	at io.cucumber.testng.AbstractTestNGCucumberTests.runScenario(AbstractTestNGCucumberTests.java:35)
	at java.base/jdk.internal.reflect.NativeMethodAccessorImpl.invoke0(Native Method)
	at java.base/jdk.internal.reflect.NativeMethodAccessorImpl.invoke(NativeMethodAccessorImpl.java:77)
	at java.base/jdk.internal.reflect.DelegatingMethodAccessorImpl.invoke(DelegatingMethodAccessorImpl.java:43)
	at java.base/java.lang.reflect.Method.invoke(Method.java:568)
	at org.testng.internal.invokers.MethodInvocationHelper.invokeMethod(MethodInvocationHelper.java:139)
	at org.testng.internal.invokers.TestInvoker.invokeMethod(TestInvoker.java:677)
	at org.testng.internal.invokers.TestInvoker.invokeTestMethod(TestInvoker.java:221)
	at org.testng.internal.invokers.MethodRunner.runInSequence(MethodRunner.java:50)
	at org.testng.internal.invokers.TestInvoker$MethodInvocationAgent.invoke(TestInvoker.java:969)
	at org.testng.internal.invokers.TestInvoker.invokeTestMethods(TestInvoker.java:194)
	at org.testng.internal.invokers.TestMethodWorker.invokeTestMethods(TestMethodWorker.java:148)
	at org.testng.internal.invokers.TestMethodWorker.run(TestMethodWorker.java:128)
	at java.base/java.util.ArrayList.forEach(ArrayList.java:1511)
	at org.testng.TestRunner.privateRun(TestRunner.java:829)
	at org.testng.TestRunner.run(TestRunner.java:602)
	at org.testng.SuiteRunner.runTest(SuiteRunner.java:437)
	at org.testng.SuiteRunner.runSequentially(SuiteRunner.java:431)
	at org.testng.SuiteRunner.privateRun(SuiteRunner.java:391)
	at org.testng.SuiteRunner.run(SuiteRunner.java:330)
	at org.testng.SuiteRunnerWorker.runSuite(SuiteRunnerWorker.java:52)
	at org.testng.SuiteRunnerWorker.run(SuiteRunnerWorker.java:95)
	at org.testng.TestNG.runSuitesSequentially(TestNG.java:1256)
	at org.testng.TestNG.runSuitesLocally(TestNG.java:1176)
	at org.testng.TestNG.runSuites(TestNG.java:1099)
	at org.testng.TestNG.run(TestNG.java:1067)
	at org.apache.maven.surefire.testng.TestNGExecutor.run(TestNGExecutor.java:283)
	at org.apache.maven.surefire.testng.TestNGXmlTestSuite.execute(TestNGXmlTestSuite.java:75)
	at org.apache.maven.surefire.testng.TestNGProvider.invoke(TestNGProvider.java:120)
	at org.apache.maven.surefire.booter.ForkedBooter.invokeProviderInSameClassLoader(ForkedBooter.java:384)
	at org.apache.maven.surefire.booter.ForkedBooter.runSuitesInProcess(ForkedBooter.java:345)
	at org.apache.maven.surefire.booter.ForkedBooter.execute(ForkedBooter.java:126)
	at org.apache.maven.surefire.booter.ForkedBooter.main(ForkedBooter.java:418)
</textarea>
      
      </div>
              </div>
              <div class="step skip-bg" title="steps.ShortListStep.user_click_on_the_shortlist_button()">
                <span>And User click on the Shortlist button</span>
      <div>Step skipped
      </div>
              </div>
              <div class="step skip-bg" title="steps.ShortListStep.user_can_see_in_the_shortlist(java.lang.String)">
                <span>Then user can see "<allproducts>" in the shortlist</span>
      <div>Step skipped
      </div>
              </div>
              <div class="step skip-bg" title="steps.ShortListStep.user_add_a_product_to_the_cart_from_the_shortlist()">
                <span>When User add a product to the cart from the shortlist</span>
      <div>Step skipped
      </div>
              </div>
              <div class="step skip-bg" title="steps.ShortListStep.user_delete_a_product_from_the_shortlist()">
                <span>When User delete a product from the shortlist</span>
      <div>Step skipped
      </div>
              </div>
              <div class="step skip-bg" title="steps.ShortListStep.the_should_be_removed_from_the_shortlist(java.lang.String)">
                <span>Then the "<product>" should be removed from the shortlist</span>
      <div>Step skipped
      </div>
              </div>
          </div>
        </div>
  </div>
  <div class="card">
    <div class="card-header" role="tab">
      <div class="card-title">
        <div class="node" id="323"><span class="badge log fail-bg mr-2">Fail</span>Manage Shortlist Functions</div>
      </div>
    </div>
        <div class="">
          <div class="card-body">
              <div class="step pass-bg" title="steps.SharedSteps.user_navigate_to_the_first_cry_url()">
                <span>Given User navigate to the FirstCry URL</span>
      <div>
      </div>
              </div>
              <div class="step fail-bg" title="steps.SharedSteps.user_log_into_the_application_with_credentials()">
                <span>When User log into the application with credentials</span>
      <div>
        <textarea disabled class="code-block">org.openqa.selenium.NoSuchWindowException: no such window: target window already closed
from unknown error: web view not found
  (Session info: chrome=122.0.6261.131)
Build info: version: '4.11.0', revision: '040bc5406b'
System info: os.name: 'Windows 11', os.arch: 'amd64', os.version: '10.0', java.version: '17.0.2'
Driver info: org.openqa.selenium.chrome.ChromeDriver
Command: [cbe20b869cee4af3049b37e4fe4b8397, findElement {using=xpath, value=//div[@id='loginotp']}]
Capabilities {acceptInsecureCerts: false, browserName: chrome, browserVersion: 122.0.6261.131, chrome: {chromedriverVersion: 122.0.6261.128 (f18a44fedeb..., userDataDir: C:\Users\lenovo\AppData\Loc...}, fedcm:accounts: true, goog:chromeOptions: {debuggerAddress: localhost:28980}, networkConnectionEnabled: false, pageLoadStrategy: normal, platformName: windows, proxy: Proxy(), se:cdp: ws://localhost:28980/devtoo..., se:cdpVersion: 122.0.6261.131, setWindowRect: true, strictFileInteractability: false, timeouts: {implicit: 0, pageLoad: 300000, script: 30000}, unhandledPromptBehavior: dismiss and notify, webauthn:extension:credBlob: true, webauthn:extension:largeBlob: true, webauthn:extension:minPinLength: true, webauthn:extension:prf: true, webauthn:virtualAuthenticators: true}
Session ID: cbe20b869cee4af3049b37e4fe4b8397
	at java.base/jdk.internal.reflect.NativeConstructorAccessorImpl.newInstance0(Native Method)
	at java.base/jdk.internal.reflect.NativeConstructorAccessorImpl.newInstance(NativeConstructorAccessorImpl.java:77)
	at java.base/jdk.internal.reflect.DelegatingConstructorAccessorImpl.newInstance(DelegatingConstructorAccessorImpl.java:45)
	at java.base/java.lang.reflect.Constructor.newInstanceWithCaller(Constructor.java:499)
	at java.base/java.lang.reflect.Constructor.newInstance(Constructor.java:480)
	at org.openqa.selenium.remote.codec.w3c.W3CHttpResponseCodec.createException(W3CHttpResponseCodec.java:200)
	at org.openqa.selenium.remote.codec.w3c.W3CHttpResponseCodec.decode(W3CHttpResponseCodec.java:133)
	at org.openqa.selenium.remote.codec.w3c.W3CHttpResponseCodec.decode(W3CHttpResponseCodec.java:52)
	at org.openqa.selenium.remote.HttpCommandExecutor.execute(HttpCommandExecutor.java:191)
	at org.openqa.selenium.remote.service.DriverCommandExecutor.invokeExecute(DriverCommandExecutor.java:196)
	at org.openqa.selenium.remote.service.DriverCommandExecutor.execute(DriverCommandExecutor.java:171)
	at org.openqa.selenium.remote.RemoteWebDriver.execute(RemoteWebDriver.java:518)
	at org.openqa.selenium.remote.ElementLocation$ElementFinder$2.findElement(ElementLocation.java:165)
	at org.openqa.selenium.remote.ElementLocation.findElement(ElementLocation.java:59)
	at org.openqa.selenium.remote.RemoteWebDriver.findElement(RemoteWebDriver.java:355)
	at org.openqa.selenium.remote.RemoteWebDriver.findElement(RemoteWebDriver.java:349)
	at org.openqa.selenium.support.pagefactory.DefaultElementLocator.findElement(DefaultElementLocator.java:68)
	at org.openqa.selenium.support.pagefactory.internal.LocatingElementHandler.invoke(LocatingElementHandler.java:38)
	at jdk.proxy2/jdk.proxy2.$Proxy45.click(Unknown Source)
	at pages.LoginPage.clickOnContinue(LoginPage.java:43)
	at steps.SharedSteps.user_log_into_the_application_with_credentials(SharedSteps.java:119)
	at ?.User log into the application with credentials(file:///F:/Mphasis%20Practice%20Eclipse/RLLProject/src/test/java/features/8.ShortlistFunction.feature:6)
</textarea>
      
      </div>
              </div>
              <div class="step fail-bg" title="AFTER_STEP">
                <span>steps.SharedSteps.afterStep(io.cucumber.java.Scenario)</span>
      <div>
        <textarea disabled class="code-block">org.openqa.selenium.NoSuchWindowException: no such window: target window already closed
from unknown error: web view not found
  (Session info: chrome=122.0.6261.131)
Build info: version: '4.11.0', revision: '040bc5406b'
System info: os.name: 'Windows 11', os.arch: 'amd64', os.version: '10.0', java.version: '17.0.2'
Driver info: org.openqa.selenium.chrome.ChromeDriver
Command: [cbe20b869cee4af3049b37e4fe4b8397, screenshot {}]
Capabilities {acceptInsecureCerts: false, browserName: chrome, browserVersion: 122.0.6261.131, chrome: {chromedriverVersion: 122.0.6261.128 (f18a44fedeb..., userDataDir: C:\Users\lenovo\AppData\Loc...}, fedcm:accounts: true, goog:chromeOptions: {debuggerAddress: localhost:28980}, networkConnectionEnabled: false, pageLoadStrategy: normal, platformName: windows, proxy: Proxy(), se:cdp: ws://localhost:28980/devtoo..., se:cdpVersion: 122.0.6261.131, setWindowRect: true, strictFileInteractability: false, timeouts: {implicit: 0, pageLoad: 300000, script: 30000}, unhandledPromptBehavior: dismiss and notify, webauthn:extension:credBlob: true, webauthn:extension:largeBlob: true, webauthn:extension:minPinLength: true, webauthn:extension:prf: true, webauthn:virtualAuthenticators: true}
Session ID: cbe20b869cee4af3049b37e4fe4b8397
	at java.base/jdk.internal.reflect.NativeConstructorAccessorImpl.newInstance0(Native Method)
	at java.base/jdk.internal.reflect.NativeConstructorAccessorImpl.newInstance(NativeConstructorAccessorImpl.java:77)
	at java.base/jdk.internal.reflect.DelegatingConstructorAccessorImpl.newInstance(DelegatingConstructorAccessorImpl.java:45)
	at java.base/java.lang.reflect.Constructor.newInstanceWithCaller(Constructor.java:499)
	at java.base/java.lang.reflect.Constructor.newInstance(Constructor.java:480)
	at org.openqa.selenium.remote.codec.w3c.W3CHttpResponseCodec.createException(W3CHttpResponseCodec.java:200)
	at org.openqa.selenium.remote.codec.w3c.W3CHttpResponseCodec.decode(W3CHttpResponseCodec.java:133)
	at org.openqa.selenium.remote.codec.w3c.W3CHttpResponseCodec.decode(W3CHttpResponseCodec.java:52)
	at org.openqa.selenium.remote.HttpCommandExecutor.execute(HttpCommandExecutor.java:191)
	at org.openqa.selenium.remote.service.DriverCommandExecutor.invokeExecute(DriverCommandExecutor.java:196)
	at org.openqa.selenium.remote.service.DriverCommandExecutor.execute(DriverCommandExecutor.java:171)
	at org.openqa.selenium.remote.RemoteWebDriver.execute(RemoteWebDriver.java:518)
	at org.openqa.selenium.remote.RemoteWebDriver.execute(RemoteWebDriver.java:591)
	at org.openqa.selenium.remote.RemoteWebDriver.execute(RemoteWebDriver.java:595)
	at org.openqa.selenium.remote.RemoteWebDriver.getScreenshotAs(RemoteWebDriver.java:321)
	at utilities.ScreenShotUtility.captureScreenshot(ScreenShotUtility.java:15)
	at steps.SharedSteps.afterStep(SharedSteps.java:67)
</textarea>
      
      </div>
              </div>
              <div class="step skip-bg" title="steps.ShortListStep.user_shortlist_few_products(io.cucumber.datatable.DataTable)">
                <span>When User shortlist few products</span>
      <div><table class='markup-table table '><tr><td>Babyhug Cotton Woven Full Sleeves Checked Shirt - Navy Blue for Boys</td></tr><tr><td>Babyhug Cotton Woven Full Sleeves Checked Shirt - Red for Boys</td></tr></table>
      </div>
      <div>Step skipped
      </div>
              </div>
              <div class="step skip-bg" title="steps.ShortListStep.user_click_on_the_shortlist_button()">
                <span>And User click on the Shortlist button</span>
      <div>Step skipped
      </div>
              </div>
              <div class="step skip-bg" title="steps.ShortListStep.user_can_see_in_the_shortlist(java.lang.String)">
                <span>Then user can see "<allproducts>" in the shortlist</span>
      <div>Step skipped
      </div>
              </div>
              <div class="step skip-bg" title="steps.ShortListStep.user_add_a_product_to_the_cart_from_the_shortlist()">
                <span>When User add a product to the cart from the shortlist</span>
      <div>Step skipped
      </div>
              </div>
              <div class="step skip-bg" title="steps.ShortListStep.user_delete_a_product_from_the_shortlist()">
                <span>When User delete a product from the shortlist</span>
      <div>Step skipped
      </div>
              </div>
              <div class="step skip-bg" title="steps.ShortListStep.the_should_be_removed_from_the_shortlist(java.lang.String)">
                <span>Then the "<product>" should be removed from the shortlist</span>
      <div>Step skipped
      </div>
              </div>
              <div class="step fail-bg" title="AFTER">
                <span>steps.SharedSteps.teardownScenario(io.cucumber.java.Scenario)</span>
      <div>
        <textarea disabled class="code-block">org.openqa.selenium.NoSuchWindowException: no such window: target window already closed
from unknown error: web view not found
  (Session info: chrome=122.0.6261.131)
Build info: version: '4.11.0', revision: '040bc5406b'
System info: os.name: 'Windows 11', os.arch: 'amd64', os.version: '10.0', java.version: '17.0.2'
Driver info: org.openqa.selenium.chrome.ChromeDriver
Command: [cbe20b869cee4af3049b37e4fe4b8397, getCurrentWindowHandle {}]
Capabilities {acceptInsecureCerts: false, browserName: chrome, browserVersion: 122.0.6261.131, chrome: {chromedriverVersion: 122.0.6261.128 (f18a44fedeb..., userDataDir: C:\Users\lenovo\AppData\Loc...}, fedcm:accounts: true, goog:chromeOptions: {debuggerAddress: localhost:28980}, networkConnectionEnabled: false, pageLoadStrategy: normal, platformName: windows, proxy: Proxy(), se:cdp: ws://localhost:28980/devtoo..., se:cdpVersion: 122.0.6261.131, setWindowRect: true, strictFileInteractability: false, timeouts: {implicit: 0, pageLoad: 300000, script: 30000}, unhandledPromptBehavior: dismiss and notify, webauthn:extension:credBlob: true, webauthn:extension:largeBlob: true, webauthn:extension:minPinLength: true, webauthn:extension:prf: true, webauthn:virtualAuthenticators: true}
Session ID: cbe20b869cee4af3049b37e4fe4b8397
	at java.base/jdk.internal.reflect.NativeConstructorAccessorImpl.newInstance0(Native Method)
	at java.base/jdk.internal.reflect.NativeConstructorAccessorImpl.newInstance(NativeConstructorAccessorImpl.java:77)
	at java.base/jdk.internal.reflect.DelegatingConstructorAccessorImpl.newInstance(DelegatingConstructorAccessorImpl.java:45)
	at java.base/java.lang.reflect.Constructor.newInstanceWithCaller(Constructor.java:499)
	at java.base/java.lang.reflect.Constructor.newInstance(Constructor.java:480)
	at org.openqa.selenium.remote.codec.w3c.W3CHttpResponseCodec.createException(W3CHttpResponseCodec.java:200)
	at org.openqa.selenium.remote.codec.w3c.W3CHttpResponseCodec.decode(W3CHttpResponseCodec.java:133)
	at org.openqa.selenium.remote.codec.w3c.W3CHttpResponseCodec.decode(W3CHttpResponseCodec.java:52)
	at org.openqa.selenium.remote.HttpCommandExecutor.execute(HttpCommandExecutor.java:191)
	at org.openqa.selenium.remote.service.DriverCommandExecutor.invokeExecute(DriverCommandExecutor.java:196)
	at org.openqa.selenium.remote.service.DriverCommandExecutor.execute(DriverCommandExecutor.java:171)
	at org.openqa.selenium.remote.RemoteWebDriver.execute(RemoteWebDriver.java:518)
	at org.openqa.selenium.remote.RemoteWebDriver.execute(RemoteWebDriver.java:591)
	at org.openqa.selenium.remote.RemoteWebDriver.execute(RemoteWebDriver.java:595)
	at org.openqa.selenium.remote.RemoteWebDriver.getWindowHandle(RemoteWebDriver.java:455)
	at steps.SharedSteps.teardownScenario(SharedSteps.java:79)
</textarea>
      
      </div>
              </div>
          </div>
        </div>
  </div>
</div>
          </div>
        </li>
      </ul>
    </div>
  </div>
<div class="test-content scrollable">
<div class="test-content-tools">
<ul><li><a class="back-to-test" href="#"><i class="fa fa-arrow-left"></i></a></li></ul>
</div>
<div class="test-content-detail"><div class="detail-body"></div></div>
</div></div>
<div class="test-wrapper row view exception-view attributes-view">
<div class="test-list">
<div class="test-list-tools">
<ul class="tools pull-left"><li><a href=""><span class="font-size-14">Exception</span></a></li></ul>
<ul class="tools text-right"><li><a href="#"><span class="badge badge-primary">5</span></a></li></ul>
</div>
<div class="test-list-wrapper scrollable">
<ul class="test-list-item">
<li class="test-item">
<div class="test-detail">
<span class="meta">
<span class='badge log badge-danger'>4</span>
</span>
<p class="name">java.lang.AssertionError</p>
<p class="duration text-sm">4 tests</p>
</div>
<div class="test-contents d-none">
<div class="info">
<h4>java.lang.AssertionError</h4>
<span status="fail" class='badge log badge-danger'>4 failed</span>
</div>
<table class='table table-sm mt-4'>
<thead>
<tr>
<th class="status-col">Status</th>
<th class="timestamp-col">Timestamp</th>
<th>TestName</th>
</tr>
</thead>
<tbody>
<tr class="tag-test-status" status="fail">
<td><span class="badge log fail-bg">Fail</span></td>
<td>11:54:42 am</td>
<td>
<a href="#" class="linked" test-id='103' id='118'>Then title should be "Buy Babyhug Cotton Woven Full Sleeves Checked Shirt - Navy Blue for Boys (3-4 Years) Online in India, Shop at FirstCry.com - 15934333"</a>
<div class="">
<span class="badge badge-default">Search Functionality.Search for Product.Then title should be "Buy Babyhug Cotton Woven Full Sleeves Checked Shirt - Navy Blue for Boys (3-4 Years) Online in India, Shop at FirstCry.com - 15934333"</span>
</div>
</td>
</tr>
<tr class="tag-test-status" status="fail">
<td><span class="badge log fail-bg">Fail</span></td>
<td>11:55:24 am</td>
<td>
<a href="#" class="linked" test-id='103' id='134'>Then title should be "Buy Babyhug Cotton Woven Full Sleeves Checked Shirt - Navy Blue for Boys (3-4 Years) Online in India, Shop at FirstCry.com - 15934333"</a>
<div class="">
<span class="badge badge-default">Search Functionality.Search for Product.Then title should be "Buy Babyhug Cotton Woven Full Sleeves Checked Shirt - Navy Blue for Boys (3-4 Years) Online in India, Shop at FirstCry.com - 15934333"</span>
</div>
</td>
</tr>
<tr class="tag-test-status" status="fail">
<td><span class="badge log fail-bg">Fail</span></td>
<td>11:58:45 am</td>
<td>
<a href="#" class="linked" test-id='191' id='206'>Then User should be on storelocator page "FirstCry, BabyOye & BabyHug Store Locator - Find One Near You"</a>
<div class="">
<span class="badge badge-default">Find Stores.Find FirstCry Stores.Then User should be on storelocator page "FirstCry, BabyOye & BabyHug Store Locator - Find One Near You"</span>
</div>
</td>
</tr>
<tr class="tag-test-status" status="fail">
<td><span class="badge log fail-bg">Fail</span></td>
<td>11:59:29 am</td>
<td>
<a href="#" class="linked" test-id='191' id='234'>Then User must be able to view the storeresult</a>
<div class="">
<span class="badge badge-default">Find Stores.Find FirstCry Stores.Then User must be able to view the storeresult</span>
</div>
</td>
</tr>
</tbody>
</table>
</div>
</li>
<li class="test-item">
<div class="test-detail">
<span class="meta">
<span class='badge log badge-danger'>1</span>
</span>
<p class="name">org.openqa.selenium.TimeoutException</p>
<p class="duration text-sm">1 tests</p>
</div>
<div class="test-contents d-none">
<div class="info">
<h4>org.openqa.selenium.TimeoutException</h4>
<span status="fail" class='badge log badge-danger'>1 failed</span>
</div>
<table class='table table-sm mt-4'>
<thead>
<tr>
<th class="status-col">Status</th>
<th class="timestamp-col">Timestamp</th>
<th>TestName</th>
</tr>
</thead>
<tbody>
<tr class="tag-test-status" status="fail">
<td><span class="badge log fail-bg">Fail</span></td>
<td>12:02:14 pm</td>
<td>
<a href="#" class="linked" test-id='302' id='310'>When User shortlist few products</a>
<div class="">
<span class="badge badge-default">Manage Shortlisted Products.Manage Shortlist Functions.When User shortlist few products</span>
</div>
</td>
</tr>
</tbody>
</table>
</div>
</li>
<li class="test-item">
<div class="test-detail">
<span class="meta">
<span class='badge log badge-danger'>3</span>
</span>
<p class="name">org.openqa.selenium.NoSuchElementException</p>
<p class="duration text-sm">3 tests</p>
</div>
<div class="test-contents d-none">
<div class="info">
<h4>org.openqa.selenium.NoSuchElementException</h4>
<span status="fail" class='badge log badge-danger'>3 failed</span>
</div>
<table class='table table-sm mt-4'>
<thead>
<tr>
<th class="status-col">Status</th>
<th class="timestamp-col">Timestamp</th>
<th>TestName</th>
</tr>
</thead>
<tbody>
<tr class="tag-test-status" status="fail">
<td><span class="badge log fail-bg">Fail</span></td>
<td>11:51:32 am</td>
<td>
<a href="#" class="linked" test-id='1' id='34'>And user click the submit button</a>
<div class="">
<span class="badge badge-default">Login with UserId.Login with UserId.And user click the submit button</span>
</div>
</td>
</tr>
<tr class="tag-test-status" status="fail">
<td><span class="badge log fail-bg">Fail</span></td>
<td>11:52:09 am</td>
<td>
<a href="#" class="linked" test-id='1' id='52'>And user click the submit button</a>
<div class="">
<span class="badge badge-default">Login with UserId.Login with UserId.And user click the submit button</span>
</div>
</td>
</tr>
<tr class="tag-test-status" status="fail">
<td><span class="badge log fail-bg">Fail</span></td>
<td>12:01:35 pm</td>
<td>
<a href="#" class="linked" test-id='261' id='289'>When User add a few products to the cart</a>
<div class="">
<span class="badge badge-default">Manage Cart.Manage Cart Functions.When User add a few products to the cart</span>
</div>
</td>
</tr>
</tbody>
</table>
</div>
</li>
<li class="test-item">
<div class="test-detail">
<span class="meta">
<span class='badge log badge-danger'>3</span>
</span>
<p class="name">org.openqa.selenium.NoSuchWindowException</p>
<p class="duration text-sm">3 tests</p>
</div>
<div class="test-contents d-none">
<div class="info">
<h4>org.openqa.selenium.NoSuchWindowException</h4>
<span status="fail" class='badge log badge-danger'>3 failed</span>
</div>
<table class='table table-sm mt-4'>
<thead>
<tr>
<th class="status-col">Status</th>
<th class="timestamp-col">Timestamp</th>
<th>TestName</th>
</tr>
</thead>
<tbody>
<tr class="tag-test-status" status="fail">
<td><span class="badge log fail-bg">Fail</span></td>
<td>12:02:27 pm</td>
<td>
<a href="#" class="linked" test-id='302' id='328'>When User log into the application with credentials</a>
<div class="">
<span class="badge badge-default">Manage Shortlisted Products.Manage Shortlist Functions.When User log into the application with credentials</span>
</div>
</td>
</tr>
<tr class="tag-test-status" status="fail">
<td><span class="badge log fail-bg">Fail</span></td>
<td>12:02:29 pm</td>
<td>
<a href="#" class="linked" test-id='302' id='329'>steps.SharedSteps.afterStep(io.cucumber.java.Scenario)</a>
<div class="">
<span class="badge badge-default">Manage Shortlisted Products.Manage Shortlist Functions.steps.SharedSteps.afterStep(io.cucumber.java.Scenario)</span>
</div>
</td>
</tr>
<tr class="tag-test-status" status="fail">
<td><span class="badge log fail-bg">Fail</span></td>
<td>12:02:29 pm</td>
<td>
<a href="#" class="linked" test-id='302' id='342'>steps.SharedSteps.teardownScenario(io.cucumber.java.Scenario)</a>
<div class="">
<span class="badge badge-default">Manage Shortlisted Products.Manage Shortlist Functions.steps.SharedSteps.teardownScenario(io.cucumber.java.Scenario)</span>
</div>
</td>
</tr>
</tbody>
</table>
</div>
</li>
<li class="test-item">
<div class="test-detail">
<span class="meta">
<span class='badge log badge-danger'>1</span>
</span>
<p class="name">org.openqa.selenium.StaleElementReferenceException</p>
<p class="duration text-sm">1 tests</p>
</div>
<div class="test-contents d-none">
<div class="info">
<h4>org.openqa.selenium.StaleElementReferenceException</h4>
<span status="fail" class='badge log badge-danger'>1 failed</span>
</div>
<table class='table table-sm mt-4'>
<thead>
<tr>
<th class="status-col">Status</th>
<th class="timestamp-col">Timestamp</th>
<th>TestName</th>
</tr>
</thead>
<tbody>
<tr class="tag-test-status" status="fail">
<td><span class="badge log fail-bg">Fail</span></td>
<td>12:00:59 pm</td>
<td>
<a href="#" class="linked" test-id='261' id='269'>When User add a few products to the cart</a>
<div class="">
<span class="badge badge-default">Manage Cart.Manage Cart Functions.When User add a few products to the cart</span>
</div>
</td>
</tr>
</tbody>
</table>
</div>
</li>
</ul>
</div>
</div>
<div class="test-content scrollable">
<div class="test-content-detail">
<div class="detail-body"></div>
</div>
</div>
</div><div class="test-wrapper row view category-view attributes-view">
<div class="test-list">
<div class="test-list-tools">
<ul class="tools pull-left"><li><a href=""><span class="font-size-14">Category</span></a></li></ul>
<ul class="tools text-right"><li><a href="#"><span class="badge badge-primary">1</span></a></li></ul>
</div>
<div class="test-list-wrapper scrollable">
<ul class="test-list-item">
<li class="test-item">
<div class="test-detail">
<span class="meta">
<span class='badge log pass-bg'>10</span>
<span class='badge log badge-danger'>13</span>
</span>
<p class="name">@FirstCry</p>
<p class="duration text-sm">23 tests</p>
</div>
<div class="test-contents d-none">
<div class="info">
<h4>@FirstCry</h4>
<span status="pass" class='badge log pass-bg'>10 passed</span>
<span status="fail" class='badge log badge-danger'>13 failed</span>
</div>
<table class='table table-sm mt-4'>
<thead>
<tr>
<th class="status-col">Status</th>
<th class="timestamp-col">Timestamp</th>
<th>TestName</th>
</tr>
</thead>
<tbody>
<tr class="tag-test-status" status="fail">
<td><span class="badge log fail-bg">Fail</span></td>
<td>11:50:47 am</td>
<td>
<a href="#" class="linked" test-id='1' id='2'>Login with UserId</a>
<div class="">
<span class="badge badge-default">Login with UserId.Login with UserId</span>
</div>
</td>
</tr>
<tr class="tag-test-status" status="pass">
<td><span class="badge log pass-bg">Pass</span></td>
<td>11:50:47 am</td>
<td>
<a href="#" class="linked" test-id='1' id='3'>Login with UserId</a>
<div class="">
<span class="badge badge-default">Login with UserId.Login with UserId</span>
</div>
</td>
</tr>
<tr class="tag-test-status" status="fail">
<td><span class="badge log fail-bg">Fail</span></td>
<td>11:51:27 am</td>
<td>
<a href="#" class="linked" test-id='1' id='21'>Login with UserId</a>
<div class="">
<span class="badge badge-default">Login with UserId.Login with UserId</span>
</div>
</td>
</tr>
<tr class="tag-test-status" status="fail">
<td><span class="badge log fail-bg">Fail</span></td>
<td>11:52:02 am</td>
<td>
<a href="#" class="linked" test-id='1' id='39'>Login with UserId</a>
<div class="">
<span class="badge badge-default">Login with UserId.Login with UserId</span>
</div>
</td>
</tr>
<tr class="tag-test-status" status="pass">
<td><span class="badge log pass-bg">Pass</span></td>
<td>11:52:39 am</td>
<td>
<a href="#" class="linked" test-id='57' id='58'>Edit user profile</a>
<div class="">
<span class="badge badge-default">Edit User Profile.Edit user profile</span>
</div>
</td>
</tr>
<tr class="tag-test-status" status="pass">
<td><span class="badge log pass-bg">Pass</span></td>
<td>11:52:39 am</td>
<td>
<a href="#" class="linked" test-id='57' id='59'>Edit user profile</a>
<div class="">
<span class="badge badge-default">Edit User Profile.Edit user profile</span>
</div>
</td>
</tr>
<tr class="tag-test-status" status="pass">
<td><span class="badge log pass-bg">Pass</span></td>
<td>11:53:20 am</td>
<td>
<a href="#" class="linked" test-id='57' id='81'>Edit user profile</a>
<div class="">
<span class="badge badge-default">Edit User Profile.Edit user profile</span>
</div>
</td>
</tr>
<tr class="tag-test-status" status="fail">
<td><span class="badge log fail-bg">Fail</span></td>
<td>11:54:01 am</td>
<td>
<a href="#" class="linked" test-id='103' id='104'>Search for Product</a>
<div class="">
<span class="badge badge-default">Search Functionality.Search for Product</span>
</div>
</td>
</tr>
<tr class="tag-test-status" status="fail">
<td><span class="badge log fail-bg">Fail</span></td>
<td>11:54:01 am</td>
<td>
<a href="#" class="linked" test-id='103' id='105'>Search for Product</a>
<div class="">
<span class="badge badge-default">Search Functionality.Search for Product</span>
</div>
</td>
</tr>
<tr class="tag-test-status" status="fail">
<td><span class="badge log fail-bg">Fail</span></td>
<td>11:54:44 am</td>
<td>
<a href="#" class="linked" test-id='103' id='121'>Search for Product</a>
<div class="">
<span class="badge badge-default">Search Functionality.Search for Product</span>
</div>
</td>
</tr>
<tr class="tag-test-status" status="pass">
<td><span class="badge log pass-bg">Pass</span></td>
<td>11:55:25 am</td>
<td>
<a href="#" class="linked" test-id='103' id='137'>Search for Product</a>
<div class="">
<span class="badge badge-default">Search Functionality.Search for Product</span>
</div>
</td>
</tr>
<tr class="tag-test-status" status="pass">
<td><span class="badge log pass-bg">Pass</span></td>
<td>11:56:16 am</td>
<td>
<a href="#" class="linked" test-id='153' id='154'>Add Product to Cart</a>
<div class="">
<span class="badge badge-default">Add to Cart Functionality.Add Product to Cart</span>
</div>
</td>
</tr>
<tr class="tag-test-status" status="pass">
<td><span class="badge log pass-bg">Pass</span></td>
<td>11:56:16 am</td>
<td>
<a href="#" class="linked" test-id='153' id='155'>Add Product to Cart</a>
<div class="">
<span class="badge badge-default">Add to Cart Functionality.Add Product to Cart</span>
</div>
</td>
</tr>
<tr class="tag-test-status" status="pass">
<td><span class="badge log pass-bg">Pass</span></td>
<td>11:57:11 am</td>
<td>
<a href="#" class="linked" test-id='153' id='173'>Add Product to Cart</a>
<div class="">
<span class="badge badge-default">Add to Cart Functionality.Add Product to Cart</span>
</div>
</td>
</tr>
<tr class="tag-test-status" status="fail">
<td><span class="badge log fail-bg">Fail</span></td>
<td>11:58:05 am</td>
<td>
<a href="#" class="linked" test-id='191' id='192'>Find FirstCry Stores</a>
<div class="">
<span class="badge badge-default">Find Stores.Find FirstCry Stores</span>
</div>
</td>
</tr>
<tr class="tag-test-status" status="fail">
<td><span class="badge log fail-bg">Fail</span></td>
<td>11:58:05 am</td>
<td>
<a href="#" class="linked" test-id='191' id='193'>Find FirstCry Stores</a>
<div class="">
<span class="badge badge-default">Find Stores.Find FirstCry Stores</span>
</div>
</td>
</tr>
<tr class="tag-test-status" status="fail">
<td><span class="badge log fail-bg">Fail</span></td>
<td>11:58:46 am</td>
<td>
<a href="#" class="linked" test-id='191' id='215'>Find FirstCry Stores</a>
<div class="">
<span class="badge badge-default">Find Stores.Find FirstCry Stores</span>
</div>
</td>
</tr>
<tr class="tag-test-status" status="pass">
<td><span class="badge log pass-bg">Pass</span></td>
<td>11:59:30 am</td>
<td>
<a href="#" class="linked" test-id='237' id='238'>Search for a Preschool in city</a>
<div class="">
<span class="badge badge-default">Find Preschool Locator.Search for a Preschool in city</span>
</div>
</td>
</tr>
<tr class="tag-test-status" status="pass">
<td><span class="badge log pass-bg">Pass</span></td>
<td>11:59:30 am</td>
<td>
<a href="#" class="linked" test-id='237' id='239'>Search for a Preschool in city</a>
<div class="">
<span class="badge badge-default">Find Preschool Locator.Search for a Preschool in city</span>
</div>
</td>
</tr>
<tr class="tag-test-status" status="fail">
<td><span class="badge log fail-bg">Fail</span></td>
<td>12:00:20 pm</td>
<td>
<a href="#" class="linked" test-id='261' id='262'>Manage Cart Functions</a>
<div class="">
<span class="badge badge-default">Manage Cart.Manage Cart Functions</span>
</div>
</td>
</tr>
<tr class="tag-test-status" status="fail">
<td><span class="badge log fail-bg">Fail</span></td>
<td>12:00:59 pm</td>
<td>
<a href="#" class="linked" test-id='261' id='282'>Manage Cart Functions</a>
<div class="">
<span class="badge badge-default">Manage Cart.Manage Cart Functions</span>
</div>
</td>
</tr>
<tr class="tag-test-status" status="fail">
<td><span class="badge log fail-bg">Fail</span></td>
<td>12:01:36 pm</td>
<td>
<a href="#" class="linked" test-id='302' id='303'>Manage Shortlist Functions</a>
<div class="">
<span class="badge badge-default">Manage Shortlisted Products.Manage Shortlist Functions</span>
</div>
</td>
</tr>
<tr class="tag-test-status" status="fail">
<td><span class="badge log fail-bg">Fail</span></td>
<td>12:02:25 pm</td>
<td>
<a href="#" class="linked" test-id='302' id='323'>Manage Shortlist Functions</a>
<div class="">
<span class="badge badge-default">Manage Shortlisted Products.Manage Shortlist Functions</span>
</div>
</td>
</tr>
</tbody>
</table>
</div>
</li>
</ul>
</div>
</div>
<div class="test-content scrollable">
<div class="test-content-detail">
<div class="detail-body"></div>
</div>
</div>
</div><div class="container-fluid p-4 view dashboard-view">
<div class="row">
<div class="col-md-3">
<div class="card"><div class="card-body">
<p class="m-b-0">Started</p>
<h3>Mar 26, 2024 11:50:44 am</h3>
</div></div>
</div>
<div class="col-md-3">
<div class="card"><div class="card-body">
<p class="m-b-0">Ended</p>
<h3>Mar 26, 2024 12:02:30 pm</h3>
</div></div>
</div>
<div class="col-md-3">
<div class="card"><div class="card-body">
<p class="m-b-0 text-pass">Features Passed</p>
<h3>3</h3>
</div></div>
</div>
<div class="col-md-3">
<div class="card"><div class="card-body">
<p class="m-b-0 text-fail">Features Failed</p>
<h3>5</h3>
</div></div>
</div>
</div>
<div class="row">
<div class="col-md-4">
<div class="card">
<div class="card-header">
<h6 class="card-title">Features</h6>
</div>
<div class="card-body">
<div class="">
<canvas id='parent-analysis' width='115' height='90'></canvas>
</div>
</div>
<div class="card-footer">
<div><small data-tooltip='37%'>
<b>3</b> features passed
</small>
</div>
<div>
<small data-tooltip='62%'><b>5</b> features failed,
<b>0</b> skipped, <b data-tooltip='0%'>0</b> others
</small>
</div>
</div>
</div>
</div>
<div class="col-md-4">
<div class="card">
<div class="card-header">
<h6 class="card-title">Scenarios</h6>
</div>
<div class="card-body">
<div class="">
<canvas id='child-analysis' width='115' height='90'></canvas>
</div>
</div>
<div class="card-footer">
<div><small data-tooltip='41%'><b>7</b> scenarios passed</small></div>
<div>
<small data-tooltip='58%'><b>10</b> scenarios failed,
<b>0</b> skipped, <b data-tooltip='%'>0</b> others
</small>
</div>
</div>
</div>
</div>
<div class="col-md-4">
<div class="card">
<div class="card-header">
<h6 class="card-title">Steps</h6>
</div>
<div class="card-body">
<div class="">
<canvas id='grandchild-analysis' width='115' height='90'></canvas>
</div>
</div>
<div class="card-footer">
<div><small data-tooltip='71%'><b>94</b> steps passed</small></div>
<div>
<small data-tooltip='9%'><b>12</b> steps failed,
<b>26</b> skipped, <b data-tooltip='%'>0</b> others
</small>
</div>
</div>
</div>
</div>
</div>
<div class="row"><div class="col-md-12">
<div class="card"><div class="card-header"><p>Timeline</p></div>
<div class="card-body pt-0"><div>
<canvas id="timeline" height="120"></canvas>
</div></div>
</div>
</div></div>
<script>
var timeline = {
"Login with UserId":112.299,"Edit User Profile":82.061,"Search Functionality":134.497,"Add to Cart Functionality":109.601,"Find Stores":84.354,"Find Preschool Locator":50.207,"Manage Cart":76.206,"Manage Shortlisted Products":53.077
};
</script>
<div class="row">
<div class="col-lg-6 col-md-12 category-container">
<div class="card">
<div class="card-header"><p>Tags</p></div>
<div class="card-body pb-0 pt-0"><table class="table table-sm table-bordered">
<thead><tr class="bg-gray"><th>Name</th><th>Passed</th><th>Failed</th><th>Skipped</th><th>Others</th><th>Passed %</th></tr></thead><tbody>
<tr>
<td>@FirstCry</td>
<td>10</td>
<td>13</td>
<td>0</td>
<td>0</td>
<td>43.478%</td>
</tr>
</tbody>
</table></div>
</div>
</div>
<div class="col-lg-6 col-md-12 sysenv-container">
<div class="card">
<div class="card-header"><p>System/Environment</p></div>
<div class="card-body pb-0 pt-0"><table class="table table-sm table-bordered">
<thead><tr class="bg-gray"><th>Name</th><th>Value</th></tr></thead>
<tbody>
<tr>
<td>AppName</td>
<td>AutomationPractice</td>
</tr>
<tr>
<td>user</td>
<td>Team001</td>
</tr>
<tr>
<td>version</td>
<td>10</td>
</tr>
<tr>
<td>build</td>
<td>1.1</td>
</tr>
<tr>
<td>os</td>
<td>windows</td>
</tr>
</tbody>
</table></div>
</div>
</div>
</div>
</div>
<script>
var statusGroup = {
parentCount: 5,
passParent: 3,
failParent: 5,
warningParent: 0,
skipParent: 0,
childCount: 5,
passChild: 7,
failChild: 10,
warningChild: 0,
skipChild: 0,
infoChild: 0,
grandChildCount: 5,
passGrandChild: 94,
failGrandChild: 12,
warningGrandChild: 0,
skipGrandChild: 26,
infoGrandChild: 0,
eventsCount: 5,
};
</script>        </div>
      </div>
    </div>
  </div>
<script src="https://cdn.jsdelivr.net/gh/extent-framework/extent-github-cdn@d6562a79075e061305ccfdb82f01e5e195e2d307/spark/js/spark-script.js"></script>
<script type="text/javascript"></script></body>
</html>