<?xml version="1.0" encoding="UTF-8"?>
<testng-results ignored="0" total="2" passed="2" failed="0" skipped="0">
  <reporter-output>
  </reporter-output>
  <suite started-at="2024-03-26T22:34:11 IST" name="Suite" finished-at="2024-03-26T22:36:26 IST" duration-ms="135099">
    <groups>
      <group name="cucumber">
        <method signature="AbstractTestNGCucumberTests.runScenario(io.cucumber.testng.PickleWrapper,io.cucumber.testng.FeatureWrapper)[pri:0, instance:runners.TestRunner@5dd1c9f2]" name="runScenario" class="io.cucumber.testng.AbstractTestNGCucumberTests"/>
      </group> <!-- cucumber -->
    </groups>
    <test started-at="2024-03-26T22:34:11 IST" name="FirstCry Test" finished-at="2024-03-26T22:36:26 IST" duration-ms="135099">
      <class name="runners.TestRunner">
        <test-method is-config="true" signature="setUpClass(org.testng.ITestContext)[pri:0, instance:runners.TestRunner@5dd1c9f2]" started-at="2024-03-26T22:34:11 IST" name="setUpClass" finished-at="2024-03-26T22:34:13 IST" duration-ms="2559" status="PASS">
          <params>
            <param index="0">
              <value>
                <![CDATA[org.testng.TestRunner@29b4444a]]>
              </value>
            </param>
          </params>
          <reporter-output>
          </reporter-output>
        </test-method> <!-- setUpClass -->
        <test-method signature="runScenario(io.cucumber.testng.PickleWrapper,io.cucumber.testng.FeatureWrapper)[pri:0, instance:runners.TestRunner@5dd1c9f2]" started-at="2024-03-26T22:34:13 IST" name="runScenario" description="Runs Cucumber Scenarios" data-provider="scenarios" finished-at="2024-03-26T22:35:26 IST" duration-ms="72212" status="PASS">
          <params>
            <param index="0">
              <value>
                <![CDATA["Manage Cart Functions"]]>
              </value>
            </param>
            <param index="1">
              <value>
                <![CDATA["Manage Cart"]]>
              </value>
            </param>
          </params>
          <reporter-output>
          </reporter-output>
        </test-method> <!-- runScenario -->
        <test-method signature="runScenario(io.cucumber.testng.PickleWrapper,io.cucumber.testng.FeatureWrapper)[pri:0, instance:runners.TestRunner@5dd1c9f2]" started-at="2024-03-26T22:35:26 IST" name="runScenario" description="Runs Cucumber Scenarios" data-provider="scenarios" finished-at="2024-03-26T22:36:23 IST" duration-ms="57376" status="PASS">
          <params>
            <param index="0">
              <value>
                <![CDATA["Manage Shortlist Functions"]]>
              </value>
            </param>
            <param index="1">
              <value>
                <![CDATA["Manage Shortlisted Products"]]>
              </value>
            </param>
          </params>
          <reporter-output>
          </reporter-output>
        </test-method> <!-- runScenario -->
        <test-method is-config="true" signature="tearDownClass()[pri:0, instance:runners.TestRunner@5dd1c9f2]" started-at="2024-03-26T22:36:23 IST" name="tearDownClass" finished-at="2024-03-26T22:36:26 IST" duration-ms="2916" status="PASS">
          <reporter-output>
          </reporter-output>
        </test-method> <!-- tearDownClass -->
      </class> <!-- runners.TestRunner -->
    </test> <!-- FirstCry Test -->
  </suite> <!-- Suite -->
</testng-results>
