<?xml version="1.0" encoding="UTF-8"?>
<testsuite xmlns:xsi="http://www.w3.org/2001/XMLSchema-instance" xsi:noNamespaceSchemaLocation="https://maven.apache.org/surefire/maven-surefire-plugin/xsd/surefire-test-report.xsd" name="runners.TestRunner" time="334.267" tests="10" errors="0" skipped="0" failures="9">
  <properties>
[...]
</properties>
  <testcase name="runScenario" classname="runners.TestRunner" time="41.448"/>
  <testcase name="runScenario" classname="runners.TestRunner" time="50.75">
    <failure message="element not interactable: [object HTMLSpanElement] has no size and location&#10;  (Session info: chrome=122.0.6261.131)&#10;Build info: version: &apos;4.11.0&apos;, revision: &apos;040bc5406b&apos;&#10;System info: os.name: &apos;Windows 11&apos;, os.arch: &apos;amd64&apos;, os.version: &apos;10.0&apos;, java.version: &apos;17.0.2&apos;&#10;Driver info: org.openqa.selenium.chrome.ChromeDriver&#10;Command: [3aa3b2bbfd2cad19ca57e78dd93ca8cb, actions {actions=[org.openqa.selenium.interactions.Sequence@285a4fe3]}]&#10;Capabilities {acceptInsecureCerts: false, browserName: chrome, browserVersion: 122.0.6261.131, chrome: {chromedriverVersion: 122.0.6261.128 (f18a44fedeb..., userDataDir: C:\Users\lenovo\AppData\Loc...}, fedcm:accounts: true, goog:chromeOptions: {debuggerAddress: localhost:36423}, networkConnectionEnabled: false, pageLoadStrategy: normal, platformName: windows, proxy: Proxy(), se:cdp: ws://localhost:36423/devtoo..., se:cdpVersion: 122.0.6261.131, setWindowRect: true, strictFileInteractability: false, timeouts: {implicit: 0, pageLoad: 300000, script: 30000}, unhandledPromptBehavior: dismiss and notify, webauthn:extension:credBlob: true, webauthn:extension:largeBlob: true, webauthn:extension:minPinLength: true, webauthn:extension:prf: true, webauthn:virtualAuthenticators: true}&#10;Session ID: 3aa3b2bbfd2cad19ca57e78dd93ca8cb" type="org.openqa.selenium.ElementNotInteractableException">org.openqa.selenium.ElementNotInteractableException: 
element not interactable: [object HTMLSpanElement] has no size and location
  (Session info: chrome=122.0.6261.131)
Build info: version: '4.11.0', revision: '040bc5406b'
System info: os.name: 'Windows 11', os.arch: 'amd64', os.version: '10.0', java.version: '17.0.2'
Driver info: org.openqa.selenium.chrome.ChromeDriver
Command: [3aa3b2bbfd2cad19ca57e78dd93ca8cb, actions {actions=[org.openqa.selenium.interactions.Sequence@285a4fe3]}]
Capabilities {acceptInsecureCerts: false, browserName: chrome, browserVersion: 122.0.6261.131, chrome: {chromedriverVersion: 122.0.6261.128 (f18a44fedeb..., userDataDir: C:\Users\lenovo\AppData\Loc...}, fedcm:accounts: true, goog:chromeOptions: {debuggerAddress: localhost:36423}, networkConnectionEnabled: false, pageLoadStrategy: normal, platformName: windows, proxy: Proxy(), se:cdp: ws://localhost:36423/devtoo..., se:cdpVersion: 122.0.6261.131, setWindowRect: true, strictFileInteractability: false, timeouts: {implicit: 0, pageLoad: 300000, script: 30000}, unhandledPromptBehavior: dismiss and notify, webauthn:extension:credBlob: true, webauthn:extension:largeBlob: true, webauthn:extension:minPinLength: true, webauthn:extension:prf: true, webauthn:virtualAuthenticators: true}
Session ID: 3aa3b2bbfd2cad19ca57e78dd93ca8cb
</failure>
    <system-out><![CDATA[
@FirstCry
Scenario Outline: Login, Search                       &amp#27;[90m# src/test/java/features/3.SearchOperation.feature:16&amp#27;[0m
  &amp#27;[32mGiven &amp#27;[0m&amp#27;[32mUser navigate to the FirstCry URL&amp#27;[0m             &amp#27;[90m# steps.SharedSteps.user_navigate_to_the_first_cry_url()&amp#27;[0m
  &amp#27;[32mWhen &amp#27;[0m&amp#27;[32mUser log into the application with credentials&amp#27;[0m &amp#27;[90m# steps.SharedSteps.user_log_into_the_application_with_credentials()&amp#27;[0m
  &amp#27;[32mWhen &amp#27;[0m&amp#27;[32mUser search for &amp#27;[0m&amp#27;[32m&amp#27;[1m"watches"&amp#27;[0m                      &amp#27;[90m# steps.SearchStep.user_search_for(java.lang.String)&amp#27;[0m
  &amp#27;[32mAnd &amp#27;[0m&amp#27;[32mselect product from the search results&amp#27;[0m          &amp#27;[90m# steps.SearchStep.select_product_from_the_search_results()&amp#27;[0m
  &amp#27;[32mAnd &amp#27;[0m&amp#27;[32mUser switches focus to the newÂ tab&amp#27;[0m              &amp#27;[90m# steps.SearchStep.user_switches_focus_to_the_new_tab()&amp#27;[0m
  &amp#27;[31mThen &amp#27;[0m&amp#27;[31mtitle should be &amp#27;[0m&amp#27;[31m&amp#27;[1m""&amp#27;[0m                             &amp#27;[90m# steps.SearchStep.title_should_be(java.lang.String)&amp#27;[0m
      &amp#27;[31morg.openqa.selenium.ElementNotInteractableException: element not interactable: [object HTMLSpanElement] has no size and location
  (Session info: chrome=122.0.6261.131)
Build info: version: '4.11.0', revision: '040bc5406b'
System info: os.name: 'Windows 11', os.arch: 'amd64', os.version: '10.0', java.version: '17.0.2'
Driver info: org.openqa.selenium.chrome.ChromeDriver
Command: [3aa3b2bbfd2cad19ca57e78dd93ca8cb, actions {actions=[org.openqa.selenium.interactions.Sequence@285a4fe3]}]
Capabilities {acceptInsecureCerts: false, browserName: chrome, browserVersion: 122.0.6261.131, chrome: {chromedriverVersion: 122.0.6261.128 (f18a44fedeb..., userDataDir: C:\Users\lenovo\AppData\Loc...}, fedcm:accounts: true, goog:chromeOptions: {debuggerAddress: localhost:36423}, networkConnectionEnabled: false, pageLoadStrategy: normal, platformName: windows, proxy: Proxy(), se:cdp: ws://localhost:36423/devtoo..., se:cdpVersion: 122.0.6261.131, setWindowRect: true, strictFileInteractability: false, timeouts: {implicit: 0, pageLoad: 300000, script: 30000}, unhandledPromptBehavior: dismiss and notify, webauthn:extension:credBlob: true, webauthn:extension:largeBlob: true, webauthn:extension:minPinLength: true, webauthn:extension:prf: true, webauthn:virtualAuthenticators: true}
Session ID: 3aa3b2bbfd2cad19ca57e78dd93ca8cb
	at java.base/jdk.internal.reflect.NativeConstructorAccessorImpl.newInstance0(Native Method)
	at java.base/jdk.internal.reflect.NativeConstructorAccessorImpl.newInstance(NativeConstructorAccessorImpl.java:77)
	at java.base/jdk.internal.reflect.DelegatingConstructorAccessorImpl.newInstance(DelegatingConstructorAccessorImpl.java:45)
	at java.base/java.lang.reflect.Constructor.newInstanceWithCaller(Constructor.java:499)
	at java.base/java.lang.reflect.Constructor.newInstance(Constructor.java:480)
	at org.openqa.selenium.remote.codec.w3c.W3CHttpResponseCodec.createException(W3CHttpResponseCodec.java:200)
	at org.openqa.selenium.remote.codec.w3c.W3CHttpResponseCodec.decode(W3CHttpResponseCodec.java:133)
	at org.openqa.selenium.remote.codec.w3c.W3CHttpResponseCodec.decode(W3CHttpResponseCodec.java:52)
	at org.openqa.selenium.remote.HttpCommandExecutor.execute(HttpCommandExecutor.java:191)
	at org.openqa.selenium.remote.service.DriverCommandExecutor.invokeExecute(DriverCommandExecutor.java:196)
	at org.openqa.selenium.remote.service.DriverCommandExecutor.execute(DriverCommandExecutor.java:171)
	at org.openqa.selenium.remote.RemoteWebDriver.execute(RemoteWebDriver.java:518)
	at org.openqa.selenium.remote.RemoteWebDriver.perform(RemoteWebDriver.java:604)
	at org.openqa.selenium.interactions.Actions$BuiltAction.perform(Actions.java:605)
	at pages.HomePage.clickOnLogout(HomePage.java:99)
	at steps.SearchStep.title_should_be(SearchStep.java:43)
	at âœ½.title should be ""(file:///F:/Mphasis%20Practice%20Eclipse/RLLProject/src/test/java/features/3.SearchOperation.feature:12)
&amp#27;[0m
]]></system-out>
  </testcase>
  <testcase name="runScenario" classname="runners.TestRunner" time="7.121">
    <failure message="element not interactable&#10;  (Session info: chrome=122.0.6261.131)&#10;Build info: version: &apos;4.11.0&apos;, revision: &apos;040bc5406b&apos;&#10;System info: os.name: &apos;Windows 11&apos;, os.arch: &apos;amd64&apos;, os.version: &apos;10.0&apos;, java.version: &apos;17.0.2&apos;&#10;Driver info: org.openqa.selenium.chrome.ChromeDriver&#10;Command: [3aa3b2bbfd2cad19ca57e78dd93ca8cb, clickElement {id=f.D92BE093594B6D78CAA08BA354070C9A.d.4F2D0E16E060D738FAF48C7CB87AADB6.e.153}]&#10;Capabilities {acceptInsecureCerts: false, browserName: chrome, browserVersion: 122.0.6261.131, chrome: {chromedriverVersion: 122.0.6261.128 (f18a44fedeb..., userDataDir: C:\Users\lenovo\AppData\Loc...}, fedcm:accounts: true, goog:chromeOptions: {debuggerAddress: localhost:36423}, networkConnectionEnabled: false, pageLoadStrategy: normal, platformName: windows, proxy: Proxy(), se:cdp: ws://localhost:36423/devtoo..., se:cdpVersion: 122.0.6261.131, setWindowRect: true, strictFileInteractability: false, timeouts: {implicit: 0, pageLoad: 300000, script: 30000}, unhandledPromptBehavior: dismiss and notify, webauthn:extension:credBlob: true, webauthn:extension:largeBlob: true, webauthn:extension:minPinLength: true, webauthn:extension:prf: true, webauthn:virtualAuthenticators: true}&#10;Element: [[ChromeDriver: chrome on windows (3aa3b2bbfd2cad19ca57e78dd93ca8cb)] -&gt; xpath: //li[@class=&apos;logreg&apos;]/child::span[1]]&#10;Session ID: 3aa3b2bbfd2cad19ca57e78dd93ca8cb" type="org.openqa.selenium.ElementNotInteractableException">org.openqa.selenium.ElementNotInteractableException: 
element not interactable
  (Session info: chrome=122.0.6261.131)
Build info: version: '4.11.0', revision: '040bc5406b'
System info: os.name: 'Windows 11', os.arch: 'amd64', os.version: '10.0', java.version: '17.0.2'
Driver info: org.openqa.selenium.chrome.ChromeDriver
Command: [3aa3b2bbfd2cad19ca57e78dd93ca8cb, clickElement {id=f.D92BE093594B6D78CAA08BA354070C9A.d.4F2D0E16E060D738FAF48C7CB87AADB6.e.153}]
Capabilities {acceptInsecureCerts: false, browserName: chrome, browserVersion: 122.0.6261.131, chrome: {chromedriverVersion: 122.0.6261.128 (f18a44fedeb..., userDataDir: C:\Users\lenovo\AppData\Loc...}, fedcm:accounts: true, goog:chromeOptions: {debuggerAddress: localhost:36423}, networkConnectionEnabled: false, pageLoadStrategy: normal, platformName: windows, proxy: Proxy(), se:cdp: ws://localhost:36423/devtoo..., se:cdpVersion: 122.0.6261.131, setWindowRect: true, strictFileInteractability: false, timeouts: {implicit: 0, pageLoad: 300000, script: 30000}, unhandledPromptBehavior: dismiss and notify, webauthn:extension:credBlob: true, webauthn:extension:largeBlob: true, webauthn:extension:minPinLength: true, webauthn:extension:prf: true, webauthn:virtualAuthenticators: true}
Element: [[ChromeDriver: chrome on windows (3aa3b2bbfd2cad19ca57e78dd93ca8cb)] -> xpath: //li[@class='logreg']/child::span[1]]
Session ID: 3aa3b2bbfd2cad19ca57e78dd93ca8cb
</failure>
    <system-out><![CDATA[
@FirstCry
Scenario Outline: Login, Search                       &amp#27;[90m# src/test/java/features/3.SearchOperation.feature:17&amp#27;[0m
  &amp#27;[32mGiven &amp#27;[0m&amp#27;[32mUser navigate to the FirstCry URL&amp#27;[0m             &amp#27;[90m# steps.SharedSteps.user_navigate_to_the_first_cry_url()&amp#27;[0m
  &amp#27;[31mWhen &amp#27;[0m&amp#27;[31mUser log into the application with credentials&amp#27;[0m &amp#27;[90m# steps.SharedSteps.user_log_into_the_application_with_credentials()&amp#27;[0m
      &amp#27;[31morg.openqa.selenium.ElementNotInteractableException: element not interactable
  (Session info: chrome=122.0.6261.131)
Build info: version: '4.11.0', revision: '040bc5406b'
System info: os.name: 'Windows 11', os.arch: 'amd64', os.version: '10.0', java.version: '17.0.2'
Driver info: org.openqa.selenium.chrome.ChromeDriver
Command: [3aa3b2bbfd2cad19ca57e78dd93ca8cb, clickElement {id=f.D92BE093594B6D78CAA08BA354070C9A.d.4F2D0E16E060D738FAF48C7CB87AADB6.e.153}]
Capabilities {acceptInsecureCerts: false, browserName: chrome, browserVersion: 122.0.6261.131, chrome: {chromedriverVersion: 122.0.6261.128 (f18a44fedeb..., userDataDir: C:\Users\lenovo\AppData\Loc...}, fedcm:accounts: true, goog:chromeOptions: {debuggerAddress: localhost:36423}, networkConnectionEnabled: false, pageLoadStrategy: normal, platformName: windows, proxy: Proxy(), se:cdp: ws://localhost:36423/devtoo..., se:cdpVersion: 122.0.6261.131, setWindowRect: true, strictFileInteractability: false, timeouts: {implicit: 0, pageLoad: 300000, script: 30000}, unhandledPromptBehavior: dismiss and notify, webauthn:extension:credBlob: true, webauthn:extension:largeBlob: true, webauthn:extension:minPinLength: true, webauthn:extension:prf: true, webauthn:virtualAuthenticators: true}
Element: [[ChromeDriver: chrome on windows (3aa3b2bbfd2cad19ca57e78dd93ca8cb)] -> xpath: //li[@class='logreg']/child::span[1]]
Session ID: 3aa3b2bbfd2cad19ca57e78dd93ca8cb
	at java.base/jdk.internal.reflect.NativeConstructorAccessorImpl.newInstance0(Native Method)
	at java.base/jdk.internal.reflect.NativeConstructorAccessorImpl.newInstance(NativeConstructorAccessorImpl.java:77)
	at java.base/jdk.internal.reflect.DelegatingConstructorAccessorImpl.newInstance(DelegatingConstructorAccessorImpl.java:45)
	at java.base/java.lang.reflect.Constructor.newInstanceWithCaller(Constructor.java:499)
	at java.base/java.lang.reflect.Constructor.newInstance(Constructor.java:480)
	at org.openqa.selenium.remote.codec.w3c.W3CHttpResponseCodec.createException(W3CHttpResponseCodec.java:200)
	at org.openqa.selenium.remote.codec.w3c.W3CHttpResponseCodec.decode(W3CHttpResponseCodec.java:133)
	at org.openqa.selenium.remote.codec.w3c.W3CHttpResponseCodec.decode(W3CHttpResponseCodec.java:52)
	at org.openqa.selenium.remote.HttpCommandExecutor.execute(HttpCommandExecutor.java:191)
	at org.openqa.selenium.remote.service.DriverCommandExecutor.invokeExecute(DriverCommandExecutor.java:196)
	at org.openqa.selenium.remote.service.DriverCommandExecutor.execute(DriverCommandExecutor.java:171)
	at org.openqa.selenium.remote.RemoteWebDriver.execute(RemoteWebDriver.java:518)
	at org.openqa.selenium.remote.RemoteWebElement.execute(RemoteWebElement.java:224)
	at org.openqa.selenium.remote.RemoteWebElement.click(RemoteWebElement.java:77)
	at java.base/jdk.internal.reflect.NativeMethodAccessorImpl.invoke0(Native Method)
	at java.base/jdk.internal.reflect.NativeMethodAccessorImpl.invoke(NativeMethodAccessorImpl.java:77)
	at java.base/jdk.internal.reflect.DelegatingMethodAccessorImpl.invoke(DelegatingMethodAccessorImpl.java:43)
	at java.base/java.lang.reflect.Method.invoke(Method.java:568)
	at org.openqa.selenium.support.pagefactory.internal.LocatingElementHandler.invoke(LocatingElementHandler.java:51)
	at jdk.proxy2/jdk.proxy2.$Proxy30.click(Unknown Source)
	at pages.LoginPage.clickOnLogin(LoginPage.java:29)
	at steps.SharedSteps.user_log_into_the_application_with_credentials(SharedSteps.java:35)
	at âœ½.User log into the application with credentials(file:///F:/Mphasis%20Practice%20Eclipse/RLLProject/src/test/java/features/3.SearchOperation.feature:6)
&amp#27;[0m
  &amp#27;[36mWhen &amp#27;[0m&amp#27;[36mUser search for &amp#27;[0m&amp#27;[36m&amp#27;[1m"Jackets"&amp#27;[0m                      &amp#27;[90m# steps.SearchStep.user_search_for(java.lang.String)&amp#27;[0m
  &amp#27;[36mAnd &amp#27;[0m&amp#27;[36mselect product from the search results&amp#27;[0m          &amp#27;[90m# steps.SearchStep.select_product_from_the_search_results()&amp#27;[0m
  &amp#27;[36mAnd &amp#27;[0m&amp#27;[36mUser switches focus to the newÂ tab&amp#27;[0m              &amp#27;[90m# steps.SearchStep.user_switches_focus_to_the_new_tab()&amp#27;[0m
  &amp#27;[36mThen &amp#27;[0m&amp#27;[36mtitle should be &amp#27;[0m&amp#27;[36m&amp#27;[1m""&amp#27;[0m                             &amp#27;[90m# steps.SearchStep.title_should_be(java.lang.String)&amp#27;[0m
]]></system-out>
  </testcase>
  <testcase name="runScenario" classname="runners.TestRunner" time="53.809">
    <failure message="java.lang.reflect.InvocationTargetException&#10;Build info: version: &apos;4.11.0&apos;, revision: &apos;040bc5406b&apos;&#10;System info: os.name: &apos;Windows 11&apos;, os.arch: &apos;amd64&apos;, os.version: &apos;10.0&apos;, java.version: &apos;17.0.2&apos;&#10;Driver info: org.openqa.selenium.chrome.ChromeDriver&#10;Command: [3aa3b2bbfd2cad19ca57e78dd93ca8cb, actions {actions=[org.openqa.selenium.interactions.Sequence@743d0d44]}]&#10;Capabilities {acceptInsecureCerts: false, browserName: chrome, browserVersion: 122.0.6261.131, chrome: {chromedriverVersion: 122.0.6261.128 (f18a44fedeb..., userDataDir: C:\Users\lenovo\AppData\Loc...}, fedcm:accounts: true, goog:chromeOptions: {debuggerAddress: localhost:36423}, networkConnectionEnabled: false, pageLoadStrategy: normal, platformName: windows, proxy: Proxy(), se:cdp: ws://localhost:36423/devtoo..., se:cdpVersion: 122.0.6261.131, setWindowRect: true, strictFileInteractability: false, timeouts: {implicit: 0, pageLoad: 300000, script: 30000}, unhandledPromptBehavior: dismiss and notify, webauthn:extension:credBlob: true, webauthn:extension:largeBlob: true, webauthn:extension:minPinLength: true, webauthn:extension:prf: true, webauthn:virtualAuthenticators: true}&#10;Session ID: 3aa3b2bbfd2cad19ca57e78dd93ca8cb" type="org.openqa.selenium.json.JsonException">org.openqa.selenium.json.JsonException: 
java.lang.reflect.InvocationTargetException
Build info: version: '4.11.0', revision: '040bc5406b'
System info: os.name: 'Windows 11', os.arch: 'amd64', os.version: '10.0', java.version: '17.0.2'
Driver info: org.openqa.selenium.chrome.ChromeDriver
Command: [3aa3b2bbfd2cad19ca57e78dd93ca8cb, actions {actions=[org.openqa.selenium.interactions.Sequence@743d0d44]}]
Capabilities {acceptInsecureCerts: false, browserName: chrome, browserVersion: 122.0.6261.131, chrome: {chromedriverVersion: 122.0.6261.128 (f18a44fedeb..., userDataDir: C:\Users\lenovo\AppData\Loc...}, fedcm:accounts: true, goog:chromeOptions: {debuggerAddress: localhost:36423}, networkConnectionEnabled: false, pageLoadStrategy: normal, platformName: windows, proxy: Proxy(), se:cdp: ws://localhost:36423/devtoo..., se:cdpVersion: 122.0.6261.131, setWindowRect: true, strictFileInteractability: false, timeouts: {implicit: 0, pageLoad: 300000, script: 30000}, unhandledPromptBehavior: dismiss and notify, webauthn:extension:credBlob: true, webauthn:extension:largeBlob: true, webauthn:extension:minPinLength: true, webauthn:extension:prf: true, webauthn:virtualAuthenticators: true}
Session ID: 3aa3b2bbfd2cad19ca57e78dd93ca8cb
Caused by: java.lang.reflect.InvocationTargetException
Caused by: org.openqa.selenium.NoSuchElementException: 
no such element: Unable to locate element: {"method":"xpath","selector":"//ul[@class='my_acc1']/descendant::span"}
  (Session info: chrome=122.0.6261.131)
For documentation on this error, please visit: https://www.selenium.dev/documentation/webdriver/troubleshooting/errors#no-such-element-exception
Build info: version: '4.11.0', revision: '040bc5406b'
System info: os.name: 'Windows 11', os.arch: 'amd64', os.version: '10.0', java.version: '17.0.2'
Driver info: org.openqa.selenium.chrome.ChromeDriver
Command: [3aa3b2bbfd2cad19ca57e78dd93ca8cb, findElement {using=xpath, value=//ul[@class='my_acc1']/descendant::span}]
Capabilities {acceptInsecureCerts: false, browserName: chrome, browserVersion: 122.0.6261.131, chrome: {chromedriverVersion: 122.0.6261.128 (f18a44fedeb..., userDataDir: C:\Users\lenovo\AppData\Loc...}, fedcm:accounts: true, goog:chromeOptions: {debuggerAddress: localhost:36423}, networkConnectionEnabled: false, pageLoadStrategy: normal, platformName: windows, proxy: Proxy(), se:cdp: ws://localhost:36423/devtoo..., se:cdpVersion: 122.0.6261.131, setWindowRect: true, strictFileInteractability: false, timeouts: {implicit: 0, pageLoad: 300000, script: 30000}, unhandledPromptBehavior: dismiss and notify, webauthn:extension:credBlob: true, webauthn:extension:largeBlob: true, webauthn:extension:minPinLength: true, webauthn:extension:prf: true, webauthn:virtualAuthenticators: true}
Session ID: 3aa3b2bbfd2cad19ca57e78dd93ca8cb
</failure>
    <system-out><![CDATA[
@FirstCry
Scenario Outline: Login, Search and Add Product to Cart &amp#27;[90m# src/test/java/features/4.AddToCart.feature:17&amp#27;[0m
  &amp#27;[32mGiven &amp#27;[0m&amp#27;[32mUser navigate to the FirstCry URL&amp#27;[0m               &amp#27;[90m# steps.SharedSteps.user_navigate_to_the_first_cry_url()&amp#27;[0m
  &amp#27;[32mWhen &amp#27;[0m&amp#27;[32mUser log into the application with credentials&amp#27;[0m   &amp#27;[90m# steps.SharedSteps.user_log_into_the_application_with_credentials()&amp#27;[0m
  &amp#27;[32mWhen &amp#27;[0m&amp#27;[32mUser search for a &amp#27;[0m&amp#27;[32m&amp#27;[1m"Toys"&amp#27;[0m                         &amp#27;[90m# steps.AddToCartStepDefination.user_search_for_a(java.lang.String)&amp#27;[0m
  &amp#27;[32mAnd &amp#27;[0m&amp#27;[32mClick on one Product&amp#27;[0m                              &amp#27;[90m# steps.AddToCartStepDefination.click_on_one_product()&amp#27;[0m
  &amp#27;[32mAnd &amp#27;[0m&amp#27;[32mUser switches focus to the newÂ tab&amp#27;[0m                &amp#27;[90m# steps.SearchStep.user_switches_focus_to_the_new_tab()&amp#27;[0m
  &amp#27;[32mAnd &amp#27;[0m&amp#27;[32mclick on Add to Cart for the selected product&amp#27;[0m     &amp#27;[90m# steps.AddToCartStepDefination.click_on_add_to_cart_for_the_selected_product()&amp#27;[0m
  &amp#27;[31mThen &amp#27;[0m&amp#27;[31m&amp#27;[0m&amp#27;[31m&amp#27;[1m""&amp#27;[0m&amp#27;[31m should be added to my cart&amp#27;[0m                    &amp#27;[90m# steps.AddToCartStepDefination.should_be_added_to_my_cart(java.lang.String)&amp#27;[0m
      &amp#27;[31morg.openqa.selenium.json.JsonException: java.lang.reflect.InvocationTargetException
Build info: version: '4.11.0', revision: '040bc5406b'
System info: os.name: 'Windows 11', os.arch: 'amd64', os.version: '10.0', java.version: '17.0.2'
Driver info: org.openqa.selenium.chrome.ChromeDriver
Command: [3aa3b2bbfd2cad19ca57e78dd93ca8cb, actions {actions=[org.openqa.selenium.interactions.Sequence@743d0d44]}]
Capabilities {acceptInsecureCerts: false, browserName: chrome, browserVersion: 122.0.6261.131, chrome: {chromedriverVersion: 122.0.6261.128 (f18a44fedeb..., userDataDir: C:\Users\lenovo\AppData\Loc...}, fedcm:accounts: true, goog:chromeOptions: {debuggerAddress: localhost:36423}, networkConnectionEnabled: false, pageLoadStrategy: normal, platformName: windows, proxy: Proxy(), se:cdp: ws://localhost:36423/devtoo..., se:cdpVersion: 122.0.6261.131, setWindowRect: true, strictFileInteractability: false, timeouts: {implicit: 0, pageLoad: 300000, script: 30000}, unhandledPromptBehavior: dismiss and notify, webauthn:extension:credBlob: true, webauthn:extension:largeBlob: true, webauthn:extension:minPinLength: true, webauthn:extension:prf: true, webauthn:virtualAuthenticators: true}
Session ID: 3aa3b2bbfd2cad19ca57e78dd93ca8cb
	at org.openqa.selenium.json.JsonOutput.convertUsingMethod(JsonOutput.java:415)
	at org.openqa.selenium.json.JsonOutput.lambda$new$16(JsonOutput.java:178)
	at org.openqa.selenium.json.JsonOutput.write0(JsonOutput.java:341)
	at org.openqa.selenium.json.JsonOutput.lambda$new$22(JsonOutput.java:200)
	at java.base/java.util.stream.ForEachOps$ForEachOp$OfRef.accept(ForEachOps.java:183)
	at java.base/java.util.stream.ReferencePipeline$2$1.accept(ReferencePipeline.java:179)
	at java.base/java.util.Iterator.forEachRemaining(Iterator.java:133)
	at java.base/java.util.Spliterators$IteratorSpliterator.forEachRemaining(Spliterators.java:1845)
	at java.base/java.util.stream.AbstractPipeline.copyInto(AbstractPipeline.java:509)
	at java.base/java.util.stream.AbstractPipeline.wrapAndCopyInto(AbstractPipeline.java:499)
	at java.base/java.util.stream.ForEachOps$ForEachOp.evaluateSequential(ForEachOps.java:150)
	at java.base/java.util.stream.ForEachOps$ForEachOp$OfRef.evaluateSequential(ForEachOps.java:173)
	at java.base/java.util.stream.AbstractPipeline.evaluate(AbstractPipeline.java:234)
	at java.base/java.util.stream.ReferencePipeline.forEach(ReferencePipeline.java:596)
	at org.openqa.selenium.json.JsonOutput.lambda$new$23(JsonOutput.java:200)
	at org.openqa.selenium.json.JsonOutput.write0(JsonOutput.java:341)
	at org.openqa.selenium.json.JsonOutput.lambda$new$24(JsonOutput.java:218)
	at com.google.common.collect.SingletonImmutableBiMap.forEach(SingletonImmutableBiMap.java:68)
	at org.openqa.selenium.json.JsonOutput.lambda$new$25(JsonOutput.java:213)
	at org.openqa.selenium.json.JsonOutput.write0(JsonOutput.java:341)
	at org.openqa.selenium.json.JsonOutput.write(JsonOutput.java:332)
	at org.openqa.selenium.json.Json.toJson(Json.java:47)
	at org.openqa.selenium.json.Json.toJson(Json.java:41)
	at org.openqa.selenium.remote.codec.AbstractHttpCommandCodec.encode(AbstractHttpCommandCodec.java:273)
	at org.openqa.selenium.remote.codec.AbstractHttpCommandCodec.encode(AbstractHttpCommandCodec.java:127)
	at org.openqa.selenium.remote.HttpCommandExecutor.execute(HttpCommandExecutor.java:179)
	at org.openqa.selenium.remote.service.DriverCommandExecutor.invokeExecute(DriverCommandExecutor.java:196)
	at org.openqa.selenium.remote.service.DriverCommandExecutor.execute(DriverCommandExecutor.java:171)
	at org.openqa.selenium.remote.RemoteWebDriver.execute(RemoteWebDriver.java:518)
	at org.openqa.selenium.remote.RemoteWebDriver.perform(RemoteWebDriver.java:604)
	at org.openqa.selenium.interactions.Actions$BuiltAction.perform(Actions.java:605)
	at pages.HomePage.clickOnLogout(HomePage.java:99)
	at steps.AddToCartStepDefination.should_be_added_to_my_cart(AddToCartStepDefination.java:43)
	at âœ½."" should be added to my cart(file:///F:/Mphasis%20Practice%20Eclipse/RLLProject/src/test/java/features/4.AddToCart.feature:13)
	Suppressed: org.openqa.selenium.json.JsonException: Attempting to close incomplete json stream
Build info: version: '4.11.0', revision: '040bc5406b'
System info: os.name: 'Windows 11', os.arch: 'amd64', os.version: '10.0', java.version: '17.0.2'
Driver info: driver.version: RemoteWebDriver
		at org.openqa.selenium.json.JsonOutput.close(JsonOutput.java:357)
		at org.openqa.selenium.json.Json.toJson(Json.java:45)
		at org.openqa.selenium.json.Json.toJson(Json.java:41)
		at org.openqa.selenium.remote.codec.AbstractHttpCommandCodec.encode(AbstractHttpCommandCodec.java:273)
		at org.openqa.selenium.remote.codec.AbstractHttpCommandCodec.encode(AbstractHttpCommandCodec.java:127)
		at org.openqa.selenium.remote.HttpCommandExecutor.execute(HttpCommandExecutor.java:179)
		at org.openqa.selenium.remote.service.DriverCommandExecutor.invokeExecute(DriverCommandExecutor.java:196)
		at org.openqa.selenium.remote.service.DriverCommandExecutor.execute(DriverCommandExecutor.java:171)
		at org.openqa.selenium.remote.RemoteWebDriver.execute(RemoteWebDriver.java:518)
		at org.openqa.selenium.remote.RemoteWebDriver.perform(RemoteWebDriver.java:604)
		at org.openqa.selenium.interactions.Actions$BuiltAction.perform(Actions.java:605)
		at pages.HomePage.clickOnLogout(HomePage.java:99)
		at steps.AddToCartStepDefination.should_be_added_to_my_cart(AddToCartStepDefination.java:43)
		at java.base/jdk.internal.reflect.NativeMethodAccessorImpl.invoke0(Native Method)
		at java.base/jdk.internal.reflect.NativeMethodAccessorImpl.invoke(NativeMethodAccessorImpl.java:77)
		at java.base/jdk.internal.reflect.DelegatingMethodAccessorImpl.invoke(DelegatingMethodAccessorImpl.java:43)
		at java.base/java.lang.reflect.Method.invoke(Method.java:568)
		at io.cucumber.java.Invoker.doInvoke(Invoker.java:66)
		at io.cucumber.java.Invoker.invoke(Invoker.java:24)
		at io.cucumber.java.AbstractGlueDefinition.invokeMethod(AbstractGlueDefinition.java:47)
		at io.cucumber.java.JavaStepDefinition.execute(JavaStepDefinition.java:29)
		at io.cucumber.core.runner.CoreStepDefinition.execute(CoreStepDefinition.java:66)
		at io.cucumber.core.runner.PickleStepDefinitionMatch.runStep(PickleStepDefinitionMatch.java:63)
		at io.cucumber.core.runner.ExecutionMode$1.execute(ExecutionMode.java:10)
		at io.cucumber.core.runner.TestStep.executeStep(TestStep.java:85)
		at io.cucumber.core.runner.TestStep.run(TestStep.java:57)
		at io.cucumber.core.runner.PickleStepTestStep.run(PickleStepTestStep.java:51)
		at io.cucumber.core.runner.TestCase.run(TestCase.java:84)
		at io.cucumber.core.runner.Runner.runPickle(Runner.java:75)
		at io.cucumber.testng.TestNGCucumberRunner.lambda$runScenario$1(TestNGCucumberRunner.java:132)
		at io.cucumber.core.runtime.CucumberExecutionContext.lambda$runTestCase$5(CucumberExecutionContext.java:129)
		at io.cucumber.core.runtime.RethrowingThrowableCollector.executeAndThrow(RethrowingThrowableCollector.java:23)
		at io.cucumber.core.runtime.CucumberExecutionContext.runTestCase(CucumberExecutionContext.java:129)
		at io.cucumber.testng.TestNGCucumberRunner.runScenario(TestNGCucumberRunner.java:129)
		at io.cucumber.testng.AbstractTestNGCucumberTests.runScenario(AbstractTestNGCucumberTests.java:35)
		at java.base/jdk.internal.reflect.NativeMethodAccessorImpl.invoke0(Native Method)
		at java.base/jdk.internal.reflect.NativeMethodAccessorImpl.invoke(NativeMethodAccessorImpl.java:77)
		at java.base/jdk.internal.reflect.DelegatingMethodAccessorImpl.invoke(DelegatingMethodAccessorImpl.java:43)
		at java.base/java.lang.reflect.Method.invoke(Method.java:568)
		at org.testng.internal.invokers.MethodInvocationHelper.invokeMethod(MethodInvocationHelper.java:139)
		at org.testng.internal.invokers.TestInvoker.invokeMethod(TestInvoker.java:677)
		at org.testng.internal.invokers.TestInvoker.invokeTestMethod(TestInvoker.java:221)
		at org.testng.internal.invokers.MethodRunner.runInSequence(MethodRunner.java:50)
		at org.testng.internal.invokers.TestInvoker$MethodInvocationAgent.invoke(TestInvoker.java:969)
		at org.testng.internal.invokers.TestInvoker.invokeTestMethods(TestInvoker.java:194)
		at org.testng.internal.invokers.TestMethodWorker.invokeTestMethods(TestMethodWorker.java:148)
		at org.testng.internal.invokers.TestMethodWorker.run(TestMethodWorker.java:128)
		at java.base/java.util.ArrayList.forEach(ArrayList.java:1511)
		at org.testng.TestRunner.privateRun(TestRunner.java:829)
		at org.testng.TestRunner.run(TestRunner.java:602)
		at org.testng.SuiteRunner.runTest(SuiteRunner.java:437)
		at org.testng.SuiteRunner.runSequentially(SuiteRunner.java:431)
		at org.testng.SuiteRunner.privateRun(SuiteRunner.java:391)
		at org.testng.SuiteRunner.run(SuiteRunner.java:330)
		at org.testng.SuiteRunnerWorker.runSuite(SuiteRunnerWorker.java:52)
		at org.testng.SuiteRunnerWorker.run(SuiteRunnerWorker.java:95)
		at org.testng.TestNG.runSuitesSequentially(TestNG.java:1256)
		at org.testng.TestNG.runSuitesLocally(TestNG.java:1176)
		at org.testng.TestNG.runSuites(TestNG.java:1099)
		at org.testng.TestNG.run(TestNG.java:1067)
		at org.apache.maven.surefire.testng.TestNGExecutor.run(TestNGExecutor.java:135)
		at org.apache.maven.surefire.testng.TestNGDirectoryTestSuite.executeSingleClass(TestNGDirectoryTestSuite.java:112)
		at org.apache.maven.surefire.testng.TestNGDirectoryTestSuite.execute(TestNGDirectoryTestSuite.java:99)
		at org.apache.maven.surefire.testng.TestNGProvider.invoke(TestNGProvider.java:146)
		at org.apache.maven.surefire.booter.ForkedBooter.invokeProviderInSameClassLoader(ForkedBooter.java:384)
		at org.apache.maven.surefire.booter.ForkedBooter.runSuitesInProcess(ForkedBooter.java:345)
		at org.apache.maven.surefire.booter.ForkedBooter.execute(ForkedBooter.java:126)
		at org.apache.maven.surefire.booter.ForkedBooter.main(ForkedBooter.java:418)
Caused by: java.lang.reflect.InvocationTargetException
	at java.base/jdk.internal.reflect.NativeMethodAccessorImpl.invoke0(Native Method)
	at java.base/jdk.internal.reflect.NativeMethodAccessorImpl.invoke(NativeMethodAccessorImpl.java:77)
	at java.base/jdk.internal.reflect.DelegatingMethodAccessorImpl.invoke(DelegatingMethodAccessorImpl.java:43)
	at java.base/java.lang.reflect.Method.invoke(Method.java:568)
	at org.openqa.selenium.json.JsonOutput.convertUsingMethod(JsonOutput.java:411)
	at org.openqa.selenium.json.JsonOutput.lambda$new$16(JsonOutput.java:178)
	at org.openqa.selenium.json.JsonOutput.write0(JsonOutput.java:341)
	at org.openqa.selenium.json.JsonOutput.lambda$new$22(JsonOutput.java:200)
	at java.base/java.util.stream.ForEachOps$ForEachOp$OfRef.accept(ForEachOps.java:183)
	at java.base/java.util.stream.ReferencePipeline$2$1.accept(ReferencePipeline.java:179)
	at java.base/java.util.Iterator.forEachRemaining(Iterator.java:133)
	at java.base/java.util.Spliterators$IteratorSpliterator.forEachRemaining(Spliterators.java:1845)
	at java.base/java.util.stream.AbstractPipeline.copyInto(AbstractPipeline.java:509)
	at java.base/java.util.stream.AbstractPipeline.wrapAndCopyInto(AbstractPipeline.java:499)
	at java.base/java.util.stream.ForEachOps$ForEachOp.evaluateSequential(ForEachOps.java:150)
	at java.base/java.util.stream.ForEachOps$ForEachOp$OfRef.evaluateSequential(ForEachOps.java:173)
	at java.base/java.util.stream.AbstractPipeline.evaluate(AbstractPipeline.java:234)
	at java.base/java.util.stream.ReferencePipeline.forEach(ReferencePipeline.java:596)
	at org.openqa.selenium.json.JsonOutput.lambda$new$23(JsonOutput.java:200)
	at org.openqa.selenium.json.JsonOutput.write0(JsonOutput.java:341)
	at org.openqa.selenium.json.JsonOutput.lambda$new$24(JsonOutput.java:218)
	at com.google.common.collect.SingletonImmutableBiMap.forEach(SingletonImmutableBiMap.java:68)
	at org.openqa.selenium.json.JsonOutput.lambda$new$25(JsonOutput.java:213)
	at org.openqa.selenium.json.JsonOutput.write0(JsonOutput.java:341)
	at org.openqa.selenium.json.JsonOutput.write(JsonOutput.java:332)
	at org.openqa.selenium.json.Json.toJson(Json.java:47)
	at org.openqa.selenium.json.Json.toJson(Json.java:41)
	at org.openqa.selenium.remote.codec.AbstractHttpCommandCodec.encode(AbstractHttpCommandCodec.java:273)
	at org.openqa.selenium.remote.codec.AbstractHttpCommandCodec.encode(AbstractHttpCommandCodec.java:127)
	at org.openqa.selenium.remote.HttpCommandExecutor.execute(HttpCommandExecutor.java:179)
	at org.openqa.selenium.remote.service.DriverCommandExecutor.invokeExecute(DriverCommandExecutor.java:196)
	at org.openqa.selenium.remote.service.DriverCommandExecutor.execute(DriverCommandExecutor.java:171)
	at org.openqa.selenium.remote.RemoteWebDriver.execute(RemoteWebDriver.java:518)
	at org.openqa.selenium.remote.RemoteWebDriver.perform(RemoteWebDriver.java:604)
	at org.openqa.selenium.interactions.Actions$BuiltAction.perform(Actions.java:605)
	at pages.HomePage.clickOnLogout(HomePage.java:99)
	at steps.AddToCartStepDefination.should_be_added_to_my_cart(AddToCartStepDefination.java:43)
	at java.base/jdk.internal.reflect.NativeMethodAccessorImpl.invoke0(Native Method)
	at java.base/jdk.internal.reflect.NativeMethodAccessorImpl.invoke(NativeMethodAccessorImpl.java:77)
	at java.base/jdk.internal.reflect.DelegatingMethodAccessorImpl.invoke(DelegatingMethodAccessorImpl.java:43)
	at java.base/java.lang.reflect.Method.invoke(Method.java:568)
	at io.cucumber.java.Invoker.doInvoke(Invoker.java:66)
	at io.cucumber.java.Invoker.invoke(Invoker.java:24)
	at io.cucumber.java.AbstractGlueDefinition.invokeMethod(AbstractGlueDefinition.java:47)
	at io.cucumber.java.JavaStepDefinition.execute(JavaStepDefinition.java:29)
	at io.cucumber.core.runner.CoreStepDefinition.execute(CoreStepDefinition.java:66)
	at io.cucumber.core.runner.PickleStepDefinitionMatch.runStep(PickleStepDefinitionMatch.java:63)
	at io.cucumber.core.runner.ExecutionMode$1.execute(ExecutionMode.java:10)
	at io.cucumber.core.runner.TestStep.executeStep(TestStep.java:85)
	at io.cucumber.core.runner.TestStep.run(TestStep.java:57)
	at io.cucumber.core.runner.PickleStepTestStep.run(PickleStepTestStep.java:51)
	at io.cucumber.core.runner.TestCase.run(TestCase.java:84)
	at io.cucumber.core.runner.Runner.runPickle(Runner.java:75)
	at io.cucumber.testng.TestNGCucumberRunner.lambda$runScenario$1(TestNGCucumberRunner.java:132)
	at io.cucumber.core.runtime.CucumberExecutionContext.lambda$runTestCase$5(CucumberExecutionContext.java:129)
	at io.cucumber.core.runtime.RethrowingThrowableCollector.executeAndThrow(RethrowingThrowableCollector.java:23)
	at io.cucumber.core.runtime.CucumberExecutionContext.runTestCase(CucumberExecutionContext.java:129)
	at io.cucumber.testng.TestNGCucumberRunner.runScenario(TestNGCucumberRunner.java:129)
	at io.cucumber.testng.AbstractTestNGCucumberTests.runScenario(AbstractTestNGCucumberTests.java:35)
	at java.base/jdk.internal.reflect.NativeMethodAccessorImpl.invoke0(Native Method)
	at java.base/jdk.internal.reflect.NativeMethodAccessorImpl.invoke(NativeMethodAccessorImpl.java:77)
	at java.base/jdk.internal.reflect.DelegatingMethodAccessorImpl.invoke(DelegatingMethodAccessorImpl.java:43)
	at java.base/java.lang.reflect.Method.invoke(Method.java:568)
	at org.testng.internal.invokers.MethodInvocationHelper.invokeMethod(MethodInvocationHelper.java:139)
	at org.testng.internal.invokers.TestInvoker.invokeMethod(TestInvoker.java:677)
	at org.testng.internal.invokers.TestInvoker.invokeTestMethod(TestInvoker.java:221)
	at org.testng.internal.invokers.MethodRunner.runInSequence(MethodRunner.java:50)
	at org.testng.internal.invokers.TestInvoker$MethodInvocationAgent.invoke(TestInvoker.java:969)
	at org.testng.internal.invokers.TestInvoker.invokeTestMethods(TestInvoker.java:194)
	at org.testng.internal.invokers.TestMethodWorker.invokeTestMethods(TestMethodWorker.java:148)
	at org.testng.internal.invokers.TestMethodWorker.run(TestMethodWorker.java:128)
	at java.base/java.util.ArrayList.forEach(ArrayList.java:1511)
	at org.testng.TestRunner.privateRun(TestRunner.java:829)
	at org.testng.TestRunner.run(TestRunner.java:602)
	at org.testng.SuiteRunner.runTest(SuiteRunner.java:437)
	at org.testng.SuiteRunner.runSequentially(SuiteRunner.java:431)
	at org.testng.SuiteRunner.privateRun(SuiteRunner.java:391)
	at org.testng.SuiteRunner.run(SuiteRunner.java:330)
	at org.testng.SuiteRunnerWorker.runSuite(SuiteRunnerWorker.java:52)
	at org.testng.SuiteRunnerWorker.run(SuiteRunnerWorker.java:95)
	at org.testng.TestNG.runSuitesSequentially(TestNG.java:1256)
	at org.testng.TestNG.runSuitesLocally(TestNG.java:1176)
	at org.testng.TestNG.runSuites(TestNG.java:1099)
	at org.testng.TestNG.run(TestNG.java:1067)
	at org.apache.maven.surefire.testng.TestNGExecutor.run(TestNGExecutor.java:135)
	at org.apache.maven.surefire.testng.TestNGDirectoryTestSuite.executeSingleClass(TestNGDirectoryTestSuite.java:112)
	at org.apache.maven.surefire.testng.TestNGDirectoryTestSuite.execute(TestNGDirectoryTestSuite.java:99)
	at org.apache.maven.surefire.testng.TestNGProvider.invoke(TestNGProvider.java:146)
	at org.apache.maven.surefire.booter.ForkedBooter.invokeProviderInSameClassLoader(ForkedBooter.java:384)
	at org.apache.maven.surefire.booter.ForkedBooter.runSuitesInProcess(ForkedBooter.java:345)
	at org.apache.maven.surefire.booter.ForkedBooter.execute(ForkedBooter.java:126)
	at org.apache.maven.surefire.booter.ForkedBooter.main(ForkedBooter.java:418)
Caused by: org.openqa.selenium.NoSuchElementException: no such element: Unable to locate element: {"method":"xpath","selector":"//ul[@class='my_acc1']/descendant::span"}
  (Session info: chrome=122.0.6261.131)
For documentation on this error, please visit: https://www.selenium.dev/documentation/webdriver/troubleshooting/errors#no-such-element-exception
Build info: version: '4.11.0', revision: '040bc5406b'
System info: os.name: 'Windows 11', os.arch: 'amd64', os.version: '10.0', java.version: '17.0.2'
Driver info: org.openqa.selenium.chrome.ChromeDriver
Command: [3aa3b2bbfd2cad19ca57e78dd93ca8cb, findElement {using=xpath, value=//ul[@class='my_acc1']/descendant::span}]
Capabilities {acceptInsecureCerts: false, browserName: chrome, browserVersion: 122.0.6261.131, chrome: {chromedriverVersion: 122.0.6261.128 (f18a44fedeb..., userDataDir: C:\Users\lenovo\AppData\Loc...}, fedcm:accounts: true, goog:chromeOptions: {debuggerAddress: localhost:36423}, networkConnectionEnabled: false, pageLoadStrategy: normal, platformName: windows, proxy: Proxy(), se:cdp: ws://localhost:36423/devtoo..., se:cdpVersion: 122.0.6261.131, setWindowRect: true, strictFileInteractability: false, timeouts: {implicit: 0, pageLoad: 300000, script: 30000}, unhandledPromptBehavior: dismiss and notify, webauthn:extension:credBlob: true, webauthn:extension:largeBlob: true, webauthn:extension:minPinLength: true, webauthn:extension:prf: true, webauthn:virtualAuthenticators: true}
Session ID: 3aa3b2bbfd2cad19ca57e78dd93ca8cb
	at java.base/jdk.internal.reflect.NativeConstructorAccessorImpl.newInstance0(Native Method)
	at java.base/jdk.internal.reflect.NativeConstructorAccessorImpl.newInstance(NativeConstructorAccessorImpl.java:77)
	at java.base/jdk.internal.reflect.DelegatingConstructorAccessorImpl.newInstance(DelegatingConstructorAccessorImpl.java:45)
	at java.base/java.lang.reflect.Constructor.newInstanceWithCaller(Constructor.java:499)
	at java.base/java.lang.reflect.Constructor.newInstance(Constructor.java:480)
	at org.openqa.selenium.remote.codec.w3c.W3CHttpResponseCodec.createException(W3CHttpResponseCodec.java:200)
	at org.openqa.selenium.remote.codec.w3c.W3CHttpResponseCodec.decode(W3CHttpResponseCodec.java:133)
	at org.openqa.selenium.remote.codec.w3c.W3CHttpResponseCodec.decode(W3CHttpResponseCodec.java:52)
	at org.openqa.selenium.remote.HttpCommandExecutor.execute(HttpCommandExecutor.java:191)
	at org.openqa.selenium.remote.service.DriverCommandExecutor.invokeExecute(DriverCommandExecutor.java:196)
	at org.openqa.selenium.remote.service.DriverCommandExecutor.execute(DriverCommandExecutor.java:171)
	at org.openqa.selenium.remote.RemoteWebDriver.execute(RemoteWebDriver.java:518)
	at org.openqa.selenium.remote.ElementLocation$ElementFinder$2.findElement(ElementLocation.java:165)
	at org.openqa.selenium.remote.ElementLocation.findElement(ElementLocation.java:59)
	at org.openqa.selenium.remote.RemoteWebDriver.findElement(RemoteWebDriver.java:355)
	at org.openqa.selenium.remote.RemoteWebDriver.findElement(RemoteWebDriver.java:349)
	at org.openqa.selenium.support.pagefactory.DefaultElementLocator.findElement(DefaultElementLocator.java:68)
	at org.openqa.selenium.support.pagefactory.internal.LocatingElementHandler.invoke(LocatingElementHandler.java:38)
	at jdk.proxy2/jdk.proxy2.$Proxy30.getWrappedElement(Unknown Source)
	at org.openqa.selenium.interactions.PointerInput$Origin.asArg(PointerInput.java:275)
	at org.openqa.selenium.interactions.PointerInput$Move.encode(PointerInput.java:224)
	at org.openqa.selenium.interactions.Sequence.encode(Sequence.java:72)
	at org.openqa.selenium.interactions.Sequence.toJson(Sequence.java:81)
	... 92 more
&amp#27;[0m
]]></system-out>
  </testcase>
  <testcase name="runScenario" classname="runners.TestRunner" time="6.995">
    <failure message="element not interactable&#10;  (Session info: chrome=122.0.6261.131)&#10;Build info: version: &apos;4.11.0&apos;, revision: &apos;040bc5406b&apos;&#10;System info: os.name: &apos;Windows 11&apos;, os.arch: &apos;amd64&apos;, os.version: &apos;10.0&apos;, java.version: &apos;17.0.2&apos;&#10;Driver info: org.openqa.selenium.chrome.ChromeDriver&#10;Command: [3aa3b2bbfd2cad19ca57e78dd93ca8cb, clickElement {id=f.DC474F921119D5BCE2BB0375E55E622E.d.00E169EA6643294FE5DEA273DB65912E.e.346}]&#10;Capabilities {acceptInsecureCerts: false, browserName: chrome, browserVersion: 122.0.6261.131, chrome: {chromedriverVersion: 122.0.6261.128 (f18a44fedeb..., userDataDir: C:\Users\lenovo\AppData\Loc...}, fedcm:accounts: true, goog:chromeOptions: {debuggerAddress: localhost:36423}, networkConnectionEnabled: false, pageLoadStrategy: normal, platformName: windows, proxy: Proxy(), se:cdp: ws://localhost:36423/devtoo..., se:cdpVersion: 122.0.6261.131, setWindowRect: true, strictFileInteractability: false, timeouts: {implicit: 0, pageLoad: 300000, script: 30000}, unhandledPromptBehavior: dismiss and notify, webauthn:extension:credBlob: true, webauthn:extension:largeBlob: true, webauthn:extension:minPinLength: true, webauthn:extension:prf: true, webauthn:virtualAuthenticators: true}&#10;Element: [[ChromeDriver: chrome on windows (3aa3b2bbfd2cad19ca57e78dd93ca8cb)] -&gt; xpath: //li[@class=&apos;logreg&apos;]/child::span[1]]&#10;Session ID: 3aa3b2bbfd2cad19ca57e78dd93ca8cb" type="org.openqa.selenium.ElementNotInteractableException">org.openqa.selenium.ElementNotInteractableException: 
element not interactable
  (Session info: chrome=122.0.6261.131)
Build info: version: '4.11.0', revision: '040bc5406b'
System info: os.name: 'Windows 11', os.arch: 'amd64', os.version: '10.0', java.version: '17.0.2'
Driver info: org.openqa.selenium.chrome.ChromeDriver
Command: [3aa3b2bbfd2cad19ca57e78dd93ca8cb, clickElement {id=f.DC474F921119D5BCE2BB0375E55E622E.d.00E169EA6643294FE5DEA273DB65912E.e.346}]
Capabilities {acceptInsecureCerts: false, browserName: chrome, browserVersion: 122.0.6261.131, chrome: {chromedriverVersion: 122.0.6261.128 (f18a44fedeb..., userDataDir: C:\Users\lenovo\AppData\Loc...}, fedcm:accounts: true, goog:chromeOptions: {debuggerAddress: localhost:36423}, networkConnectionEnabled: false, pageLoadStrategy: normal, platformName: windows, proxy: Proxy(), se:cdp: ws://localhost:36423/devtoo..., se:cdpVersion: 122.0.6261.131, setWindowRect: true, strictFileInteractability: false, timeouts: {implicit: 0, pageLoad: 300000, script: 30000}, unhandledPromptBehavior: dismiss and notify, webauthn:extension:credBlob: true, webauthn:extension:largeBlob: true, webauthn:extension:minPinLength: true, webauthn:extension:prf: true, webauthn:virtualAuthenticators: true}
Element: [[ChromeDriver: chrome on windows (3aa3b2bbfd2cad19ca57e78dd93ca8cb)] -> xpath: //li[@class='logreg']/child::span[1]]
Session ID: 3aa3b2bbfd2cad19ca57e78dd93ca8cb
</failure>
    <system-out><![CDATA[
@FirstCry
Scenario Outline: Login, Search and Add Product to Cart &amp#27;[90m# src/test/java/features/4.AddToCart.feature:18&amp#27;[0m
  &amp#27;[32mGiven &amp#27;[0m&amp#27;[32mUser navigate to the FirstCry URL&amp#27;[0m               &amp#27;[90m# steps.SharedSteps.user_navigate_to_the_first_cry_url()&amp#27;[0m
  &amp#27;[31mWhen &amp#27;[0m&amp#27;[31mUser log into the application with credentials&amp#27;[0m   &amp#27;[90m# steps.SharedSteps.user_log_into_the_application_with_credentials()&amp#27;[0m
      &amp#27;[31morg.openqa.selenium.ElementNotInteractableException: element not interactable
  (Session info: chrome=122.0.6261.131)
Build info: version: '4.11.0', revision: '040bc5406b'
System info: os.name: 'Windows 11', os.arch: 'amd64', os.version: '10.0', java.version: '17.0.2'
Driver info: org.openqa.selenium.chrome.ChromeDriver
Command: [3aa3b2bbfd2cad19ca57e78dd93ca8cb, clickElement {id=f.DC474F921119D5BCE2BB0375E55E622E.d.00E169EA6643294FE5DEA273DB65912E.e.346}]
Capabilities {acceptInsecureCerts: false, browserName: chrome, browserVersion: 122.0.6261.131, chrome: {chromedriverVersion: 122.0.6261.128 (f18a44fedeb..., userDataDir: C:\Users\lenovo\AppData\Loc...}, fedcm:accounts: true, goog:chromeOptions: {debuggerAddress: localhost:36423}, networkConnectionEnabled: false, pageLoadStrategy: normal, platformName: windows, proxy: Proxy(), se:cdp: ws://localhost:36423/devtoo..., se:cdpVersion: 122.0.6261.131, setWindowRect: true, strictFileInteractability: false, timeouts: {implicit: 0, pageLoad: 300000, script: 30000}, unhandledPromptBehavior: dismiss and notify, webauthn:extension:credBlob: true, webauthn:extension:largeBlob: true, webauthn:extension:minPinLength: true, webauthn:extension:prf: true, webauthn:virtualAuthenticators: true}
Element: [[ChromeDriver: chrome on windows (3aa3b2bbfd2cad19ca57e78dd93ca8cb)] -> xpath: //li[@class='logreg']/child::span[1]]
Session ID: 3aa3b2bbfd2cad19ca57e78dd93ca8cb
	at java.base/jdk.internal.reflect.NativeConstructorAccessorImpl.newInstance0(Native Method)
	at java.base/jdk.internal.reflect.NativeConstructorAccessorImpl.newInstance(NativeConstructorAccessorImpl.java:77)
	at java.base/jdk.internal.reflect.DelegatingConstructorAccessorImpl.newInstance(DelegatingConstructorAccessorImpl.java:45)
	at java.base/java.lang.reflect.Constructor.newInstanceWithCaller(Constructor.java:499)
	at java.base/java.lang.reflect.Constructor.newInstance(Constructor.java:480)
	at org.openqa.selenium.remote.codec.w3c.W3CHttpResponseCodec.createException(W3CHttpResponseCodec.java:200)
	at org.openqa.selenium.remote.codec.w3c.W3CHttpResponseCodec.decode(W3CHttpResponseCodec.java:133)
	at org.openqa.selenium.remote.codec.w3c.W3CHttpResponseCodec.decode(W3CHttpResponseCodec.java:52)
	at org.openqa.selenium.remote.HttpCommandExecutor.execute(HttpCommandExecutor.java:191)
	at org.openqa.selenium.remote.service.DriverCommandExecutor.invokeExecute(DriverCommandExecutor.java:196)
	at org.openqa.selenium.remote.service.DriverCommandExecutor.execute(DriverCommandExecutor.java:171)
	at org.openqa.selenium.remote.RemoteWebDriver.execute(RemoteWebDriver.java:518)
	at org.openqa.selenium.remote.RemoteWebElement.execute(RemoteWebElement.java:224)
	at org.openqa.selenium.remote.RemoteWebElement.click(RemoteWebElement.java:77)
	at java.base/jdk.internal.reflect.NativeMethodAccessorImpl.invoke0(Native Method)
	at java.base/jdk.internal.reflect.NativeMethodAccessorImpl.invoke(NativeMethodAccessorImpl.java:77)
	at java.base/jdk.internal.reflect.DelegatingMethodAccessorImpl.invoke(DelegatingMethodAccessorImpl.java:43)
	at java.base/java.lang.reflect.Method.invoke(Method.java:568)
	at org.openqa.selenium.support.pagefactory.internal.LocatingElementHandler.invoke(LocatingElementHandler.java:51)
	at jdk.proxy2/jdk.proxy2.$Proxy30.click(Unknown Source)
	at pages.LoginPage.clickOnLogin(LoginPage.java:29)
	at steps.SharedSteps.user_log_into_the_application_with_credentials(SharedSteps.java:35)
	at âœ½.User log into the application with credentials(file:///F:/Mphasis%20Practice%20Eclipse/RLLProject/src/test/java/features/4.AddToCart.feature:6)
&amp#27;[0m
  &amp#27;[36mWhen &amp#27;[0m&amp#27;[36mUser search for a &amp#27;[0m&amp#27;[36m&amp#27;[1m"mobiles"&amp#27;[0m                      &amp#27;[90m# steps.AddToCartStepDefination.user_search_for_a(java.lang.String)&amp#27;[0m
  &amp#27;[36mAnd &amp#27;[0m&amp#27;[36mClick on one Product&amp#27;[0m                              &amp#27;[90m# steps.AddToCartStepDefination.click_on_one_product()&amp#27;[0m
  &amp#27;[36mAnd &amp#27;[0m&amp#27;[36mUser switches focus to the newÂ tab&amp#27;[0m                &amp#27;[90m# steps.SearchStep.user_switches_focus_to_the_new_tab()&amp#27;[0m
  &amp#27;[36mAnd &amp#27;[0m&amp#27;[36mclick on Add to Cart for the selected product&amp#27;[0m     &amp#27;[90m# steps.AddToCartStepDefination.click_on_add_to_cart_for_the_selected_product()&amp#27;[0m
  &amp#27;[36mThen &amp#27;[0m&amp#27;[36m&amp#27;[0m&amp#27;[36m&amp#27;[1m""&amp#27;[0m&amp#27;[36m should be added to my cart&amp#27;[0m                    &amp#27;[90m# steps.AddToCartStepDefination.should_be_added_to_my_cart(java.lang.String)&amp#27;[0m
]]></system-out>
  </testcase>
  <testcase name="runScenario" classname="runners.TestRunner" time="45.815">
    <failure message="no such element: Unable to locate element: {&quot;method&quot;:&quot;xpath&quot;,&quot;selector&quot;:&quot;//select[@id=&quot;storetype&quot;]&quot;}&#10;  (Session info: chrome=122.0.6261.131)&#10;For documentation on this error, please visit: https://www.selenium.dev/documentation/webdriver/troubleshooting/errors#no-such-element-exception&#10;Build info: version: &apos;4.11.0&apos;, revision: &apos;040bc5406b&apos;&#10;System info: os.name: &apos;Windows 11&apos;, os.arch: &apos;amd64&apos;, os.version: &apos;10.0&apos;, java.version: &apos;17.0.2&apos;&#10;Driver info: org.openqa.selenium.chrome.ChromeDriver&#10;Command: [3aa3b2bbfd2cad19ca57e78dd93ca8cb, findElement {using=xpath, value=//select[@id=&quot;storetype&quot;]}]&#10;Capabilities {acceptInsecureCerts: false, browserName: chrome, browserVersion: 122.0.6261.131, chrome: {chromedriverVersion: 122.0.6261.128 (f18a44fedeb..., userDataDir: C:\Users\lenovo\AppData\Loc...}, fedcm:accounts: true, goog:chromeOptions: {debuggerAddress: localhost:36423}, networkConnectionEnabled: false, pageLoadStrategy: normal, platformName: windows, proxy: Proxy(), se:cdp: ws://localhost:36423/devtoo..., se:cdpVersion: 122.0.6261.131, setWindowRect: true, strictFileInteractability: false, timeouts: {implicit: 0, pageLoad: 300000, script: 30000}, unhandledPromptBehavior: dismiss and notify, webauthn:extension:credBlob: true, webauthn:extension:largeBlob: true, webauthn:extension:minPinLength: true, webauthn:extension:prf: true, webauthn:virtualAuthenticators: true}&#10;Session ID: 3aa3b2bbfd2cad19ca57e78dd93ca8cb" type="org.openqa.selenium.NoSuchElementException">org.openqa.selenium.NoSuchElementException: 
no such element: Unable to locate element: {"method":"xpath","selector":"//select[@id="storetype"]"}
  (Session info: chrome=122.0.6261.131)
For documentation on this error, please visit: https://www.selenium.dev/documentation/webdriver/troubleshooting/errors#no-such-element-exception
Build info: version: '4.11.0', revision: '040bc5406b'
System info: os.name: 'Windows 11', os.arch: 'amd64', os.version: '10.0', java.version: '17.0.2'
Driver info: org.openqa.selenium.chrome.ChromeDriver
Command: [3aa3b2bbfd2cad19ca57e78dd93ca8cb, findElement {using=xpath, value=//select[@id="storetype"]}]
Capabilities {acceptInsecureCerts: false, browserName: chrome, browserVersion: 122.0.6261.131, chrome: {chromedriverVersion: 122.0.6261.128 (f18a44fedeb..., userDataDir: C:\Users\lenovo\AppData\Loc...}, fedcm:accounts: true, goog:chromeOptions: {debuggerAddress: localhost:36423}, networkConnectionEnabled: false, pageLoadStrategy: normal, platformName: windows, proxy: Proxy(), se:cdp: ws://localhost:36423/devtoo..., se:cdpVersion: 122.0.6261.131, setWindowRect: true, strictFileInteractability: false, timeouts: {implicit: 0, pageLoad: 300000, script: 30000}, unhandledPromptBehavior: dismiss and notify, webauthn:extension:credBlob: true, webauthn:extension:largeBlob: true, webauthn:extension:minPinLength: true, webauthn:extension:prf: true, webauthn:virtualAuthenticators: true}
Session ID: 3aa3b2bbfd2cad19ca57e78dd93ca8cb
</failure>
    <system-out><![CDATA[
@FirstCry
Scenario Outline: User must be able to find FirstCry store results       &amp#27;[90m# src/test/java/features/5.StoreLocator.feature:18&amp#27;[0m
  &amp#27;[32mGiven &amp#27;[0m&amp#27;[32mUser navigate to the FirstCry URL&amp#27;[0m                                &amp#27;[90m# steps.SharedSteps.user_navigate_to_the_first_cry_url()&amp#27;[0m
  &amp#27;[32mWhen &amp#27;[0m&amp#27;[32mUser log into the application with credentials&amp#27;[0m                    &amp#27;[90m# steps.SharedSteps.user_log_into_the_application_with_credentials()&amp#27;[0m
  &amp#27;[32mWhen &amp#27;[0m&amp#27;[32mUser must hover over the stores&preschool&amp#27;[0m                         &amp#27;[90m# steps.StoreLocatorStep.user_must_hover_over_the_stores_preschool()&amp#27;[0m
  &amp#27;[32mAnd &amp#27;[0m&amp#27;[32mUser must click on the find stores from drop down&amp#27;[0m                  &amp#27;[90m# steps.StoreLocatorStep.user_must_click_on_the_find_stores_from_drop_down()&amp#27;[0m
  &amp#27;[32mAnd &amp#27;[0m&amp#27;[32mUser switches focus to the new tab&amp#27;[0m                                 &amp#27;[90m# steps.StoreLocatorStep.user_switches_focus_to_the_new_tab()&amp#27;[0m
  &amp#27;[32mThen &amp#27;[0m&amp#27;[32mUser should be on storelocator page&amp#27;[0m                               &amp#27;[90m# steps.StoreLocatorStep.user_should_be_on_storelocator_page()&amp#27;[0m
  &amp#27;[31mWhen &amp#27;[0m&amp#27;[31mUser select the &amp#27;[0m&amp#27;[31m&amp#27;[1m"FirstCry"&amp#27;[0m&amp#27;[31m,&amp#27;[0m&amp#27;[31m&amp#27;[1m"Andhra Pradesh"&amp#27;[0m&amp#27;[31m and &amp#27;[0m&amp#27;[31m&amp#27;[1m"Anakapalle Town"&amp#27;[0m &amp#27;[90m# steps.StoreLocatorStep.user_select_the_and(java.lang.String,java.lang.String,java.lang.String)&amp#27;[0m
      &amp#27;[31morg.openqa.selenium.NoSuchElementException: no such element: Unable to locate element: {"method":"xpath","selector":"//select[@id="storetype"]"}
  (Session info: chrome=122.0.6261.131)
For documentation on this error, please visit: https://www.selenium.dev/documentation/webdriver/troubleshooting/errors#no-such-element-exception
Build info: version: '4.11.0', revision: '040bc5406b'
System info: os.name: 'Windows 11', os.arch: 'amd64', os.version: '10.0', java.version: '17.0.2'
Driver info: org.openqa.selenium.chrome.ChromeDriver
Command: [3aa3b2bbfd2cad19ca57e78dd93ca8cb, findElement {using=xpath, value=//select[@id="storetype"]}]
Capabilities {acceptInsecureCerts: false, browserName: chrome, browserVersion: 122.0.6261.131, chrome: {chromedriverVersion: 122.0.6261.128 (f18a44fedeb..., userDataDir: C:\Users\lenovo\AppData\Loc...}, fedcm:accounts: true, goog:chromeOptions: {debuggerAddress: localhost:36423}, networkConnectionEnabled: false, pageLoadStrategy: normal, platformName: windows, proxy: Proxy(), se:cdp: ws://localhost:36423/devtoo..., se:cdpVersion: 122.0.6261.131, setWindowRect: true, strictFileInteractability: false, timeouts: {implicit: 0, pageLoad: 300000, script: 30000}, unhandledPromptBehavior: dismiss and notify, webauthn:extension:credBlob: true, webauthn:extension:largeBlob: true, webauthn:extension:minPinLength: true, webauthn:extension:prf: true, webauthn:virtualAuthenticators: true}
Session ID: 3aa3b2bbfd2cad19ca57e78dd93ca8cb
	at java.base/jdk.internal.reflect.NativeConstructorAccessorImpl.newInstance0(Native Method)
	at java.base/jdk.internal.reflect.NativeConstructorAccessorImpl.newInstance(NativeConstructorAccessorImpl.java:77)
	at java.base/jdk.internal.reflect.DelegatingConstructorAccessorImpl.newInstance(DelegatingConstructorAccessorImpl.java:45)
	at java.base/java.lang.reflect.Constructor.newInstanceWithCaller(Constructor.java:499)
	at java.base/java.lang.reflect.Constructor.newInstance(Constructor.java:480)
	at org.openqa.selenium.remote.codec.w3c.W3CHttpResponseCodec.createException(W3CHttpResponseCodec.java:200)
	at org.openqa.selenium.remote.codec.w3c.W3CHttpResponseCodec.decode(W3CHttpResponseCodec.java:133)
	at org.openqa.selenium.remote.codec.w3c.W3CHttpResponseCodec.decode(W3CHttpResponseCodec.java:52)
	at org.openqa.selenium.remote.HttpCommandExecutor.execute(HttpCommandExecutor.java:191)
	at org.openqa.selenium.remote.service.DriverCommandExecutor.invokeExecute(DriverCommandExecutor.java:196)
	at org.openqa.selenium.remote.service.DriverCommandExecutor.execute(DriverCommandExecutor.java:171)
	at org.openqa.selenium.remote.RemoteWebDriver.execute(RemoteWebDriver.java:518)
	at org.openqa.selenium.remote.ElementLocation$ElementFinder$2.findElement(ElementLocation.java:165)
	at org.openqa.selenium.remote.ElementLocation.findElement(ElementLocation.java:59)
	at org.openqa.selenium.remote.RemoteWebDriver.findElement(RemoteWebDriver.java:355)
	at org.openqa.selenium.remote.RemoteWebDriver.findElement(RemoteWebDriver.java:349)
	at org.openqa.selenium.support.pagefactory.DefaultElementLocator.findElement(DefaultElementLocator.java:68)
	at org.openqa.selenium.support.pagefactory.internal.LocatingElementHandler.invoke(LocatingElementHandler.java:38)
	at jdk.proxy2/jdk.proxy2.$Proxy30.getTagName(Unknown Source)
	at org.openqa.selenium.support.ui.Select.<init>(Select.java:43)
	at pages.FindStoresPage.selectOneStore(FindStoresPage.java:34)
	at steps.StoreLocatorStep.user_select_the_and(StoreLocatorStep.java:47)
	at âœ½.User select the "FirstCry","Andhra Pradesh" and "Anakapalle Town"(file:///F:/Mphasis%20Practice%20Eclipse/RLLProject/src/test/java/features/5.StoreLocator.feature:13)
&amp#27;[0m
  &amp#27;[36mAnd &amp#27;[0m&amp#27;[36mUser click on the search button&amp#27;[0m                                    &amp#27;[90m# steps.StoreLocatorStep.user_click_on_the_search_button()&amp#27;[0m
  &amp#27;[36mThen &amp#27;[0m&amp#27;[36mUser must be able to view the &amp#27;[0m&amp#27;[36m&amp#27;[1m""&amp#27;[0m                                  &amp#27;[90m# steps.StoreLocatorStep.user_must_be_able_to_view_the(java.lang.String)&amp#27;[0m
]]></system-out>
  </testcase>
  <testcase name="runScenario" classname="runners.TestRunner" time="6.594">
    <failure message="element not interactable&#10;  (Session info: chrome=122.0.6261.131)&#10;Build info: version: &apos;4.11.0&apos;, revision: &apos;040bc5406b&apos;&#10;System info: os.name: &apos;Windows 11&apos;, os.arch: &apos;amd64&apos;, os.version: &apos;10.0&apos;, java.version: &apos;17.0.2&apos;&#10;Driver info: org.openqa.selenium.chrome.ChromeDriver&#10;Command: [3aa3b2bbfd2cad19ca57e78dd93ca8cb, clickElement {id=f.D92BE093594B6D78CAA08BA354070C9A.d.B5F9E588F132690C79E14B7E5D2CEC15.e.455}]&#10;Capabilities {acceptInsecureCerts: false, browserName: chrome, browserVersion: 122.0.6261.131, chrome: {chromedriverVersion: 122.0.6261.128 (f18a44fedeb..., userDataDir: C:\Users\lenovo\AppData\Loc...}, fedcm:accounts: true, goog:chromeOptions: {debuggerAddress: localhost:36423}, networkConnectionEnabled: false, pageLoadStrategy: normal, platformName: windows, proxy: Proxy(), se:cdp: ws://localhost:36423/devtoo..., se:cdpVersion: 122.0.6261.131, setWindowRect: true, strictFileInteractability: false, timeouts: {implicit: 0, pageLoad: 300000, script: 30000}, unhandledPromptBehavior: dismiss and notify, webauthn:extension:credBlob: true, webauthn:extension:largeBlob: true, webauthn:extension:minPinLength: true, webauthn:extension:prf: true, webauthn:virtualAuthenticators: true}&#10;Element: [[ChromeDriver: chrome on windows (3aa3b2bbfd2cad19ca57e78dd93ca8cb)] -&gt; xpath: //li[@class=&apos;logreg&apos;]/child::span[1]]&#10;Session ID: 3aa3b2bbfd2cad19ca57e78dd93ca8cb" type="org.openqa.selenium.ElementNotInteractableException">org.openqa.selenium.ElementNotInteractableException: 
element not interactable
  (Session info: chrome=122.0.6261.131)
Build info: version: '4.11.0', revision: '040bc5406b'
System info: os.name: 'Windows 11', os.arch: 'amd64', os.version: '10.0', java.version: '17.0.2'
Driver info: org.openqa.selenium.chrome.ChromeDriver
Command: [3aa3b2bbfd2cad19ca57e78dd93ca8cb, clickElement {id=f.D92BE093594B6D78CAA08BA354070C9A.d.B5F9E588F132690C79E14B7E5D2CEC15.e.455}]
Capabilities {acceptInsecureCerts: false, browserName: chrome, browserVersion: 122.0.6261.131, chrome: {chromedriverVersion: 122.0.6261.128 (f18a44fedeb..., userDataDir: C:\Users\lenovo\AppData\Loc...}, fedcm:accounts: true, goog:chromeOptions: {debuggerAddress: localhost:36423}, networkConnectionEnabled: false, pageLoadStrategy: normal, platformName: windows, proxy: Proxy(), se:cdp: ws://localhost:36423/devtoo..., se:cdpVersion: 122.0.6261.131, setWindowRect: true, strictFileInteractability: false, timeouts: {implicit: 0, pageLoad: 300000, script: 30000}, unhandledPromptBehavior: dismiss and notify, webauthn:extension:credBlob: true, webauthn:extension:largeBlob: true, webauthn:extension:minPinLength: true, webauthn:extension:prf: true, webauthn:virtualAuthenticators: true}
Element: [[ChromeDriver: chrome on windows (3aa3b2bbfd2cad19ca57e78dd93ca8cb)] -> xpath: //li[@class='logreg']/child::span[1]]
Session ID: 3aa3b2bbfd2cad19ca57e78dd93ca8cb
</failure>
    <system-out><![CDATA[
@FirstCry
Scenario Outline: Search for a city in the Preschool Locator &amp#27;[90m# src/test/java/features/6.PreSchool.feature:20&amp#27;[0m
  &amp#27;[32mGiven &amp#27;[0m&amp#27;[32mUser navigate to the FirstCry URL&amp#27;[0m                    &amp#27;[90m# steps.SharedSteps.user_navigate_to_the_first_cry_url()&amp#27;[0m
  &amp#27;[31mWhen &amp#27;[0m&amp#27;[31mUser log into the application with credentials&amp#27;[0m        &amp#27;[90m# steps.SharedSteps.user_log_into_the_application_with_credentials()&amp#27;[0m
      &amp#27;[31morg.openqa.selenium.ElementNotInteractableException: element not interactable
  (Session info: chrome=122.0.6261.131)
Build info: version: '4.11.0', revision: '040bc5406b'
System info: os.name: 'Windows 11', os.arch: 'amd64', os.version: '10.0', java.version: '17.0.2'
Driver info: org.openqa.selenium.chrome.ChromeDriver
Command: [3aa3b2bbfd2cad19ca57e78dd93ca8cb, clickElement {id=f.D92BE093594B6D78CAA08BA354070C9A.d.B5F9E588F132690C79E14B7E5D2CEC15.e.455}]
Capabilities {acceptInsecureCerts: false, browserName: chrome, browserVersion: 122.0.6261.131, chrome: {chromedriverVersion: 122.0.6261.128 (f18a44fedeb..., userDataDir: C:\Users\lenovo\AppData\Loc...}, fedcm:accounts: true, goog:chromeOptions: {debuggerAddress: localhost:36423}, networkConnectionEnabled: false, pageLoadStrategy: normal, platformName: windows, proxy: Proxy(), se:cdp: ws://localhost:36423/devtoo..., se:cdpVersion: 122.0.6261.131, setWindowRect: true, strictFileInteractability: false, timeouts: {implicit: 0, pageLoad: 300000, script: 30000}, unhandledPromptBehavior: dismiss and notify, webauthn:extension:credBlob: true, webauthn:extension:largeBlob: true, webauthn:extension:minPinLength: true, webauthn:extension:prf: true, webauthn:virtualAuthenticators: true}
Element: [[ChromeDriver: chrome on windows (3aa3b2bbfd2cad19ca57e78dd93ca8cb)] -> xpath: //li[@class='logreg']/child::span[1]]
Session ID: 3aa3b2bbfd2cad19ca57e78dd93ca8cb
	at java.base/jdk.internal.reflect.NativeConstructorAccessorImpl.newInstance0(Native Method)
	at java.base/jdk.internal.reflect.NativeConstructorAccessorImpl.newInstance(NativeConstructorAccessorImpl.java:77)
	at java.base/jdk.internal.reflect.DelegatingConstructorAccessorImpl.newInstance(DelegatingConstructorAccessorImpl.java:45)
	at java.base/java.lang.reflect.Constructor.newInstanceWithCaller(Constructor.java:499)
	at java.base/java.lang.reflect.Constructor.newInstance(Constructor.java:480)
	at org.openqa.selenium.remote.codec.w3c.W3CHttpResponseCodec.createException(W3CHttpResponseCodec.java:200)
	at org.openqa.selenium.remote.codec.w3c.W3CHttpResponseCodec.decode(W3CHttpResponseCodec.java:133)
	at org.openqa.selenium.remote.codec.w3c.W3CHttpResponseCodec.decode(W3CHttpResponseCodec.java:52)
	at org.openqa.selenium.remote.HttpCommandExecutor.execute(HttpCommandExecutor.java:191)
	at org.openqa.selenium.remote.service.DriverCommandExecutor.invokeExecute(DriverCommandExecutor.java:196)
	at org.openqa.selenium.remote.service.DriverCommandExecutor.execute(DriverCommandExecutor.java:171)
	at org.openqa.selenium.remote.RemoteWebDriver.execute(RemoteWebDriver.java:518)
	at org.openqa.selenium.remote.RemoteWebElement.execute(RemoteWebElement.java:224)
	at org.openqa.selenium.remote.RemoteWebElement.click(RemoteWebElement.java:77)
	at jdk.internal.reflect.GeneratedMethodAccessor61.invoke(Unknown Source)
	at java.base/jdk.internal.reflect.DelegatingMethodAccessorImpl.invoke(DelegatingMethodAccessorImpl.java:43)
	at java.base/java.lang.reflect.Method.invoke(Method.java:568)
	at org.openqa.selenium.support.pagefactory.internal.LocatingElementHandler.invoke(LocatingElementHandler.java:51)
	at jdk.proxy2/jdk.proxy2.$Proxy30.click(Unknown Source)
	at pages.LoginPage.clickOnLogin(LoginPage.java:29)
	at steps.SharedSteps.user_log_into_the_application_with_credentials(SharedSteps.java:35)
	at âœ½.User log into the application with credentials(file:///F:/Mphasis%20Practice%20Eclipse/RLLProject/src/test/java/features/6.PreSchool.feature:6)
&amp#27;[0m
  &amp#27;[36mWhen &amp#27;[0m&amp#27;[36muser can click on storeandpreschool&amp#27;[0m                   &amp#27;[90m# steps.PreSchoolStep.user_can_click_on_storeandpreschool()&amp#27;[0m
  &amp#27;[36mAnd &amp#27;[0m&amp#27;[36muser can click on findpreschool&amp#27;[0m                        &amp#27;[90m# steps.PreSchoolStep.user_can_click_on_findpreschool()&amp#27;[0m
  &amp#27;[36mAnd &amp#27;[0m&amp#27;[36muser switches focus to new tab&amp#27;[0m                         &amp#27;[90m# steps.PreSchoolStep.user_switches_focus_to_new_tab()&amp#27;[0m
  &amp#27;[36mThen &amp#27;[0m&amp#27;[36muser should be on &amp#27;[0m&amp#27;[36m&amp#27;[1m""&amp#27;[0m&amp#27;[36m tab&amp#27;[0m                              &amp#27;[90m# steps.PreSchoolStep.user_should_be_on_tab(java.lang.String)&amp#27;[0m
  &amp#27;[36mAnd &amp#27;[0m&amp#27;[36muser search for &amp#27;[0m&amp#27;[36m&amp#27;[1m"Agra"&amp#27;[0m                                 &amp#27;[90m# steps.PreSchoolStep.user_search_for(java.lang.String)&amp#27;[0m
  &amp#27;[36mAnd &amp#27;[0m&amp#27;[36mclick on findmy preschool&amp#27;[0m                              &amp#27;[90m# steps.PreSchoolStep.click_on_findmy_preschool()&amp#27;[0m
  &amp#27;[36mThen &amp#27;[0m&amp#27;[36mUser should see preschools in &amp#27;[0m&amp#27;[36m&amp#27;[1m""&amp#27;[0m                      &amp#27;[90m# steps.PreSchoolStep.user_should_see_preschools_in(java.lang.String)&amp#27;[0m
]]></system-out>
  </testcase>
  <testcase name="runScenario" classname="runners.TestRunner" time="49.416">
    <failure message="java.lang.reflect.InvocationTargetException&#10;Build info: version: &apos;4.11.0&apos;, revision: &apos;040bc5406b&apos;&#10;System info: os.name: &apos;Windows 11&apos;, os.arch: &apos;amd64&apos;, os.version: &apos;10.0&apos;, java.version: &apos;17.0.2&apos;&#10;Driver info: org.openqa.selenium.chrome.ChromeDriver&#10;Command: [3aa3b2bbfd2cad19ca57e78dd93ca8cb, actions {actions=[org.openqa.selenium.interactions.Sequence@4c04216f]}]&#10;Capabilities {acceptInsecureCerts: false, browserName: chrome, browserVersion: 122.0.6261.131, chrome: {chromedriverVersion: 122.0.6261.128 (f18a44fedeb..., userDataDir: C:\Users\lenovo\AppData\Loc...}, fedcm:accounts: true, goog:chromeOptions: {debuggerAddress: localhost:36423}, networkConnectionEnabled: false, pageLoadStrategy: normal, platformName: windows, proxy: Proxy(), se:cdp: ws://localhost:36423/devtoo..., se:cdpVersion: 122.0.6261.131, setWindowRect: true, strictFileInteractability: false, timeouts: {implicit: 0, pageLoad: 300000, script: 30000}, unhandledPromptBehavior: dismiss and notify, webauthn:extension:credBlob: true, webauthn:extension:largeBlob: true, webauthn:extension:minPinLength: true, webauthn:extension:prf: true, webauthn:virtualAuthenticators: true}&#10;Session ID: 3aa3b2bbfd2cad19ca57e78dd93ca8cb" type="org.openqa.selenium.json.JsonException">org.openqa.selenium.json.JsonException: 
java.lang.reflect.InvocationTargetException
Build info: version: '4.11.0', revision: '040bc5406b'
System info: os.name: 'Windows 11', os.arch: 'amd64', os.version: '10.0', java.version: '17.0.2'
Driver info: org.openqa.selenium.chrome.ChromeDriver
Command: [3aa3b2bbfd2cad19ca57e78dd93ca8cb, actions {actions=[org.openqa.selenium.interactions.Sequence@4c04216f]}]
Capabilities {acceptInsecureCerts: false, browserName: chrome, browserVersion: 122.0.6261.131, chrome: {chromedriverVersion: 122.0.6261.128 (f18a44fedeb..., userDataDir: C:\Users\lenovo\AppData\Loc...}, fedcm:accounts: true, goog:chromeOptions: {debuggerAddress: localhost:36423}, networkConnectionEnabled: false, pageLoadStrategy: normal, platformName: windows, proxy: Proxy(), se:cdp: ws://localhost:36423/devtoo..., se:cdpVersion: 122.0.6261.131, setWindowRect: true, strictFileInteractability: false, timeouts: {implicit: 0, pageLoad: 300000, script: 30000}, unhandledPromptBehavior: dismiss and notify, webauthn:extension:credBlob: true, webauthn:extension:largeBlob: true, webauthn:extension:minPinLength: true, webauthn:extension:prf: true, webauthn:virtualAuthenticators: true}
Session ID: 3aa3b2bbfd2cad19ca57e78dd93ca8cb
Caused by: java.lang.reflect.InvocationTargetException
Caused by: org.openqa.selenium.NoSuchElementException: 
no such element: Unable to locate element: {"method":"xpath","selector":"//span[contains(@class,'anch myacc_2')]"}
  (Session info: chrome=122.0.6261.131)
For documentation on this error, please visit: https://www.selenium.dev/documentation/webdriver/troubleshooting/errors#no-such-element-exception
Build info: version: '4.11.0', revision: '040bc5406b'
System info: os.name: 'Windows 11', os.arch: 'amd64', os.version: '10.0', java.version: '17.0.2'
Driver info: org.openqa.selenium.chrome.ChromeDriver
Command: [3aa3b2bbfd2cad19ca57e78dd93ca8cb, findElement {using=xpath, value=//span[contains(@class,'anch myacc_2')]}]
Capabilities {acceptInsecureCerts: false, browserName: chrome, browserVersion: 122.0.6261.131, chrome: {chromedriverVersion: 122.0.6261.128 (f18a44fedeb..., userDataDir: C:\Users\lenovo\AppData\Loc...}, fedcm:accounts: true, goog:chromeOptions: {debuggerAddress: localhost:36423}, networkConnectionEnabled: false, pageLoadStrategy: normal, platformName: windows, proxy: Proxy(), se:cdp: ws://localhost:36423/devtoo..., se:cdpVersion: 122.0.6261.131, setWindowRect: true, strictFileInteractability: false, timeouts: {implicit: 0, pageLoad: 300000, script: 30000}, unhandledPromptBehavior: dismiss and notify, webauthn:extension:credBlob: true, webauthn:extension:largeBlob: true, webauthn:extension:minPinLength: true, webauthn:extension:prf: true, webauthn:virtualAuthenticators: true}
Session ID: 3aa3b2bbfd2cad19ca57e78dd93ca8cb
</failure>
    <system-out><![CDATA[
@FirstCry
Scenario Outline: Search for a city in the Preschool Locator &amp#27;[90m# src/test/java/features/6.PreSchool.feature:21&amp#27;[0m
  &amp#27;[32mGiven &amp#27;[0m&amp#27;[32mUser navigate to the FirstCry URL&amp#27;[0m                    &amp#27;[90m# steps.SharedSteps.user_navigate_to_the_first_cry_url()&amp#27;[0m
  &amp#27;[32mWhen &amp#27;[0m&amp#27;[32mUser log into the application with credentials&amp#27;[0m        &amp#27;[90m# steps.SharedSteps.user_log_into_the_application_with_credentials()&amp#27;[0m
  &amp#27;[32mWhen &amp#27;[0m&amp#27;[32muser can click on storeandpreschool&amp#27;[0m                   &amp#27;[90m# steps.PreSchoolStep.user_can_click_on_storeandpreschool()&amp#27;[0m
  &amp#27;[32mAnd &amp#27;[0m&amp#27;[32muser can click on findpreschool&amp#27;[0m                        &amp#27;[90m# steps.PreSchoolStep.user_can_click_on_findpreschool()&amp#27;[0m
  &amp#27;[32mAnd &amp#27;[0m&amp#27;[32muser switches focus to new tab&amp#27;[0m                         &amp#27;[90m# steps.PreSchoolStep.user_switches_focus_to_new_tab()&amp#27;[0m
  &amp#27;[32mThen &amp#27;[0m&amp#27;[32muser should be on &amp#27;[0m&amp#27;[32m&amp#27;[1m""&amp#27;[0m&amp#27;[32m tab&amp#27;[0m                              &amp#27;[90m# steps.PreSchoolStep.user_should_be_on_tab(java.lang.String)&amp#27;[0m
  &amp#27;[32mAnd &amp#27;[0m&amp#27;[32muser search for &amp#27;[0m&amp#27;[32m&amp#27;[1m"Bengaluru"&amp#27;[0m                            &amp#27;[90m# steps.PreSchoolStep.user_search_for(java.lang.String)&amp#27;[0m
  &amp#27;[32mAnd &amp#27;[0m&amp#27;[32mclick on findmy preschool&amp#27;[0m                              &amp#27;[90m# steps.PreSchoolStep.click_on_findmy_preschool()&amp#27;[0m
  &amp#27;[31mThen &amp#27;[0m&amp#27;[31mUser should see preschools in &amp#27;[0m&amp#27;[31m&amp#27;[1m""&amp#27;[0m                      &amp#27;[90m# steps.PreSchoolStep.user_should_see_preschools_in(java.lang.String)&amp#27;[0m
      &amp#27;[31morg.openqa.selenium.json.JsonException: java.lang.reflect.InvocationTargetException
Build info: version: '4.11.0', revision: '040bc5406b'
System info: os.name: 'Windows 11', os.arch: 'amd64', os.version: '10.0', java.version: '17.0.2'
Driver info: org.openqa.selenium.chrome.ChromeDriver
Command: [3aa3b2bbfd2cad19ca57e78dd93ca8cb, actions {actions=[org.openqa.selenium.interactions.Sequence@4c04216f]}]
Capabilities {acceptInsecureCerts: false, browserName: chrome, browserVersion: 122.0.6261.131, chrome: {chromedriverVersion: 122.0.6261.128 (f18a44fedeb..., userDataDir: C:\Users\lenovo\AppData\Loc...}, fedcm:accounts: true, goog:chromeOptions: {debuggerAddress: localhost:36423}, networkConnectionEnabled: false, pageLoadStrategy: normal, platformName: windows, proxy: Proxy(), se:cdp: ws://localhost:36423/devtoo..., se:cdpVersion: 122.0.6261.131, setWindowRect: true, strictFileInteractability: false, timeouts: {implicit: 0, pageLoad: 300000, script: 30000}, unhandledPromptBehavior: dismiss and notify, webauthn:extension:credBlob: true, webauthn:extension:largeBlob: true, webauthn:extension:minPinLength: true, webauthn:extension:prf: true, webauthn:virtualAuthenticators: true}
Session ID: 3aa3b2bbfd2cad19ca57e78dd93ca8cb
	at org.openqa.selenium.json.JsonOutput.convertUsingMethod(JsonOutput.java:415)
	at org.openqa.selenium.json.JsonOutput.lambda$new$16(JsonOutput.java:178)
	at org.openqa.selenium.json.JsonOutput.write0(JsonOutput.java:341)
	at org.openqa.selenium.json.JsonOutput.lambda$new$22(JsonOutput.java:200)
	at java.base/java.util.stream.ForEachOps$ForEachOp$OfRef.accept(ForEachOps.java:183)
	at java.base/java.util.stream.ReferencePipeline$2$1.accept(ReferencePipeline.java:179)
	at java.base/java.util.Iterator.forEachRemaining(Iterator.java:133)
	at java.base/java.util.Spliterators$IteratorSpliterator.forEachRemaining(Spliterators.java:1845)
	at java.base/java.util.stream.AbstractPipeline.copyInto(AbstractPipeline.java:509)
	at java.base/java.util.stream.AbstractPipeline.wrapAndCopyInto(AbstractPipeline.java:499)
	at java.base/java.util.stream.ForEachOps$ForEachOp.evaluateSequential(ForEachOps.java:150)
	at java.base/java.util.stream.ForEachOps$ForEachOp$OfRef.evaluateSequential(ForEachOps.java:173)
	at java.base/java.util.stream.AbstractPipeline.evaluate(AbstractPipeline.java:234)
	at java.base/java.util.stream.ReferencePipeline.forEach(ReferencePipeline.java:596)
	at org.openqa.selenium.json.JsonOutput.lambda$new$23(JsonOutput.java:200)
	at org.openqa.selenium.json.JsonOutput.write0(JsonOutput.java:341)
	at org.openqa.selenium.json.JsonOutput.lambda$new$24(JsonOutput.java:218)
	at com.google.common.collect.SingletonImmutableBiMap.forEach(SingletonImmutableBiMap.java:68)
	at org.openqa.selenium.json.JsonOutput.lambda$new$25(JsonOutput.java:213)
	at org.openqa.selenium.json.JsonOutput.write0(JsonOutput.java:341)
	at org.openqa.selenium.json.JsonOutput.write(JsonOutput.java:332)
	at org.openqa.selenium.json.Json.toJson(Json.java:47)
	at org.openqa.selenium.json.Json.toJson(Json.java:41)
	at org.openqa.selenium.remote.codec.AbstractHttpCommandCodec.encode(AbstractHttpCommandCodec.java:273)
	at org.openqa.selenium.remote.codec.AbstractHttpCommandCodec.encode(AbstractHttpCommandCodec.java:127)
	at org.openqa.selenium.remote.HttpCommandExecutor.execute(HttpCommandExecutor.java:179)
	at org.openqa.selenium.remote.service.DriverCommandExecutor.invokeExecute(DriverCommandExecutor.java:196)
	at org.openqa.selenium.remote.service.DriverCommandExecutor.execute(DriverCommandExecutor.java:171)
	at org.openqa.selenium.remote.RemoteWebDriver.execute(RemoteWebDriver.java:518)
	at org.openqa.selenium.remote.RemoteWebDriver.perform(RemoteWebDriver.java:604)
	at org.openqa.selenium.interactions.Actions$BuiltAction.perform(Actions.java:605)
	at org.openqa.selenium.interactions.Actions.perform(Actions.java:574)
	at pages.HomePage.hovertoMyAccount(HomePage.java:70)
	at steps.PreSchoolStep.user_should_see_preschools_in(PreSchoolStep.java:61)
	at âœ½.User should see preschools in ""(file:///F:/Mphasis%20Practice%20Eclipse/RLLProject/src/test/java/features/6.PreSchool.feature:16)
	Suppressed: org.openqa.selenium.json.JsonException: Attempting to close incomplete json stream
Build info: version: '4.11.0', revision: '040bc5406b'
System info: os.name: 'Windows 11', os.arch: 'amd64', os.version: '10.0', java.version: '17.0.2'
Driver info: driver.version: RemoteWebDriver
		at org.openqa.selenium.json.JsonOutput.close(JsonOutput.java:357)
		at org.openqa.selenium.json.Json.toJson(Json.java:45)
		at org.openqa.selenium.json.Json.toJson(Json.java:41)
		at org.openqa.selenium.remote.codec.AbstractHttpCommandCodec.encode(AbstractHttpCommandCodec.java:273)
		at org.openqa.selenium.remote.codec.AbstractHttpCommandCodec.encode(AbstractHttpCommandCodec.java:127)
		at org.openqa.selenium.remote.HttpCommandExecutor.execute(HttpCommandExecutor.java:179)
		at org.openqa.selenium.remote.service.DriverCommandExecutor.invokeExecute(DriverCommandExecutor.java:196)
		at org.openqa.selenium.remote.service.DriverCommandExecutor.execute(DriverCommandExecutor.java:171)
[...]
	at org.openqa.selenium.remote.codec.w3c.W3CHttpResponseCodec.decode(W3CHttpResponseCodec.java:133)
	at org.openqa.selenium.remote.codec.w3c.W3CHttpResponseCodec.decode(W3CHttpResponseCodec.java:52)
	at org.openqa.selenium.remote.HttpCommandExecutor.execute(HttpCommandExecutor.java:191)
	at org.openqa.selenium.remote.service.DriverCommandExecutor.invokeExecute(DriverCommandExecutor.java:196)
	at org.openqa.selenium.remote.service.DriverCommandExecutor.execute(DriverCommandExecutor.java:171)
	at org.openqa.selenium.remote.RemoteWebDriver.execute(RemoteWebDriver.java:518)
	at org.openqa.selenium.remote.ElementLocation$ElementFinder$2.findElement(ElementLocation.java:165)
	at org.openqa.selenium.remote.ElementLocation.findElement(ElementLocation.java:59)
	at org.openqa.selenium.remote.RemoteWebDriver.findElement(RemoteWebDriver.java:355)
	at org.openqa.selenium.remote.RemoteWebDriver.findElement(RemoteWebDriver.java:349)
	at org.openqa.selenium.support.pagefactory.DefaultElementLocator.findElement(DefaultElementLocator.java:68)
	at org.openqa.selenium.support.pagefactory.internal.LocatingElementHandler.invoke(LocatingElementHandler.java:38)
	at jdk.proxy2/jdk.proxy2.$Proxy30.getWrappedElement(Unknown Source)
	at org.openqa.selenium.interactions.PointerInput$Origin.asArg(PointerInput.java:275)
	at org.openqa.selenium.interactions.PointerInput$Move.encode(PointerInput.java:224)
	at org.openqa.selenium.interactions.Sequence.encode(Sequence.java:72)
	at org.openqa.selenium.interactions.Sequence.toJson(Sequence.java:81)
	... 93 more
&amp#27;[0m
]]></system-out>
  </testcase>
  <testcase name="runScenario" classname="runners.TestRunner" time="6.796">
    <failure message="element not interactable&#10;  (Session info: chrome=122.0.6261.131)&#10;Build info: version: &apos;4.11.0&apos;, revision: &apos;040bc5406b&apos;&#10;System info: os.name: &apos;Windows 11&apos;, os.arch: &apos;amd64&apos;, os.version: &apos;10.0&apos;, java.version: &apos;17.0.2&apos;&#10;Driver info: org.openqa.selenium.chrome.ChromeDriver&#10;Command: [3aa3b2bbfd2cad19ca57e78dd93ca8cb, clickElement {id=f.E1CE7FD4E2BD0343FC256C7D63D2C2D2.d.1770730D071807938E136283F51CF343.e.51}]&#10;Capabilities {acceptInsecureCerts: false, browserName: chrome, browserVersion: 122.0.6261.131, chrome: {chromedriverVersion: 122.0.6261.128 (f18a44fedeb..., userDataDir: C:\Users\lenovo\AppData\Loc...}, fedcm:accounts: true, goog:chromeOptions: {debuggerAddress: localhost:36423}, networkConnectionEnabled: false, pageLoadStrategy: normal, platformName: windows, proxy: Proxy(), se:cdp: ws://localhost:36423/devtoo..., se:cdpVersion: 122.0.6261.131, setWindowRect: true, strictFileInteractability: false, timeouts: {implicit: 0, pageLoad: 300000, script: 30000}, unhandledPromptBehavior: dismiss and notify, webauthn:extension:credBlob: true, webauthn:extension:largeBlob: true, webauthn:extension:minPinLength: true, webauthn:extension:prf: true, webauthn:virtualAuthenticators: true}&#10;Element: [[ChromeDriver: chrome on windows (3aa3b2bbfd2cad19ca57e78dd93ca8cb)] -&gt; xpath: //li[@class=&apos;logreg&apos;]/child::span[1]]&#10;Session ID: 3aa3b2bbfd2cad19ca57e78dd93ca8cb" type="org.openqa.selenium.ElementNotInteractableException">org.openqa.selenium.ElementNotInteractableException: 
element not interactable
  (Session info: chrome=122.0.6261.131)
Build info: version: '4.11.0', revision: '040bc5406b'
System info: os.name: 'Windows 11', os.arch: 'amd64', os.version: '10.0', java.version: '17.0.2'
Driver info: org.openqa.selenium.chrome.ChromeDriver
Command: [3aa3b2bbfd2cad19ca57e78dd93ca8cb, clickElement {id=f.E1CE7FD4E2BD0343FC256C7D63D2C2D2.d.1770730D071807938E136283F51CF343.e.51}]
Capabilities {acceptInsecureCerts: false, browserName: chrome, browserVersion: 122.0.6261.131, chrome: {chromedriverVersion: 122.0.6261.128 (f18a44fedeb..., userDataDir: C:\Users\lenovo\AppData\Loc...}, fedcm:accounts: true, goog:chromeOptions: {debuggerAddress: localhost:36423}, networkConnectionEnabled: false, pageLoadStrategy: normal, platformName: windows, proxy: Proxy(), se:cdp: ws://localhost:36423/devtoo..., se:cdpVersion: 122.0.6261.131, setWindowRect: true, strictFileInteractability: false, timeouts: {implicit: 0, pageLoad: 300000, script: 30000}, unhandledPromptBehavior: dismiss and notify, webauthn:extension:credBlob: true, webauthn:extension:largeBlob: true, webauthn:extension:minPinLength: true, webauthn:extension:prf: true, webauthn:virtualAuthenticators: true}
Element: [[ChromeDriver: chrome on windows (3aa3b2bbfd2cad19ca57e78dd93ca8cb)] -> xpath: //li[@class='logreg']/child::span[1]]
Session ID: 3aa3b2bbfd2cad19ca57e78dd93ca8cb
</failure>
    <system-out><![CDATA[
@FirstCry
Scenario Outline: Manage Cart Functions                  &amp#27;[90m# src/test/java/features/7.CartFunction.feature:20&amp#27;[0m
  &amp#27;[32mGiven &amp#27;[0m&amp#27;[32mUser navigate to the FirstCry URL&amp#27;[0m                &amp#27;[90m# steps.SharedSteps.user_navigate_to_the_first_cry_url()&amp#27;[0m
  &amp#27;[31mWhen &amp#27;[0m&amp#27;[31mUser log into the application with credentials&amp#27;[0m    &amp#27;[90m# steps.SharedSteps.user_log_into_the_application_with_credentials()&amp#27;[0m
      &amp#27;[31morg.openqa.selenium.ElementNotInteractableException: element not interactable
  (Session info: chrome=122.0.6261.131)
Build info: version: '4.11.0', revision: '040bc5406b'
System info: os.name: 'Windows 11', os.arch: 'amd64', os.version: '10.0', java.version: '17.0.2'
Driver info: org.openqa.selenium.chrome.ChromeDriver
Command: [3aa3b2bbfd2cad19ca57e78dd93ca8cb, clickElement {id=f.E1CE7FD4E2BD0343FC256C7D63D2C2D2.d.1770730D071807938E136283F51CF343.e.51}]
Capabilities {acceptInsecureCerts: false, browserName: chrome, browserVersion: 122.0.6261.131, chrome: {chromedriverVersion: 122.0.6261.128 (f18a44fedeb..., userDataDir: C:\Users\lenovo\AppData\Loc...}, fedcm:accounts: true, goog:chromeOptions: {debuggerAddress: localhost:36423}, networkConnectionEnabled: false, pageLoadStrategy: normal, platformName: windows, proxy: Proxy(), se:cdp: ws://localhost:36423/devtoo..., se:cdpVersion: 122.0.6261.131, setWindowRect: true, strictFileInteractability: false, timeouts: {implicit: 0, pageLoad: 300000, script: 30000}, unhandledPromptBehavior: dismiss and notify, webauthn:extension:credBlob: true, webauthn:extension:largeBlob: true, webauthn:extension:minPinLength: true, webauthn:extension:prf: true, webauthn:virtualAuthenticators: true}
Element: [[ChromeDriver: chrome on windows (3aa3b2bbfd2cad19ca57e78dd93ca8cb)] -> xpath: //li[@class='logreg']/child::span[1]]
Session ID: 3aa3b2bbfd2cad19ca57e78dd93ca8cb
	at java.base/jdk.internal.reflect.NativeConstructorAccessorImpl.newInstance0(Native Method)
	at java.base/jdk.internal.reflect.NativeConstructorAccessorImpl.newInstance(NativeConstructorAccessorImpl.java:77)
	at java.base/jdk.internal.reflect.DelegatingConstructorAccessorImpl.newInstance(DelegatingConstructorAccessorImpl.java:45)
	at java.base/java.lang.reflect.Constructor.newInstanceWithCaller(Constructor.java:499)
	at java.base/java.lang.reflect.Constructor.newInstance(Constructor.java:480)
	at org.openqa.selenium.remote.codec.w3c.W3CHttpResponseCodec.createException(W3CHttpResponseCodec.java:200)
	at org.openqa.selenium.remote.codec.w3c.W3CHttpResponseCodec.decode(W3CHttpResponseCodec.java:133)
	at org.openqa.selenium.remote.codec.w3c.W3CHttpResponseCodec.decode(W3CHttpResponseCodec.java:52)
	at org.openqa.selenium.remote.HttpCommandExecutor.execute(HttpCommandExecutor.java:191)
	at org.openqa.selenium.remote.service.DriverCommandExecutor.invokeExecute(DriverCommandExecutor.java:196)
	at org.openqa.selenium.remote.service.DriverCommandExecutor.execute(DriverCommandExecutor.java:171)
	at org.openqa.selenium.remote.RemoteWebDriver.execute(RemoteWebDriver.java:518)
	at org.openqa.selenium.remote.RemoteWebElement.execute(RemoteWebElement.java:224)
	at org.openqa.selenium.remote.RemoteWebElement.click(RemoteWebElement.java:77)
	at jdk.internal.reflect.GeneratedMethodAccessor61.invoke(Unknown Source)
	at java.base/jdk.internal.reflect.DelegatingMethodAccessorImpl.invoke(DelegatingMethodAccessorImpl.java:43)
	at java.base/java.lang.reflect.Method.invoke(Method.java:568)
	at org.openqa.selenium.support.pagefactory.internal.LocatingElementHandler.invoke(LocatingElementHandler.java:51)
	at jdk.proxy2/jdk.proxy2.$Proxy30.click(Unknown Source)
	at pages.LoginPage.clickOnLogin(LoginPage.java:29)
	at steps.SharedSteps.user_log_into_the_application_with_credentials(SharedSteps.java:35)
	at âœ½.User log into the application with credentials(file:///F:/Mphasis%20Practice%20Eclipse/RLLProject/src/test/java/features/7.CartFunction.feature:6)
&amp#27;[0m
  &amp#27;[36mWhen &amp#27;[0m&amp#27;[36mUser add a few products to the cart&amp#27;[0m               &amp#27;[90m# steps.CartFuncStep.user_add_a_few_products_to_the_cart(io.cucumber.datatable.DataTable)&amp#27;[0m
    | Toys |
    | comb |
  &amp#27;[36mAnd &amp#27;[0m&amp#27;[36mUser click on cart&amp#27;[0m                                 &amp#27;[90m# steps.CartFuncStep.user_click_on_cart()&amp#27;[0m
  &amp#27;[36mThen &amp#27;[0m&amp#27;[36muser can see &amp#27;[0m&amp#27;[36m&amp#27;[1m""&amp#27;[0m&amp#27;[36m in the cart&amp#27;[0m                       &amp#27;[90m# steps.CartFuncStep.user_can_see_in_the_cart(java.lang.String)&amp#27;[0m
  &amp#27;[36mWhen &amp#27;[0m&amp#27;[36mUser move a product to the shortlist&amp#27;[0m              &amp#27;[90m# steps.CartFuncStep.user_move_a_product_to_the_shortlist()&amp#27;[0m
  &amp#27;[36mWhen &amp#27;[0m&amp#27;[36mUser change the quantity of product from the cart&amp#27;[0m &amp#27;[90m# steps.CartFuncStep.user_change_the_quantity_of_product_from_the_cart()&amp#27;[0m
  &amp#27;[36mThen &amp#27;[0m&amp#27;[36mthe &amp#27;[0m&amp#27;[36m&amp#27;[1m"<quantity>"&amp#27;[0m&amp#27;[36m should be changed&amp#27;[0m                &amp#27;[90m# steps.CartFuncStep.the_should_be_changed(java.lang.String)&amp#27;[0m
]]></system-out>
  </testcase>
  <testcase name="runScenario" classname="runners.TestRunner" time="58.121">
    <failure message="element click intercepted: Element &lt;img src=&quot;//cdn.fcglcdn.com/brainbees/images/products/219x265/11170663a.webp&quot; class=&quot;fade_img&quot; data-clone=&quot;11170663a.jpg;11170663b.jpg;11170663c.jpg;11170663d.jpg;11170663e.jpg;&quot; alt=&quot;Jack &amp;amp; Jones Junior Half Sleeves T-Shirt- Turquoise&quot; title=&quot;Jack &amp;amp; Jones Junior Half Sleeves T-Shirt- Turquoise&quot;&gt; is not clickable at point (362, 348). Other element would receive the click: &lt;span class=&quot;wt lft&quot;&gt;...&lt;/span&gt;&#10;  (Session info: chrome=122.0.6261.131)&#10;Build info: version: &apos;4.11.0&apos;, revision: &apos;040bc5406b&apos;&#10;System info: os.name: &apos;Windows 11&apos;, os.arch: &apos;amd64&apos;, os.version: &apos;10.0&apos;, java.version: &apos;17.0.2&apos;&#10;Driver info: org.openqa.selenium.chrome.ChromeDriver&#10;Command: [3aa3b2bbfd2cad19ca57e78dd93ca8cb, clickElement {id=f.0B4EA07648A54F392B627813F19C9AC5.d.FB4367E58062A1C674BD77D425EC5776.e.101}]&#10;Capabilities {acceptInsecureCerts: false, browserName: chrome, browserVersion: 122.0.6261.131, chrome: {chromedriverVersion: 122.0.6261.128 (f18a44fedeb..., userDataDir: C:\Users\lenovo\AppData\Loc...}, fedcm:accounts: true, goog:chromeOptions: {debuggerAddress: localhost:36423}, networkConnectionEnabled: false, pageLoadStrategy: normal, platformName: windows, proxy: Proxy(), se:cdp: ws://localhost:36423/devtoo..., se:cdpVersion: 122.0.6261.131, setWindowRect: true, strictFileInteractability: false, timeouts: {implicit: 0, pageLoad: 300000, script: 30000}, unhandledPromptBehavior: dismiss and notify, webauthn:extension:credBlob: true, webauthn:extension:largeBlob: true, webauthn:extension:minPinLength: true, webauthn:extension:prf: true, webauthn:virtualAuthenticators: true}&#10;Element: [[ChromeDriver: chrome on windows (3aa3b2bbfd2cad19ca57e78dd93ca8cb)] -&gt; xpath: (//div[@class=&apos;li_inner_block&apos;])[1]/descendant::img]&#10;Session ID: 3aa3b2bbfd2cad19ca57e78dd93ca8cb" type="org.openqa.selenium.ElementClickInterceptedException"><![CDATA[org.openqa.selenium.ElementClickInterceptedException: 
element click intercepted: Element <img src="//cdn.fcglcdn.com/brainbees/images/products/219x265/11170663a.webp" class="fade_img" data-clone="11170663a.jpg;11170663b.jpg;11170663c.jpg;11170663d.jpg;11170663e.jpg;" alt="Jack &amp; Jones Junior Half Sleeves T-Shirt- Turquoise" title="Jack &amp; Jones Junior Half Sleeves T-Shirt- Turquoise"> is not clickable at point (362, 348). Other element would receive the click: <span class="wt lft">...</span>
  (Session info: chrome=122.0.6261.131)
Build info: version: '4.11.0', revision: '040bc5406b'
System info: os.name: 'Windows 11', os.arch: 'amd64', os.version: '10.0', java.version: '17.0.2'
Driver info: org.openqa.selenium.chrome.ChromeDriver
Command: [3aa3b2bbfd2cad19ca57e78dd93ca8cb, clickElement {id=f.0B4EA07648A54F392B627813F19C9AC5.d.FB4367E58062A1C674BD77D425EC5776.e.101}]
Capabilities {acceptInsecureCerts: false, browserName: chrome, browserVersion: 122.0.6261.131, chrome: {chromedriverVersion: 122.0.6261.128 (f18a44fedeb..., userDataDir: C:\Users\lenovo\AppData\Loc...}, fedcm:accounts: true, goog:chromeOptions: {debuggerAddress: localhost:36423}, networkConnectionEnabled: false, pageLoadStrategy: normal, platformName: windows, proxy: Proxy(), se:cdp: ws://localhost:36423/devtoo..., se:cdpVersion: 122.0.6261.131, setWindowRect: true, strictFileInteractability: false, timeouts: {implicit: 0, pageLoad: 300000, script: 30000}, unhandledPromptBehavior: dismiss and notify, webauthn:extension:credBlob: true, webauthn:extension:largeBlob: true, webauthn:extension:minPinLength: true, webauthn:extension:prf: true, webauthn:virtualAuthenticators: true}
Element: [[ChromeDriver: chrome on windows (3aa3b2bbfd2cad19ca57e78dd93ca8cb)] -> xpath: (//div[@class='li_inner_block'])[1]/descendant::img]
Session ID: 3aa3b2bbfd2cad19ca57e78dd93ca8cb
]]></failure>
    <system-out><![CDATA[
@FirstCry
Scenario Outline: Shortlist and Manage Products          &amp#27;[90m# src/test/java/features/8.ShortlistFunction.feature:20&amp#27;[0m
  &amp#27;[32mGiven &amp#27;[0m&amp#27;[32mUser navigate to the FirstCry URL&amp#27;[0m                &amp#27;[90m# steps.SharedSteps.user_navigate_to_the_first_cry_url()&amp#27;[0m
  &amp#27;[32mWhen &amp#27;[0m&amp#27;[32mUser log into the application with credentials&amp#27;[0m    &amp#27;[90m# steps.SharedSteps.user_log_into_the_application_with_credentials()&amp#27;[0m
  &amp#27;[31mWhen &amp#27;[0m&amp#27;[31mUser shortlist few products&amp#27;[0m                       &amp#27;[90m# steps.ShortListStep.user_shortlist_few_products(io.cucumber.datatable.DataTable)&amp#27;[0m
    | Toys    |
    | Jackets |
      &amp#27;[31morg.openqa.selenium.ElementClickInterceptedException: element click intercepted: Element <img src="//cdn.fcglcdn.com/brainbees/images/products/219x265/11170663a.webp" class="fade_img" data-clone="11170663a.jpg;11170663b.jpg;11170663c.jpg;11170663d.jpg;11170663e.jpg;" alt="Jack &amp; Jones Junior Half Sleeves T-Shirt- Turquoise" title="Jack &amp; Jones Junior Half Sleeves T-Shirt- Turquoise"> is not clickable at point (362, 348). Other element would receive the click: <span class="wt lft">...</span>
  (Session info: chrome=122.0.6261.131)
Build info: version: '4.11.0', revision: '040bc5406b'
System info: os.name: 'Windows 11', os.arch: 'amd64', os.version: '10.0', java.version: '17.0.2'
Driver info: org.openqa.selenium.chrome.ChromeDriver
Command: [3aa3b2bbfd2cad19ca57e78dd93ca8cb, clickElement {id=f.0B4EA07648A54F392B627813F19C9AC5.d.FB4367E58062A1C674BD77D425EC5776.e.101}]
Capabilities {acceptInsecureCerts: false, browserName: chrome, browserVersion: 122.0.6261.131, chrome: {chromedriverVersion: 122.0.6261.128 (f18a44fedeb..., userDataDir: C:\Users\lenovo\AppData\Loc...}, fedcm:accounts: true, goog:chromeOptions: {debuggerAddress: localhost:36423}, networkConnectionEnabled: false, pageLoadStrategy: normal, platformName: windows, proxy: Proxy(), se:cdp: ws://localhost:36423/devtoo..., se:cdpVersion: 122.0.6261.131, setWindowRect: true, strictFileInteractability: false, timeouts: {implicit: 0, pageLoad: 300000, script: 30000}, unhandledPromptBehavior: dismiss and notify, webauthn:extension:credBlob: true, webauthn:extension:largeBlob: true, webauthn:extension:minPinLength: true, webauthn:extension:prf: true, webauthn:virtualAuthenticators: true}
Element: [[ChromeDriver: chrome on windows (3aa3b2bbfd2cad19ca57e78dd93ca8cb)] -> xpath: (//div[@class='li_inner_block'])[1]/descendant::img]
Session ID: 3aa3b2bbfd2cad19ca57e78dd93ca8cb
	at java.base/jdk.internal.reflect.NativeConstructorAccessorImpl.newInstance0(Native Method)
	at java.base/jdk.internal.reflect.NativeConstructorAccessorImpl.newInstance(NativeConstructorAccessorImpl.java:77)
	at java.base/jdk.internal.reflect.DelegatingConstructorAccessorImpl.newInstance(DelegatingConstructorAccessorImpl.java:45)
	at java.base/java.lang.reflect.Constructor.newInstanceWithCaller(Constructor.java:499)
	at java.base/java.lang.reflect.Constructor.newInstance(Constructor.java:480)
	at org.openqa.selenium.remote.codec.w3c.W3CHttpResponseCodec.createException(W3CHttpResponseCodec.java:200)
	at org.openqa.selenium.remote.codec.w3c.W3CHttpResponseCodec.decode(W3CHttpResponseCodec.java:133)
	at org.openqa.selenium.remote.codec.w3c.W3CHttpResponseCodec.decode(W3CHttpResponseCodec.java:52)
	at org.openqa.selenium.remote.HttpCommandExecutor.execute(HttpCommandExecutor.java:191)
	at org.openqa.selenium.remote.service.DriverCommandExecutor.invokeExecute(DriverCommandExecutor.java:196)
	at org.openqa.selenium.remote.service.DriverCommandExecutor.execute(DriverCommandExecutor.java:171)
	at org.openqa.selenium.remote.RemoteWebDriver.execute(RemoteWebDriver.java:518)
	at org.openqa.selenium.remote.RemoteWebElement.execute(RemoteWebElement.java:224)
	at org.openqa.selenium.remote.RemoteWebElement.click(RemoteWebElement.java:77)
	at jdk.internal.reflect.GeneratedMethodAccessor61.invoke(Unknown Source)
	at java.base/jdk.internal.reflect.DelegatingMethodAccessorImpl.invoke(DelegatingMethodAccessorImpl.java:43)
	at java.base/java.lang.reflect.Method.invoke(Method.java:568)
	at org.openqa.selenium.support.pagefactory.internal.LocatingElementHandler.invoke(LocatingElementHandler.java:51)
	at jdk.proxy2/jdk.proxy2.$Proxy30.click(Unknown Source)
	at pages.SearchPage.clickonFirstProduct(SearchPage.java:18)
	at steps.ShortListStep.user_shortlist_few_products(ShortListStep.java:34)
	at âœ½.User shortlist few products(file:///F:/Mphasis%20Practice%20Eclipse/RLLProject/src/test/java/features/8.ShortlistFunction.feature:9)
&amp#27;[0m
  &amp#27;[36mAnd &amp#27;[0m&amp#27;[36mUser click on the Shortlist button&amp#27;[0m                 &amp#27;[90m# steps.ShortListStep.user_click_on_the_shortlist_button()&amp#27;[0m
  &amp#27;[36mThen &amp#27;[0m&amp#27;[36muser can see &amp#27;[0m&amp#27;[36m&amp#27;[1m""&amp#27;[0m&amp#27;[36m in the shortlist&amp#27;[0m                  &amp#27;[90m# steps.ShortListStep.user_can_see_in_the_shortlist(java.lang.String)&amp#27;[0m
  &amp#27;[36mWhen &amp#27;[0m&amp#27;[36mUser add a product to the cart from the shortlist&amp#27;[0m &amp#27;[90m# steps.ShortListStep.user_add_a_product_to_the_cart_from_the_shortlist()&amp#27;[0m
  &amp#27;[36mWhen &amp#27;[0m&amp#27;[36mUser delete a product from the shortlist&amp#27;[0m          &amp#27;[90m# steps.ShortListStep.user_delete_a_product_from_the_shortlist()&amp#27;[0m
  &amp#27;[36mThen &amp#27;[0m&amp#27;[36mthe &amp#27;[0m&amp#27;[36m&amp#27;[1m""&amp#27;[0m&amp#27;[36m should be removed from the shortlist&amp#27;[0m       &amp#27;[90m# steps.ShortListStep.the_should_be_removed_from_the_shortlist(java.lang.String)&amp#27;[0m
]]></system-out>
  </testcase>
</testsuite>