<?xml version="1.0" encoding="UTF-8"?>
<testsuite xmlns:xsi="http://www.w3.org/2001/XMLSchema-instance" xsi:noNamespaceSchemaLocation="https://maven.apache.org/surefire/maven-surefire-plugin/xsd/surefire-test-report.xsd" name="TestSuite" time="559.005" tests="21" errors="0" skipped="9" failures="9">
  <properties>
[...]
</properties>
  <testcase name="runScenario" classname="runners.TestRunner" time="40.583"/>
  <testcase name="runScenario" classname="runners.TestRunner" time="0">
    <skipped message="no such element: Unable to locate element: {&quot;method&quot;:&quot;xpath&quot;,&quot;selector&quot;:&quot;//div[@id=&apos;verfiedbtn&apos;]&quot;}&#10;  (Session info: chrome=122.0.6261.131)&#10;For documentation on this error, please visit: https://www.selenium.dev/documentation/webdriver/troubleshooting/errors#no-such-element-exception&#10;Build info: version: &apos;4.11.0&apos;, revision: &apos;040bc5406b&apos;&#10;System info: os.name: &apos;Windows 11&apos;, os.arch: &apos;amd64&apos;, os.version: &apos;10.0&apos;, java.version: &apos;17.0.2&apos;&#10;Driver info: org.openqa.selenium.chrome.ChromeDriver&#10;Command: [2cf6b52a3e5756e7a3f6ecdeafab793d, findElement {using=xpath, value=//div[@id=&apos;verfiedbtn&apos;]}]&#10;Capabilities {acceptInsecureCerts: false, browserName: chrome, browserVersion: 122.0.6261.131, chrome: {chromedriverVersion: 122.0.6261.128 (f18a44fedeb..., userDataDir: C:\Users\lenovo\AppData\Loc...}, fedcm:accounts: true, goog:chromeOptions: {debuggerAddress: localhost:28373}, networkConnectionEnabled: false, pageLoadStrategy: normal, platformName: windows, proxy: Proxy(), se:cdp: ws://localhost:28373/devtoo..., se:cdpVersion: 122.0.6261.131, setWindowRect: true, strictFileInteractability: false, timeouts: {implicit: 0, pageLoad: 300000, script: 30000}, unhandledPromptBehavior: dismiss and notify, webauthn:extension:credBlob: true, webauthn:extension:largeBlob: true, webauthn:extension:minPinLength: true, webauthn:extension:prf: true, webauthn:virtualAuthenticators: true}&#10;Session ID: 2cf6b52a3e5756e7a3f6ecdeafab793d"/>
    <system-out><![CDATA[[INFO ] 2024-03-26 11:37:38.585 [main] SharedSteps - Test Started

@FirstCry
Scenario Outline: Login with UserId       &amp#27;[90m# src/test/java/features/1.Login.feature:16&amp#27;[0m
[INFO ] 2024-03-26 11:37:38.589 [main] SharedSteps - Login with UserId Scenario Started
  &amp#27;[32mGiven &amp#27;[0m&amp#27;[32mUser navigate to the FirstCry URL&amp#27;[0m &amp#27;[90m# steps.SharedSteps.user_navigate_to_the_first_cry_url()&amp#27;[0m
[DEBUG] 2024-03-26 11:37:41.489 [main] SharedSteps - Step-1 Test Case Passed
  &amp#27;[32mWhen &amp#27;[0m&amp#27;[32muser click on the login button&amp#27;[0m     &amp#27;[90m# steps.LoginStepDefination.user_click_on_the_login_button()&amp#27;[0m
[DEBUG] 2024-03-26 11:37:42.128 [main] SharedSteps - Step-2 Test Case Passed
  &amp#27;[32mThen &amp#27;[0m&amp#27;[32muser should be on login Page&amp#27;[0m       &amp#27;[90m# steps.LoginStepDefination.user_should_be_on_login_page()&amp#27;[0m
[DEBUG] 2024-03-26 11:37:42.156 [main] SharedSteps - Step-3 Test Case Passed
  &amp#27;[32mAnd &amp#27;[0m&amp#27;[32mUser enter &amp#27;[0m&amp#27;[32m&amp#27;[1m"chandumj@gmail.co"&amp#27;[0m      &amp#27;[90m# steps.LoginStepDefination.user_enter(java.lang.String)&amp#27;[0m
[DEBUG] 2024-03-26 11:37:42.316 [main] SharedSteps - Step-4 Test Case Passed
  &amp#27;[32mAnd &amp#27;[0m&amp#27;[32muser click on the continue button&amp#27;[0m   &amp#27;[90m# steps.LoginStepDefination.user_click_on_the_continue_button()&amp#27;[0m
[DEBUG] 2024-03-26 11:37:44.197 [main] SharedSteps - Step-5 Test Case Passed
  &amp#27;[31mAnd &amp#27;[0m&amp#27;[31muser click the submit button&amp#27;[0m        &amp#27;[90m# steps.LoginStepDefination.user_click_the_submit_button()&amp#27;[0m
      &amp#27;[31morg.openqa.selenium.NoSuchElementException: no such element: Unable to locate element: {"method":"xpath","selector":"//div[@id='verfiedbtn']"}
  (Session info: chrome=122.0.6261.131)
For documentation on this error, please visit: https://www.selenium.dev/documentation/webdriver/troubleshooting/errors#no-such-element-exception
Build info: version: '4.11.0', revision: '040bc5406b'
System info: os.name: 'Windows 11', os.arch: 'amd64', os.version: '10.0', java.version: '17.0.2'
Driver info: org.openqa.selenium.chrome.ChromeDriver
Command: [2cf6b52a3e5756e7a3f6ecdeafab793d, findElement {using=xpath, value=//div[@id='verfiedbtn']}]
Capabilities {acceptInsecureCerts: false, browserName: chrome, browserVersion: 122.0.6261.131, chrome: {chromedriverVersion: 122.0.6261.128 (f18a44fedeb..., userDataDir: C:\Users\lenovo\AppData\Loc...}, fedcm:accounts: true, goog:chromeOptions: {debuggerAddress: localhost:28373}, networkConnectionEnabled: false, pageLoadStrategy: normal, platformName: windows, proxy: Proxy(), se:cdp: ws://localhost:28373/devtoo..., se:cdpVersion: 122.0.6261.131, setWindowRect: true, strictFileInteractability: false, timeouts: {implicit: 0, pageLoad: 300000, script: 30000}, unhandledPromptBehavior: dismiss and notify, webauthn:extension:credBlob: true, webauthn:extension:largeBlob: true, webauthn:extension:minPinLength: true, webauthn:extension:prf: true, webauthn:virtualAuthenticators: true}
Session ID: 2cf6b52a3e5756e7a3f6ecdeafab793d
	at java.base/jdk.internal.reflect.NativeConstructorAccessorImpl.newInstance0(Native Method)
	at java.base/jdk.internal.reflect.NativeConstructorAccessorImpl.newInstance(NativeConstructorAccessorImpl.java:77)
	at java.base/jdk.internal.reflect.DelegatingConstructorAccessorImpl.newInstance(DelegatingConstructorAccessorImpl.java:45)
	at java.base/java.lang.reflect.Constructor.newInstanceWithCaller(Constructor.java:499)
	at java.base/java.lang.reflect.Constructor.newInstance(Constructor.java:480)
	at org.openqa.selenium.remote.codec.w3c.W3CHttpResponseCodec.createException(W3CHttpResponseCodec.java:200)
	at org.openqa.selenium.remote.codec.w3c.W3CHttpResponseCodec.decode(W3CHttpResponseCodec.java:133)
	at org.openqa.selenium.remote.codec.w3c.W3CHttpResponseCodec.decode(W3CHttpResponseCodec.java:52)
	at org.openqa.selenium.remote.HttpCommandExecutor.execute(HttpCommandExecutor.java:191)
	at org.openqa.selenium.remote.service.DriverCommandExecutor.invokeExecute(DriverCommandExecutor.java:196)
	at org.openqa.selenium.remote.service.DriverCommandExecutor.execute(DriverCommandExecutor.java:171)
	at org.openqa.selenium.remote.RemoteWebDriver.execute(RemoteWebDriver.java:518)
	at org.openqa.selenium.remote.ElementLocation$ElementFinder$2.findElement(ElementLocation.java:165)
	at org.openqa.selenium.remote.ElementLocation.findElement(ElementLocation.java:59)
	at org.openqa.selenium.remote.RemoteWebDriver.findElement(RemoteWebDriver.java:355)
	at org.openqa.selenium.remote.RemoteWebDriver.findElement(RemoteWebDriver.java:349)
	at org.openqa.selenium.support.pagefactory.DefaultElementLocator.findElement(DefaultElementLocator.java:68)
	at org.openqa.selenium.support.pagefactory.internal.LocatingElementHandler.invoke(LocatingElementHandler.java:38)
	at jdk.proxy2/jdk.proxy2.$Proxy45.click(Unknown Source)
	at pages.LoginPage.clickOnSubmit(LoginPage.java:47)
	at steps.LoginStepDefination.user_click_the_submit_button(LoginStepDefination.java:46)
	at âœ½.user click the submit button(file:///F:/Mphasis%20Practice%20Eclipse/RLLProject/src/test/java/features/1.Login.feature:10)
&amp#27;[0m
[FATAL] 2024-03-26 11:38:14.506 [main] SharedSteps - Step-6 Test Case Failed
  &amp#27;[36mThen &amp#27;[0m&amp#27;[36muser should be on Home Page&amp#27;[0m        &amp#27;[90m# steps.LoginStepDefination.user_should_be_on_home_page()&amp#27;[0m
[INFO ] 2024-03-26 11:38:14.514 [main] SharedSteps - Login with UserIdScenario Completed
[INFO ] 2024-03-26 11:38:14.515 [main] SharedSteps - Test Skipped
]]></system-out>
  </testcase>
  <testcase name="runScenario" classname="runners.TestRunner" time="37.843">
    <failure message="no such element: Unable to locate element: {&quot;method&quot;:&quot;xpath&quot;,&quot;selector&quot;:&quot;//div[@id=&apos;verfiedbtn&apos;]&quot;}&#10;  (Session info: chrome=122.0.6261.131)&#10;For documentation on this error, please visit: https://www.selenium.dev/documentation/webdriver/troubleshooting/errors#no-such-element-exception&#10;Build info: version: &apos;4.11.0&apos;, revision: &apos;040bc5406b&apos;&#10;System info: os.name: &apos;Windows 11&apos;, os.arch: &apos;amd64&apos;, os.version: &apos;10.0&apos;, java.version: &apos;17.0.2&apos;&#10;Driver info: org.openqa.selenium.chrome.ChromeDriver&#10;Command: [2cf6b52a3e5756e7a3f6ecdeafab793d, findElement {using=xpath, value=//div[@id=&apos;verfiedbtn&apos;]}]&#10;Capabilities {acceptInsecureCerts: false, browserName: chrome, browserVersion: 122.0.6261.131, chrome: {chromedriverVersion: 122.0.6261.128 (f18a44fedeb..., userDataDir: C:\Users\lenovo\AppData\Loc...}, fedcm:accounts: true, goog:chromeOptions: {debuggerAddress: localhost:28373}, networkConnectionEnabled: false, pageLoadStrategy: normal, platformName: windows, proxy: Proxy(), se:cdp: ws://localhost:28373/devtoo..., se:cdpVersion: 122.0.6261.131, setWindowRect: true, strictFileInteractability: false, timeouts: {implicit: 0, pageLoad: 300000, script: 30000}, unhandledPromptBehavior: dismiss and notify, webauthn:extension:credBlob: true, webauthn:extension:largeBlob: true, webauthn:extension:minPinLength: true, webauthn:extension:prf: true, webauthn:virtualAuthenticators: true}&#10;Session ID: 2cf6b52a3e5756e7a3f6ecdeafab793d" type="org.openqa.selenium.NoSuchElementException">org.openqa.selenium.NoSuchElementException: 
no such element: Unable to locate element: {"method":"xpath","selector":"//div[@id='verfiedbtn']"}
  (Session info: chrome=122.0.6261.131)
For documentation on this error, please visit: https://www.selenium.dev/documentation/webdriver/troubleshooting/errors#no-such-element-exception
Build info: version: '4.11.0', revision: '040bc5406b'
System info: os.name: 'Windows 11', os.arch: 'amd64', os.version: '10.0', java.version: '17.0.2'
Driver info: org.openqa.selenium.chrome.ChromeDriver
Command: [2cf6b52a3e5756e7a3f6ecdeafab793d, findElement {using=xpath, value=//div[@id='verfiedbtn']}]
Capabilities {acceptInsecureCerts: false, browserName: chrome, browserVersion: 122.0.6261.131, chrome: {chromedriverVersion: 122.0.6261.128 (f18a44fedeb..., userDataDir: C:\Users\lenovo\AppData\Loc...}, fedcm:accounts: true, goog:chromeOptions: {debuggerAddress: localhost:28373}, networkConnectionEnabled: false, pageLoadStrategy: normal, platformName: windows, proxy: Proxy(), se:cdp: ws://localhost:28373/devtoo..., se:cdpVersion: 122.0.6261.131, setWindowRect: true, strictFileInteractability: false, timeouts: {implicit: 0, pageLoad: 300000, script: 30000}, unhandledPromptBehavior: dismiss and notify, webauthn:extension:credBlob: true, webauthn:extension:largeBlob: true, webauthn:extension:minPinLength: true, webauthn:extension:prf: true, webauthn:virtualAuthenticators: true}
Session ID: 2cf6b52a3e5756e7a3f6ecdeafab793d
</failure>
    <system-out><![CDATA[[INFO ] 2024-03-26 11:38:14.516 [main] SharedSteps - Test Started

@FirstCry
Scenario Outline: Login with UserId       &amp#27;[90m# src/test/java/features/1.Login.feature:16&amp#27;[0m
[INFO ] 2024-03-26 11:38:14.525 [main] SharedSteps - Login with UserId Scenario Started
  &amp#27;[32mGiven &amp#27;[0m&amp#27;[32mUser navigate to the FirstCry URL&amp#27;[0m &amp#27;[90m# steps.SharedSteps.user_navigate_to_the_first_cry_url()&amp#27;[0m
[DEBUG] 2024-03-26 11:38:19.381 [main] SharedSteps - Step-1 Test Case Passed
  &amp#27;[32mWhen &amp#27;[0m&amp#27;[32muser click on the login button&amp#27;[0m     &amp#27;[90m# steps.LoginStepDefination.user_click_on_the_login_button()&amp#27;[0m
[DEBUG] 2024-03-26 11:38:20.137 [main] SharedSteps - Step-2 Test Case Passed
  &amp#27;[32mThen &amp#27;[0m&amp#27;[32muser should be on login Page&amp#27;[0m       &amp#27;[90m# steps.LoginStepDefination.user_should_be_on_login_page()&amp#27;[0m
[DEBUG] 2024-03-26 11:38:20.162 [main] SharedSteps - Step-3 Test Case Passed
  &amp#27;[32mAnd &amp#27;[0m&amp#27;[32mUser enter &amp#27;[0m&amp#27;[32m&amp#27;[1m"chandumj@gmail.co"&amp#27;[0m      &amp#27;[90m# steps.LoginStepDefination.user_enter(java.lang.String)&amp#27;[0m
[DEBUG] 2024-03-26 11:38:20.311 [main] SharedSteps - Step-4 Test Case Passed
  &amp#27;[32mAnd &amp#27;[0m&amp#27;[32muser click on the continue button&amp#27;[0m   &amp#27;[90m# steps.LoginStepDefination.user_click_on_the_continue_button()&amp#27;[0m
[DEBUG] 2024-03-26 11:38:22.171 [main] SharedSteps - Step-5 Test Case Passed
  &amp#27;[31mAnd &amp#27;[0m&amp#27;[31muser click the submit button&amp#27;[0m        &amp#27;[90m# steps.LoginStepDefination.user_click_the_submit_button()&amp#27;[0m
      &amp#27;[31morg.openqa.selenium.NoSuchElementException: no such element: Unable to locate element: {"method":"xpath","selector":"//div[@id='verfiedbtn']"}
  (Session info: chrome=122.0.6261.131)
For documentation on this error, please visit: https://www.selenium.dev/documentation/webdriver/troubleshooting/errors#no-such-element-exception
Build info: version: '4.11.0', revision: '040bc5406b'
System info: os.name: 'Windows 11', os.arch: 'amd64', os.version: '10.0', java.version: '17.0.2'
Driver info: org.openqa.selenium.chrome.ChromeDriver
Command: [2cf6b52a3e5756e7a3f6ecdeafab793d, findElement {using=xpath, value=//div[@id='verfiedbtn']}]
Capabilities {acceptInsecureCerts: false, browserName: chrome, browserVersion: 122.0.6261.131, chrome: {chromedriverVersion: 122.0.6261.128 (f18a44fedeb..., userDataDir: C:\Users\lenovo\AppData\Loc...}, fedcm:accounts: true, goog:chromeOptions: {debuggerAddress: localhost:28373}, networkConnectionEnabled: false, pageLoadStrategy: normal, platformName: windows, proxy: Proxy(), se:cdp: ws://localhost:28373/devtoo..., se:cdpVersion: 122.0.6261.131, setWindowRect: true, strictFileInteractability: false, timeouts: {implicit: 0, pageLoad: 300000, script: 30000}, unhandledPromptBehavior: dismiss and notify, webauthn:extension:credBlob: true, webauthn:extension:largeBlob: true, webauthn:extension:minPinLength: true, webauthn:extension:prf: true, webauthn:virtualAuthenticators: true}
Session ID: 2cf6b52a3e5756e7a3f6ecdeafab793d
	at java.base/jdk.internal.reflect.NativeConstructorAccessorImpl.newInstance0(Native Method)
	at java.base/jdk.internal.reflect.NativeConstructorAccessorImpl.newInstance(NativeConstructorAccessorImpl.java:77)
	at java.base/jdk.internal.reflect.DelegatingConstructorAccessorImpl.newInstance(DelegatingConstructorAccessorImpl.java:45)
	at java.base/java.lang.reflect.Constructor.newInstanceWithCaller(Constructor.java:499)
	at java.base/java.lang.reflect.Constructor.newInstance(Constructor.java:480)
	at org.openqa.selenium.remote.codec.w3c.W3CHttpResponseCodec.createException(W3CHttpResponseCodec.java:200)
	at org.openqa.selenium.remote.codec.w3c.W3CHttpResponseCodec.decode(W3CHttpResponseCodec.java:133)
	at org.openqa.selenium.remote.codec.w3c.W3CHttpResponseCodec.decode(W3CHttpResponseCodec.java:52)
	at org.openqa.selenium.remote.HttpCommandExecutor.execute(HttpCommandExecutor.java:191)
	at org.openqa.selenium.remote.service.DriverCommandExecutor.invokeExecute(DriverCommandExecutor.java:196)
	at org.openqa.selenium.remote.service.DriverCommandExecutor.execute(DriverCommandExecutor.java:171)
	at org.openqa.selenium.remote.RemoteWebDriver.execute(RemoteWebDriver.java:518)
	at org.openqa.selenium.remote.ElementLocation$ElementFinder$2.findElement(ElementLocation.java:165)
	at org.openqa.selenium.remote.ElementLocation.findElement(ElementLocation.java:59)
	at org.openqa.selenium.remote.RemoteWebDriver.findElement(RemoteWebDriver.java:355)
	at org.openqa.selenium.remote.RemoteWebDriver.findElement(RemoteWebDriver.java:349)
	at org.openqa.selenium.support.pagefactory.DefaultElementLocator.findElement(DefaultElementLocator.java:68)
	at org.openqa.selenium.support.pagefactory.internal.LocatingElementHandler.invoke(LocatingElementHandler.java:38)
	at jdk.proxy2/jdk.proxy2.$Proxy45.click(Unknown Source)
	at pages.LoginPage.clickOnSubmit(LoginPage.java:47)
	at steps.LoginStepDefination.user_click_the_submit_button(LoginStepDefination.java:46)
	at âœ½.user click the submit button(file:///F:/Mphasis%20Practice%20Eclipse/RLLProject/src/test/java/features/1.Login.feature:10)
&amp#27;[0m
[FATAL] 2024-03-26 11:38:52.341 [main] SharedSteps - Step-6 Test Case Failed
  &amp#27;[36mThen &amp#27;[0m&amp#27;[36muser should be on Home Page&amp#27;[0m        &amp#27;[90m# steps.LoginStepDefination.user_should_be_on_home_page()&amp#27;[0m
[INFO ] 2024-03-26 11:38:52.351 [main] SharedSteps - Login with UserIdScenario Completed
[INFO ] 2024-03-26 11:38:52.352 [main] SharedSteps - Test Failed
]]></system-out>
  </testcase>
  <testcase name="runScenario" classname="runners.TestRunner" time="41.667"/>
  <testcase name="runScenario" classname="runners.TestRunner" time="40.828"/>
  <testcase name="runScenario" classname="runners.TestRunner" time="0">
    <skipped message="no such element: Unable to locate element: {&quot;method&quot;:&quot;xpath&quot;,&quot;selector&quot;:&quot;//span[@class=&apos;search-button&apos;]&quot;}&#10;  (Session info: chrome=122.0.6261.131)&#10;For documentation on this error, please visit: https://www.selenium.dev/documentation/webdriver/troubleshooting/errors#no-such-element-exception&#10;Build info: version: &apos;4.11.0&apos;, revision: &apos;040bc5406b&apos;&#10;System info: os.name: &apos;Windows 11&apos;, os.arch: &apos;amd64&apos;, os.version: &apos;10.0&apos;, java.version: &apos;17.0.2&apos;&#10;Driver info: org.openqa.selenium.chrome.ChromeDriver&#10;Command: [2cf6b52a3e5756e7a3f6ecdeafab793d, findElement {using=xpath, value=//span[@class=&apos;search-button&apos;]}]&#10;Capabilities {acceptInsecureCerts: false, browserName: chrome, browserVersion: 122.0.6261.131, chrome: {chromedriverVersion: 122.0.6261.128 (f18a44fedeb..., userDataDir: C:\Users\lenovo\AppData\Loc...}, fedcm:accounts: true, goog:chromeOptions: {debuggerAddress: localhost:28373}, networkConnectionEnabled: false, pageLoadStrategy: normal, platformName: windows, proxy: Proxy(), se:cdp: ws://localhost:28373/devtoo..., se:cdpVersion: 122.0.6261.131, setWindowRect: true, strictFileInteractability: false, timeouts: {implicit: 0, pageLoad: 300000, script: 30000}, unhandledPromptBehavior: dismiss and notify, webauthn:extension:credBlob: true, webauthn:extension:largeBlob: true, webauthn:extension:minPinLength: true, webauthn:extension:prf: true, webauthn:virtualAuthenticators: true}&#10;Session ID: 2cf6b52a3e5756e7a3f6ecdeafab793d"/>
    <system-out><![CDATA[[INFO ] 2024-03-26 11:40:14.855 [main] SharedSteps - Test Started

@FirstCry
Scenario Outline: Search for Product                                                                                                                           &amp#27;[90m# src/test/java/features/3.SearchOperation.feature:16&amp#27;[0m
[INFO ] 2024-03-26 11:40:14.871 [main] SharedSteps - Search for Product Scenario Started
  &amp#27;[32mGiven &amp#27;[0m&amp#27;[32mUser navigate to the FirstCry URL&amp#27;[0m                                                                                                                      &amp#27;[90m# steps.SharedSteps.user_navigate_to_the_first_cry_url()&amp#27;[0m
[DEBUG] 2024-03-26 11:40:16.846 [main] SharedSteps - Step-1 Test Case Passed
  &amp#27;[32mWhen &amp#27;[0m&amp#27;[32mUser log into the application with credentials&amp#27;[0m                                                                                                          &amp#27;[90m# steps.SharedSteps.user_log_into_the_application_with_credentials()&amp#27;[0m
[DEBUG] 2024-03-26 11:40:49.882 [main] SharedSteps - Step-2 Test Case Passed
  &amp#27;[31mWhen &amp#27;[0m&amp#27;[31mUser search for &amp#27;[0m&amp#27;[31m&amp#27;[1m"Babyhug Cotton Woven Full Sleeves Checked Shirt - Navy Blue for Boys"&amp#27;[0m                                                                  &amp#27;[90m# steps.SearchStep.user_search_for(java.lang.String)&amp#27;[0m
      &amp#27;[31morg.openqa.selenium.NoSuchElementException: no such element: Unable to locate element: {"method":"xpath","selector":"//span[@class='search-button']"}
  (Session info: chrome=122.0.6261.131)
For documentation on this error, please visit: https://www.selenium.dev/documentation/webdriver/troubleshooting/errors#no-such-element-exception
Build info: version: '4.11.0', revision: '040bc5406b'
System info: os.name: 'Windows 11', os.arch: 'amd64', os.version: '10.0', java.version: '17.0.2'
Driver info: org.openqa.selenium.chrome.ChromeDriver
Command: [2cf6b52a3e5756e7a3f6ecdeafab793d, findElement {using=xpath, value=//span[@class='search-button']}]
Capabilities {acceptInsecureCerts: false, browserName: chrome, browserVersion: 122.0.6261.131, chrome: {chromedriverVersion: 122.0.6261.128 (f18a44fedeb..., userDataDir: C:\Users\lenovo\AppData\Loc...}, fedcm:accounts: true, goog:chromeOptions: {debuggerAddress: localhost:28373}, networkConnectionEnabled: false, pageLoadStrategy: normal, platformName: windows, proxy: Proxy(), se:cdp: ws://localhost:28373/devtoo..., se:cdpVersion: 122.0.6261.131, setWindowRect: true, strictFileInteractability: false, timeouts: {implicit: 0, pageLoad: 300000, script: 30000}, unhandledPromptBehavior: dismiss and notify, webauthn:extension:credBlob: true, webauthn:extension:largeBlob: true, webauthn:extension:minPinLength: true, webauthn:extension:prf: true, webauthn:virtualAuthenticators: true}
Session ID: 2cf6b52a3e5756e7a3f6ecdeafab793d
	at java.base/jdk.internal.reflect.NativeConstructorAccessorImpl.newInstance0(Native Method)
	at java.base/jdk.internal.reflect.NativeConstructorAccessorImpl.newInstance(NativeConstructorAccessorImpl.java:77)
	at java.base/jdk.internal.reflect.DelegatingConstructorAccessorImpl.newInstance(DelegatingConstructorAccessorImpl.java:45)
	at java.base/java.lang.reflect.Constructor.newInstanceWithCaller(Constructor.java:499)
	at java.base/java.lang.reflect.Constructor.newInstance(Constructor.java:480)
	at org.openqa.selenium.remote.codec.w3c.W3CHttpResponseCodec.createException(W3CHttpResponseCodec.java:200)
	at org.openqa.selenium.remote.codec.w3c.W3CHttpResponseCodec.decode(W3CHttpResponseCodec.java:133)
	at org.openqa.selenium.remote.codec.w3c.W3CHttpResponseCodec.decode(W3CHttpResponseCodec.java:52)
	at org.openqa.selenium.remote.HttpCommandExecutor.execute(HttpCommandExecutor.java:191)
	at org.openqa.selenium.remote.service.DriverCommandExecutor.invokeExecute(DriverCommandExecutor.java:196)
	at org.openqa.selenium.remote.service.DriverCommandExecutor.execute(DriverCommandExecutor.java:171)
	at org.openqa.selenium.remote.RemoteWebDriver.execute(RemoteWebDriver.java:518)
	at org.openqa.selenium.remote.ElementLocation$ElementFinder$2.findElement(ElementLocation.java:165)
	at org.openqa.selenium.remote.ElementLocation.findElement(ElementLocation.java:59)
	at org.openqa.selenium.remote.RemoteWebDriver.findElement(RemoteWebDriver.java:355)
	at org.openqa.selenium.remote.RemoteWebDriver.findElement(RemoteWebDriver.java:349)
	at org.openqa.selenium.support.pagefactory.DefaultElementLocator.findElement(DefaultElementLocator.java:68)
	at org.openqa.selenium.support.pagefactory.internal.LocatingElementHandler.invoke(LocatingElementHandler.java:38)
	at jdk.proxy2/jdk.proxy2.$Proxy45.click(Unknown Source)
	at pages.HomePage.clickOnSearch(HomePage.java:72)
	at steps.SearchStep.user_search_for(SearchStep.java:25)
	at âœ½.User search for "Babyhug Cotton Woven Full Sleeves Checked Shirt - Navy Blue for Boys"(file:///F:/Mphasis%20Practice%20Eclipse/RLLProject/src/test/java/features/3.SearchOperation.feature:9)
&amp#27;[0m
[FATAL] 2024-03-26 11:40:50.095 [main] SharedSteps - Step-3 Test Case Failed
  &amp#27;[36mAnd &amp#27;[0m&amp#27;[36mselect product from the search results&amp#27;[0m                                                                                                                   &amp#27;[90m# steps.SearchStep.select_product_from_the_search_results()&amp#27;[0m
  &amp#27;[36mAnd &amp#27;[0m&amp#27;[36mUser switches focus to the newÂ tab&amp#27;[0m                                                                                                                       &amp#27;[90m# steps.SearchStep.user_switches_focus_to_the_new_tab()&amp#27;[0m
  &amp#27;[36mThen &amp#27;[0m&amp#27;[36mtitle should be &amp#27;[0m&amp#27;[36m&amp#27;[1m"Buy Babyhug Cotton Woven Full Sleeves Checked Shirt - Navy Blue for Boys (3-4 Years) Online in India, Shop at FirstCry.com - 15934333"&amp#27;[0m &amp#27;[90m# steps.SearchStep.title_should_be(java.lang.String)&amp#27;[0m
[INFO ] 2024-03-26 11:40:50.102 [main] SharedSteps - Search for ProductScenario Completed
[INFO ] 2024-03-26 11:40:50.103 [main] SharedSteps - Test Skipped
]]></system-out>
  </testcase>
  <testcase name="runScenario" classname="runners.TestRunner" time="41.606">
    <failure type="java.lang.AssertionError">java.lang.AssertionError
</failure>
    <system-out><![CDATA[[INFO ] 2024-03-26 11:40:50.104 [main] SharedSteps - Test Started

@FirstCry
Scenario Outline: Search for Product                                                                                                                           &amp#27;[90m# src/test/java/features/3.SearchOperation.feature:16&amp#27;[0m
[INFO ] 2024-03-26 11:40:50.111 [main] SharedSteps - Search for Product Scenario Started
  &amp#27;[32mGiven &amp#27;[0m&amp#27;[32mUser navigate to the FirstCry URL&amp#27;[0m                                                                                                                      &amp#27;[90m# steps.SharedSteps.user_navigate_to_the_first_cry_url()&amp#27;[0m
[DEBUG] 2024-03-26 11:40:52.056 [main] SharedSteps - Step-1 Test Case Passed
  &amp#27;[32mWhen &amp#27;[0m&amp#27;[32mUser log into the application with credentials&amp#27;[0m                                                                                                          &amp#27;[90m# steps.SharedSteps.user_log_into_the_application_with_credentials()&amp#27;[0m
[DEBUG] 2024-03-26 11:41:27.610 [main] SharedSteps - Step-2 Test Case Passed
  &amp#27;[32mWhen &amp#27;[0m&amp#27;[32mUser search for &amp#27;[0m&amp#27;[32m&amp#27;[1m"Babyhug Cotton Woven Full Sleeves Checked Shirt - Navy Blue for Boys"&amp#27;[0m                                                                  &amp#27;[90m# steps.SearchStep.user_search_for(java.lang.String)&amp#27;[0m
[DEBUG] 2024-03-26 11:41:30.185 [main] SharedSteps - Step-3 Test Case Passed
  &amp#27;[32mAnd &amp#27;[0m&amp#27;[32mselect product from the search results&amp#27;[0m                                                                                                                   &amp#27;[90m# steps.SearchStep.select_product_from_the_search_results()&amp#27;[0m
[DEBUG] 2024-03-26 11:41:31.450 [main] SharedSteps - Step-4 Test Case Passed
  &amp#27;[32mAnd &amp#27;[0m&amp#27;[32mUser switches focus to the newÂ tab&amp#27;[0m                                                                                                                       &amp#27;[90m# steps.SearchStep.user_switches_focus_to_the_new_tab()&amp#27;[0m
[DEBUG] 2024-03-26 11:41:31.450 [main] SharedSteps - Step-5 Test Case Passed
  &amp#27;[31mThen &amp#27;[0m&amp#27;[31mtitle should be &amp#27;[0m&amp#27;[31m&amp#27;[1m"Buy Babyhug Cotton Woven Full Sleeves Checked Shirt - Navy Blue for Boys (3-4 Years) Online in India, Shop at FirstCry.com - 15934333"&amp#27;[0m &amp#27;[90m# steps.SearchStep.title_should_be(java.lang.String)&amp#27;[0m
      &amp#27;[31mjava.lang.AssertionError
	at steps.SearchStep.title_should_be(SearchStep.java:55)
	at âœ½.title should be "Buy Babyhug Cotton Woven Full Sleeves Checked Shirt - Navy Blue for Boys (3-4 Years) Online in India, Shop at FirstCry.com - 15934333"(file:///F:/Mphasis%20Practice%20Eclipse/RLLProject/src/test/java/features/3.SearchOperation.feature:12)
&amp#27;[0m
[FATAL] 2024-03-26 11:41:31.705 [main] SharedSteps - Step-6 Test Case Failed
[INFO ] 2024-03-26 11:41:31.710 [main] SharedSteps - Search for ProductScenario Completed
[INFO ] 2024-03-26 11:41:31.710 [main] SharedSteps - Test Failed
]]></system-out>
  </testcase>
  <testcase name="runScenario" classname="runners.TestRunner" time="0">
    <skipped message="no such element: Unable to locate element: {&quot;method&quot;:&quot;xpath&quot;,&quot;selector&quot;:&quot;//span[@class=&apos;search-button&apos;]&quot;}&#10;  (Session info: chrome=122.0.6261.131)&#10;For documentation on this error, please visit: https://www.selenium.dev/documentation/webdriver/troubleshooting/errors#no-such-element-exception&#10;Build info: version: &apos;4.11.0&apos;, revision: &apos;040bc5406b&apos;&#10;System info: os.name: &apos;Windows 11&apos;, os.arch: &apos;amd64&apos;, os.version: &apos;10.0&apos;, java.version: &apos;17.0.2&apos;&#10;Driver info: org.openqa.selenium.chrome.ChromeDriver&#10;Command: [2cf6b52a3e5756e7a3f6ecdeafab793d, findElement {using=xpath, value=//span[@class=&apos;search-button&apos;]}]&#10;Capabilities {acceptInsecureCerts: false, browserName: chrome, browserVersion: 122.0.6261.131, chrome: {chromedriverVersion: 122.0.6261.128 (f18a44fedeb..., userDataDir: C:\Users\lenovo\AppData\Loc...}, fedcm:accounts: true, goog:chromeOptions: {debuggerAddress: localhost:28373}, networkConnectionEnabled: false, pageLoadStrategy: normal, platformName: windows, proxy: Proxy(), se:cdp: ws://localhost:28373/devtoo..., se:cdpVersion: 122.0.6261.131, setWindowRect: true, strictFileInteractability: false, timeouts: {implicit: 0, pageLoad: 300000, script: 30000}, unhandledPromptBehavior: dismiss and notify, webauthn:extension:credBlob: true, webauthn:extension:largeBlob: true, webauthn:extension:minPinLength: true, webauthn:extension:prf: true, webauthn:virtualAuthenticators: true}&#10;Session ID: 2cf6b52a3e5756e7a3f6ecdeafab793d"/>
    <system-out><![CDATA[[INFO ] 2024-03-26 11:41:31.710 [main] SharedSteps - Test Started

@FirstCry
Scenario Outline: Search for Product                                                                              &amp#27;[90m# src/test/java/features/3.SearchOperation.feature:17&amp#27;[0m
[INFO ] 2024-03-26 11:41:31.718 [main] SharedSteps - Search for Product Scenario Started
  &amp#27;[32mGiven &amp#27;[0m&amp#27;[32mUser navigate to the FirstCry URL&amp#27;[0m                                                                         &amp#27;[90m# steps.SharedSteps.user_navigate_to_the_first_cry_url()&amp#27;[0m
[DEBUG] 2024-03-26 11:41:33.639 [main] SharedSteps - Step-1 Test Case Passed
  &amp#27;[32mWhen &amp#27;[0m&amp#27;[32mUser log into the application with credentials&amp#27;[0m                                                             &amp#27;[90m# steps.SharedSteps.user_log_into_the_application_with_credentials()&amp#27;[0m
[DEBUG] 2024-03-26 11:42:07.736 [main] SharedSteps - Step-2 Test Case Passed
  &amp#27;[31mWhen &amp#27;[0m&amp#27;[31mUser search for &amp#27;[0m&amp#27;[31m&amp#27;[1m"123456"&amp#27;[0m                                                                                   &amp#27;[90m# steps.SearchStep.user_search_for(java.lang.String)&amp#27;[0m
      &amp#27;[31morg.openqa.selenium.NoSuchElementException: no such element: Unable to locate element: {"method":"xpath","selector":"//span[@class='search-button']"}
  (Session info: chrome=122.0.6261.131)
For documentation on this error, please visit: https://www.selenium.dev/documentation/webdriver/troubleshooting/errors#no-such-element-exception
Build info: version: '4.11.0', revision: '040bc5406b'
System info: os.name: 'Windows 11', os.arch: 'amd64', os.version: '10.0', java.version: '17.0.2'
Driver info: org.openqa.selenium.chrome.ChromeDriver
Command: [2cf6b52a3e5756e7a3f6ecdeafab793d, findElement {using=xpath, value=//span[@class='search-button']}]
Capabilities {acceptInsecureCerts: false, browserName: chrome, browserVersion: 122.0.6261.131, chrome: {chromedriverVersion: 122.0.6261.128 (f18a44fedeb..., userDataDir: C:\Users\lenovo\AppData\Loc...}, fedcm:accounts: true, goog:chromeOptions: {debuggerAddress: localhost:28373}, networkConnectionEnabled: false, pageLoadStrategy: normal, platformName: windows, proxy: Proxy(), se:cdp: ws://localhost:28373/devtoo..., se:cdpVersion: 122.0.6261.131, setWindowRect: true, strictFileInteractability: false, timeouts: {implicit: 0, pageLoad: 300000, script: 30000}, unhandledPromptBehavior: dismiss and notify, webauthn:extension:credBlob: true, webauthn:extension:largeBlob: true, webauthn:extension:minPinLength: true, webauthn:extension:prf: true, webauthn:virtualAuthenticators: true}
Session ID: 2cf6b52a3e5756e7a3f6ecdeafab793d
	at java.base/jdk.internal.reflect.NativeConstructorAccessorImpl.newInstance0(Native Method)
	at java.base/jdk.internal.reflect.NativeConstructorAccessorImpl.newInstance(NativeConstructorAccessorImpl.java:77)
	at java.base/jdk.internal.reflect.DelegatingConstructorAccessorImpl.newInstance(DelegatingConstructorAccessorImpl.java:45)
	at java.base/java.lang.reflect.Constructor.newInstanceWithCaller(Constructor.java:499)
	at java.base/java.lang.reflect.Constructor.newInstance(Constructor.java:480)
	at org.openqa.selenium.remote.codec.w3c.W3CHttpResponseCodec.createException(W3CHttpResponseCodec.java:200)
	at org.openqa.selenium.remote.codec.w3c.W3CHttpResponseCodec.decode(W3CHttpResponseCodec.java:133)
	at org.openqa.selenium.remote.codec.w3c.W3CHttpResponseCodec.decode(W3CHttpResponseCodec.java:52)
	at org.openqa.selenium.remote.HttpCommandExecutor.execute(HttpCommandExecutor.java:191)
	at org.openqa.selenium.remote.service.DriverCommandExecutor.invokeExecute(DriverCommandExecutor.java:196)
	at org.openqa.selenium.remote.service.DriverCommandExecutor.execute(DriverCommandExecutor.java:171)
	at org.openqa.selenium.remote.RemoteWebDriver.execute(RemoteWebDriver.java:518)
	at org.openqa.selenium.remote.ElementLocation$ElementFinder$2.findElement(ElementLocation.java:165)
	at org.openqa.selenium.remote.ElementLocation.findElement(ElementLocation.java:59)
	at org.openqa.selenium.remote.RemoteWebDriver.findElement(RemoteWebDriver.java:355)
	at org.openqa.selenium.remote.RemoteWebDriver.findElement(RemoteWebDriver.java:349)
	at org.openqa.selenium.support.pagefactory.DefaultElementLocator.findElement(DefaultElementLocator.java:68)
	at org.openqa.selenium.support.pagefactory.internal.LocatingElementHandler.invoke(LocatingElementHandler.java:38)
	at jdk.proxy2/jdk.proxy2.$Proxy45.click(Unknown Source)
	at pages.HomePage.clickOnSearch(HomePage.java:72)
	at steps.SearchStep.user_search_for(SearchStep.java:25)
	at âœ½.User search for "123456"(file:///F:/Mphasis%20Practice%20Eclipse/RLLProject/src/test/java/features/3.SearchOperation.feature:9)
&amp#27;[0m
[FATAL] 2024-03-26 11:42:07.967 [main] SharedSteps - Step-3 Test Case Failed
  &amp#27;[36mAnd &amp#27;[0m&amp#27;[36mselect product from the search results&amp#27;[0m                                                                      &amp#27;[90m# steps.SearchStep.select_product_from_the_search_results()&amp#27;[0m
  &amp#27;[36mAnd &amp#27;[0m&amp#27;[36mUser switches focus to the newÂ tab&amp#27;[0m                                                                          &amp#27;[90m# steps.SearchStep.user_switches_focus_to_the_new_tab()&amp#27;[0m
  &amp#27;[36mThen &amp#27;[0m&amp#27;[36mtitle should be &amp#27;[0m&amp#27;[36m&amp#27;[1m"Baby Products Online India: Newborn Baby Products & Kids Online Shopping at FirstCry.com"&amp#27;[0m &amp#27;[90m# steps.SearchStep.title_should_be(java.lang.String)&amp#27;[0m
[INFO ] 2024-03-26 11:42:07.976 [main] SharedSteps - Search for ProductScenario Completed
[INFO ] 2024-03-26 11:42:07.976 [main] SharedSteps - Test Skipped
]]></system-out>
  </testcase>
  <testcase name="runScenario" classname="runners.TestRunner" time="49.754">
    <failure type="java.lang.AssertionError">java.lang.AssertionError
</failure>
    <system-out><![CDATA[[INFO ] 2024-03-26 11:42:07.976 [main] SharedSteps - Test Started

@FirstCry
Scenario Outline: Search for Product                                                                              &amp#27;[90m# src/test/java/features/3.SearchOperation.feature:17&amp#27;[0m
[INFO ] 2024-03-26 11:42:07.986 [main] SharedSteps - Search for Product Scenario Started
  &amp#27;[32mGiven &amp#27;[0m&amp#27;[32mUser navigate to the FirstCry URL&amp#27;[0m                                                                         &amp#27;[90m# steps.SharedSteps.user_navigate_to_the_first_cry_url()&amp#27;[0m
[DEBUG] 2024-03-26 11:42:10.009 [main] SharedSteps - Step-1 Test Case Passed
  &amp#27;[32mWhen &amp#27;[0m&amp#27;[32mUser log into the application with credentials&amp#27;[0m                                                             &amp#27;[90m# steps.SharedSteps.user_log_into_the_application_with_credentials()&amp#27;[0m
[DEBUG] 2024-03-26 11:42:45.150 [main] SharedSteps - Step-2 Test Case Passed
  &amp#27;[32mWhen &amp#27;[0m&amp#27;[32mUser search for &amp#27;[0m&amp#27;[32m&amp#27;[1m"123456"&amp#27;[0m                                                                                   &amp#27;[90m# steps.SearchStep.user_search_for(java.lang.String)&amp#27;[0m
[DEBUG] 2024-03-26 11:42:52.314 [main] SharedSteps - Step-3 Test Case Passed
  &amp#27;[32mAnd &amp#27;[0m&amp#27;[32mselect product from the search results&amp#27;[0m                                                                      &amp#27;[90m# steps.SearchStep.select_product_from_the_search_results()&amp#27;[0m
[DEBUG] 2024-03-26 11:42:57.575 [main] SharedSteps - Step-4 Test Case Passed
  &amp#27;[32mAnd &amp#27;[0m&amp#27;[32mUser switches focus to the newÂ tab&amp#27;[0m                                                                          &amp#27;[90m# steps.SearchStep.user_switches_focus_to_the_new_tab()&amp#27;[0m
[DEBUG] 2024-03-26 11:42:57.593 [main] SharedSteps - Step-5 Test Case Passed
  &amp#27;[31mThen &amp#27;[0m&amp#27;[31mtitle should be &amp#27;[0m&amp#27;[31m&amp#27;[1m"Baby Products Online India: Newborn Baby Products & Kids Online Shopping at FirstCry.com"&amp#27;[0m &amp#27;[90m# steps.SearchStep.title_should_be(java.lang.String)&amp#27;[0m
      &amp#27;[31mjava.lang.AssertionError
	at steps.SearchStep.title_should_be(SearchStep.java:55)
	at âœ½.title should be "Baby Products Online India: Newborn Baby Products & Kids Online Shopping at FirstCry.com"(file:///F:/Mphasis%20Practice%20Eclipse/RLLProject/src/test/java/features/3.SearchOperation.feature:12)
&amp#27;[0m
[FATAL] 2024-03-26 11:42:57.711 [main] SharedSteps - Step-6 Test Case Failed
[INFO ] 2024-03-26 11:42:57.730 [main] SharedSteps - Search for ProductScenario Completed
[INFO ] 2024-03-26 11:42:57.730 [main] SharedSteps - Test Failed
]]></system-out>
  </testcase>
  <testcase name="runScenario" classname="runners.TestRunner" time="0">
    <skipped message="no such element: Unable to locate element: {&quot;method&quot;:&quot;xpath&quot;,&quot;selector&quot;:&quot;//pro15666795[contains(text(),&apos;Pine Kids Cotton Woven Full Sleeves Solid Color Sh&apos;)]&quot;}&#10;  (Session info: chrome=122.0.6261.131)&#10;For documentation on this error, please visit: https://www.selenium.dev/documentation/webdriver/troubleshooting/errors#no-such-element-exception&#10;Build info: version: &apos;4.11.0&apos;, revision: &apos;040bc5406b&apos;&#10;System info: os.name: &apos;Windows 11&apos;, os.arch: &apos;amd64&apos;, os.version: &apos;10.0&apos;, java.version: &apos;17.0.2&apos;&#10;Driver info: org.openqa.selenium.chrome.ChromeDriver&#10;Command: [2cf6b52a3e5756e7a3f6ecdeafab793d, findElement {using=xpath, value=//pro15666795[contains(text(),&apos;Pine Kids Cotton Woven Full Sleeves Solid Color Sh&apos;)]}]&#10;Capabilities {acceptInsecureCerts: false, browserName: chrome, browserVersion: 122.0.6261.131, chrome: {chromedriverVersion: 122.0.6261.128 (f18a44fedeb..., userDataDir: C:\Users\lenovo\AppData\Loc...}, fedcm:accounts: true, goog:chromeOptions: {debuggerAddress: localhost:28373}, networkConnectionEnabled: false, pageLoadStrategy: normal, platformName: windows, proxy: Proxy(), se:cdp: ws://localhost:28373/devtoo..., se:cdpVersion: 122.0.6261.131, setWindowRect: true, strictFileInteractability: false, timeouts: {implicit: 0, pageLoad: 300000, script: 30000}, unhandledPromptBehavior: dismiss and notify, webauthn:extension:credBlob: true, webauthn:extension:largeBlob: true, webauthn:extension:minPinLength: true, webauthn:extension:prf: true, webauthn:virtualAuthenticators: true}&#10;Session ID: 2cf6b52a3e5756e7a3f6ecdeafab793d"/>
    <system-out><![CDATA[[INFO ] 2024-03-26 11:42:57.730 [main] SharedSteps - Test Started

@FirstCry
Scenario Outline: Add Product to Cart                                                              &amp#27;[90m# src/test/java/features/4.AddToCart.feature:17&amp#27;[0m
[INFO ] 2024-03-26 11:42:57.730 [main] SharedSteps - Add Product to Cart Scenario Started
  &amp#27;[32mGiven &amp#27;[0m&amp#27;[32mUser navigate to the FirstCry URL&amp#27;[0m                                                          &amp#27;[90m# steps.SharedSteps.user_navigate_to_the_first_cry_url()&amp#27;[0m
[DEBUG] 2024-03-26 11:42:59.661 [main] SharedSteps - Step-1 Test Case Passed
  &amp#27;[32mWhen &amp#27;[0m&amp#27;[32mUser log into the application with credentials&amp#27;[0m                                              &amp#27;[90m# steps.SharedSteps.user_log_into_the_application_with_credentials()&amp#27;[0m
[DEBUG] 2024-03-26 11:43:35.112 [main] SharedSteps - Step-2 Test Case Passed
  &amp#27;[32mWhen &amp#27;[0m&amp#27;[32mUser search for a &amp#27;[0m&amp#27;[32m&amp#27;[1m"Pine Kids Cotton Woven Full Sleeves Solid Color Shirt - Orange"&amp#27;[0m          &amp#27;[90m# steps.AddToCartStepDefination.user_search_for_a(java.lang.String)&amp#27;[0m
[DEBUG] 2024-03-26 11:43:37.295 [main] SharedSteps - Step-3 Test Case Passed
  &amp#27;[32mAnd &amp#27;[0m&amp#27;[32mClick on one Product&amp#27;[0m                                                                         &amp#27;[90m# steps.AddToCartStepDefination.click_on_one_product()&amp#27;[0m
[DEBUG] 2024-03-26 11:43:43.955 [main] SharedSteps - Step-4 Test Case Passed
  &amp#27;[32mAnd &amp#27;[0m&amp#27;[32mUser switches focus to the newÂ tab&amp#27;[0m                                                           &amp#27;[90m# steps.SearchStep.user_switches_focus_to_the_new_tab()&amp#27;[0m
[DEBUG] 2024-03-26 11:43:43.962 [main] SharedSteps - Step-5 Test Case Passed
  &amp#27;[32mAnd &amp#27;[0m&amp#27;[32mclick on Add to Cart for the selected product&amp#27;[0m                                                &amp#27;[90m# steps.AddToCartStepDefination.click_on_add_to_cart_for_the_selected_product()&amp#27;[0m
[DEBUG] 2024-03-26 11:43:44.166 [main] SharedSteps - Step-6 Test Case Passed
  &amp#27;[31mThen &amp#27;[0m&amp#27;[31m&amp#27;[0m&amp#27;[31m&amp#27;[1m"Pine Kids Cotton Woven Full Sleeves Solid Color Shirt - Orange"&amp#27;[0m&amp#27;[31m should be added to my cart&amp#27;[0m &amp#27;[90m# steps.AddToCartStepDefination.should_be_added_to_my_cart(java.lang.String)&amp#27;[0m
      &amp#27;[31morg.openqa.selenium.NoSuchElementException: no such element: Unable to locate element: {"method":"xpath","selector":"//pro15666795[contains(text(),'Pine Kids Cotton Woven Full Sleeves Solid Color Sh')]"}
  (Session info: chrome=122.0.6261.131)
For documentation on this error, please visit: https://www.selenium.dev/documentation/webdriver/troubleshooting/errors#no-such-element-exception
Build info: version: '4.11.0', revision: '040bc5406b'
System info: os.name: 'Windows 11', os.arch: 'amd64', os.version: '10.0', java.version: '17.0.2'
Driver info: org.openqa.selenium.chrome.ChromeDriver
Command: [2cf6b52a3e5756e7a3f6ecdeafab793d, findElement {using=xpath, value=//pro15666795[contains(text(),'Pine Kids Cotton Woven Full Sleeves Solid Color Sh')]}]
Capabilities {acceptInsecureCerts: false, browserName: chrome, browserVersion: 122.0.6261.131, chrome: {chromedriverVersion: 122.0.6261.128 (f18a44fedeb..., userDataDir: C:\Users\lenovo\AppData\Loc...}, fedcm:accounts: true, goog:chromeOptions: {debuggerAddress: localhost:28373}, networkConnectionEnabled: false, pageLoadStrategy: normal, platformName: windows, proxy: Proxy(), se:cdp: ws://localhost:28373/devtoo..., se:cdpVersion: 122.0.6261.131, setWindowRect: true, strictFileInteractability: false, timeouts: {implicit: 0, pageLoad: 300000, script: 30000}, unhandledPromptBehavior: dismiss and notify, webauthn:extension:credBlob: true, webauthn:extension:largeBlob: true, webauthn:extension:minPinLength: true, webauthn:extension:prf: true, webauthn:virtualAuthenticators: true}
Session ID: 2cf6b52a3e5756e7a3f6ecdeafab793d
	at jdk.internal.reflect.GeneratedConstructorAccessor33.newInstance(Unknown Source)
	at java.base/jdk.internal.reflect.DelegatingConstructorAccessorImpl.newInstance(DelegatingConstructorAccessorImpl.java:45)
	at java.base/java.lang.reflect.Constructor.newInstanceWithCaller(Constructor.java:499)
	at java.base/java.lang.reflect.Constructor.newInstance(Constructor.java:480)
	at org.openqa.selenium.remote.codec.w3c.W3CHttpResponseCodec.createException(W3CHttpResponseCodec.java:200)
	at org.openqa.selenium.remote.codec.w3c.W3CHttpResponseCodec.decode(W3CHttpResponseCodec.java:133)
	at org.openqa.selenium.remote.codec.w3c.W3CHttpResponseCodec.decode(W3CHttpResponseCodec.java:52)
	at org.openqa.selenium.remote.HttpCommandExecutor.execute(HttpCommandExecutor.java:191)
	at org.openqa.selenium.remote.service.DriverCommandExecutor.invokeExecute(DriverCommandExecutor.java:196)
	at org.openqa.selenium.remote.service.DriverCommandExecutor.execute(DriverCommandExecutor.java:171)
	at org.openqa.selenium.remote.RemoteWebDriver.execute(RemoteWebDriver.java:518)
	at org.openqa.selenium.remote.ElementLocation$ElementFinder$2.findElement(ElementLocation.java:165)
	at org.openqa.selenium.remote.ElementLocation.findElement(ElementLocation.java:59)
	at org.openqa.selenium.remote.RemoteWebDriver.findElement(RemoteWebDriver.java:355)
	at org.openqa.selenium.remote.RemoteWebDriver.findElement(RemoteWebDriver.java:349)
	at org.openqa.selenium.support.pagefactory.DefaultElementLocator.findElement(DefaultElementLocator.java:68)
	at org.openqa.selenium.support.pagefactory.internal.LocatingElementHandler.invoke(LocatingElementHandler.java:38)
	at jdk.proxy2/jdk.proxy2.$Proxy45.getText(Unknown Source)
	at pages.CartPage.getProductNameFromCart(CartPage.java:70)
	at steps.AddToCartStepDefination.should_be_added_to_my_cart(AddToCartStepDefination.java:67)
	at âœ½."Pine Kids Cotton Woven Full Sleeves Solid Color Shirt - Orange" should be added to my cart(file:///F:/Mphasis%20Practice%20Eclipse/RLLProject/src/test/java/features/4.AddToCart.feature:13)
&amp#27;[0m
[FATAL] 2024-03-26 11:43:47.173 [main] SharedSteps - Step-7 Test Case Failed
[INFO ] 2024-03-26 11:43:47.173 [main] SharedSteps - Add Product to CartScenario Completed
[INFO ] 2024-03-26 11:43:47.173 [main] SharedSteps - Test Skipped
]]></system-out>
  </testcase>
  <testcase name="runScenario" classname="runners.TestRunner" time="49.482">
    <failure message="no such element: Unable to locate element: {&quot;method&quot;:&quot;xpath&quot;,&quot;selector&quot;:&quot;//pro15666795[contains(text(),&apos;Pine Kids Cotton Woven Full Sleeves Solid Color Sh&apos;)]&quot;}&#10;  (Session info: chrome=122.0.6261.131)&#10;For documentation on this error, please visit: https://www.selenium.dev/documentation/webdriver/troubleshooting/errors#no-such-element-exception&#10;Build info: version: &apos;4.11.0&apos;, revision: &apos;040bc5406b&apos;&#10;System info: os.name: &apos;Windows 11&apos;, os.arch: &apos;amd64&apos;, os.version: &apos;10.0&apos;, java.version: &apos;17.0.2&apos;&#10;Driver info: org.openqa.selenium.chrome.ChromeDriver&#10;Command: [2cf6b52a3e5756e7a3f6ecdeafab793d, findElement {using=xpath, value=//pro15666795[contains(text(),&apos;Pine Kids Cotton Woven Full Sleeves Solid Color Sh&apos;)]}]&#10;Capabilities {acceptInsecureCerts: false, browserName: chrome, browserVersion: 122.0.6261.131, chrome: {chromedriverVersion: 122.0.6261.128 (f18a44fedeb..., userDataDir: C:\Users\lenovo\AppData\Loc...}, fedcm:accounts: true, goog:chromeOptions: {debuggerAddress: localhost:28373}, networkConnectionEnabled: false, pageLoadStrategy: normal, platformName: windows, proxy: Proxy(), se:cdp: ws://localhost:28373/devtoo..., se:cdpVersion: 122.0.6261.131, setWindowRect: true, strictFileInteractability: false, timeouts: {implicit: 0, pageLoad: 300000, script: 30000}, unhandledPromptBehavior: dismiss and notify, webauthn:extension:credBlob: true, webauthn:extension:largeBlob: true, webauthn:extension:minPinLength: true, webauthn:extension:prf: true, webauthn:virtualAuthenticators: true}&#10;Session ID: 2cf6b52a3e5756e7a3f6ecdeafab793d" type="org.openqa.selenium.NoSuchElementException">org.openqa.selenium.NoSuchElementException: 
no such element: Unable to locate element: {"method":"xpath","selector":"//pro15666795[contains(text(),'Pine Kids Cotton Woven Full Sleeves Solid Color Sh')]"}
  (Session info: chrome=122.0.6261.131)
For documentation on this error, please visit: https://www.selenium.dev/documentation/webdriver/troubleshooting/errors#no-such-element-exception
Build info: version: '4.11.0', revision: '040bc5406b'
System info: os.name: 'Windows 11', os.arch: 'amd64', os.version: '10.0', java.version: '17.0.2'
Driver info: org.openqa.selenium.chrome.ChromeDriver
Command: [2cf6b52a3e5756e7a3f6ecdeafab793d, findElement {using=xpath, value=//pro15666795[contains(text(),'Pine Kids Cotton Woven Full Sleeves Solid Color Sh')]}]
Capabilities {acceptInsecureCerts: false, browserName: chrome, browserVersion: 122.0.6261.131, chrome: {chromedriverVersion: 122.0.6261.128 (f18a44fedeb..., userDataDir: C:\Users\lenovo\AppData\Loc...}, fedcm:accounts: true, goog:chromeOptions: {debuggerAddress: localhost:28373}, networkConnectionEnabled: false, pageLoadStrategy: normal, platformName: windows, proxy: Proxy(), se:cdp: ws://localhost:28373/devtoo..., se:cdpVersion: 122.0.6261.131, setWindowRect: true, strictFileInteractability: false, timeouts: {implicit: 0, pageLoad: 300000, script: 30000}, unhandledPromptBehavior: dismiss and notify, webauthn:extension:credBlob: true, webauthn:extension:largeBlob: true, webauthn:extension:minPinLength: true, webauthn:extension:prf: true, webauthn:virtualAuthenticators: true}
Session ID: 2cf6b52a3e5756e7a3f6ecdeafab793d
</failure>
    <system-out><![CDATA[[INFO ] 2024-03-26 11:43:47.173 [main] SharedSteps - Test Started

@FirstCry
Scenario Outline: Add Product to Cart                                                              &amp#27;[90m# src/test/java/features/4.AddToCart.feature:17&amp#27;[0m
[INFO ] 2024-03-26 11:43:47.188 [main] SharedSteps - Add Product to Cart Scenario Started
  &amp#27;[32mGiven &amp#27;[0m&amp#27;[32mUser navigate to the FirstCry URL&amp#27;[0m                                                          &amp#27;[90m# steps.SharedSteps.user_navigate_to_the_first_cry_url()&amp#27;[0m
[DEBUG] 2024-03-26 11:43:49.028 [main] SharedSteps - Step-1 Test Case Passed
  &amp#27;[32mWhen &amp#27;[0m&amp#27;[32mUser log into the application with credentials&amp#27;[0m                                              &amp#27;[90m# steps.SharedSteps.user_log_into_the_application_with_credentials()&amp#27;[0m
[DEBUG] 2024-03-26 11:44:24.560 [main] SharedSteps - Step-2 Test Case Passed
  &amp#27;[32mWhen &amp#27;[0m&amp#27;[32mUser search for a &amp#27;[0m&amp#27;[32m&amp#27;[1m"Pine Kids Cotton Woven Full Sleeves Solid Color Shirt - Orange"&amp#27;[0m          &amp#27;[90m# steps.AddToCartStepDefination.user_search_for_a(java.lang.String)&amp#27;[0m
[DEBUG] 2024-03-26 11:44:26.891 [main] SharedSteps - Step-3 Test Case Passed
  &amp#27;[32mAnd &amp#27;[0m&amp#27;[32mClick on one Product&amp#27;[0m                                                                         &amp#27;[90m# steps.AddToCartStepDefination.click_on_one_product()&amp#27;[0m
[DEBUG] 2024-03-26 11:44:33.554 [main] SharedSteps - Step-4 Test Case Passed
  &amp#27;[32mAnd &amp#27;[0m&amp#27;[32mUser switches focus to the newÂ tab&amp#27;[0m                                                           &amp#27;[90m# steps.SearchStep.user_switches_focus_to_the_new_tab()&amp#27;[0m
[DEBUG] 2024-03-26 11:44:33.557 [main] SharedSteps - Step-5 Test Case Passed
  &amp#27;[32mAnd &amp#27;[0m&amp#27;[32mclick on Add to Cart for the selected product&amp#27;[0m                                                &amp#27;[90m# steps.AddToCartStepDefination.click_on_add_to_cart_for_the_selected_product()&amp#27;[0m
[DEBUG] 2024-03-26 11:44:33.759 [main] SharedSteps - Step-6 Test Case Passed
  &amp#27;[31mThen &amp#27;[0m&amp#27;[31m&amp#27;[0m&amp#27;[31m&amp#27;[1m"Pine Kids Cotton Woven Full Sleeves Solid Color Shirt - Orange"&amp#27;[0m&amp#27;[31m should be added to my cart&amp#27;[0m &amp#27;[90m# steps.AddToCartStepDefination.should_be_added_to_my_cart(java.lang.String)&amp#27;[0m
      &amp#27;[31morg.openqa.selenium.NoSuchElementException: no such element: Unable to locate element: {"method":"xpath","selector":"//pro15666795[contains(text(),'Pine Kids Cotton Woven Full Sleeves Solid Color Sh')]"}
  (Session info: chrome=122.0.6261.131)
For documentation on this error, please visit: https://www.selenium.dev/documentation/webdriver/troubleshooting/errors#no-such-element-exception
Build info: version: '4.11.0', revision: '040bc5406b'
System info: os.name: 'Windows 11', os.arch: 'amd64', os.version: '10.0', java.version: '17.0.2'
Driver info: org.openqa.selenium.chrome.ChromeDriver
Command: [2cf6b52a3e5756e7a3f6ecdeafab793d, findElement {using=xpath, value=//pro15666795[contains(text(),'Pine Kids Cotton Woven Full Sleeves Solid Color Sh')]}]
Capabilities {acceptInsecureCerts: false, browserName: chrome, browserVersion: 122.0.6261.131, chrome: {chromedriverVersion: 122.0.6261.128 (f18a44fedeb..., userDataDir: C:\Users\lenovo\AppData\Loc...}, fedcm:accounts: true, goog:chromeOptions: {debuggerAddress: localhost:28373}, networkConnectionEnabled: false, pageLoadStrategy: normal, platformName: windows, proxy: Proxy(), se:cdp: ws://localhost:28373/devtoo..., se:cdpVersion: 122.0.6261.131, setWindowRect: true, strictFileInteractability: false, timeouts: {implicit: 0, pageLoad: 300000, script: 30000}, unhandledPromptBehavior: dismiss and notify, webauthn:extension:credBlob: true, webauthn:extension:largeBlob: true, webauthn:extension:minPinLength: true, webauthn:extension:prf: true, webauthn:virtualAuthenticators: true}
Session ID: 2cf6b52a3e5756e7a3f6ecdeafab793d
	at jdk.internal.reflect.GeneratedConstructorAccessor33.newInstance(Unknown Source)
	at java.base/jdk.internal.reflect.DelegatingConstructorAccessorImpl.newInstance(DelegatingConstructorAccessorImpl.java:45)
	at java.base/java.lang.reflect.Constructor.newInstanceWithCaller(Constructor.java:499)
	at java.base/java.lang.reflect.Constructor.newInstance(Constructor.java:480)
	at org.openqa.selenium.remote.codec.w3c.W3CHttpResponseCodec.createException(W3CHttpResponseCodec.java:200)
	at org.openqa.selenium.remote.codec.w3c.W3CHttpResponseCodec.decode(W3CHttpResponseCodec.java:133)
	at org.openqa.selenium.remote.codec.w3c.W3CHttpResponseCodec.decode(W3CHttpResponseCodec.java:52)
	at org.openqa.selenium.remote.HttpCommandExecutor.execute(HttpCommandExecutor.java:191)
	at org.openqa.selenium.remote.service.DriverCommandExecutor.invokeExecute(DriverCommandExecutor.java:196)
	at org.openqa.selenium.remote.service.DriverCommandExecutor.execute(DriverCommandExecutor.java:171)
	at org.openqa.selenium.remote.RemoteWebDriver.execute(RemoteWebDriver.java:518)
	at org.openqa.selenium.remote.ElementLocation$ElementFinder$2.findElement(ElementLocation.java:165)
	at org.openqa.selenium.remote.ElementLocation.findElement(ElementLocation.java:59)
	at org.openqa.selenium.remote.RemoteWebDriver.findElement(RemoteWebDriver.java:355)
	at org.openqa.selenium.remote.RemoteWebDriver.findElement(RemoteWebDriver.java:349)
	at org.openqa.selenium.support.pagefactory.DefaultElementLocator.findElement(DefaultElementLocator.java:68)
	at org.openqa.selenium.support.pagefactory.internal.LocatingElementHandler.invoke(LocatingElementHandler.java:38)
	at jdk.proxy2/jdk.proxy2.$Proxy45.getText(Unknown Source)
	at pages.CartPage.getProductNameFromCart(CartPage.java:70)
	at steps.AddToCartStepDefination.should_be_added_to_my_cart(AddToCartStepDefination.java:67)
	at âœ½."Pine Kids Cotton Woven Full Sleeves Solid Color Shirt - Orange" should be added to my cart(file:///F:/Mphasis%20Practice%20Eclipse/RLLProject/src/test/java/features/4.AddToCart.feature:13)
&amp#27;[0m
[FATAL] 2024-03-26 11:44:36.654 [main] SharedSteps - Step-7 Test Case Failed
[INFO ] 2024-03-26 11:44:36.655 [main] SharedSteps - Add Product to CartScenario Completed
[INFO ] 2024-03-26 11:44:36.655 [main] SharedSteps - Test Failed
]]></system-out>
  </testcase>
  <testcase name="runScenario" classname="runners.TestRunner" time="0">
    <skipped message="no such element: Unable to locate element: {&quot;method&quot;:&quot;xpath&quot;,&quot;selector&quot;:&quot;//span[@id=&apos;cart_TotalCount&apos;]&quot;}&#10;  (Session info: chrome=122.0.6261.131)&#10;For documentation on this error, please visit: https://www.selenium.dev/documentation/webdriver/troubleshooting/errors#no-such-element-exception&#10;Build info: version: &apos;4.11.0&apos;, revision: &apos;040bc5406b&apos;&#10;System info: os.name: &apos;Windows 11&apos;, os.arch: &apos;amd64&apos;, os.version: &apos;10.0&apos;, java.version: &apos;17.0.2&apos;&#10;Driver info: org.openqa.selenium.chrome.ChromeDriver&#10;Command: [2cf6b52a3e5756e7a3f6ecdeafab793d, findElement {using=xpath, value=//span[@id=&apos;cart_TotalCount&apos;]}]&#10;Capabilities {acceptInsecureCerts: false, browserName: chrome, browserVersion: 122.0.6261.131, chrome: {chromedriverVersion: 122.0.6261.128 (f18a44fedeb..., userDataDir: C:\Users\lenovo\AppData\Loc...}, fedcm:accounts: true, goog:chromeOptions: {debuggerAddress: localhost:28373}, networkConnectionEnabled: false, pageLoadStrategy: normal, platformName: windows, proxy: Proxy(), se:cdp: ws://localhost:28373/devtoo..., se:cdpVersion: 122.0.6261.131, setWindowRect: true, strictFileInteractability: false, timeouts: {implicit: 0, pageLoad: 300000, script: 30000}, unhandledPromptBehavior: dismiss and notify, webauthn:extension:credBlob: true, webauthn:extension:largeBlob: true, webauthn:extension:minPinLength: true, webauthn:extension:prf: true, webauthn:virtualAuthenticators: true}&#10;Session ID: 2cf6b52a3e5756e7a3f6ecdeafab793d"/>
    <system-out><![CDATA[[INFO ] 2024-03-26 11:44:36.655 [main] SharedSteps - Test Started

@FirstCry
Scenario Outline: Add Product to Cart                                                           &amp#27;[90m# src/test/java/features/4.AddToCart.feature:18&amp#27;[0m
[INFO ] 2024-03-26 11:44:36.655 [main] SharedSteps - Add Product to Cart Scenario Started
  &amp#27;[32mGiven &amp#27;[0m&amp#27;[32mUser navigate to the FirstCry URL&amp#27;[0m                                                       &amp#27;[90m# steps.SharedSteps.user_navigate_to_the_first_cry_url()&amp#27;[0m
[DEBUG] 2024-03-26 11:44:38.672 [main] SharedSteps - Step-1 Test Case Passed
  &amp#27;[32mWhen &amp#27;[0m&amp#27;[32mUser log into the application with credentials&amp#27;[0m                                           &amp#27;[90m# steps.SharedSteps.user_log_into_the_application_with_credentials()&amp#27;[0m
[DEBUG] 2024-03-26 11:45:11.831 [main] SharedSteps - Step-2 Test Case Passed
  &amp#27;[32mWhen &amp#27;[0m&amp#27;[32mUser search for a &amp#27;[0m&amp#27;[32m&amp#27;[1m"Babyhug Cotton Woven Full Sleeves Checked Shirt - Navy Blue"&amp#27;[0m          &amp#27;[90m# steps.AddToCartStepDefination.user_search_for_a(java.lang.String)&amp#27;[0m
[DEBUG] 2024-03-26 11:45:12.868 [main] SharedSteps - Step-3 Test Case Passed
  &amp#27;[32mAnd &amp#27;[0m&amp#27;[32mClick on one Product&amp#27;[0m                                                                      &amp#27;[90m# steps.AddToCartStepDefination.click_on_one_product()&amp#27;[0m
[DEBUG] 2024-03-26 11:45:19.514 [main] SharedSteps - Step-4 Test Case Passed
  &amp#27;[32mAnd &amp#27;[0m&amp#27;[32mUser switches focus to the newÂ tab&amp#27;[0m                                                        &amp#27;[90m# steps.SearchStep.user_switches_focus_to_the_new_tab()&amp#27;[0m
[DEBUG] 2024-03-26 11:45:19.526 [main] SharedSteps - Step-5 Test Case Passed
  &amp#27;[32mAnd &amp#27;[0m&amp#27;[32mclick on Add to Cart for the selected product&amp#27;[0m                                             &amp#27;[90m# steps.AddToCartStepDefination.click_on_add_to_cart_for_the_selected_product()&amp#27;[0m
[DEBUG] 2024-03-26 11:45:26.248 [main] SharedSteps - Step-6 Test Case Passed
  &amp#27;[31mThen &amp#27;[0m&amp#27;[31m&amp#27;[0m&amp#27;[31m&amp#27;[1m"Babyhug Cotton Woven Full Sleeves Checked Shirt - Navy Blue"&amp#27;[0m&amp#27;[31m should be added to my cart&amp#27;[0m &amp#27;[90m# steps.AddToCartStepDefination.should_be_added_to_my_cart(java.lang.String)&amp#27;[0m
      &amp#27;[31morg.openqa.selenium.NoSuchElementException: no such element: Unable to locate element: {"method":"xpath","selector":"//span[@id='cart_TotalCount']"}
  (Session info: chrome=122.0.6261.131)
For documentation on this error, please visit: https://www.selenium.dev/documentation/webdriver/troubleshooting/errors#no-such-element-exception
Build info: version: '4.11.0', revision: '040bc5406b'
System info: os.name: 'Windows 11', os.arch: 'amd64', os.version: '10.0', java.version: '17.0.2'
Driver info: org.openqa.selenium.chrome.ChromeDriver
Command: [2cf6b52a3e5756e7a3f6ecdeafab793d, findElement {using=xpath, value=//span[@id='cart_TotalCount']}]
Capabilities {acceptInsecureCerts: false, browserName: chrome, browserVersion: 122.0.6261.131, chrome: {chromedriverVersion: 122.0.6261.128 (f18a44fedeb..., userDataDir: C:\Users\lenovo\AppData\Loc...}, fedcm:accounts: true, goog:chromeOptions: {debuggerAddress: localhost:28373}, networkConnectionEnabled: false, pageLoadStrategy: normal, platformName: windows, proxy: Proxy(), se:cdp: ws://localhost:28373/devtoo..., se:cdpVersion: 122.0.6261.131, setWindowRect: true, strictFileInteractability: false, timeouts: {implicit: 0, pageLoad: 300000, script: 30000}, unhandledPromptBehavior: dismiss and notify, webauthn:extension:credBlob: true, webauthn:extension:largeBlob: true, webauthn:extension:minPinLength: true, webauthn:extension:prf: true, webauthn:virtualAuthenticators: true}
Session ID: 2cf6b52a3e5756e7a3f6ecdeafab793d
	at jdk.internal.reflect.GeneratedConstructorAccessor33.newInstance(Unknown Source)
	at java.base/jdk.internal.reflect.DelegatingConstructorAccessorImpl.newInstance(DelegatingConstructorAccessorImpl.java:45)
	at java.base/java.lang.reflect.Constructor.newInstanceWithCaller(Constructor.java:499)
	at java.base/java.lang.reflect.Constructor.newInstance(Constructor.java:480)
	at org.openqa.selenium.remote.codec.w3c.W3CHttpResponseCodec.createException(W3CHttpResponseCodec.java:200)
	at org.openqa.selenium.remote.codec.w3c.W3CHttpResponseCodec.decode(W3CHttpResponseCodec.java:133)
	at org.openqa.selenium.remote.codec.w3c.W3CHttpResponseCodec.decode(W3CHttpResponseCodec.java:52)
	at org.openqa.selenium.remote.HttpCommandExecutor.execute(HttpCommandExecutor.java:191)
	at org.openqa.selenium.remote.service.DriverCommandExecutor.invokeExecute(DriverCommandExecutor.java:196)
	at org.openqa.selenium.remote.service.DriverCommandExecutor.execute(DriverCommandExecutor.java:171)
	at org.openqa.selenium.remote.RemoteWebDriver.execute(RemoteWebDriver.java:518)
	at org.openqa.selenium.remote.ElementLocation$ElementFinder$2.findElement(ElementLocation.java:165)
	at org.openqa.selenium.remote.ElementLocation.findElement(ElementLocation.java:59)
	at org.openqa.selenium.remote.RemoteWebDriver.findElement(RemoteWebDriver.java:355)
	at org.openqa.selenium.remote.RemoteWebDriver.findElement(RemoteWebDriver.java:349)
	at org.openqa.selenium.support.pagefactory.DefaultElementLocator.findElement(DefaultElementLocator.java:68)
	at org.openqa.selenium.support.pagefactory.internal.LocatingElementHandler.invoke(LocatingElementHandler.java:38)
	at jdk.proxy2/jdk.proxy2.$Proxy45.click(Unknown Source)
	at pages.HomePage.clickonCart(HomePage.java:95)
	at steps.AddToCartStepDefination.should_be_added_to_my_cart(AddToCartStepDefination.java:66)
	at âœ½."Babyhug Cotton Woven Full Sleeves Checked Shirt - Navy Blue" should be added to my cart(file:///F:/Mphasis%20Practice%20Eclipse/RLLProject/src/test/java/features/4.AddToCart.feature:13)
&amp#27;[0m
[FATAL] 2024-03-26 11:45:27.488 [main] SharedSteps - Step-7 Test Case Failed
[INFO ] 2024-03-26 11:45:27.494 [main] SharedSteps - Add Product to CartScenario Completed
[INFO ] 2024-03-26 11:45:27.495 [main] SharedSteps - Test Skipped
]]></system-out>
  </testcase>
  <testcase name="runScenario" classname="runners.TestRunner" time="42.815">
    <failure message="no such window: target window already closed&#10;from unknown error: web view not found&#10;  (Session info: chrome=122.0.6261.131)&#10;Build info: version: &apos;4.11.0&apos;, revision: &apos;040bc5406b&apos;&#10;System info: os.name: &apos;Windows 11&apos;, os.arch: &apos;amd64&apos;, os.version: &apos;10.0&apos;, java.version: &apos;17.0.2&apos;&#10;Driver info: org.openqa.selenium.chrome.ChromeDriver&#10;Command: [2cf6b52a3e5756e7a3f6ecdeafab793d, findElement {using=xpath, value=//span[@id=&apos;cart_TotalCount&apos;]}]&#10;Capabilities {acceptInsecureCerts: false, browserName: chrome, browserVersion: 122.0.6261.131, chrome: {chromedriverVersion: 122.0.6261.128 (f18a44fedeb..., userDataDir: C:\Users\lenovo\AppData\Loc...}, fedcm:accounts: true, goog:chromeOptions: {debuggerAddress: localhost:28373}, networkConnectionEnabled: false, pageLoadStrategy: normal, platformName: windows, proxy: Proxy(), se:cdp: ws://localhost:28373/devtoo..., se:cdpVersion: 122.0.6261.131, setWindowRect: true, strictFileInteractability: false, timeouts: {implicit: 0, pageLoad: 300000, script: 30000}, unhandledPromptBehavior: dismiss and notify, webauthn:extension:credBlob: true, webauthn:extension:largeBlob: true, webauthn:extension:minPinLength: true, webauthn:extension:prf: true, webauthn:virtualAuthenticators: true}&#10;Session ID: 2cf6b52a3e5756e7a3f6ecdeafab793d" type="org.openqa.selenium.NoSuchWindowException">org.openqa.selenium.NoSuchWindowException: 
no such window: target window already closed
from unknown error: web view not found
  (Session info: chrome=122.0.6261.131)
Build info: version: '4.11.0', revision: '040bc5406b'
System info: os.name: 'Windows 11', os.arch: 'amd64', os.version: '10.0', java.version: '17.0.2'
Driver info: org.openqa.selenium.chrome.ChromeDriver
Command: [2cf6b52a3e5756e7a3f6ecdeafab793d, findElement {using=xpath, value=//span[@id='cart_TotalCount']}]
Capabilities {acceptInsecureCerts: false, browserName: chrome, browserVersion: 122.0.6261.131, chrome: {chromedriverVersion: 122.0.6261.128 (f18a44fedeb..., userDataDir: C:\Users\lenovo\AppData\Loc...}, fedcm:accounts: true, goog:chromeOptions: {debuggerAddress: localhost:28373}, networkConnectionEnabled: false, pageLoadStrategy: normal, platformName: windows, proxy: Proxy(), se:cdp: ws://localhost:28373/devtoo..., se:cdpVersion: 122.0.6261.131, setWindowRect: true, strictFileInteractability: false, timeouts: {implicit: 0, pageLoad: 300000, script: 30000}, unhandledPromptBehavior: dismiss and notify, webauthn:extension:credBlob: true, webauthn:extension:largeBlob: true, webauthn:extension:minPinLength: true, webauthn:extension:prf: true, webauthn:virtualAuthenticators: true}
Session ID: 2cf6b52a3e5756e7a3f6ecdeafab793d
</failure>
    <system-out><![CDATA[[INFO ] 2024-03-26 11:45:27.496 [main] SharedSteps - Test Started

@FirstCry
Scenario Outline: Add Product to Cart                                                           &amp#27;[90m# src/test/java/features/4.AddToCart.feature:18&amp#27;[0m
[INFO ] 2024-03-26 11:45:27.501 [main] SharedSteps - Add Product to Cart Scenario Started
  &amp#27;[32mGiven &amp#27;[0m&amp#27;[32mUser navigate to the FirstCry URL&amp#27;[0m                                                       &amp#27;[90m# steps.SharedSteps.user_navigate_to_the_first_cry_url()&amp#27;[0m
[DEBUG] 2024-03-26 11:45:29.862 [main] SharedSteps - Step-1 Test Case Passed
  &amp#27;[32mWhen &amp#27;[0m&amp#27;[32mUser log into the application with credentials&amp#27;[0m                                           &amp#27;[90m# steps.SharedSteps.user_log_into_the_application_with_credentials()&amp#27;[0m
[DEBUG] 2024-03-26 11:46:03.805 [main] SharedSteps - Step-2 Test Case Passed
  &amp#27;[32mWhen &amp#27;[0m&amp#27;[32mUser search for a &amp#27;[0m&amp#27;[32m&amp#27;[1m"Babyhug Cotton Woven Full Sleeves Checked Shirt - Navy Blue"&amp#27;[0m          &amp#27;[90m# steps.AddToCartStepDefination.user_search_for_a(java.lang.String)&amp#27;[0m
[DEBUG] 2024-03-26 11:46:04.847 [main] SharedSteps - Step-3 Test Case Passed
  &amp#27;[32mAnd &amp#27;[0m&amp#27;[32mClick on one Product&amp#27;[0m                                                                      &amp#27;[90m# steps.AddToCartStepDefination.click_on_one_product()&amp#27;[0m
[DEBUG] 2024-03-26 11:46:10.285 [main] SharedSteps - Step-4 Test Case Passed
  &amp#27;[32mAnd &amp#27;[0m&amp#27;[32mUser switches focus to the newÂ tab&amp#27;[0m                                                        &amp#27;[90m# steps.SearchStep.user_switches_focus_to_the_new_tab()&amp#27;[0m
[DEBUG] 2024-03-26 11:46:10.290 [main] SharedSteps - Step-5 Test Case Passed
  &amp#27;[32mAnd &amp#27;[0m&amp#27;[32mclick on Add to Cart for the selected product&amp#27;[0m                                             &amp#27;[90m# steps.AddToCartStepDefination.click_on_add_to_cart_for_the_selected_product()&amp#27;[0m
[DEBUG] 2024-03-26 11:46:10.292 [main] SharedSteps - Step-6 Test Case Passed
  &amp#27;[31mThen &amp#27;[0m&amp#27;[31m&amp#27;[0m&amp#27;[31m&amp#27;[1m"Babyhug Cotton Woven Full Sleeves Checked Shirt - Navy Blue"&amp#27;[0m&amp#27;[31m should be added to my cart&amp#27;[0m &amp#27;[90m# steps.AddToCartStepDefination.should_be_added_to_my_cart(java.lang.String)&amp#27;[0m
      &amp#27;[31morg.openqa.selenium.NoSuchWindowException: no such window: target window already closed
from unknown error: web view not found
  (Session info: chrome=122.0.6261.131)
Build info: version: '4.11.0', revision: '040bc5406b'
System info: os.name: 'Windows 11', os.arch: 'amd64', os.version: '10.0', java.version: '17.0.2'
Driver info: org.openqa.selenium.chrome.ChromeDriver
Command: [2cf6b52a3e5756e7a3f6ecdeafab793d, findElement {using=xpath, value=//span[@id='cart_TotalCount']}]
Capabilities {acceptInsecureCerts: false, browserName: chrome, browserVersion: 122.0.6261.131, chrome: {chromedriverVersion: 122.0.6261.128 (f18a44fedeb..., userDataDir: C:\Users\lenovo\AppData\Loc...}, fedcm:accounts: true, goog:chromeOptions: {debuggerAddress: localhost:28373}, networkConnectionEnabled: false, pageLoadStrategy: normal, platformName: windows, proxy: Proxy(), se:cdp: ws://localhost:28373/devtoo..., se:cdpVersion: 122.0.6261.131, setWindowRect: true, strictFileInteractability: false, timeouts: {implicit: 0, pageLoad: 300000, script: 30000}, unhandledPromptBehavior: dismiss and notify, webauthn:extension:credBlob: true, webauthn:extension:largeBlob: true, webauthn:extension:minPinLength: true, webauthn:extension:prf: true, webauthn:virtualAuthenticators: true}
Session ID: 2cf6b52a3e5756e7a3f6ecdeafab793d
	at java.base/jdk.internal.reflect.NativeConstructorAccessorImpl.newInstance0(Native Method)
	at java.base/jdk.internal.reflect.NativeConstructorAccessorImpl.newInstance(NativeConstructorAccessorImpl.java:77)
	at java.base/jdk.internal.reflect.DelegatingConstructorAccessorImpl.newInstance(DelegatingConstructorAccessorImpl.java:45)
	at java.base/java.lang.reflect.Constructor.newInstanceWithCaller(Constructor.java:499)
	at java.base/java.lang.reflect.Constructor.newInstance(Constructor.java:480)
	at org.openqa.selenium.remote.codec.w3c.W3CHttpResponseCodec.createException(W3CHttpResponseCodec.java:200)
	at org.openqa.selenium.remote.codec.w3c.W3CHttpResponseCodec.decode(W3CHttpResponseCodec.java:133)
	at org.openqa.selenium.remote.codec.w3c.W3CHttpResponseCodec.decode(W3CHttpResponseCodec.java:52)
	at org.openqa.selenium.remote.HttpCommandExecutor.execute(HttpCommandExecutor.java:191)
	at org.openqa.selenium.remote.service.DriverCommandExecutor.invokeExecute(DriverCommandExecutor.java:196)
	at org.openqa.selenium.remote.service.DriverCommandExecutor.execute(DriverCommandExecutor.java:171)
	at org.openqa.selenium.remote.RemoteWebDriver.execute(RemoteWebDriver.java:518)
	at org.openqa.selenium.remote.ElementLocation$ElementFinder$2.findElement(ElementLocation.java:165)
	at org.openqa.selenium.remote.ElementLocation.findElement(ElementLocation.java:59)
	at org.openqa.selenium.remote.RemoteWebDriver.findElement(RemoteWebDriver.java:355)
	at org.openqa.selenium.remote.RemoteWebDriver.findElement(RemoteWebDriver.java:349)
	at org.openqa.selenium.support.pagefactory.DefaultElementLocator.findElement(DefaultElementLocator.java:68)
	at org.openqa.selenium.support.pagefactory.internal.LocatingElementHandler.invoke(LocatingElementHandler.java:38)
	at jdk.proxy2/jdk.proxy2.$Proxy45.click(Unknown Source)
	at pages.HomePage.clickonCart(HomePage.java:95)
	at steps.AddToCartStepDefination.should_be_added_to_my_cart(AddToCartStepDefination.java:66)
	at âœ½."Babyhug Cotton Woven Full Sleeves Checked Shirt - Navy Blue" should be added to my cart(file:///F:/Mphasis%20Practice%20Eclipse/RLLProject/src/test/java/features/4.AddToCart.feature:13)
&amp#27;[0m
      &amp#27;[31morg.openqa.selenium.NoSuchWindowException: no such window: target window already closed
from unknown error: web view not found
  (Session info: chrome=122.0.6261.131)
Build info: version: '4.11.0', revision: '040bc5406b'
System info: os.name: 'Windows 11', os.arch: 'amd64', os.version: '10.0', java.version: '17.0.2'
Driver info: org.openqa.selenium.chrome.ChromeDriver
Command: [2cf6b52a3e5756e7a3f6ecdeafab793d, screenshot {}]
Capabilities {acceptInsecureCerts: false, browserName: chrome, browserVersion: 122.0.6261.131, chrome: {chromedriverVersion: 122.0.6261.128 (f18a44fedeb..., userDataDir: C:\Users\lenovo\AppData\Loc...}, fedcm:accounts: true, goog:chromeOptions: {debuggerAddress: localhost:28373}, networkConnectionEnabled: false, pageLoadStrategy: normal, platformName: windows, proxy: Proxy(), se:cdp: ws://localhost:28373/devtoo..., se:cdpVersion: 122.0.6261.131, setWindowRect: true, strictFileInteractability: false, timeouts: {implicit: 0, pageLoad: 300000, script: 30000}, unhandledPromptBehavior: dismiss and notify, webauthn:extension:credBlob: true, webauthn:extension:largeBlob: true, webauthn:extension:minPinLength: true, webauthn:extension:prf: true, webauthn:virtualAuthenticators: true}
Session ID: 2cf6b52a3e5756e7a3f6ecdeafab793d
	at java.base/jdk.internal.reflect.NativeConstructorAccessorImpl.newInstance0(Native Method)
	at java.base/jdk.internal.reflect.NativeConstructorAccessorImpl.newInstance(NativeConstructorAccessorImpl.java:77)
	at java.base/jdk.internal.reflect.DelegatingConstructorAccessorImpl.newInstance(DelegatingConstructorAccessorImpl.java:45)
	at java.base/java.lang.reflect.Constructor.newInstanceWithCaller(Constructor.java:499)
	at java.base/java.lang.reflect.Constructor.newInstance(Constructor.java:480)
	at org.openqa.selenium.remote.codec.w3c.W3CHttpResponseCodec.createException(W3CHttpResponseCodec.java:200)
	at org.openqa.selenium.remote.codec.w3c.W3CHttpResponseCodec.decode(W3CHttpResponseCodec.java:133)
	at org.openqa.selenium.remote.codec.w3c.W3CHttpResponseCodec.decode(W3CHttpResponseCodec.java:52)
	at org.openqa.selenium.remote.HttpCommandExecutor.execute(HttpCommandExecutor.java:191)
	at org.openqa.selenium.remote.service.DriverCommandExecutor.invokeExecute(DriverCommandExecutor.java:196)
	at org.openqa.selenium.remote.service.DriverCommandExecutor.execute(DriverCommandExecutor.java:171)
	at org.openqa.selenium.remote.RemoteWebDriver.execute(RemoteWebDriver.java:518)
	at org.openqa.selenium.remote.RemoteWebDriver.execute(RemoteWebDriver.java:591)
	at org.openqa.selenium.remote.RemoteWebDriver.execute(RemoteWebDriver.java:595)
	at org.openqa.selenium.remote.RemoteWebDriver.getScreenshotAs(RemoteWebDriver.java:321)
	at utilities.ScreenShotUtility.captureScreenshot(ScreenShotUtility.java:15)
	at steps.SharedSteps.afterStep(SharedSteps.java:67)
&amp#27;[0m
      &amp#27;[31morg.openqa.selenium.NoSuchWindowException: no such window: target window already closed
from unknown error: web view not found
  (Session info: chrome=122.0.6261.131)
Build info: version: '4.11.0', revision: '040bc5406b'
System info: os.name: 'Windows 11', os.arch: 'amd64', os.version: '10.0', java.version: '17.0.2'
Driver info: org.openqa.selenium.chrome.ChromeDriver
Command: [2cf6b52a3e5756e7a3f6ecdeafab793d, getCurrentWindowHandle {}]
Capabilities {acceptInsecureCerts: false, browserName: chrome, browserVersion: 122.0.6261.131, chrome: {chromedriverVersion: 122.0.6261.128 (f18a44fedeb..., userDataDir: C:\Users\lenovo\AppData\Loc...}, fedcm:accounts: true, goog:chromeOptions: {debuggerAddress: localhost:28373}, networkConnectionEnabled: false, pageLoadStrategy: normal, platformName: windows, proxy: Proxy(), se:cdp: ws://localhost:28373/devtoo..., se:cdpVersion: 122.0.6261.131, setWindowRect: true, strictFileInteractability: false, timeouts: {implicit: 0, pageLoad: 300000, script: 30000}, unhandledPromptBehavior: dismiss and notify, webauthn:extension:credBlob: true, webauthn:extension:largeBlob: true, webauthn:extension:minPinLength: true, webauthn:extension:prf: true, webauthn:virtualAuthenticators: true}
Session ID: 2cf6b52a3e5756e7a3f6ecdeafab793d
	at java.base/jdk.internal.reflect.NativeConstructorAccessorImpl.newInstance0(Native Method)
	at java.base/jdk.internal.reflect.NativeConstructorAccessorImpl.newInstance(NativeConstructorAccessorImpl.java:77)
	at java.base/jdk.internal.reflect.DelegatingConstructorAccessorImpl.newInstance(DelegatingConstructorAccessorImpl.java:45)
	at java.base/java.lang.reflect.Constructor.newInstanceWithCaller(Constructor.java:499)
	at java.base/java.lang.reflect.Constructor.newInstance(Constructor.java:480)
	at org.openqa.selenium.remote.codec.w3c.W3CHttpResponseCodec.createException(W3CHttpResponseCodec.java:200)
	at org.openqa.selenium.remote.codec.w3c.W3CHttpResponseCodec.decode(W3CHttpResponseCodec.java:133)
	at org.openqa.selenium.remote.codec.w3c.W3CHttpResponseCodec.decode(W3CHttpResponseCodec.java:52)
	at org.openqa.selenium.remote.HttpCommandExecutor.execute(HttpCommandExecutor.java:191)
	at org.openqa.selenium.remote.service.DriverCommandExecutor.invokeExecute(DriverCommandExecutor.java:196)
	at org.openqa.selenium.remote.service.DriverCommandExecutor.execute(DriverCommandExecutor.java:171)
	at org.openqa.selenium.remote.RemoteWebDriver.execute(RemoteWebDriver.java:518)
	at org.openqa.selenium.remote.RemoteWebDriver.execute(RemoteWebDriver.java:591)
	at org.openqa.selenium.remote.RemoteWebDriver.execute(RemoteWebDriver.java:595)
	at org.openqa.selenium.remote.RemoteWebDriver.getWindowHandle(RemoteWebDriver.java:455)
	at steps.SharedSteps.teardownScenario(SharedSteps.java:79)
&amp#27;[0m
[INFO ] 2024-03-26 11:46:10.308 [main] SharedSteps - Test Failed
]]></system-out>
  </testcase>
  <testcase name="runScenario" classname="runners.TestRunner" time="0">
[...]
	at org.openqa.selenium.remote.RemoteWebDriver.execute(RemoteWebDriver.java:518)
	at org.openqa.selenium.remote.RemoteWebDriver.execute(RemoteWebDriver.java:591)
	at org.openqa.selenium.remote.RemoteWebDriver.execute(RemoteWebDriver.java:595)
	at org.openqa.selenium.remote.RemoteWebDriver.getWindowHandle(RemoteWebDriver.java:455)
	at steps.SharedSteps.teardownScenario(SharedSteps.java:79)
&amp#27;[0m
[INFO ] 2024-03-26 11:46:10.429 [main] SharedSteps - Test Failed
]]></system-out>
  </testcase>
  <testcase name="runScenario" classname="runners.TestRunner" time="0">
    <skipped message="no such window: target window already closed&#10;from unknown error: web view not found&#10;  (Session info: chrome=122.0.6261.131)&#10;Build info: version: &apos;4.11.0&apos;, revision: &apos;040bc5406b&apos;&#10;System info: os.name: &apos;Windows 11&apos;, os.arch: &apos;amd64&apos;, os.version: &apos;10.0&apos;, java.version: &apos;17.0.2&apos;&#10;Driver info: org.openqa.selenium.chrome.ChromeDriver&#10;Command: [2cf6b52a3e5756e7a3f6ecdeafab793d, deleteAllCookies {}]&#10;Capabilities {acceptInsecureCerts: false, browserName: chrome, browserVersion: 122.0.6261.131, chrome: {chromedriverVersion: 122.0.6261.128 (f18a44fedeb..., userDataDir: C:\Users\lenovo\AppData\Loc...}, fedcm:accounts: true, goog:chromeOptions: {debuggerAddress: localhost:28373}, networkConnectionEnabled: false, pageLoadStrategy: normal, platformName: windows, proxy: Proxy(), se:cdp: ws://localhost:28373/devtoo..., se:cdpVersion: 122.0.6261.131, setWindowRect: true, strictFileInteractability: false, timeouts: {implicit: 0, pageLoad: 300000, script: 30000}, unhandledPromptBehavior: dismiss and notify, webauthn:extension:credBlob: true, webauthn:extension:largeBlob: true, webauthn:extension:minPinLength: true, webauthn:extension:prf: true, webauthn:virtualAuthenticators: true}&#10;Session ID: 2cf6b52a3e5756e7a3f6ecdeafab793d"/>
    <system-out><![CDATA[[INFO ] 2024-03-26 11:46:10.430 [main] SharedSteps - Test Started

@FirstCry
Scenario: Manage Shortlist Functions                        &amp#27;[90m# src/test/java/features/8.ShortlistFunction.feature:8&amp#27;[0m
[INFO ] 2024-03-26 11:46:10.437 [main] SharedSteps - Manage Shortlist Functions Scenario Started
      &amp#27;[31morg.openqa.selenium.NoSuchWindowException: no such window: target window already closed
from unknown error: web view not found
  (Session info: chrome=122.0.6261.131)
Build info: version: '4.11.0', revision: '040bc5406b'
System info: os.name: 'Windows 11', os.arch: 'amd64', os.version: '10.0', java.version: '17.0.2'
Driver info: org.openqa.selenium.chrome.ChromeDriver
Command: [2cf6b52a3e5756e7a3f6ecdeafab793d, deleteAllCookies {}]
Capabilities {acceptInsecureCerts: false, browserName: chrome, browserVersion: 122.0.6261.131, chrome: {chromedriverVersion: 122.0.6261.128 (f18a44fedeb..., userDataDir: C:\Users\lenovo\AppData\Loc...}, fedcm:accounts: true, goog:chromeOptions: {debuggerAddress: localhost:28373}, networkConnectionEnabled: false, pageLoadStrategy: normal, platformName: windows, proxy: Proxy(), se:cdp: ws://localhost:28373/devtoo..., se:cdpVersion: 122.0.6261.131, setWindowRect: true, strictFileInteractability: false, timeouts: {implicit: 0, pageLoad: 300000, script: 30000}, unhandledPromptBehavior: dismiss and notify, webauthn:extension:credBlob: true, webauthn:extension:largeBlob: true, webauthn:extension:minPinLength: true, webauthn:extension:prf: true, webauthn:virtualAuthenticators: true}
Session ID: 2cf6b52a3e5756e7a3f6ecdeafab793d
	at jdk.internal.reflect.GeneratedConstructorAccessor36.newInstance(Unknown Source)
	at java.base/jdk.internal.reflect.DelegatingConstructorAccessorImpl.newInstance(DelegatingConstructorAccessorImpl.java:45)
	at java.base/java.lang.reflect.Constructor.newInstanceWithCaller(Constructor.java:499)
	at java.base/java.lang.reflect.Constructor.newInstance(Constructor.java:480)
	at org.openqa.selenium.remote.codec.w3c.W3CHttpResponseCodec.createException(W3CHttpResponseCodec.java:200)
	at org.openqa.selenium.remote.codec.w3c.W3CHttpResponseCodec.decode(W3CHttpResponseCodec.java:133)
	at org.openqa.selenium.remote.codec.w3c.W3CHttpResponseCodec.decode(W3CHttpResponseCodec.java:52)
	at org.openqa.selenium.remote.HttpCommandExecutor.execute(HttpCommandExecutor.java:191)
	at org.openqa.selenium.remote.service.DriverCommandExecutor.invokeExecute(DriverCommandExecutor.java:196)
	at org.openqa.selenium.remote.service.DriverCommandExecutor.execute(DriverCommandExecutor.java:171)
	at org.openqa.selenium.remote.RemoteWebDriver.execute(RemoteWebDriver.java:518)
	at org.openqa.selenium.remote.RemoteWebDriver.execute(RemoteWebDriver.java:591)
	at org.openqa.selenium.remote.RemoteWebDriver.execute(RemoteWebDriver.java:595)
	at org.openqa.selenium.remote.RemoteWebDriver$RemoteWebDriverOptions.deleteAllCookies(RemoteWebDriver.java:800)
	at steps.SharedSteps.setupScenario(SharedSteps.java:57)
&amp#27;[0m
  &amp#27;[36mGiven &amp#27;[0m&amp#27;[36mUser navigate to the FirstCry URL&amp#27;[0m                   &amp#27;[90m# steps.SharedSteps.user_navigate_to_the_first_cry_url()&amp#27;[0m
  &amp#27;[36mWhen &amp#27;[0m&amp#27;[36mUser log into the application with credentials&amp#27;[0m       &amp#27;[90m# steps.SharedSteps.user_log_into_the_application_with_credentials()&amp#27;[0m
  &amp#27;[36mWhen &amp#27;[0m&amp#27;[36mUser shortlist few products&amp#27;[0m                          &amp#27;[90m# steps.ShortListStep.user_shortlist_few_products(io.cucumber.datatable.DataTable)&amp#27;[0m
    | Babyhug Cotton Woven Full Sleeves Checked Shirt - Navy Blue for Boys |
    | Babyhug Cotton Woven Full Sleeves Checked Shirt - Red for Boys       |
  &amp#27;[36mAnd &amp#27;[0m&amp#27;[36mUser click on the Shortlist button&amp#27;[0m                    &amp#27;[90m# steps.ShortListStep.user_click_on_the_shortlist_button()&amp#27;[0m
  &amp#27;[36mThen &amp#27;[0m&amp#27;[36muser can see &amp#27;[0m&amp#27;[36m&amp#27;[1m"<allproducts>"&amp#27;[0m&amp#27;[36m in the shortlist&amp#27;[0m        &amp#27;[90m# steps.ShortListStep.user_can_see_in_the_shortlist(java.lang.String)&amp#27;[0m
  &amp#27;[36mWhen &amp#27;[0m&amp#27;[36mUser add a product to the cart from the shortlist&amp#27;[0m    &amp#27;[90m# steps.ShortListStep.user_add_a_product_to_the_cart_from_the_shortlist()&amp#27;[0m
  &amp#27;[36mWhen &amp#27;[0m&amp#27;[36mUser delete a product from the shortlist&amp#27;[0m             &amp#27;[90m# steps.ShortListStep.user_delete_a_product_from_the_shortlist()&amp#27;[0m
  &amp#27;[36mThen &amp#27;[0m&amp#27;[36mthe &amp#27;[0m&amp#27;[36m&amp#27;[1m"<product>"&amp#27;[0m&amp#27;[36m should be removed from the shortlist&amp#27;[0m &amp#27;[90m# steps.ShortListStep.the_should_be_removed_from_the_shortlist(java.lang.String)&amp#27;[0m
      &amp#27;[31morg.openqa.selenium.NoSuchWindowException: no such window: target window already closed
from unknown error: web view not found
  (Session info: chrome=122.0.6261.131)
Build info: version: '4.11.0', revision: '040bc5406b'
System info: os.name: 'Windows 11', os.arch: 'amd64', os.version: '10.0', java.version: '17.0.2'
Driver info: org.openqa.selenium.chrome.ChromeDriver
Command: [2cf6b52a3e5756e7a3f6ecdeafab793d, getCurrentWindowHandle {}]
Capabilities {acceptInsecureCerts: false, browserName: chrome, browserVersion: 122.0.6261.131, chrome: {chromedriverVersion: 122.0.6261.128 (f18a44fedeb..., userDataDir: C:\Users\lenovo\AppData\Loc...}, fedcm:accounts: true, goog:chromeOptions: {debuggerAddress: localhost:28373}, networkConnectionEnabled: false, pageLoadStrategy: normal, platformName: windows, proxy: Proxy(), se:cdp: ws://localhost:28373/devtoo..., se:cdpVersion: 122.0.6261.131, setWindowRect: true, strictFileInteractability: false, timeouts: {implicit: 0, pageLoad: 300000, script: 30000}, unhandledPromptBehavior: dismiss and notify, webauthn:extension:credBlob: true, webauthn:extension:largeBlob: true, webauthn:extension:minPinLength: true, webauthn:extension:prf: true, webauthn:virtualAuthenticators: true}
Session ID: 2cf6b52a3e5756e7a3f6ecdeafab793d
	at jdk.internal.reflect.GeneratedConstructorAccessor36.newInstance(Unknown Source)
	at java.base/jdk.internal.reflect.DelegatingConstructorAccessorImpl.newInstance(DelegatingConstructorAccessorImpl.java:45)
	at java.base/java.lang.reflect.Constructor.newInstanceWithCaller(Constructor.java:499)
	at java.base/java.lang.reflect.Constructor.newInstance(Constructor.java:480)
	at org.openqa.selenium.remote.codec.w3c.W3CHttpResponseCodec.createException(W3CHttpResponseCodec.java:200)
	at org.openqa.selenium.remote.codec.w3c.W3CHttpResponseCodec.decode(W3CHttpResponseCodec.java:133)
	at org.openqa.selenium.remote.codec.w3c.W3CHttpResponseCodec.decode(W3CHttpResponseCodec.java:52)
	at org.openqa.selenium.remote.HttpCommandExecutor.execute(HttpCommandExecutor.java:191)
	at org.openqa.selenium.remote.service.DriverCommandExecutor.invokeExecute(DriverCommandExecutor.java:196)
	at org.openqa.selenium.remote.service.DriverCommandExecutor.execute(DriverCommandExecutor.java:171)
	at org.openqa.selenium.remote.RemoteWebDriver.execute(RemoteWebDriver.java:518)
	at org.openqa.selenium.remote.RemoteWebDriver.execute(RemoteWebDriver.java:591)
	at org.openqa.selenium.remote.RemoteWebDriver.execute(RemoteWebDriver.java:595)
	at org.openqa.selenium.remote.RemoteWebDriver.getWindowHandle(RemoteWebDriver.java:455)
	at steps.SharedSteps.teardownScenario(SharedSteps.java:79)
&amp#27;[0m
[INFO ] 2024-03-26 11:46:10.447 [main] SharedSteps - Test Skipped
]]></system-out>
  </testcase>
  <testcase name="runScenario" classname="runners.TestRunner" time="0.015">
    <failure message="no such window: target window already closed&#10;from unknown error: web view not found&#10;  (Session info: chrome=122.0.6261.131)&#10;Build info: version: &apos;4.11.0&apos;, revision: &apos;040bc5406b&apos;&#10;System info: os.name: &apos;Windows 11&apos;, os.arch: &apos;amd64&apos;, os.version: &apos;10.0&apos;, java.version: &apos;17.0.2&apos;&#10;Driver info: org.openqa.selenium.chrome.ChromeDriver&#10;Command: [2cf6b52a3e5756e7a3f6ecdeafab793d, deleteAllCookies {}]&#10;Capabilities {acceptInsecureCerts: false, browserName: chrome, browserVersion: 122.0.6261.131, chrome: {chromedriverVersion: 122.0.6261.128 (f18a44fedeb..., userDataDir: C:\Users\lenovo\AppData\Loc...}, fedcm:accounts: true, goog:chromeOptions: {debuggerAddress: localhost:28373}, networkConnectionEnabled: false, pageLoadStrategy: normal, platformName: windows, proxy: Proxy(), se:cdp: ws://localhost:28373/devtoo..., se:cdpVersion: 122.0.6261.131, setWindowRect: true, strictFileInteractability: false, timeouts: {implicit: 0, pageLoad: 300000, script: 30000}, unhandledPromptBehavior: dismiss and notify, webauthn:extension:credBlob: true, webauthn:extension:largeBlob: true, webauthn:extension:minPinLength: true, webauthn:extension:prf: true, webauthn:virtualAuthenticators: true}&#10;Session ID: 2cf6b52a3e5756e7a3f6ecdeafab793d" type="org.openqa.selenium.NoSuchWindowException">org.openqa.selenium.NoSuchWindowException: 
no such window: target window already closed
from unknown error: web view not found
  (Session info: chrome=122.0.6261.131)
Build info: version: '4.11.0', revision: '040bc5406b'
System info: os.name: 'Windows 11', os.arch: 'amd64', os.version: '10.0', java.version: '17.0.2'
Driver info: org.openqa.selenium.chrome.ChromeDriver
Command: [2cf6b52a3e5756e7a3f6ecdeafab793d, deleteAllCookies {}]
Capabilities {acceptInsecureCerts: false, browserName: chrome, browserVersion: 122.0.6261.131, chrome: {chromedriverVersion: 122.0.6261.128 (f18a44fedeb..., userDataDir: C:\Users\lenovo\AppData\Loc...}, fedcm:accounts: true, goog:chromeOptions: {debuggerAddress: localhost:28373}, networkConnectionEnabled: false, pageLoadStrategy: normal, platformName: windows, proxy: Proxy(), se:cdp: ws://localhost:28373/devtoo..., se:cdpVersion: 122.0.6261.131, setWindowRect: true, strictFileInteractability: false, timeouts: {implicit: 0, pageLoad: 300000, script: 30000}, unhandledPromptBehavior: dismiss and notify, webauthn:extension:credBlob: true, webauthn:extension:largeBlob: true, webauthn:extension:minPinLength: true, webauthn:extension:prf: true, webauthn:virtualAuthenticators: true}
Session ID: 2cf6b52a3e5756e7a3f6ecdeafab793d
</failure>
    <system-out><![CDATA[[INFO ] 2024-03-26 11:46:10.448 [main] SharedSteps - Test Started

@FirstCry
Scenario: Manage Shortlist Functions                        &amp#27;[90m# src/test/java/features/8.ShortlistFunction.feature:8&amp#27;[0m
[INFO ] 2024-03-26 11:46:10.454 [main] SharedSteps - Manage Shortlist Functions Scenario Started
      &amp#27;[31morg.openqa.selenium.NoSuchWindowException: no such window: target window already closed
from unknown error: web view not found
  (Session info: chrome=122.0.6261.131)
Build info: version: '4.11.0', revision: '040bc5406b'
System info: os.name: 'Windows 11', os.arch: 'amd64', os.version: '10.0', java.version: '17.0.2'
Driver info: org.openqa.selenium.chrome.ChromeDriver
Command: [2cf6b52a3e5756e7a3f6ecdeafab793d, deleteAllCookies {}]
Capabilities {acceptInsecureCerts: false, browserName: chrome, browserVersion: 122.0.6261.131, chrome: {chromedriverVersion: 122.0.6261.128 (f18a44fedeb..., userDataDir: C:\Users\lenovo\AppData\Loc...}, fedcm:accounts: true, goog:chromeOptions: {debuggerAddress: localhost:28373}, networkConnectionEnabled: false, pageLoadStrategy: normal, platformName: windows, proxy: Proxy(), se:cdp: ws://localhost:28373/devtoo..., se:cdpVersion: 122.0.6261.131, setWindowRect: true, strictFileInteractability: false, timeouts: {implicit: 0, pageLoad: 300000, script: 30000}, unhandledPromptBehavior: dismiss and notify, webauthn:extension:credBlob: true, webauthn:extension:largeBlob: true, webauthn:extension:minPinLength: true, webauthn:extension:prf: true, webauthn:virtualAuthenticators: true}
Session ID: 2cf6b52a3e5756e7a3f6ecdeafab793d
	at jdk.internal.reflect.GeneratedConstructorAccessor36.newInstance(Unknown Source)
	at java.base/jdk.internal.reflect.DelegatingConstructorAccessorImpl.newInstance(DelegatingConstructorAccessorImpl.java:45)
	at java.base/java.lang.reflect.Constructor.newInstanceWithCaller(Constructor.java:499)
	at java.base/java.lang.reflect.Constructor.newInstance(Constructor.java:480)
	at org.openqa.selenium.remote.codec.w3c.W3CHttpResponseCodec.createException(W3CHttpResponseCodec.java:200)
	at org.openqa.selenium.remote.codec.w3c.W3CHttpResponseCodec.decode(W3CHttpResponseCodec.java:133)
	at org.openqa.selenium.remote.codec.w3c.W3CHttpResponseCodec.decode(W3CHttpResponseCodec.java:52)
	at org.openqa.selenium.remote.HttpCommandExecutor.execute(HttpCommandExecutor.java:191)
	at org.openqa.selenium.remote.service.DriverCommandExecutor.invokeExecute(DriverCommandExecutor.java:196)
	at org.openqa.selenium.remote.service.DriverCommandExecutor.execute(DriverCommandExecutor.java:171)
	at org.openqa.selenium.remote.RemoteWebDriver.execute(RemoteWebDriver.java:518)
	at org.openqa.selenium.remote.RemoteWebDriver.execute(RemoteWebDriver.java:591)
	at org.openqa.selenium.remote.RemoteWebDriver.execute(RemoteWebDriver.java:595)
	at org.openqa.selenium.remote.RemoteWebDriver$RemoteWebDriverOptions.deleteAllCookies(RemoteWebDriver.java:800)
	at steps.SharedSteps.setupScenario(SharedSteps.java:57)
&amp#27;[0m
  &amp#27;[36mGiven &amp#27;[0m&amp#27;[36mUser navigate to the FirstCry URL&amp#27;[0m                   &amp#27;[90m# steps.SharedSteps.user_navigate_to_the_first_cry_url()&amp#27;[0m
  &amp#27;[36mWhen &amp#27;[0m&amp#27;[36mUser log into the application with credentials&amp#27;[0m       &amp#27;[90m# steps.SharedSteps.user_log_into_the_application_with_credentials()&amp#27;[0m
  &amp#27;[36mWhen &amp#27;[0m&amp#27;[36mUser shortlist few products&amp#27;[0m                          &amp#27;[90m# steps.ShortListStep.user_shortlist_few_products(io.cucumber.datatable.DataTable)&amp#27;[0m
    | Babyhug Cotton Woven Full Sleeves Checked Shirt - Navy Blue for Boys |
    | Babyhug Cotton Woven Full Sleeves Checked Shirt - Red for Boys       |
  &amp#27;[36mAnd &amp#27;[0m&amp#27;[36mUser click on the Shortlist button&amp#27;[0m                    &amp#27;[90m# steps.ShortListStep.user_click_on_the_shortlist_button()&amp#27;[0m
  &amp#27;[36mThen &amp#27;[0m&amp#27;[36muser can see &amp#27;[0m&amp#27;[36m&amp#27;[1m"<allproducts>"&amp#27;[0m&amp#27;[36m in the shortlist&amp#27;[0m        &amp#27;[90m# steps.ShortListStep.user_can_see_in_the_shortlist(java.lang.String)&amp#27;[0m
  &amp#27;[36mWhen &amp#27;[0m&amp#27;[36mUser add a product to the cart from the shortlist&amp#27;[0m    &amp#27;[90m# steps.ShortListStep.user_add_a_product_to_the_cart_from_the_shortlist()&amp#27;[0m
  &amp#27;[36mWhen &amp#27;[0m&amp#27;[36mUser delete a product from the shortlist&amp#27;[0m             &amp#27;[90m# steps.ShortListStep.user_delete_a_product_from_the_shortlist()&amp#27;[0m
  &amp#27;[36mThen &amp#27;[0m&amp#27;[36mthe &amp#27;[0m&amp#27;[36m&amp#27;[1m"<product>"&amp#27;[0m&amp#27;[36m should be removed from the shortlist&amp#27;[0m &amp#27;[90m# steps.ShortListStep.the_should_be_removed_from_the_shortlist(java.lang.String)&amp#27;[0m
      &amp#27;[31morg.openqa.selenium.NoSuchWindowException: no such window: target window already closed
from unknown error: web view not found
  (Session info: chrome=122.0.6261.131)
Build info: version: '4.11.0', revision: '040bc5406b'
System info: os.name: 'Windows 11', os.arch: 'amd64', os.version: '10.0', java.version: '17.0.2'
Driver info: org.openqa.selenium.chrome.ChromeDriver
Command: [2cf6b52a3e5756e7a3f6ecdeafab793d, getCurrentWindowHandle {}]
Capabilities {acceptInsecureCerts: false, browserName: chrome, browserVersion: 122.0.6261.131, chrome: {chromedriverVersion: 122.0.6261.128 (f18a44fedeb..., userDataDir: C:\Users\lenovo\AppData\Loc...}, fedcm:accounts: true, goog:chromeOptions: {debuggerAddress: localhost:28373}, networkConnectionEnabled: false, pageLoadStrategy: normal, platformName: windows, proxy: Proxy(), se:cdp: ws://localhost:28373/devtoo..., se:cdpVersion: 122.0.6261.131, setWindowRect: true, strictFileInteractability: false, timeouts: {implicit: 0, pageLoad: 300000, script: 30000}, unhandledPromptBehavior: dismiss and notify, webauthn:extension:credBlob: true, webauthn:extension:largeBlob: true, webauthn:extension:minPinLength: true, webauthn:extension:prf: true, webauthn:virtualAuthenticators: true}
Session ID: 2cf6b52a3e5756e7a3f6ecdeafab793d
	at jdk.internal.reflect.GeneratedConstructorAccessor36.newInstance(Unknown Source)
	at java.base/jdk.internal.reflect.DelegatingConstructorAccessorImpl.newInstance(DelegatingConstructorAccessorImpl.java:45)
	at java.base/java.lang.reflect.Constructor.newInstanceWithCaller(Constructor.java:499)
	at java.base/java.lang.reflect.Constructor.newInstance(Constructor.java:480)
	at org.openqa.selenium.remote.codec.w3c.W3CHttpResponseCodec.createException(W3CHttpResponseCodec.java:200)
	at org.openqa.selenium.remote.codec.w3c.W3CHttpResponseCodec.decode(W3CHttpResponseCodec.java:133)
	at org.openqa.selenium.remote.codec.w3c.W3CHttpResponseCodec.decode(W3CHttpResponseCodec.java:52)
	at org.openqa.selenium.remote.HttpCommandExecutor.execute(HttpCommandExecutor.java:191)
	at org.openqa.selenium.remote.service.DriverCommandExecutor.invokeExecute(DriverCommandExecutor.java:196)
	at org.openqa.selenium.remote.service.DriverCommandExecutor.execute(DriverCommandExecutor.java:171)
	at org.openqa.selenium.remote.RemoteWebDriver.execute(RemoteWebDriver.java:518)
	at org.openqa.selenium.remote.RemoteWebDriver.execute(RemoteWebDriver.java:591)
	at org.openqa.selenium.remote.RemoteWebDriver.execute(RemoteWebDriver.java:595)
	at org.openqa.selenium.remote.RemoteWebDriver.getWindowHandle(RemoteWebDriver.java:455)
	at steps.SharedSteps.teardownScenario(SharedSteps.java:79)
&amp#27;[0m
[INFO ] 2024-03-26 11:46:10.462 [main] SharedSteps - Test Failed
]]></system-out>
  </testcase>
</testsuite>